Running in Lattice mode


Starting:    E:\Bin\synpbase\win64\mbin\synbatch.exe
Install:     E:\Bin\synpbase
Date:        Wed Jun 07 22:25:20 2023
Version:     I-2014.03LC 

Arguments:   -product synplify_pro  -batch d:/isp/lab12\LED.prj
ProductType: synplify_pro





log file: "D:\isp\lab12\LED.srr"

Running LED|lab12

Running: Compile on LED|lab12

Running: Compile Process on LED|lab12

Running: Compile Input on LED|lab12
Copied D:\isp\lab12\synwork\LED_comp.srs to D:\isp\lab12\LED.srs
compiler Completed
Return Code: 0
Run Time:0h:00m:02s

Running: Multi-srs Generator on LED|lab12
Copied D:\isp\lab12\synwork\LED_comp.srs to D:\isp\lab12\synwork\LED_s.srs
multi_srs_gen Completed
Return Code: 0
Run Time:0h:00m:01s
Copied D:\isp\lab12\synwork\LED_mult.srs to D:\isp\lab12\LED.srs
Copied D:\isp\lab12\LED.srr to D:\isp\lab12\led.srf
Complete: Compile Process on LED|lab12
Complete: Compile on LED|lab12

Running: Map on LED|lab12

Running: Map & Optimize on LED|lab12
fpga_mapper Completed
Return Code: 0
Run Time:0h:00m:02s
Complete: Map on LED|lab12
Copied D:\isp\lab12\LED.srr to D:\isp\lab12\led.srf
Complete: Logic Synthesis on LED|lab12

exit status=0

exit status=0

