Running in Lattice mode


Starting:    E:\Bin\synpbase\win64\mbin\synbatch.exe
Install:     E:\Bin\synpbase
Date:        Fri Jun 02 08:39:17 2023
Version:     I-2014.03LC 

Arguments:   -product synplify_pro  -batch d:/isp/new_lab11\I2C.prj
ProductType: synplify_pro





log file: "D:\isp\new_lab11\I2C.srr"

Running I2C|new_lab11

Running: Compile on I2C|new_lab11

Running: Compile Process on I2C|new_lab11

Running: Compile Input on I2C|new_lab11
Copied D:\isp\new_lab11\synwork\I2C_comp.srs to D:\isp\new_lab11\I2C.srs
compiler Completed with warnings
Return Code: 1
Run Time:0h:00m:01s

Running: Multi-srs Generator on I2C|new_lab11
Copied D:\isp\new_lab11\synwork\I2C_comp.srs to D:\isp\new_lab11\synwork\I2C_s.srs
multi_srs_gen Completed
Return Code: 0
Run Time:0h:00m:01s
Copied D:\isp\new_lab11\synwork\I2C_mult.srs to D:\isp\new_lab11\I2C.srs
Copied D:\isp\new_lab11\I2C.srr to D:\isp\new_lab11\i2c.srf
Complete: Compile Process on I2C|new_lab11
Complete: Compile on I2C|new_lab11

Running: Map on I2C|new_lab11

Running: Map & Optimize on I2C|new_lab11
fpga_mapper Completed
Return Code: 0
Run Time:0h:00m:00s
Complete: Map on I2C|new_lab11
Complete: Logic Synthesis on I2C|new_lab11

exit status=0

exit status=0

