*** CACHE SETTINGS ***
  Unified I- D-cache
  Size: 	256
  Associativity: 	1
  Block size: 	16
  Write policy: 	WRITE BACK
  Allocation policy: 	WRITE ALLOCATE

*** CACHE STATISTICS ***
 INSTRUCTIONS
  accesses:  0
  misses:    0
  miss rate: 0 (0)
  replace:   0
 DATA
  accesses:  22
  misses:    2
  miss rate: 0.0909 (hit rate 0.9091)
  replace:   0
 TRAFFIC (in words)
  demand fetch:  8
  copies back:   0
*** CACHE SETTINGS ***
  Unified I- D-cache
  Size: 	256
  Associativity: 	1
  Block size: 	8
  Write policy: 	WRITE BACK
  Allocation policy: 	WRITE ALLOCATE

*** CACHE STATISTICS ***
 INSTRUCTIONS
  accesses:  0
  misses:    0
  miss rate: 0 (0)
  replace:   0
 DATA
  accesses:  22
  misses:    4
  miss rate: 0.1818 (hit rate 0.8182)
  replace:   0
 TRAFFIC (in words)
  demand fetch:  8
  copies back:   0
*** CACHE SETTINGS ***
  Unified I- D-cache
  Size: 	256
  Associativity: 	1
  Block size: 	4
  Write policy: 	WRITE BACK
  Allocation policy: 	WRITE ALLOCATE

*** CACHE STATISTICS ***
 INSTRUCTIONS
  accesses:  0
  misses:    0
  miss rate: 0 (0)
  replace:   0
 DATA
  accesses:  22
  misses:    8
  miss rate: 0.3636 (hit rate 0.6364)
  replace:   0
 TRAFFIC (in words)
  demand fetch:  8
  copies back:   0
*** CACHE SETTINGS ***
  Unified I- D-cache
  Size: 	256
  Associativity: 	1
  Block size: 	32
  Write policy: 	WRITE BACK
  Allocation policy: 	WRITE ALLOCATE

*** CACHE STATISTICS ***
 INSTRUCTIONS
  accesses:  0
  misses:    0
  miss rate: 0 (0)
  replace:   0
 DATA
  accesses:  22
  misses:    1
  miss rate: 0.0455 (hit rate 0.9545)
  replace:   0
 TRAFFIC (in words)
  demand fetch:  8
  copies back:   0
