ispLEVER Auto-Make Log File
---------------------------

Updating: Hierarchy
Start to record tcl script...
Finished recording TCL script.

Starting: 'E:\Bin\ispcpld\bin\ahdl2blf.exe counter_1.abl -ojhd only -def _AMDMACH_ _MACH_ _LSI5K_ _LATTICE_ _PLSI_ _MACH4ZE_ -gui -err automake.err'

AHDL2BLF  ABEL-HDL Processor
ispLEVER Classic 2.1 Copyright(C), 1992-2005, Lattice Semiconductor Corporation. All rights reserved
Portions Copyright(c), 1992-1999, Vantis Corporation
Portions Copyright(C), 1993-1998, Data I/O Corporation
Portions Copyright(C), 1997-1998, MINC Washington Corporation
Portions Copyright(C), Alan Phillips, Lancaster University Computer Centre 1992-1998
AHDL2BLF complete - 0 errors, 0 warnings. Time: 1 seconds

Done: completed successfully.

Starting: 'E:\Bin\ispcpld\bin\ahdl2blf.exe counter_2.abl -ojhd only -def _AMDMACH_ _MACH_ _LSI5K_ _LATTICE_ _PLSI_ _MACH4ZE_ -gui -err automake.err'

AHDL2BLF  ABEL-HDL Processor
ispLEVER Classic 2.1 Copyright(C), 1992-2005, Lattice Semiconductor Corporation. All rights reserved
Portions Copyright(c), 1992-1999, Vantis Corporation
Portions Copyright(C), 1993-1998, Data I/O Corporation
Portions Copyright(C), 1997-1998, MINC Washington Corporation
Portions Copyright(C), Alan Phillips, Lancaster University Computer Centre 1992-1998
AHDL2BLF complete - 0 errors, 0 warnings. Time: 1 seconds

Done: completed successfully.

Starting: 'E:\Bin\ispcpld\bin\ahdl2blf.exe counter_3.abl -ojhd only -def _AMDMACH_ _MACH_ _LSI5K_ _LATTICE_ _PLSI_ _MACH4ZE_ -gui -err automake.err'

AHDL2BLF  ABEL-HDL Processor
ispLEVER Classic 2.1 Copyright(C), 1992-2005, Lattice Semiconductor Corporation. All rights reserved
Portions Copyright(c), 1992-1999, Vantis Corporation
Portions Copyright(C), 1993-1998, Data I/O Corporation
Portions Copyright(C), 1997-1998, MINC Washington Corporation
Portions Copyright(C), Alan Phillips, Lancaster University Computer Centre 1992-1998
AHDL2BLF complete - 0 errors, 0 warnings. Time: 1 seconds

Done: completed successfully.

Starting: 'E:\Bin\ispcpld\bin\ahdl2blf.exe counter_4.abl -ojhd only -def _AMDMACH_ _MACH_ _LSI5K_ _LATTICE_ _PLSI_ _MACH4ZE_ -gui -err automake.err'

AHDL2BLF  ABEL-HDL Processor
ispLEVER Classic 2.1 Copyright(C), 1992-2005, Lattice Semiconductor Corporation. All rights reserved
Portions Copyright(c), 1992-1999, Vantis Corporation
Portions Copyright(C), 1993-1998, Data I/O Corporation
Portions Copyright(C), 1997-1998, MINC Washington Corporation
Portions Copyright(C), Alan Phillips, Lancaster University Computer Centre 1992-1998
AHDL2BLF complete - 0 errors, 0 warnings. Time: 1 seconds

Done: completed successfully.

Starting: 'E:\Bin\ispcpld\bin\ahdl2blf.exe divider_10.abl -ojhd only -def _AMDMACH_ _MACH_ _LSI5K_ _LATTICE_ _PLSI_ _MACH4ZE_ -gui -err automake.err'

AHDL2BLF  ABEL-HDL Processor
ispLEVER Classic 2.1 Copyright(C), 1992-2005, Lattice Semiconductor Corporation. All rights reserved
Portions Copyright(c), 1992-1999, Vantis Corporation
Portions Copyright(C), 1993-1998, Data I/O Corporation
Portions Copyright(C), 1997-1998, MINC Washington Corporation
Portions Copyright(C), Alan Phillips, Lancaster University Computer Centre 1992-1998
AHDL2BLF complete - 0 errors, 0 warnings. Time: 1 seconds

Done: completed successfully.

Starting: 'E:\Bin\ispcpld\bin\ahdl2blf.exe divider_5.abl -ojhd only -def _AMDMACH_ _MACH_ _LSI5K_ _LATTICE_ _PLSI_ _MACH4ZE_ -gui -err automake.err'

AHDL2BLF  ABEL-HDL Processor
ispLEVER Classic 2.1 Copyright(C), 1992-2005, Lattice Semiconductor Corporation. All rights reserved
Portions Copyright(c), 1992-1999, Vantis Corporation
Portions Copyright(C), 1993-1998, Data I/O Corporation
Portions Copyright(C), 1997-1998, MINC Washington Corporation
Portions Copyright(C), Alan Phillips, Lancaster University Computer Centre 1992-1998
AHDL2BLF complete - 0 errors, 0 warnings. Time: 1 seconds

Done: completed successfully.

Starting: 'E:\Bin\ispcpld\bin\ahdl2blf.exe divider2.abl -ojhd only -def _AMDMACH_ _MACH_ _LSI5K_ _LATTICE_ _PLSI_ _MACH4ZE_ -gui -err automake.err'

AHDL2BLF  ABEL-HDL Processor
ispLEVER Classic 2.1 Copyright(C), 1992-2005, Lattice Semiconductor Corporation. All rights reserved
Portions Copyright(c), 1992-1999, Vantis Corporation
Portions Copyright(C), 1993-1998, Data I/O Corporation
Portions Copyright(C), 1997-1998, MINC Washington Corporation
Portions Copyright(C), Alan Phillips, Lancaster University Computer Centre 1992-1998
Warning 1211:Generate NAF file failed, please compile design to get detailed error information.
AHDL2BLF complete - 0 errors, 1 warnings. Time: 1 seconds

Done: completed successfully.

Starting: 'E:\Bin\ispcpld\bin\sch2jhd.exe exercise_3.sch -gui'

Done: completed successfully.
