Running in Lattice mode


Starting:    D:\ispLEVER_Classic2_1\synpbase\win64\mbin\synbatch.exe
Install:     D:\ispLEVER_Classic2_1\synpbase
Date:        Fri May 26 17:38:23 2023
Version:     I-2014.03LC 

Arguments:   -product synplify_pro  -batch d:/myducuments/_junior_1/electricsystemdesign/isp_lab11\toplevel.prj
ProductType: synplify_pro





log file: "D:\myducuments\_junior_1\electricsystemdesign\isp_lab11\toplevel.srr"

Running toplevel|isp_lab11

Running: Compile on toplevel|isp_lab11

Running: Compile Process on toplevel|isp_lab11

Running: Compile Input on toplevel|isp_lab11
Copied D:\myducuments\_junior_1\electricsystemdesign\isp_lab11\synwork\toplevel_comp.srs to D:\myducuments\_junior_1\electricsystemdesign\isp_lab11\toplevel.srs
compiler Completed
Return Code: 0
Run Time:0h:00m:01s

Running: Multi-srs Generator on toplevel|isp_lab11
Copied D:\myducuments\_junior_1\electricsystemdesign\isp_lab11\synwork\toplevel_comp.srs to D:\myducuments\_junior_1\electricsystemdesign\isp_lab11\synwork\toplevel_s.srs
multi_srs_gen Completed
Return Code: 0
Run Time:0h:00m:00s
Copied D:\myducuments\_junior_1\electricsystemdesign\isp_lab11\synwork\toplevel_mult.srs to D:\myducuments\_junior_1\electricsystemdesign\isp_lab11\toplevel.srs
Copied D:\myducuments\_junior_1\electricsystemdesign\isp_lab11\toplevel.srr to D:\myducuments\_junior_1\electricsystemdesign\isp_lab11\toplevel.srf
Complete: Compile Process on toplevel|isp_lab11
Complete: Compile on toplevel|isp_lab11

Running: Map on toplevel|isp_lab11

Running: Map & Optimize on toplevel|isp_lab11
fpga_mapper Completed
Return Code: 0
Run Time:0h:00m:01s
Complete: Map on toplevel|isp_lab11
Copied D:\myducuments\_junior_1\electricsystemdesign\isp_lab11\toplevel.srr to D:\myducuments\_junior_1\electricsystemdesign\isp_lab11\toplevel.srf
Complete: Logic Synthesis on toplevel|isp_lab11

exit status=0

exit status=0

