Running in Lattice mode


Starting:    E:\Bin\synpbase\win64\mbin\synbatch.exe
Install:     E:\Bin\synpbase
Date:        Mon May 29 17:32:58 2023
Version:     I-2014.03LC 

Arguments:   -product synplify_pro  -batch d:/isp/lab13\LCD.prj
ProductType: synplify_pro





log file: "D:\isp\lab13\LCD.srr"

Running LCD|lab13

Running: Compile on LCD|lab13

Running: Compile Process on LCD|lab13

Running: Compile Input on LCD|lab13
Copied D:\isp\lab13\synwork\LCD_comp.srs to D:\isp\lab13\LCD.srs
compiler Completed with warnings
Return Code: 1
Run Time:0h:00m:02s

Running: Multi-srs Generator on LCD|lab13
Copied D:\isp\lab13\synwork\LCD_comp.srs to D:\isp\lab13\synwork\LCD_s.srs
multi_srs_gen Completed
Retulog file: "D:\isp\new_lab8\rev_1\calculator.srr"

Running calculator|rev_1

Running: Compile on calculator|rev_1

Running: Compile Process on calculator|rev_1

Running: Compile Input on calculator|rev_1
Copied D:\isp\new_lab8\rev_1\synwork\calculator_comp.srs to D:\isp\new_lab8\rev_1\calculator.srs
compiler Completed with warnings
Return Code: 1
Run Time:0h:00m:01s

Running: Multi-srs Generator on calculator|rev_1
Copied D:\isp\new_lab8\rev_1\synwork\calculator_comp.srs to D:\isp\new_lab8\rev_1\synwork\calculator_s.srs
multi_srs_gen Completed
Return Code: 0
Run Time:0h:00m:01s
Copied D:\isp\new_lab8\rev_1\synwork\calculator_mult.srs to D:\isp\new_lab8\rev_1\calculator.srs
Complete: Compile Process on calculator|rev_1
Complete: Compile on calculator|rev_1

Running: Map on calculator|rev_1

Running: Map & Optimize on calculator|rev_1
fpga_mapper Completed with warnings
Return Code: 1
Run Time:0h:00m:00s
Complete: Map on calculator|rev_1
Complete: Logic Synthesis on calculator|rev_1
exit status=0
