
*** Running vivado
    with args -log PipelineCPUTest.vds -m64 -product Vivado -mode batch -messageDb vivado.pb -notrace -source PipelineCPUTest.tcl


****** Vivado v2017.4 (64-bit)
  **** SW Build 2086221 on Fri Dec 15 20:55:39 MST 2017
  **** IP Build 2085800 on Fri Dec 15 22:25:07 MST 2017
    ** Copyright 1986-2017 Xilinx, Inc. All Rights Reserved.

source PipelineCPUTest.tcl -notrace
Command: synth_design -top PipelineCPUTest -part xc7a200tfbg484-1
Starting synth_design
Attempting to get a license for feature 'Synthesis' and/or device 'xc7a200t'
INFO: [Common 17-349] Got license for feature 'Synthesis' and/or device 'xc7a200t'
INFO: Launching helper process for spawning children vivado processes
INFO: Helper process launched with PID 21440 
---------------------------------------------------------------------------------
Starting RTL Elaboration : Time (s): cpu = 00:00:04 ; elapsed = 00:00:04 . Memory (MB): peak = 355.926 ; gain = 99.645
---------------------------------------------------------------------------------
INFO: [Synth 8-638] synthesizing module 'PipelineCPUTest' [D:/Desktop/COD_Lab/lab30_Risc5CPU/vivado201704/Risc5CPU.srcs/sources_1/imports/PipelineCPU.srcs/PipelineCPUTest.v:7]
INFO: [Synth 8-638] synthesizing module 'DCM_PLL' [D:/Desktop/COD_Lab/lab30_Risc5CPU/vivado201704/Risc5CPU.runs/synth_1/.Xil/Vivado-21632-LAPTOP-OMEN-BAO/realtime/DCM_PLL_stub.v:5]
INFO: [Synth 8-256] done synthesizing module 'DCM_PLL' (1#1) [D:/Desktop/COD_Lab/lab30_Risc5CPU/vivado201704/Risc5CPU.runs/synth_1/.Xil/Vivado-21632-LAPTOP-OMEN-BAO/realtime/DCM_PLL_stub.v:5]
INFO: [Synth 8-638] synthesizing module 'button_process_unit' [D:/Desktop/COD_Lab/lab30_Risc5CPU/vivado201704/Risc5CPU.srcs/sources_1/imports/PipelineCPU.srcs/button_process_unit.v:4]
INFO: [Synth 8-256] done synthesizing module 'button_process_unit' (2#1) [D:/Desktop/COD_Lab/lab30_Risc5CPU/vivado201704/Risc5CPU.srcs/sources_1/imports/PipelineCPU.srcs/button_process_unit.v:4]
INFO: [Synth 8-638] synthesizing module 'Risc5CPU' [D:/Desktop/COD_Lab/lab30_Risc5CPU/src/Risc5CPU.v:6]
INFO: [Synth 8-638] synthesizing module 'IF' [D:/Desktop/COD_Lab/lab30_Risc5CPU/src/IF.v:6]
INFO: [Synth 8-638] synthesizing module 'adder_32bits' [D:/Desktop/COD_Lab/lab30_Risc5CPU/src/adder_32bits.v:1]
INFO: [Synth 8-638] synthesizing module 'adder_4bits' [D:/Desktop/COD_Lab/lab30_Risc5CPU/src/adder_4bits.v:1]
INFO: [Synth 8-256] done synthesizing module 'adder_4bits' (3#1) [D:/Desktop/COD_Lab/lab30_Risc5CPU/src/adder_4bits.v:1]
INFO: [Synth 8-638] synthesizing module 'adder_4bits_select' [D:/Desktop/COD_Lab/lab30_Risc5CPU/src/adder_4bits_select.v:1]
INFO: [Synth 8-256] done synthesizing module 'adder_4bits_select' (4#1) [D:/Desktop/COD_Lab/lab30_Risc5CPU/src/adder_4bits_select.v:1]
INFO: [Synth 8-256] done synthesizing module 'adder_32bits' (5#1) [D:/Desktop/COD_Lab/lab30_Risc5CPU/src/adder_32bits.v:1]
INFO: [Synth 8-638] synthesizing module 'InstructionROM' [D:/Desktop/COD_Lab/lab30_Risc5CPU/src/InstructionROM.v:19]
INFO: [Synth 8-256] done synthesizing module 'InstructionROM' (6#1) [D:/Desktop/COD_Lab/lab30_Risc5CPU/src/InstructionROM.v:19]
INFO: [Synth 8-256] done synthesizing module 'IF' (7#1) [D:/Desktop/COD_Lab/lab30_Risc5CPU/src/IF.v:6]
INFO: [Synth 8-638] synthesizing module 'IF_ID' [D:/Desktop/COD_Lab/lab30_Risc5CPU/src/IF_ID.v:3]
INFO: [Synth 8-256] done synthesizing module 'IF_ID' (8#1) [D:/Desktop/COD_Lab/lab30_Risc5CPU/src/IF_ID.v:3]
INFO: [Synth 8-638] synthesizing module 'ID' [D:/Desktop/COD_Lab/lab30_Risc5CPU/src/ID.v:6]
INFO: [Synth 8-638] synthesizing module 'Registers' [D:/Desktop/COD_Lab/lab30_Risc5CPU/src/Registers.v:1]
INFO: [Synth 8-638] synthesizing module 'RBWRegisters' [D:/Desktop/COD_Lab/lab30_Risc5CPU/src/RBWRegisters.v:1]
INFO: [Synth 8-256] done synthesizing module 'RBWRegisters' (9#1) [D:/Desktop/COD_Lab/lab30_Risc5CPU/src/RBWRegisters.v:1]
INFO: [Synth 8-256] done synthesizing module 'Registers' (10#1) [D:/Desktop/COD_Lab/lab30_Risc5CPU/src/Registers.v:1]
INFO: [Synth 8-638] synthesizing module 'Decode' [D:/Desktop/COD_Lab/lab30_Risc5CPU/src/Decode.v:6]
	Parameter R_type_op bound to: 7'b0110011 
	Parameter I_type_op bound to: 7'b0010011 
	Parameter SB_type_op bound to: 7'b1100011 
	Parameter LW_op bound to: 7'b0000011 
	Parameter JALR_op bound to: 7'b1100111 
	Parameter SW_op bound to: 7'b0100011 
	Parameter LUI_op bound to: 7'b0110111 
	Parameter AUIPC_op bound to: 7'b0010111 
	Parameter JAL_op bound to: 7'b1101111 
	Parameter ADD_funct3 bound to: 3'b000 
	Parameter SUB_funct3 bound to: 3'b000 
	Parameter SLL_funct3 bound to: 3'b001 
	Parameter SLT_funct3 bound to: 3'b010 
	Parameter SLTU_funct3 bound to: 3'b011 
	Parameter XOR_funct3 bound to: 3'b100 
	Parameter SRL_funct3 bound to: 3'b101 
	Parameter SRA_funct3 bound to: 3'b101 
	Parameter OR_funct3 bound to: 3'b110 
	Parameter AND_funct3 bound to: 3'b111 
	Parameter ADDI_funct3 bound to: 3'b000 
	Parameter SLLI_funct3 bound to: 3'b001 
	Parameter SLTI_funct3 bound to: 3'b010 
	Parameter SLTIU_funct3 bound to: 3'b011 
	Parameter XORI_funct3 bound to: 3'b100 
	Parameter SRLI_funct3 bound to: 3'b101 
	Parameter SRAI_funct3 bound to: 3'b101 
	Parameter ORI_funct3 bound to: 3'b101 
	Parameter ANDI_funct3 bound to: 3'b111 
	Parameter alu_add bound to: 4'b0000 
	Parameter alu_sub bound to: 4'b0001 
	Parameter alu_lui bound to: 4'b0010 
	Parameter alu_and bound to: 4'b0011 
	Parameter alu_xor bound to: 4'b0100 
	Parameter alu_or bound to: 4'b0101 
	Parameter alu_sll bound to: 4'b0110 
	Parameter alu_srl bound to: 4'b0111 
	Parameter alu_sra bound to: 4'b1000 
	Parameter alu_slt bound to: 4'b1001 
	Parameter alu_sltu bound to: 4'b1010 
INFO: [Synth 8-226] default block is never used [D:/Desktop/COD_Lab/lab30_Risc5CPU/src/Decode.v:112]
INFO: [Synth 8-256] done synthesizing module 'Decode' (11#1) [D:/Desktop/COD_Lab/lab30_Risc5CPU/src/Decode.v:6]
WARNING: [Synth 8-689] width (4) of port connection 'ALUCode' does not match port width (32) of module 'Decode' [D:/Desktop/COD_Lab/lab30_Risc5CPU/src/ID.v:65]
INFO: [Synth 8-638] synthesizing module 'BranchTest' [D:/Desktop/COD_Lab/lab30_Risc5CPU/src/BranchTest.v:1]
	Parameter SB_type_op bound to: 7'b1100011 
	Parameter BEQ_FUNCT3 bound to: 3'b000 
	Parameter BNE_FUNCT3 bound to: 3'b001 
	Parameter BLT_FUNCT3 bound to: 3'b100 
	Parameter BGE_FUNCT3 bound to: 3'b101 
	Parameter BLTU_FUNCT3 bound to: 3'b110 
	Parameter BGEU_FUNCT3 bound to: 3'b111 
INFO: [Synth 8-256] done synthesizing module 'BranchTest' (12#1) [D:/Desktop/COD_Lab/lab30_Risc5CPU/src/BranchTest.v:1]
INFO: [Synth 8-256] done synthesizing module 'ID' (13#1) [D:/Desktop/COD_Lab/lab30_Risc5CPU/src/ID.v:6]
INFO: [Synth 8-638] synthesizing module 'ID_EX' [D:/Desktop/COD_Lab/lab30_Risc5CPU/src/ID_EX.v:4]
INFO: [Synth 8-256] done synthesizing module 'ID_EX' (14#1) [D:/Desktop/COD_Lab/lab30_Risc5CPU/src/ID_EX.v:4]
INFO: [Synth 8-638] synthesizing module 'EX' [D:/Desktop/COD_Lab/lab30_Risc5CPU/src/EX.v:6]
INFO: [Synth 8-638] synthesizing module 'mux3' [D:/Desktop/COD_Lab/lab30_Risc5CPU/src/mux3.v:1]
INFO: [Synth 8-256] done synthesizing module 'mux3' (15#1) [D:/Desktop/COD_Lab/lab30_Risc5CPU/src/mux3.v:1]
INFO: [Synth 8-638] synthesizing module 'ALU' [D:/Desktop/COD_Lab/lab30_Risc5CPU/src/ALU.v:7]
	Parameter alu_add bound to: 4'b0000 
	Parameter alu_sub bound to: 4'b0001 
	Parameter alu_lui bound to: 4'b0010 
	Parameter alu_and bound to: 4'b0011 
	Parameter alu_xor bound to: 4'b0100 
	Parameter alu_or bound to: 4'b0101 
	Parameter alu_sll bound to: 4'b0110 
	Parameter alu_srl bound to: 4'b0111 
	Parameter alu_sra bound to: 4'b1000 
	Parameter alu_slt bound to: 4'b1001 
	Parameter alu_sltu bound to: 4'b1010 
INFO: [Synth 8-256] done synthesizing module 'ALU' (16#1) [D:/Desktop/COD_Lab/lab30_Risc5CPU/src/ALU.v:7]
INFO: [Synth 8-256] done synthesizing module 'EX' (17#1) [D:/Desktop/COD_Lab/lab30_Risc5CPU/src/EX.v:6]
INFO: [Synth 8-638] synthesizing module 'EX_MEM' [D:/Desktop/COD_Lab/lab30_Risc5CPU/src/EX_MEM.v:1]
INFO: [Synth 8-256] done synthesizing module 'EX_MEM' (18#1) [D:/Desktop/COD_Lab/lab30_Risc5CPU/src/EX_MEM.v:1]
INFO: [Synth 8-638] synthesizing module 'DataRAM' [D:/Desktop/COD_Lab/lab30_Risc5CPU/vivado201704/Risc5CPU.runs/synth_1/.Xil/Vivado-21632-LAPTOP-OMEN-BAO/realtime/DataRAM_stub.v:6]
INFO: [Synth 8-256] done synthesizing module 'DataRAM' (19#1) [D:/Desktop/COD_Lab/lab30_Risc5CPU/vivado201704/Risc5CPU.runs/synth_1/.Xil/Vivado-21632-LAPTOP-OMEN-BAO/realtime/DataRAM_stub.v:6]
INFO: [Synth 8-638] synthesizing module 'MEM_WB' [D:/Desktop/COD_Lab/lab30_Risc5CPU/src/MEM_WB.v:1]
INFO: [Synth 8-256] done synthesizing module 'MEM_WB' (20#1) [D:/Desktop/COD_Lab/lab30_Risc5CPU/src/MEM_WB.v:1]
INFO: [Synth 8-256] done synthesizing module 'Risc5CPU' (21#1) [D:/Desktop/COD_Lab/lab30_Risc5CPU/src/Risc5CPU.v:6]
INFO: [Synth 8-638] synthesizing module 'syncGenarator' [D:/Desktop/COD_Lab/lab30_Risc5CPU/vivado201704/Risc5CPU.srcs/sources_1/imports/PipelineCPU.srcs/syncGenarator.v:5]
	Parameter H_ACTIVE bound to: 640 - type: integer 
	Parameter H_FRONT bound to: 16 - type: integer 
	Parameter H_SYNC bound to: 96 - type: integer 
	Parameter H_BACK bound to: 48 - type: integer 
	Parameter V_ACTIVE bound to: 480 - type: integer 
	Parameter V_FRONT bound to: 11 - type: integer 
	Parameter V_SYNC bound to: 2 - type: integer 
	Parameter V_BACK bound to: 31 - type: integer 
	Parameter H_TOTAL bound to: 800 - type: integer 
	Parameter V_TOTAL bound to: 524 - type: integer 
INFO: [Synth 8-256] done synthesizing module 'syncGenarator' (22#1) [D:/Desktop/COD_Lab/lab30_Risc5CPU/vivado201704/Risc5CPU.srcs/sources_1/imports/PipelineCPU.srcs/syncGenarator.v:5]
INFO: [Synth 8-638] synthesizing module 'vga_data' [D:/Desktop/COD_Lab/lab30_Risc5CPU/vivado201704/Risc5CPU.srcs/sources_1/imports/PipelineCPU.srcs/vga_data.v:6]
INFO: [Synth 8-638] synthesizing module 'DisplayROM' [D:/Desktop/COD_Lab/lab30_Risc5CPU/vivado201704/Risc5CPU.runs/synth_1/.Xil/Vivado-21632-LAPTOP-OMEN-BAO/realtime/DisplayROM_stub.v:6]
INFO: [Synth 8-256] done synthesizing module 'DisplayROM' (23#1) [D:/Desktop/COD_Lab/lab30_Risc5CPU/vivado201704/Risc5CPU.runs/synth_1/.Xil/Vivado-21632-LAPTOP-OMEN-BAO/realtime/DisplayROM_stub.v:6]
INFO: [Synth 8-256] done synthesizing module 'vga_data' (24#1) [D:/Desktop/COD_Lab/lab30_Risc5CPU/vivado201704/Risc5CPU.srcs/sources_1/imports/PipelineCPU.srcs/vga_data.v:6]
INFO: [Synth 8-638] synthesizing module 'TMDSencode' [D:/Desktop/COD_Lab/lab30_Risc5CPU/vivado201704/Risc5CPU.srcs/sources_1/imports/PipelineCPU.srcs/TMDSencode.v:2]
INFO: [Synth 8-256] done synthesizing module 'TMDSencode' (25#1) [D:/Desktop/COD_Lab/lab30_Risc5CPU/vivado201704/Risc5CPU.srcs/sources_1/imports/PipelineCPU.srcs/TMDSencode.v:2]
INFO: [Synth 8-638] synthesizing module 'OBUFDS' [C:/Xilinx/Vivado/2017.4/scripts/rt/data/unisim_comp.v:27284]
	Parameter CAPACITANCE bound to: DONT_CARE - type: string 
	Parameter IOSTANDARD bound to: DEFAULT - type: string 
	Parameter SLEW bound to: SLOW - type: string 
INFO: [Synth 8-256] done synthesizing module 'OBUFDS' (26#1) [C:/Xilinx/Vivado/2017.4/scripts/rt/data/unisim_comp.v:27284]
INFO: [Synth 8-256] done synthesizing module 'PipelineCPUTest' (27#1) [D:/Desktop/COD_Lab/lab30_Risc5CPU/vivado201704/Risc5CPU.srcs/sources_1/imports/PipelineCPU.srcs/PipelineCPUTest.v:7]
WARNING: [Synth 8-3331] design vga_data has unconnected port y_pos[0]
WARNING: [Synth 8-3331] design BranchTest has unconnected port Instruction[31]
WARNING: [Synth 8-3331] design BranchTest has unconnected port Instruction[30]
WARNING: [Synth 8-3331] design BranchTest has unconnected port Instruction[29]
WARNING: [Synth 8-3331] design BranchTest has unconnected port Instruction[28]
WARNING: [Synth 8-3331] design BranchTest has unconnected port Instruction[27]
WARNING: [Synth 8-3331] design BranchTest has unconnected port Instruction[26]
WARNING: [Synth 8-3331] design BranchTest has unconnected port Instruction[25]
WARNING: [Synth 8-3331] design BranchTest has unconnected port Instruction[24]
WARNING: [Synth 8-3331] design BranchTest has unconnected port Instruction[23]
WARNING: [Synth 8-3331] design BranchTest has unconnected port Instruction[22]
WARNING: [Synth 8-3331] design BranchTest has unconnected port Instruction[21]
WARNING: [Synth 8-3331] design BranchTest has unconnected port Instruction[20]
WARNING: [Synth 8-3331] design BranchTest has unconnected port Instruction[19]
WARNING: [Synth 8-3331] design BranchTest has unconnected port Instruction[18]
WARNING: [Synth 8-3331] design BranchTest has unconnected port Instruction[17]
WARNING: [Synth 8-3331] design BranchTest has unconnected port Instruction[16]
WARNING: [Synth 8-3331] design BranchTest has unconnected port Instruction[15]
WARNING: [Synth 8-3331] design BranchTest has unconnected port Instruction[11]
WARNING: [Synth 8-3331] design BranchTest has unconnected port Instruction[10]
WARNING: [Synth 8-3331] design BranchTest has unconnected port Instruction[9]
WARNING: [Synth 8-3331] design BranchTest has unconnected port Instruction[8]
WARNING: [Synth 8-3331] design BranchTest has unconnected port Instruction[7]
---------------------------------------------------------------------------------
Finished RTL Elaboration : Time (s): cpu = 00:00:05 ; elapsed = 00:00:05 . Memory (MB): peak = 407.805 ; gain = 151.523
---------------------------------------------------------------------------------

Report Check Netlist: 
+------+------------------+-------+---------+-------+------------------+
|      |Item              |Errors |Warnings |Status |Description       |
+------+------------------+-------+---------+-------+------------------+
|1     |multi_driven_nets |      0|        0|Passed |Multi driven nets |
+------+------------------+-------+---------+-------+------------------+
---------------------------------------------------------------------------------
Finished RTL Optimization Phase 1 : Time (s): cpu = 00:00:05 ; elapsed = 00:00:06 . Memory (MB): peak = 407.805 ; gain = 151.523
---------------------------------------------------------------------------------
INFO: [Netlist 29-17] Analyzing 4 Unisim elements for replacement
INFO: [Netlist 29-28] Unisim Transformation completed in 0 CPU seconds
INFO: [Device 21-403] Loading part xc7a200tfbg484-1
INFO: [Project 1-570] Preparing netlist for logic optimization

Processing XDC Constraints
Initializing timing engine
Parsing XDC File [D:/Desktop/COD_Lab/lab30_Risc5CPU/vivado201704/Risc5CPU.runs/synth_1/.Xil/Vivado-21632-LAPTOP-OMEN-BAO/dcp3/DCM_PLL_in_context.xdc] for cell 'DCM_INST'
Finished Parsing XDC File [D:/Desktop/COD_Lab/lab30_Risc5CPU/vivado201704/Risc5CPU.runs/synth_1/.Xil/Vivado-21632-LAPTOP-OMEN-BAO/dcp3/DCM_PLL_in_context.xdc] for cell 'DCM_INST'
Parsing XDC File [D:/Desktop/COD_Lab/lab30_Risc5CPU/vivado201704/Risc5CPU.runs/synth_1/.Xil/Vivado-21632-LAPTOP-OMEN-BAO/dcp4/DisplayROM_in_context.xdc] for cell 'VgaData/char_tab'
Finished Parsing XDC File [D:/Desktop/COD_Lab/lab30_Risc5CPU/vivado201704/Risc5CPU.runs/synth_1/.Xil/Vivado-21632-LAPTOP-OMEN-BAO/dcp4/DisplayROM_in_context.xdc] for cell 'VgaData/char_tab'
Parsing XDC File [D:/Desktop/COD_Lab/lab30_Risc5CPU/vivado201704/Risc5CPU.runs/synth_1/.Xil/Vivado-21632-LAPTOP-OMEN-BAO/dcp5/DataRAM_in_context.xdc] for cell 'CPUInst/DataRAM_1'
Finished Parsing XDC File [D:/Desktop/COD_Lab/lab30_Risc5CPU/vivado201704/Risc5CPU.runs/synth_1/.Xil/Vivado-21632-LAPTOP-OMEN-BAO/dcp5/DataRAM_in_context.xdc] for cell 'CPUInst/DataRAM_1'
Parsing XDC File [D:/Desktop/COD_Lab/lab30_Risc5CPU/vivado201704/Risc5CPU.srcs/constrs_1/imports/PipelineCPU.srcs/VgaCPU.xdc]
Finished Parsing XDC File [D:/Desktop/COD_Lab/lab30_Risc5CPU/vivado201704/Risc5CPU.srcs/constrs_1/imports/PipelineCPU.srcs/VgaCPU.xdc]
INFO: [Project 1-236] Implementation specific constraints were found while reading constraint file [D:/Desktop/COD_Lab/lab30_Risc5CPU/vivado201704/Risc5CPU.srcs/constrs_1/imports/PipelineCPU.srcs/VgaCPU.xdc]. These constraints will be ignored for synthesis but will be used in implementation. Impacted constraints are listed in the file [.Xil/PipelineCPUTest_propImpl.xdc].
Resolution: To avoid this warning, move constraints listed in [.Xil/PipelineCPUTest_propImpl.xdc] to another XDC file and exclude this new file from synthesis with the used_in_synthesis property (File Properties dialog in GUI) and re-run elaboration/synthesis.
Completed Processing XDC Constraints

INFO: [Project 1-111] Unisim Transformation Summary:
  A total of 4 instances were transformed.
  OBUFDS => OBUFDS: 4 instances

Constraint Validation Runtime : Time (s): cpu = 00:00:00 ; elapsed = 00:00:00.004 . Memory (MB): peak = 805.395 ; gain = 0.000
---------------------------------------------------------------------------------
Finished Constraint Validation : Time (s): cpu = 00:00:17 ; elapsed = 00:00:26 . Memory (MB): peak = 805.395 ; gain = 549.113
---------------------------------------------------------------------------------
---------------------------------------------------------------------------------
Start Loading Part and Timing Information
---------------------------------------------------------------------------------
Loading part: xc7a200tfbg484-1
---------------------------------------------------------------------------------
Finished Loading Part and Timing Information : Time (s): cpu = 00:00:17 ; elapsed = 00:00:26 . Memory (MB): peak = 805.395 ; gain = 549.113
---------------------------------------------------------------------------------
---------------------------------------------------------------------------------
Start Applying 'set_property' XDC Constraints
---------------------------------------------------------------------------------
Applied set_property IO_BUFFER_TYPE = NONE for clk. (constraint file  D:/Desktop/COD_Lab/lab30_Risc5CPU/vivado201704/Risc5CPU.runs/synth_1/.Xil/Vivado-21632-LAPTOP-OMEN-BAO/dcp3/DCM_PLL_in_context.xdc, line 4).
Applied set_property CLOCK_BUFFER_TYPE = NONE for clk. (constraint file  D:/Desktop/COD_Lab/lab30_Risc5CPU/vivado201704/Risc5CPU.runs/synth_1/.Xil/Vivado-21632-LAPTOP-OMEN-BAO/dcp3/DCM_PLL_in_context.xdc, line 5).
Applied set_property DONT_TOUCH = true for CPUInst/DataRAM_1. (constraint file  auto generated constraint, line ).
Applied set_property DONT_TOUCH = true for DCM_INST. (constraint file  auto generated constraint, line ).
Applied set_property DONT_TOUCH = true for VgaData/char_tab. (constraint file  auto generated constraint, line ).
---------------------------------------------------------------------------------
Finished applying 'set_property' XDC Constraints : Time (s): cpu = 00:00:17 ; elapsed = 00:00:26 . Memory (MB): peak = 805.395 ; gain = 549.113
---------------------------------------------------------------------------------
INFO: [Synth 8-5546] ROM "dout" won't be mapped to RAM because it is too sparse
WARNING: [Synth 8-6014] Unused sequential element PosX_reg_reg was removed.  [D:/Desktop/COD_Lab/lab30_Risc5CPU/vivado201704/Risc5CPU.srcs/sources_1/imports/PipelineCPU.srcs/syncGenarator.v:27]
WARNING: [Synth 8-6014] Unused sequential element PosY_reg_reg was removed.  [D:/Desktop/COD_Lab/lab30_Risc5CPU/vivado201704/Risc5CPU.srcs/sources_1/imports/PipelineCPU.srcs/syncGenarator.v:28]
WARNING: [Synth 8-327] inferring latch for variable 'ALUCode_reg' [D:/Desktop/COD_Lab/lab30_Risc5CPU/src/Decode.v:109]
---------------------------------------------------------------------------------
Finished RTL Optimization Phase 2 : Time (s): cpu = 00:00:17 ; elapsed = 00:00:26 . Memory (MB): peak = 805.395 ; gain = 549.113
---------------------------------------------------------------------------------

Report RTL Partitions: 
+-+--------------+------------+----------+
| |RTL Partition |Replication |Instances |
+-+--------------+------------+----------+
+-+--------------+------------+----------+
---------------------------------------------------------------------------------
Start RTL Component Statistics 
---------------------------------------------------------------------------------
Detailed RTL Component Info : 
+---Adders : 
	   2 Input     10 Bit       Adders := 4     
	   2 Input      9 Bit       Adders := 1     
+---XORs : 
	   2 Input     32 Bit         XORs := 2     
	   2 Input      1 Bit         XORs := 242   
+---Registers : 
	               32 Bit    Registers := 11    
	               10 Bit    Registers := 2     
	                5 Bit    Registers := 5     
	                4 Bit    Registers := 1     
	                2 Bit    Registers := 1     
	                1 Bit    Registers := 11    
+---Muxes : 
	   2 Input     32 Bit        Muxes := 15    
	   3 Input     32 Bit        Muxes := 1     
	   4 Input     32 Bit        Muxes := 3     
	   2 Input      4 Bit        Muxes := 66    
	   9 Input      4 Bit        Muxes := 1     
	   2 Input      2 Bit        Muxes := 1     
	   2 Input      1 Bit        Muxes := 33    
	   8 Input      1 Bit        Muxes := 1     
---------------------------------------------------------------------------------
Finished RTL Component Statistics 
---------------------------------------------------------------------------------
---------------------------------------------------------------------------------
Start RTL Hierarchical Component Statistics 
---------------------------------------------------------------------------------
Hierarchical RTL Component report 
Module PipelineCPUTest 
Detailed RTL Component Info : 
+---Registers : 
	                1 Bit    Registers := 1     
+---Muxes : 
	   2 Input      1 Bit        Muxes := 1     
Module adder_4bits 
Detailed RTL Component Info : 
+---XORs : 
	   2 Input      1 Bit         XORs := 4     
Module adder_4bits_select 
Detailed RTL Component Info : 
+---Muxes : 
	   2 Input      4 Bit        Muxes := 1     
	   2 Input      1 Bit        Muxes := 1     
Module InstructionROM 
Detailed RTL Component Info : 
+---Muxes : 
	   2 Input     32 Bit        Muxes := 1     
Module IF 
Detailed RTL Component Info : 
+---Registers : 
	               32 Bit    Registers := 1     
+---Muxes : 
	   2 Input     32 Bit        Muxes := 1     
Module IF_ID 
Detailed RTL Component Info : 
+---Registers : 
	               32 Bit    Registers := 2     
Module RBWRegisters 
Detailed RTL Component Info : 
+---Muxes : 
	   2 Input     32 Bit        Muxes := 2     
Module Registers 
Detailed RTL Component Info : 
+---Muxes : 
	   2 Input     32 Bit        Muxes := 2     
Module Decode 
Detailed RTL Component Info : 
+---Muxes : 
	   2 Input     32 Bit        Muxes := 6     
	   3 Input     32 Bit        Muxes := 1     
	   9 Input      4 Bit        Muxes := 1     
	   2 Input      2 Bit        Muxes := 1     
	   2 Input      1 Bit        Muxes := 3     
	   8 Input      1 Bit        Muxes := 1     
Module BranchTest 
Detailed RTL Component Info : 
+---XORs : 
	   2 Input      1 Bit         XORs := 1     
Module ID 
Detailed RTL Component Info : 
+---Muxes : 
	   2 Input     32 Bit        Muxes := 1     
Module ID_EX 
Detailed RTL Component Info : 
+---Registers : 
	               32 Bit    Registers := 4     
	                5 Bit    Registers := 3     
	                4 Bit    Registers := 1     
	                2 Bit    Registers := 1     
	                1 Bit    Registers := 5     
Module mux3 
Detailed RTL Component Info : 
+---Muxes : 
	   4 Input     32 Bit        Muxes := 1     
Module ALU 
Detailed RTL Component Info : 
+---XORs : 
	   2 Input     32 Bit         XORs := 2     
	   2 Input      1 Bit         XORs := 1     
Module EX 
Detailed RTL Component Info : 
+---Muxes : 
	   2 Input     32 Bit        Muxes := 1     
Module EX_MEM 
Detailed RTL Component Info : 
+---Registers : 
	               32 Bit    Registers := 2     
	                5 Bit    Registers := 1     
	                1 Bit    Registers := 3     
Module MEM_WB 
Detailed RTL Component Info : 
+---Registers : 
	               32 Bit    Registers := 2     
	                5 Bit    Registers := 1     
	                1 Bit    Registers := 2     
Module Risc5CPU 
Detailed RTL Component Info : 
+---Muxes : 
	   2 Input     32 Bit        Muxes := 1     
Module syncGenarator 
Detailed RTL Component Info : 
+---Adders : 
	   2 Input     10 Bit       Adders := 3     
	   2 Input      9 Bit       Adders := 1     
+---Registers : 
	               10 Bit    Registers := 2     
+---Muxes : 
	   2 Input      1 Bit        Muxes := 1     
Module vga_data 
Detailed RTL Component Info : 
+---Adders : 
	   2 Input     10 Bit       Adders := 1     
+---Muxes : 
	   2 Input      4 Bit        Muxes := 38    
---------------------------------------------------------------------------------
Finished RTL Hierarchical Component Statistics
---------------------------------------------------------------------------------
---------------------------------------------------------------------------------
Start Part Resource Summary
---------------------------------------------------------------------------------
Part Resources:
DSPs: 740 (col length:100)
BRAMs: 730 (col length: RAMB18 100 RAMB36 50)
---------------------------------------------------------------------------------
Finished Part Resource Summary
---------------------------------------------------------------------------------
---------------------------------------------------------------------------------
Start Cross Boundary and Area Optimization
---------------------------------------------------------------------------------
WARNING: [Synth 8-6014] Unused sequential element sync_inst/PosX_reg_reg was removed.  [D:/Desktop/COD_Lab/lab30_Risc5CPU/vivado201704/Risc5CPU.srcs/sources_1/imports/PipelineCPU.srcs/syncGenarator.v:27]
WARNING: [Synth 8-6014] Unused sequential element sync_inst/PosY_reg_reg was removed.  [D:/Desktop/COD_Lab/lab30_Risc5CPU/vivado201704/Risc5CPU.srcs/sources_1/imports/PipelineCPU.srcs/syncGenarator.v:28]
INFO: [Synth 8-3886] merging instance 'CPUInst/ID_EX_1/MemtoReg_ex_reg' (FDR) to 'CPUInst/ID_EX_1/MemRead_ex_reg'
INFO: [Synth 8-3886] merging instance 'CPUInst/IF_ID_1/Instruction_id_reg[28]' (FDRE) to 'CPUInst/IF_ID_1/Instruction_id_reg[27]'
INFO: [Synth 8-3886] merging instance 'CPUInst/IF_ID_1/Instruction_id_reg[24]' (FDRE) to 'CPUInst/IF_ID_1/Instruction_id_reg[23]'
INFO: [Synth 8-3886] merging instance 'CPUInst/IF_ID_1/Instruction_id_reg[29]' (FDRE) to 'CPUInst/IF_ID_1/Instruction_id_reg[27]'
INFO: [Synth 8-3886] merging instance 'CPUInst/IF_ID_1/Instruction_id_reg[1]' (FDRE) to 'CPUInst/IF_ID_1/Instruction_id_reg[0]'
INFO: [Synth 8-3886] merging instance 'CPUInst/IF_ID_1/Instruction_id_reg[18]' (FDRE) to 'CPUInst/IF_ID_1/Instruction_id_reg[19]'
INFO: [Synth 8-3886] merging instance 'CPUInst/ID_EX_1/rs2Addr_ex_reg[3]' (FDR) to 'CPUInst/ID_EX_1/rs2Addr_ex_reg[4]'
INFO: [Synth 8-3886] merging instance 'CPUInst/ID_EX_1/rs1Addr_ex_reg[3]' (FDR) to 'CPUInst/ID_EX_1/rs1Addr_ex_reg[4]'
INFO: [Synth 8-3886] merging instance 'CPUInst/IF_ID_1/Instruction_id_reg[31]' (FDRE) to 'CPUInst/IF_ID_1/Instruction_id_reg[27]'
INFO: [Synth 8-3886] merging instance 'CPUInst/ID_EX_1/Imm_ex_reg[31]' (FDR) to 'CPUInst/ID_EX_1/Imm_ex_reg[27]'
INFO: [Synth 8-3886] merging instance 'CPUInst/ID_EX_1/Imm_ex_reg[29]' (FDR) to 'CPUInst/ID_EX_1/Imm_ex_reg[27]'
INFO: [Synth 8-3886] merging instance 'CPUInst/ID_EX_1/Imm_ex_reg[28]' (FDR) to 'CPUInst/ID_EX_1/Imm_ex_reg[27]'
INFO: [Synth 8-3886] merging instance 'CPUInst/ID_EX_1/Imm_ex_reg[24]' (FDR) to 'CPUInst/ID_EX_1/Imm_ex_reg[23]'
INFO: [Synth 8-3886] merging instance 'CPUInst/ID_EX_1/Imm_ex_reg[19]' (FDR) to 'CPUInst/ID_EX_1/Imm_ex_reg[18]'
INFO: [Synth 8-3886] merging instance 'CPUInst/ID_EX_1/Imm_ex_reg[11]' (FDR) to 'CPUInst/ID_EX_1/Imm_ex_reg[7]'
INFO: [Synth 8-3886] merging instance 'CPUInst/ID_EX_1/Imm_ex_reg[9]' (FDR) to 'CPUInst/ID_EX_1/Imm_ex_reg[7]'
INFO: [Synth 8-3886] merging instance 'CPUInst/ID_EX_1/Imm_ex_reg[8]' (FDR) to 'CPUInst/ID_EX_1/Imm_ex_reg[7]'
WARNING: [Synth 8-3332] Sequential element (Decode0/ALUCode_reg[31]) is unused and will be removed from module ID.
WARNING: [Synth 8-3332] Sequential element (Decode0/ALUCode_reg[30]) is unused and will be removed from module ID.
WARNING: [Synth 8-3332] Sequential element (Decode0/ALUCode_reg[29]) is unused and will be removed from module ID.
WARNING: [Synth 8-3332] Sequential element (Decode0/ALUCode_reg[28]) is unused and will be removed from module ID.
WARNING: [Synth 8-3332] Sequential element (Decode0/ALUCode_reg[27]) is unused and will be removed from module ID.
WARNING: [Synth 8-3332] Sequential element (Decode0/ALUCode_reg[26]) is unused and will be removed from module ID.
WARNING: [Synth 8-3332] Sequential element (Decode0/ALUCode_reg[25]) is unused and will be removed from module ID.
WARNING: [Synth 8-3332] Sequential element (Decode0/ALUCode_reg[24]) is unused and will be removed from module ID.
WARNING: [Synth 8-3332] Sequential element (Decode0/ALUCode_reg[23]) is unused and will be removed from module ID.
WARNING: [Synth 8-3332] Sequential element (Decode0/ALUCode_reg[22]) is unused and will be removed from module ID.
WARNING: [Synth 8-3332] Sequential element (Decode0/ALUCode_reg[21]) is unused and will be removed from module ID.
WARNING: [Synth 8-3332] Sequential element (Decode0/ALUCode_reg[20]) is unused and will be removed from module ID.
WARNING: [Synth 8-3332] Sequential element (Decode0/ALUCode_reg[19]) is unused and will be removed from module ID.
WARNING: [Synth 8-3332] Sequential element (Decode0/ALUCode_reg[18]) is unused and will be removed from module ID.
WARNING: [Synth 8-3332] Sequential element (Decode0/ALUCode_reg[17]) is unused and will be removed from module ID.
WARNING: [Synth 8-3332] Sequential element (Decode0/ALUCode_reg[16]) is unused and will be removed from module ID.
WARNING: [Synth 8-3332] Sequential element (Decode0/ALUCode_reg[15]) is unused and will be removed from module ID.
WARNING: [Synth 8-3332] Sequential element (Decode0/ALUCode_reg[14]) is unused and will be removed from module ID.
WARNING: [Synth 8-3332] Sequential element (Decode0/ALUCode_reg[13]) is unused and will be removed from module ID.
WARNING: [Synth 8-3332] Sequential element (Decode0/ALUCode_reg[12]) is unused and will be removed from module ID.
WARNING: [Synth 8-3332] Sequential element (Decode0/ALUCode_reg[11]) is unused and will be removed from module ID.
WARNING: [Synth 8-3332] Sequential element (Decode0/ALUCode_reg[10]) is unused and will be removed from module ID.
WARNING: [Synth 8-3332] Sequential element (Decode0/ALUCode_reg[9]) is unused and will be removed from module ID.
WARNING: [Synth 8-3332] Sequential element (Decode0/ALUCode_reg[8]) is unused and will be removed from module ID.
WARNING: [Synth 8-3332] Sequential element (Decode0/ALUCode_reg[7]) is unused and will be removed from module ID.
WARNING: [Synth 8-3332] Sequential element (Decode0/ALUCode_reg[6]) is unused and will be removed from module ID.
WARNING: [Synth 8-3332] Sequential element (Decode0/ALUCode_reg[5]) is unused and will be removed from module ID.
WARNING: [Synth 8-3332] Sequential element (Decode0/ALUCode_reg[4]) is unused and will be removed from module ID.
---------------------------------------------------------------------------------
Finished Cross Boundary and Area Optimization : Time (s): cpu = 00:00:35 ; elapsed = 00:00:45 . Memory (MB): peak = 805.395 ; gain = 549.113
---------------------------------------------------------------------------------
---------------------------------------------------------------------------------
Start ROM, RAM, DSP and Shift Register Reporting
---------------------------------------------------------------------------------

Distributed RAM: Preliminary Mapping  Report (see note below)
+-------------+-----------------------------------+-----------+----------------------+---------------+
|Module Name  | RTL Object                        | Inference | Size (Depth x Width) | Primitives    | 
+-------------+-----------------------------------+-----------+----------------------+---------------+
|CPUInst/ID_1 | Registers0/RBWRegisters0/regs_reg | Implied   | 32 x 32              | RAM32M x 12   | 
+-------------+-----------------------------------+-----------+----------------------+---------------+

Note: The table above is a preliminary report that shows the Distributed RAMs at the current stage of the synthesis flow. Some Distributed RAMs may be reimplemented as non Distributed RAM primitives later in the synthesis flow. Multiple instantiated RAMs are reported only once.
---------------------------------------------------------------------------------
Finished ROM, RAM, DSP and Shift Register Reporting
---------------------------------------------------------------------------------

Report RTL Partitions: 
+-+--------------+------------+----------+
| |RTL Partition |Replication |Instances |
+-+--------------+------------+----------+
+-+--------------+------------+----------+
---------------------------------------------------------------------------------
Start Applying XDC Timing Constraints
---------------------------------------------------------------------------------
INFO: [Synth 8-5578] Moved timing constraint from pin 'DCM_INST/clk_out1' to pin 'DCM_INST/bbstub_clk_out1/O'
INFO: [Synth 8-5578] Moved timing constraint from pin 'DCM_INST/clk_out2' to pin 'DCM_INST/bbstub_clk_out2/O'
INFO: [Synth 8-5819] Moved 2 constraints on hierarchical pins to their respective driving/loading pins
---------------------------------------------------------------------------------
Finished Applying XDC Timing Constraints : Time (s): cpu = 00:00:43 ; elapsed = 00:00:53 . Memory (MB): peak = 829.090 ; gain = 572.809
---------------------------------------------------------------------------------
---------------------------------------------------------------------------------
Start Timing Optimization
---------------------------------------------------------------------------------
---------------------------------------------------------------------------------
Finished Timing Optimization : Time (s): cpu = 00:01:01 ; elapsed = 00:01:10 . Memory (MB): peak = 924.938 ; gain = 668.656
---------------------------------------------------------------------------------
---------------------------------------------------------------------------------
Start ROM, RAM, DSP and Shift Register Reporting
---------------------------------------------------------------------------------

Distributed RAM: Final Mapping  Report
+-------------+-----------------------------------+-----------+----------------------+---------------+
|Module Name  | RTL Object                        | Inference | Size (Depth x Width) | Primitives    | 
+-------------+-----------------------------------+-----------+----------------------+---------------+
|CPUInst/ID_1 | Registers0/RBWRegisters0/regs_reg | Implied   | 32 x 32              | RAM32M x 12   | 
+-------------+-----------------------------------+-----------+----------------------+---------------+

---------------------------------------------------------------------------------
Finished ROM, RAM, DSP and Shift Register Reporting
---------------------------------------------------------------------------------

Report RTL Partitions: 
+-+--------------+------------+----------+
| |RTL Partition |Replication |Instances |
+-+--------------+------------+----------+
+-+--------------+------------+----------+
---------------------------------------------------------------------------------
Start Technology Mapping
---------------------------------------------------------------------------------
---------------------------------------------------------------------------------
Finished Technology Mapping : Time (s): cpu = 00:01:02 ; elapsed = 00:01:12 . Memory (MB): peak = 958.449 ; gain = 702.168
---------------------------------------------------------------------------------

Report RTL Partitions: 
+-+--------------+------------+----------+
| |RTL Partition |Replication |Instances |
+-+--------------+------------+----------+
+-+--------------+------------+----------+
---------------------------------------------------------------------------------
Start IO Insertion
---------------------------------------------------------------------------------
---------------------------------------------------------------------------------
Start Flattening Before IO Insertion
---------------------------------------------------------------------------------
---------------------------------------------------------------------------------
Finished Flattening Before IO Insertion
---------------------------------------------------------------------------------
---------------------------------------------------------------------------------
Start Final Netlist Cleanup
---------------------------------------------------------------------------------
---------------------------------------------------------------------------------
Finished Final Netlist Cleanup
---------------------------------------------------------------------------------
---------------------------------------------------------------------------------
Finished IO Insertion : Time (s): cpu = 00:01:03 ; elapsed = 00:01:12 . Memory (MB): peak = 958.449 ; gain = 702.168
---------------------------------------------------------------------------------

Report Check Netlist: 
+------+------------------+-------+---------+-------+------------------+
|      |Item              |Errors |Warnings |Status |Description       |
+------+------------------+-------+---------+-------+------------------+
|1     |multi_driven_nets |      0|        0|Passed |Multi driven nets |
+------+------------------+-------+---------+-------+------------------+
---------------------------------------------------------------------------------
Start Renaming Generated Instances
---------------------------------------------------------------------------------
---------------------------------------------------------------------------------
Finished Renaming Generated Instances : Time (s): cpu = 00:01:03 ; elapsed = 00:01:13 . Memory (MB): peak = 958.449 ; gain = 702.168
---------------------------------------------------------------------------------

Report RTL Partitions: 
+-+--------------+------------+----------+
| |RTL Partition |Replication |Instances |
+-+--------------+------------+----------+
+-+--------------+------------+----------+
---------------------------------------------------------------------------------
Start Rebuilding User Hierarchy
---------------------------------------------------------------------------------
---------------------------------------------------------------------------------
Finished Rebuilding User Hierarchy : Time (s): cpu = 00:01:03 ; elapsed = 00:01:13 . Memory (MB): peak = 958.449 ; gain = 702.168
---------------------------------------------------------------------------------
---------------------------------------------------------------------------------
Start Renaming Generated Ports
---------------------------------------------------------------------------------
---------------------------------------------------------------------------------
Finished Renaming Generated Ports : Time (s): cpu = 00:01:03 ; elapsed = 00:01:13 . Memory (MB): peak = 958.449 ; gain = 702.168
---------------------------------------------------------------------------------
---------------------------------------------------------------------------------
Start Handling Custom Attributes
---------------------------------------------------------------------------------
---------------------------------------------------------------------------------
Finished Handling Custom Attributes : Time (s): cpu = 00:01:03 ; elapsed = 00:01:13 . Memory (MB): peak = 958.449 ; gain = 702.168
---------------------------------------------------------------------------------
---------------------------------------------------------------------------------
Start Renaming Generated Nets
---------------------------------------------------------------------------------
---------------------------------------------------------------------------------
Finished Renaming Generated Nets : Time (s): cpu = 00:01:03 ; elapsed = 00:01:13 . Memory (MB): peak = 958.449 ; gain = 702.168
---------------------------------------------------------------------------------
---------------------------------------------------------------------------------
Start Writing Synthesis Report
---------------------------------------------------------------------------------

Report BlackBoxes: 
+------+--------------------+----------+
|      |BlackBox name       |Instances |
+------+--------------------+----------+
|1     |DCM_PLL             |         1|
|2     |button_process_unit |         1|
|3     |TMDSencode          |         1|
|4     |DataRAM             |         1|
|5     |DisplayROM          |         1|
+------+--------------------+----------+

Report Cell Usage: 
+------+--------------------+------+
|      |Cell                |Count |
+------+--------------------+------+
|1     |DCM_PLL             |     1|
|2     |DataRAM             |     1|
|3     |DisplayROM          |     1|
|4     |TMDSencode          |     1|
|5     |button_process_unit |     1|
|6     |BUFG                |     1|
|7     |LUT1                |     2|
|8     |LUT2                |    62|
|9     |LUT3                |   221|
|10    |LUT4                |   100|
|11    |LUT5                |   376|
|12    |LUT6                |   737|
|13    |MUXF7               |     2|
|14    |RAM32M              |    12|
|15    |FDRE                |   397|
|16    |LDC                 |     3|
|17    |LDCP                |     1|
|18    |IBUF                |     3|
|19    |OBUFDS              |     4|
+------+--------------------+------+

Report Instance Areas: 
+------+----------------------+--------------+------+
|      |Instance              |Module        |Cells |
+------+----------------------+--------------+------+
|1     |top                   |              |  1968|
|2     |  CPUInst             |Risc5CPU      |  1780|
|3     |    ID_1              |ID            |    16|
|4     |      Decode0         |Decode        |     4|
|5     |      Registers0      |Registers     |    12|
|6     |        RBWRegisters0 |RBWRegisters  |    12|
|7     |    EX_MEM_1          |EX_MEM        |   128|
|8     |    ID_EX_1           |ID_EX         |   956|
|9     |    IF_1              |IF            |    90|
|10    |    IF_ID_1           |IF_ID         |   234|
|11    |    MEM_WB_1          |MEM_WB        |   292|
|12    |  VgaData             |vga_data      |    11|
|13    |  sync_inst           |syncGenarator |   160|
+------+----------------------+--------------+------+
---------------------------------------------------------------------------------
Finished Writing Synthesis Report : Time (s): cpu = 00:01:03 ; elapsed = 00:01:13 . Memory (MB): peak = 958.449 ; gain = 702.168
---------------------------------------------------------------------------------
Synthesis finished with 0 errors, 0 critical warnings and 33 warnings.
Synthesis Optimization Runtime : Time (s): cpu = 00:00:51 ; elapsed = 00:00:57 . Memory (MB): peak = 958.449 ; gain = 304.578
Synthesis Optimization Complete : Time (s): cpu = 00:01:03 ; elapsed = 00:01:13 . Memory (MB): peak = 958.449 ; gain = 702.168
INFO: [Project 1-571] Translating synthesized netlist
Parsing EDIF File [D:/Desktop/COD_Lab/lab30_Risc5CPU/vivado201704/Risc5CPU.srcs/sources_1/imports/PipelineCPU.srcs/button_process_unit.edf]
Finished Parsing EDIF File [D:/Desktop/COD_Lab/lab30_Risc5CPU/vivado201704/Risc5CPU.srcs/sources_1/imports/PipelineCPU.srcs/button_process_unit.edf]
Parsing EDIF File [D:/Desktop/COD_Lab/lab30_Risc5CPU/vivado201704/Risc5CPU.srcs/sources_1/imports/PipelineCPU.srcs/TMDSencode.edf]
Finished Parsing EDIF File [D:/Desktop/COD_Lab/lab30_Risc5CPU/vivado201704/Risc5CPU.srcs/sources_1/imports/PipelineCPU.srcs/TMDSencode.edf]
INFO: [Netlist 29-17] Analyzing 83 Unisim elements for replacement
INFO: [Netlist 29-28] Unisim Transformation completed in 0 CPU seconds
INFO: [Project 1-479] Netlist was created with Vivado 2017.1
INFO: [Project 1-570] Preparing netlist for logic optimization
WARNING: [Opt 31-32] Removing redundant IBUF since it is not being driven by a top-level port. TMDS_inst/ActiveArea_IBUF_inst 
Resolution: The tool has removed redundant IBUF. To resolve this warning, check for redundant IBUF in the input design.
WARNING: [Opt 31-32] Removing redundant IBUF since it is not being driven by a top-level port. TMDS_inst/blue_IBUF[0]_inst 
Resolution: The tool has removed redundant IBUF. To resolve this warning, check for redundant IBUF in the input design.
WARNING: [Opt 31-32] Removing redundant IBUF since it is not being driven by a top-level port. TMDS_inst/blue_IBUF[1]_inst 
Resolution: The tool has removed redundant IBUF. To resolve this warning, check for redundant IBUF in the input design.
WARNING: [Opt 31-32] Removing redundant IBUF since it is not being driven by a top-level port. TMDS_inst/blue_IBUF[2]_inst 
Resolution: The tool has removed redundant IBUF. To resolve this warning, check for redundant IBUF in the input design.
WARNING: [Opt 31-32] Removing redundant IBUF since it is not being driven by a top-level port. TMDS_inst/blue_IBUF[3]_inst 
Resolution: The tool has removed redundant IBUF. To resolve this warning, check for redundant IBUF in the input design.
WARNING: [Opt 31-32] Removing redundant IBUF since it is not being driven by a top-level port. TMDS_inst/blue_IBUF[4]_inst 
Resolution: The tool has removed redundant IBUF. To resolve this warning, check for redundant IBUF in the input design.
WARNING: [Opt 31-32] Removing redundant IBUF since it is not being driven by a top-level port. TMDS_inst/blue_IBUF[5]_inst 
Resolution: The tool has removed redundant IBUF. To resolve this warning, check for redundant IBUF in the input design.
WARNING: [Opt 31-32] Removing redundant IBUF since it is not being driven by a top-level port. TMDS_inst/blue_IBUF[6]_inst 
Resolution: The tool has removed redundant IBUF. To resolve this warning, check for redundant IBUF in the input design.
WARNING: [Opt 31-32] Removing redundant IBUF since it is not being driven by a top-level port. TMDS_inst/blue_IBUF[7]_inst 
Resolution: The tool has removed redundant IBUF. To resolve this warning, check for redundant IBUF in the input design.
WARNING: [Opt 31-32] Removing redundant IBUF since it is not being driven by a top-level port. TMDS_inst/green_IBUF[0]_inst 
Resolution: The tool has removed redundant IBUF. To resolve this warning, check for redundant IBUF in the input design.
WARNING: [Opt 31-32] Removing redundant IBUF since it is not being driven by a top-level port. TMDS_inst/green_IBUF[1]_inst 
Resolution: The tool has removed redundant IBUF. To resolve this warning, check for redundant IBUF in the input design.
WARNING: [Opt 31-32] Removing redundant IBUF since it is not being driven by a top-level port. TMDS_inst/green_IBUF[2]_inst 
Resolution: The tool has removed redundant IBUF. To resolve this warning, check for redundant IBUF in the input design.
WARNING: [Opt 31-32] Removing redundant IBUF since it is not being driven by a top-level port. TMDS_inst/green_IBUF[3]_inst 
Resolution: The tool has removed redundant IBUF. To resolve this warning, check for redundant IBUF in the input design.
WARNING: [Opt 31-32] Removing redundant IBUF since it is not being driven by a top-level port. TMDS_inst/green_IBUF[4]_inst 
Resolution: The tool has removed redundant IBUF. To resolve this warning, check for redundant IBUF in the input design.
WARNING: [Opt 31-32] Removing redundant IBUF since it is not being driven by a top-level port. TMDS_inst/green_IBUF[5]_inst 
Resolution: The tool has removed redundant IBUF. To resolve this warning, check for redundant IBUF in the input design.
WARNING: [Opt 31-32] Removing redundant IBUF since it is not being driven by a top-level port. TMDS_inst/green_IBUF[6]_inst 
Resolution: The tool has removed redundant IBUF. To resolve this warning, check for redundant IBUF in the input design.
WARNING: [Opt 31-32] Removing redundant IBUF since it is not being driven by a top-level port. TMDS_inst/green_IBUF[7]_inst 
Resolution: The tool has removed redundant IBUF. To resolve this warning, check for redundant IBUF in the input design.
WARNING: [Opt 31-32] Removing redundant IBUF since it is not being driven by a top-level port. TMDS_inst/hSync_IBUF_inst 
Resolution: The tool has removed redundant IBUF. To resolve this warning, check for redundant IBUF in the input design.
WARNING: [Opt 31-32] Removing redundant IBUF since it is not being driven by a top-level port. TMDS_inst/pixel_clk_IBUF_inst 
Resolution: The tool has removed redundant IBUF. To resolve this warning, check for redundant IBUF in the input design.
WARNING: [Opt 31-32] Removing redundant IBUF since it is not being driven by a top-level port. TMDS_inst/red_IBUF[0]_inst 
Resolution: The tool has removed redundant IBUF. To resolve this warning, check for redundant IBUF in the input design.
WARNING: [Opt 31-32] Removing redundant IBUF since it is not being driven by a top-level port. TMDS_inst/red_IBUF[1]_inst 
Resolution: The tool has removed redundant IBUF. To resolve this warning, check for redundant IBUF in the input design.
WARNING: [Opt 31-32] Removing redundant IBUF since it is not being driven by a top-level port. TMDS_inst/red_IBUF[2]_inst 
Resolution: The tool has removed redundant IBUF. To resolve this warning, check for redundant IBUF in the input design.
WARNING: [Opt 31-32] Removing redundant IBUF since it is not being driven by a top-level port. TMDS_inst/red_IBUF[3]_inst 
Resolution: The tool has removed redundant IBUF. To resolve this warning, check for redundant IBUF in the input design.
WARNING: [Opt 31-32] Removing redundant IBUF since it is not being driven by a top-level port. TMDS_inst/red_IBUF[4]_inst 
Resolution: The tool has removed redundant IBUF. To resolve this warning, check for redundant IBUF in the input design.
WARNING: [Opt 31-32] Removing redundant IBUF since it is not being driven by a top-level port. TMDS_inst/red_IBUF[5]_inst 
Resolution: The tool has removed redundant IBUF. To resolve this warning, check for redundant IBUF in the input design.
WARNING: [Opt 31-32] Removing redundant IBUF since it is not being driven by a top-level port. TMDS_inst/red_IBUF[6]_inst 
Resolution: The tool has removed redundant IBUF. To resolve this warning, check for redundant IBUF in the input design.
WARNING: [Opt 31-32] Removing redundant IBUF since it is not being driven by a top-level port. TMDS_inst/red_IBUF[7]_inst 
Resolution: The tool has removed redundant IBUF. To resolve this warning, check for redundant IBUF in the input design.
WARNING: [Opt 31-32] Removing redundant IBUF since it is not being driven by a top-level port. TMDS_inst/reset_IBUF_inst 
Resolution: The tool has removed redundant IBUF. To resolve this warning, check for redundant IBUF in the input design.
WARNING: [Opt 31-32] Removing redundant IBUF since it is not being driven by a top-level port. TMDS_inst/tmds_clk_IBUF_inst 
Resolution: The tool has removed redundant IBUF. To resolve this warning, check for redundant IBUF in the input design.
WARNING: [Opt 31-32] Removing redundant IBUF since it is not being driven by a top-level port. TMDS_inst/vSync_IBUF_inst 
Resolution: The tool has removed redundant IBUF. To resolve this warning, check for redundant IBUF in the input design.
WARNING: [Opt 31-35] Removing redundant IBUF, step_pulse_inst/ButtonIn_IBUF_inst, from the path connected to top-level port: step 
Resolution: The tool has removed redundant IBUF. To resolve this warning, check for redundant IBUF in the input design.
WARNING: [Opt 31-32] Removing redundant IBUF since it is not being driven by a top-level port. step_pulse_inst/clk_IBUF_inst 
Resolution: The tool has removed redundant IBUF. To resolve this warning, check for redundant IBUF in the input design.
WARNING: [Opt 31-32] Removing redundant IBUF since it is not being driven by a top-level port. step_pulse_inst/reset_IBUF_inst 
Resolution: The tool has removed redundant IBUF. To resolve this warning, check for redundant IBUF in the input design.
WARNING: [Opt 31-33] Removing redundant OBUF since it is not driving a top-level port. TMDS_inst/TMDSch0_OBUF_inst 
Resolution: The tool has removed redundant OBUF. To resolve this warning, check for redundant OBUF in the input design.
WARNING: [Opt 31-33] Removing redundant OBUF since it is not driving a top-level port. TMDS_inst/TMDSch1_OBUF_inst 
Resolution: The tool has removed redundant OBUF. To resolve this warning, check for redundant OBUF in the input design.
WARNING: [Opt 31-33] Removing redundant OBUF since it is not driving a top-level port. TMDS_inst/TMDSch2_OBUF_inst 
Resolution: The tool has removed redundant OBUF. To resolve this warning, check for redundant OBUF in the input design.
WARNING: [Opt 31-33] Removing redundant OBUF since it is not driving a top-level port. step_pulse_inst/ButtonOut_OBUF_inst 
Resolution: The tool has removed redundant OBUF. To resolve this warning, check for redundant OBUF in the input design.
INFO: [Opt 31-138] Pushed 0 inverter(s) to 0 load pin(s).
INFO: [Project 1-111] Unisim Transformation Summary:
  A total of 20 instances were transformed.
  LDC => LDCE: 3 instances
  LDCP => LDCP (GND, LUT3, LUT3, LDCE, VCC): 1 instances
  OBUFDS => OBUFDS_DUAL_BUF (INV, OBUFDS, OBUFDS): 4 instances
  RAM32M => RAM32M (RAMD32, RAMD32, RAMD32, RAMD32, RAMD32, RAMD32, RAMS32, RAMS32): 12 instances

INFO: [Common 17-83] Releasing license: Synthesis
91 Infos, 94 Warnings, 0 Critical Warnings and 0 Errors encountered.
synth_design completed successfully
synth_design: Time (s): cpu = 00:01:06 ; elapsed = 00:01:17 . Memory (MB): peak = 958.449 ; gain = 713.656
INFO: [Common 17-1381] The checkpoint 'D:/Desktop/COD_Lab/lab30_Risc5CPU/vivado201704/Risc5CPU.runs/synth_1/PipelineCPUTest.dcp' has been generated.
INFO: [runtcl-4] Executing : report_utilization -file PipelineCPUTest_utilization_synth.rpt -pb PipelineCPUTest_utilization_synth.pb
report_utilization: Time (s): cpu = 00:00:00 ; elapsed = 00:00:00.108 . Memory (MB): peak = 958.449 ; gain = 0.000
INFO: [Common 17-206] Exiting Vivado at Sat Dec 31 19:18:22 2022...
