|--------------------------------------------------------------|
|- ispLEVER Classic 2.1.00.02.49.20 Fitter Report File        -|
|- Copyright(C), 1992-2012, Lattice Semiconductor Corporation -|
|- All Rights Reserved.                                       -|
|--------------------------------------------------------------|




The Basic/Detailed Report Format can be selected in the dialog box
Tools->Fitter Report File Format...

Project_Summary
~~~~~~~~~~~~~~~
Project Name         :  isp_lab13
Project Path         :  D:\MyDucuments\_Junior_1\ElectricSystemDesign\ISP_lab13
Project Fitted on    :  Mon May 29 11:07:20 2023

Device               :  M4256_96
Package              :  144
GLB Input Mux Size   :  33
Available Blocks     :  16
Speed                :  -7.5
Part Number          :  LC4256V-75T144I
Source Format        :  Schematic_Verilog_HDL


// Project 'isp_lab13' Fit Successfully! //


Compilation_Times
~~~~~~~~~~~~~~~~~
Prefit Time                     0 secs
Load Design Time                0.05 secs
Partition Time                  0.19 secs
Place Time                      0.00 secs
Route Time                      0.00 secs
Total Fit Time                  00:00:01


Design_Summary
~~~~~~~~~~~~~~
Total Input Pins                2
Total Logic Functions           243
  Total Output Pins             11
  Total Bidir I/O Pins          0
  Total Buried Nodes            232
Total Flip-Flops                238
  Total D Flip-Flops            225
  Total T Flip-Flops            13
  Total Latches                 0
Total Product Terms             771

Total Reserved Pins             0
Total Locked Pins               13
Total Locked Nodes              0

Total Unique Output Enables     0
Total Unique Clocks             2
Total Unique Clock Enables      2
Total Unique Resets             1
Total Unique Presets            1

Fmax Logic Levels               2


Device_Resource_Summary
~~~~~~~~~~~~~~~~~~~~~~~
                                 Device
                                 Total    Used   Not Used   Utilization
-----------------------------------------------------------------------
Dedicated Pins
  Clock/Input Pins                  4        1      3    -->    25
  Input-Only Pins                  10        0     10    -->     0
  I/O / Enable Pins                 2        0      2    -->     0
I/O Pins                           94       12     82    -->    12
Logic Functions                   256      243     13    -->    94
  Input Registers                  96        0     96    -->     0

GLB Inputs                        576      309    267    -->    53
Logical Product Terms            1280      523    757    -->    40
Occupied GLBs                      16       16      0    -->   100
Macrocells                        256      243     13    -->    94

Control Product Terms:
  GLB Clock/Clock Enables          16       16      0    -->   100
  GLB Reset/Presets                16        0     16    -->     0
  Macrocell Clocks                256      185     71    -->    72
  Macrocell Clock Enables         256       18    238    -->     7
  Macrocell Enables               256        0    256    -->     0
  Macrocell Resets                256        2    254    -->     0
  Macrocell Presets               256        0    256    -->     0

Global Routing Pool               356      234    122    -->    65
  GRP from IFB                     ..        1     ..    -->    ..
    (from input signals)           ..        1     ..    -->    ..
    (from output signals)          ..        0     ..    -->    ..
    (from bidir signals)           ..        0     ..    -->    ..
  GRP from MFB                     ..      233     ..    -->    ..
----------------------------------------------------------------------

<Note> 1 : The available PT is the product term that has not been used.
<Note> 2 : IFB is I/O feedback.
<Note> 3 : MFB is macrocell feedback.



GLB_Resource_Summary
~~~~~~~~~~~~~~~~~~~~
                                                                                     # of PT
               ---  Fanin  ---    I/O    Input  Macrocells       Macrocells   Logic  clusters
             Unique Shared Total  Pins    Regs Used Inaccessible  available    PTs   used
-------------------------------------------------------------------------------------------
Maximum
  GLB                      36      *(1)     8   --     --             16       80       16
-------------------------------------------------------------------------------------------
  GLB    A     15     3    18      0/6      0   16      0              0       31       16
  GLB    B     13     4    17      0/6      0   15      0              1       30       15
  GLB    C     13     4    17      0/6      0   15      0              1       30       15
  GLB    D     14     3    17      0/6      0   15      0              1       30       15
-------------------------------------------------------------------------------------------
  GLB    E     16     3    19      0/6      0   16      0              0       32       16
  GLB    F     15     3    18      0/6      0   15      0              1       30       15
  GLB    G     13     4    17      0/6      0   15      0              1       30       15
  GLB    H     15     3    18      0/6      0   15      0              1       30       15
-------------------------------------------------------------------------------------------
  GLB    I     13     4    17      0/6      0   15      0              1       30       15
  GLB    J     15     3    18      1/6      0   15      0              1       30       15
  GLB    K      9    14    23      3/6      0   15      0              1       47       15
  GLB    L      9    15    24      5/6      0   15      0              1       56       15
-------------------------------------------------------------------------------------------
  GLB    M      2    30    32      2/6      0   15      0              1       30       15
  GLB    N     15     3    18      1/6      0   16      0              0       30       16
  GLB    O     12     5    17      0/6      0   15      0              1       30       15
  GLB    P      5    14    19      0/6      0   15      0              1       27       15
-------------------------------------------------------------------------------------------
TOTALS:       194   115   309     12/96     0  243      0             13      523      243

<Note> 1 : For ispMACH 4000 devices, the number of IOs depends on the GLB.
<Note> 2 : Four rightmost columns above reflect last status of the placement process.



GLB_Control_Summary
~~~~~~~~~~~~~~~~~~~
           Shared Shared | Mcell  Mcell  Mcell  Mcell  Mcell 
           Clk/CE Rst/Pr | Clock  CE     Enable Reset  Preset
------------------------------------------------------------------------------
Maximum
  GLB        1      1        16     16     16     16     16  
==============================================================================
  GLB    A   1      0        16      0      0      0      0
  GLB    B   1      0        15      0      0      0      0
  GLB    C   1      0        15      0      0      0      0
  GLB    D   1      0        15      0      0      0      0
------------------------------------------------------------------------------
  GLB    E   1      0        16      0      0      0      0
  GLB    F   1      0        15      0      0      0      0
  GLB    G   1      0        15      0      0      0      0
  GLB    H   1      0        15      0      0      0      0
------------------------------------------------------------------------------
  GLB    I   1      0        15      0      0      0      0
  GLB    J   1      0        15      0      0      0      0
  GLB    K   1      0         0      9      0      0      0
  GLB    L   1      0         0      9      0      0      0
------------------------------------------------------------------------------
  GLB    M   1      0         0      0      0      2      0
  GLB    N   1      0        15      0      0      0      0
  GLB    O   1      0        14      0      0      0      0
  GLB    P   1      0         4      0      0      0      0
------------------------------------------------------------------------------

<Note> 1 : For ispMACH 4000 devices, the number of output enables depends on the GLB.



Optimizer_and_Fitter_Options
~~~~~~~~~~~~~~~~~~~~~~~~~~~~
Pin Assignment :                       Yes
Group Assignment :                     No
Pin Reservation :                      No

@Ignore_Project_Constraints :
  Pin Assignments :                    No
      Keep Block Assignment            --
      Keep Segment Assignment          --
  Group Assignments :                  No
  Macrocell Assignment :               No
      Keep Block Assignment            --
      Keep Segment Assignment          --

@Backannotate_Project_Constraints
  Pin Assignments :                    No
  Pin And Block Assignments :          No
  Pin, Macrocell and Block :           No

@Timing_Constraints :                  No

@Global_Project_Optimization :
  Balanced Partitioning :              No
  Spread Placement :                   Yes

  Note :
    Pack Design :
       Balanced Partitioning = No
       Spread Placement      = No
    Spread Design :
       Balanced Partitioning = Yes
       Spread Placement      = Yes


@Logic_Synthesis :
  Logic Reduction :                    Yes
  Node Collapsing :                    FMAX
  Fmax_Logic_Level :                   1
  D/T Synthesis :                      Yes
  XOR Synthesis :                      Yes
  Max. P-Term for Collapsing :         16
  Max. P-Term for Splitting :          80
  Max Symbols :                        24

@Utilization_options
  Max. % of Macrocells used :          100
@Usercode                               (HEX)
@IO_Types                              Default = LVCMOS18 (2)
@Output_Slew_Rate                      Default = FAST (2)
@Power                                 Default = HIGH (2)
@Pull                                  Default = PULLUP_UP (2)
@Fast_Bypass                           Default = None (2)
@ORP_Bypass                            Default = None
@Input_Registers                       Default = None (2)
@Register_Powerup                      Default = None

Device Options:
<Note> 1 : Reserved unused I/Os can be independently driven to Low or High, and does not
           follow the drive level set for the Global Configure Unused I/O Option.
<Note> 2 : For user-specified constraints on individual signals, refer to the Output,
           Bidir and Buried Signal Lists.



Pinout_Listing
~~~~~~~~~~~~~~
      | Pin   | Bank |GLB |Assigned|                 | Signal|
Pin No| Type  |Number|Pad |Pin     |     I/O Type    | Type  | Signal name
--------------------------------------------------------------------------------
1     | GND   |   -  |    |        |                 |       |
2     | TDI   |   -  |    |        |                 |       |
3     |VCCIO0 |   -  |    |        |                 |       |
4     |  I_O  |   0  |C12 |        |                 |       |
5     |  I_O  |   0  |C10 |        |                 |       |
6     |  I_O  |   0  |C8  |        |                 |       |
7     |  I_O  |   0  |C6  |        |                 |       |
8     |  I_O  |   0  |C4  |        |                 |       |
9     |  I_O  |   0  |C2  |        |                 |       |
10    |GNDIO0 |   -  |    |        |                 |       |
11    |  I_O  |   0  |D14 |        |                 |       |
12    |  I_O  |   0  |D12 |        |                 |       |
13    |  I_O  |   0  |D10 |        |                 |       |
14    |  I_O  |   0  |D8  |        |                 |       |
15    |  I_O  |   0  |D6  |        |                 |       |
16    |  I_O  |   0  |D4  |        |                 |       |
17    | IN0   |   0  |    |        |                 |       |
18    | NC    |   -  |    |        |                 |       |
19    |VCCIO0 |   -  |    |        |                 |       |
20    | IN1   |   0  |    |        |                 |       |
21    |  I_O  |   0  |E2  |        |                 |       |
22    |  I_O  |   0  |E4  |        |                 |       |
23    |  I_O  |   0  |E6  |        |                 |       |
24    |  I_O  |   0  |E8  |        |                 |       |
25    |  I_O  |   0  |E10 |        |                 |       |
26    |  I_O  |   0  |E12 |        |                 |       |
27    |GNDIO0 |   -  |    |        |                 |       |
28    |  I_O  |   0  |F2  |        |                 |       |
29    |  I_O  |   0  |F4  |        |                 |       |
30    |  I_O  |   0  |F6  |        |                 |       |
31    |  I_O  |   0  |F8  |        |                 |       |
32    |  I_O  |   0  |F10 |        |                 |       |
33    |  I_O  |   0  |F12 |        |                 |       |
34    |VCCIO0 |   -  |    |        |                 |       |
35    | TCK   |   -  |    |        |                 |       |
36    | VCC   |   -  |    |        |                 |       |
37    | GND   |   -  |    |        |                 |       |
38    | IN2   |   0  |    |        |                 |       |
39    |  I_O  |   0  |G12 |        |                 |       |
40    |  I_O  |   0  |G10 |        |                 |       |
41    |  I_O  |   0  |G8  |        |                 |       |
42    |  I_O  |   0  |G6  |        |                 |       |
43    |  I_O  |   0  |G4  |        |                 |       |
44    |  I_O  |   0  |G2  |        |                 |       |
45    | IN3   |   0  |    |        |                 |       |
46    |GNDIO0 |   -  |    |        |                 |       |
47    |VCCIO0 |   -  |    |        |                 |       |
48    |  I_O  |   0  |H12 |        |                 |       |
49    |  I_O  |   0  |H10 |        |                 |       |
50    |  I_O  |   0  |H8  |        |                 |       |
51    |  I_O  |   0  |H6  |        |                 |       |
52    |  I_O  |   0  |H4  |        |                 |       |
53    |  I_O  |   0  |H2  |        |                 |       |
54    |INCLK1 |   0  |    |        |                 |       |
55    |GNDIO1 |   -  |    |        |                 |       |
56    |INCLK2 |   1  |    |        |                 |       |
57    | VCC   |   -  |    |        |                 |       |
58    |  I_O  |   1  |I2  |        |                 |       |
59    |  I_O  |   1  |I4  |        |                 |       |
60    |  I_O  |   1  |I6  |        |                 |       |
61    |  I_O  |   1  |I8  |        |                 |       |
62    |  I_O  |   1  |I10 |        |                 |       |
63    |  I_O  |   1  |I12 |        |                 |       |
64    |VCCIO1 |   -  |    |        |                 |       |
65    |GNDIO1 |   -  |    |        |                 |       |
66    |  I_O  |   1  |J2  |        |                 |       |
67    |  I_O  |   1  |J4  |        |                 |       |
68    |  I_O  |   1  |J6  |    *   |LVCMOS18         | Input |reset_n
69    |  I_O  |   1  |J8  |        |                 |       |
70    |  I_O  |   1  |J10 |        |                 |       |
71    |  I_O  |   1  |J12 |        |                 |       |
72    | IN4   |   0  |    |        |                 |       |
73    | GND   |   -  |    |        |                 |       |
74    | TMS   |   -  |    |        |                 |       |
75    |VCCIO1 |   -  |    |        |                 |       |
76    |  I_O  |   1  |K12 |        |                 |       |
77    |  I_O  |   1  |K10 |        |                 |       |
78    |  I_O  |   1  |K8  |        |                 |       |
79    |  I_O  |   1  |K6  |    *   |LVCMOS18         | Output|lcd_d_6_
80    |  I_O  |   1  |K4  |    *   |LVCMOS18         | Output|lcd_d_7_
81    |  I_O  |   1  |K2  |    *   |LVCMOS18         | Output|lcd_d_4_
82    |GNDIO1 |   -  |    |        |                 |       |
83    |  I_O  |   1  |L14 |    *   |LVCMOS18         | Output|lcd_d_5_
84    |  I_O  |   1  |L12 |    *   |LVCMOS18         | Output|lcd_d_2_
85    |  I_O  |   1  |L10 |    *   |LVCMOS18         | Output|lcd_d_3_
86    |  I_O  |   1  |L8  |    *   |LVCMOS18         | Output|lcd_d_0_
87    |  I_O  |   1  |L6  |    *   |LVCMOS18         | Output|lcd_d_1_
88    |  I_O  |   1  |L4  |        |                 |       |
89    | IN5   |   1  |    |        |                 |       |
90    | NC    |   -  |    |        |                 |       |
91    |VCCIO1 |   -  |    |        |                 |       |
92    | IN6   |   1  |    |        |                 |       |
93    |  I_O  |   1  |M2  |        |                 |       |
94    |  I_O  |   1  |M4  |        |                 |       |
95    |  I_O  |   1  |M6  |        |                 |       |
96    |  I_O  |   1  |M8  |    *   |LVCMOS18         | Output|lcd_en
97    |  I_O  |   1  |M10 |        |                 |       |
98    |  I_O  |   1  |M12 |    *   |LVCMOS18         | Output|lcd_rs
99    |GNDIO1 |   -  |    |        |                 |       |
100   |  I_O  |   1  |N2  |    *   |LVCMOS18         | Output|lcd_rw
101   |  I_O  |   1  |N4  |        |                 |       |
102   |  I_O  |   1  |N6  |        |                 |       |
103   |  I_O  |   1  |N8  |        |                 |       |
104   |  I_O  |   1  |N10 |        |                 |       |
105   |  I_O  |   1  |N12 |        |                 |       |
106   |VCCIO1 |   -  |    |        |                 |       |
107   | TDO   |   -  |    |        |                 |       |
108   | VCC   |   -  |    |        |                 |       |
109   | GND   |   -  |    |        |                 |       |
110   | IN7   |   1  |    |        |                 |       |
111   |  I_O  |   1  |O12 |        |                 |       |
112   |  I_O  |   1  |O10 |        |                 |       |
113   |  I_O  |   1  |O8  |        |                 |       |
114   |  I_O  |   1  |O6  |        |                 |       |
115   |  I_O  |   1  |O4  |        |                 |       |
116   |  I_O  |   1  |O2  |        |                 |       |
117   | IN8   |   1  |    |        |                 |       |
118   |GNDIO1 |   -  |    |        |                 |       |
119   |VCCIO1 |   -  |    |        |                 |       |
120   |  I_O  |   1  |P12 |        |                 |       |
121   |  I_O  |   1  |P10 |        |                 |       |
122   |  I_O  |   1  |P8  |        |                 |       |
123   |  I_O  |   1  |P6  |        |                 |       |
124   |  I_O  |   1  |P4  |        |                 |       |
125   | I_O/OE|   1  |P2  |        |                 |       |
126   |INCLK3 |   1  |    |        |                 |       |
127   |GNDIO0 |   -  |    |        |                 |       |
128   |INCLK0 |   0  |    |    *   |LVCMOS18         | Input |clk_50m
129   | VCC   |   -  |    |        |                 |       |
130   | I_O/OE|   0  |A2  |        |                 |       |
131   |  I_O  |   0  |A4  |        |                 |       |
132   |  I_O  |   0  |A6  |        |                 |       |
133   |  I_O  |   0  |A8  |        |                 |       |
134   |  I_O  |   0  |A10 |        |                 |       |
135   |  I_O  |   0  |A12 |        |                 |       |
136   |VCCIO0 |   -  |    |        |                 |       |
137   |GNDIO0 |   -  |    |        |                 |       |
138   |  I_O  |   0  |B2  |        |                 |       |
139   |  I_O  |   0  |B4  |        |                 |       |
140   |  I_O  |   0  |B6  |        |                 |       |
141   |  I_O  |   0  |B8  |        |                 |       |
142   |  I_O  |   0  |B10 |        |                 |       |
143   |  I_O  |   0  |B12 |        |                 |       |
144   | IN9   |   0  |    |        |                 |       |
--------------------------------------------------------------------------------

<Note> GLB Pad : This notation refers to the GLB I/O pad number in the device.
<Note> Assigned Pin : user or dedicated input assignment (E.g. Clock pins).
<Note> Pin Type : 
          ClkIn : Dedicated input or clock pin 
           CLK  : Dedicated clock pin
           I_O  : Input/Output pin
           INP  : Dedicated input pin
           JTAG : JTAG Control and test pin
           NC   : No connected



Input_Signal_List
~~~~~~~~~~~~~~~~~
                Input
         Pin    Fanout
 Pin GLB Type                       Pullup Signal
--------------------------------------------------
 128  -- INCLK     ----------------      Up clk_50m
  68   J  I/O   3  ----------KLM---      Up reset_n
--------------------------------------------------



Output_Signal_List
~~~~~~~~~~~~~~~~~~
          I         C      P R P       O Output
          N         L Mc   R E U C O F B Fanout
 Pin GLB  P LL PTs  S Type E S P E E P P                     Slew Pullup Signal
---------------------------------------------------------------------------------
  86   L 12  1   6  2 DFF  *   S *          ----------------  Fast     Up lcd_d_0_
  87   L 12  1   6  2 DFF    * R *          ----------------  Fast     Up lcd_d_1_
  84   L 13  1   8  3 DFF    * R *          ----------------  Fast     Up lcd_d_2_
  85   L 13  1   8  3 DFF    * R *          ----------------  Fast     Up lcd_d_3_
  81   K 12  1   6  2 DFF    * R *          ----------------  Fast     Up lcd_d_4_
  83   L 12  1   6  2 DFF    * R *          ----------------  Fast     Up lcd_d_5_
  79   K 11  1   4  1 DFF    * R *          ----------------  Fast     Up lcd_d_6_
  80   K 12  1   5  1 DFF    * R *          ----------------  Fast     Up lcd_d_7_
  96   M 20  1   1  1 TFF      R         16 ABCDEFGHIJKLMNOP  Fast     Up lcd_en
  98   M 10  1   3  1 DFF    * R            ----------------  Fast     Up lcd_rs
 100   N  0  -   0  1 COM                   ----------------  Fast     Up lcd_rw
---------------------------------------------------------------------------------

<Note> CLS = Number of clusters used
       INP = Number of input signals
       PTs = Number of product terms
        LL = Number of logic levels
       PRE = Has preset equation
       RES = Has reset equation
       PUP = Power-Up initial state: R=Reset, S=Set
        CE = Has clock enable equation
        OE = Has output enable equation
        FP = Fast path used
       OBP = ORP bypass used



Bidir_Signal_List
~~~~~~~~~~~~~~~~~
          I         C      P R P       O Bidir
          N         L Mc   R E U C O F B Fanout
 Pin GLB  P LL PTs  S Type E S P E E P P                     Slew Pullup Signal
-------------------------------------------------------------------------------
-------------------------------------------------------------------------------

<Note> CLS = Number of clusters used
       INP = Number of input signals
       PTs = Number of product terms
        LL = Number of logic levels
       PRE = Has preset equation
       RES = Has reset equation
       PUP = Power-Up initial state: R=Reset, S=Set
        CE = Has clock enable equation
        OE = Has output enable equation
        FP = Fast path used
       OBP = ORP bypass used



Buried_Signal_List
~~~~~~~~~~~~~~~~~~
        I         C      P R P       Node
        N         L Mc   R E U C I F Fanout
Mc GLB  P LL PTs  S Type E S P E R P                     Signal
--------------------------------------------------------------------------
14   P 11  -   1  1 COM              1  ------------M---  N_571
13   P  7  -   1  1 COM              1  ---------------P  cnt12_16_3
14   M 16  -   1  1 COM              1  --------------O-  cnt12_18
 7   M  1  1   1  1 DFF      R       2  ------------M--P  cnt_0_
 4   P  5  2   2  1 DFF      R       2  ------------M--P  cnt_10_
 6   M  2  2   2  1 DFF      R       1  ------------M---  cnt_11_
 4   M  3  2   3  1 DFF      R       1  ------------M---  cnt_12_
 2   M  4  2   4  1 DFF      R       1  ------------M---  cnt_13_
 5   M  5  2   2  1 DFF      R       1  ------------M---  cnt_14_
10   M 15  1   1  1 TFF      R       1  ------------M---  cnt_15_
14   O  2  2   2  1 DFF      R       2  ------------M-O-  cnt_16_
11   M 17  1   1  1 TFF      R       1  ------------M---  cnt_17_
12   M 18  1   1  1 TFF      R       1  ------------M---  cnt_18_
13   M 19  1   1  1 TFF      R       1  ------------M---  cnt_19_
 8   P  2  1   2  1 DFF      R       2  ------------M--P  cnt_1_
 1   P  3  1   3  1 DFF      R       2  ------------M--P  cnt_2_
 0   P  4  1   4  1 DFF      R       2  ------------M--P  cnt_3_
 3   P  5  1   2  1 DFF      R       2  ------------M--P  cnt_4_
 9   M  5  1   1  1 TFF      R       2  ------------M--P  cnt_5_
 9   P  6  1   1  1 TFF      R       2  ------------M--P  cnt_6_
10   P  7  1   1  1 TFF      R       2  ------------M--P  cnt_7_
11   P  8  1   1  1 TFF      R       2  ------------M--P  cnt_8_
12   P  9  1   1  1 TFF      R       2  ------------M--P  cnt_9_
 2   H  4  1   2  1 DFF      R *     1  ---D------------  data_in_buf_100_
 2   E  4  1   2  1 DFF      R *     1  -------H--------  data_in_buf_101_
 3   J  4  1   2  1 DFF      R *     1  -----------L----  data_in_buf_102_
 3   F  4  1   2  1 DFF      R *     1  --C-------------  data_in_buf_103_
 4   G  4  1   2  1 DFF      R *     1  -------------N--  data_in_buf_104_
 4   J  4  1   2  1 DFF      R *     1  A---------------  data_in_buf_105_
 3   O  4  1   2  1 DFF      R *     1  ----E-----------  data_in_buf_106_
 3   D  4  1   2  1 DFF      R *     1  -----F----------  data_in_buf_107_
 3   H  4  1   2  1 DFF      R *     1  --------I-------  data_in_buf_109_
 0   L  4  1   3  1 DFF      R *     1  --------------O-  data_in_buf_110_
 3   C  4  1   2  1 DFF      R *     1  ----E-----------  data_in_buf_111_
 5   N  4  1   2  1 DFF      R *     1  -------------N--  data_in_buf_112_
 5   A  4  1   2  1 DFF      R *     1  -------------N--  data_in_buf_113_
 3   E  4  1   2  1 DFF      R *     1  -------H--------  data_in_buf_114_
 4   F  4  1   2  1 DFF      R *     1  -B--------------  data_in_buf_115_
 4   I  4  1   2  1 DFF      R *     1  --C-------------  data_in_buf_117_
 4   O  4  1   2  1 DFF      R *     1  ---D------------  data_in_buf_118_
 4   E  4  1   2  1 DFF      R *     1  ----E-----------  data_in_buf_119_
 6   N  4  1   2  1 DFF      R *     1  A---------------  data_in_buf_120_
 7   N  4  1   2  1 DFF      R *     1  -B--------------  data_in_buf_121_
 4   H  4  1   2  1 DFF      R *     1  -----F----------  data_in_buf_122_
 4   B  4  1   2  1 DFF      R *     1  ---------J------  data_in_buf_123_
 4   C  4  1   2  1 DFF      R *     1  ----E-----------  data_in_buf_125_
 4   D  4  1   2  1 DFF      R *     1  -------H--------  data_in_buf_126_
 5   E  4  1   2  1 DFF      R *     1  ----------K-----  data_in_buf_127_
 6   A  4  1   2  1 DFF      R *     1  ------G---------  data_in_buf_128_
 5   B  4  1   2  1 DFF      R *     1  ---------J------  data_in_buf_129_
 5   F  4  1   2  1 DFF      R *     1  -----F----------  data_in_buf_130_
 5   J  4  1   2  1 DFF      R *     1  ------G---------  data_in_buf_131_
 6   E  4  1   2  1 DFF      R *     1  --------I-------  data_in_buf_133_
 5   H  4  1   2  1 DFF      R *     1  --C-------------  data_in_buf_134_
 7   K  4  1   3  1 DFF      R *     1  ---------J------  data_in_buf_135_
 5   G  4  1   2  1 DFF      R *     1  -------H--------  data_in_buf_136_
 6   J  4  1   2  1 DFF      R *     1  ----------K-----  data_in_buf_137_
 6   F  4  1   2  1 DFF      R *     1  ----E-----------  data_in_buf_138_
 6   G  4  1   2  1 DFF      R *     1  ---D------------  data_in_buf_139_
 2   O  4  1   2  1 DFF      R *     1  --------I-------  data_in_buf_13_
 5   I  4  1   2  1 DFF      R *     1  --------I-------  data_in_buf_141_
 5   C  4  1   2  1 DFF      R *     1  --------I-------  data_in_buf_142_
 7   J  4  1   2  1 DFF      R *     1  A---------------  data_in_buf_143_
 6   H  4  1   2  1 DFF      R *     1  -----F----------  data_in_buf_144_
 8   K  4  1   3  1 DFF      R *     1  --------------O-  data_in_buf_145_
 7   E  4  1   2  1 DFF      R *     1  -------------N--  data_in_buf_146_
 5   D  4  1   2  1 DFF      R *     1  -B--------------  data_in_buf_147_
 6   I  4  1   2  1 DFF      R *     1  --C-------------  data_in_buf_149_
 7   I  4  1   2  1 DFF      R *     1  --------------O-  data_in_buf_150_
 7   A  4  1   2  1 DFF      R *     1  ------G---------  data_in_buf_151_
 7   F  4  1   2  1 DFF      R *     1  -------H--------  data_in_buf_152_
 5   O  4  1   2  1 DFF      R *     1  ---------J------  data_in_buf_153_
 8   N  4  1   2  1 DFF      R *     1  -------------N--  data_in_buf_154_
 6   B  4  1   2  1 DFF      R *     1  --------------O-  data_in_buf_155_
 6   C  4  1   2  1 DFF      R *     1  -------------N--  data_in_buf_157_
 6   O  4  1   2  1 DFF      R *     1  ----------K-----  data_in_buf_158_
 7   G  4  1   2  1 DFF      R *     1  -------------N--  data_in_buf_159_
 7   H  4  1   2  1 DFF      R *     1  ----E-----------  data_in_buf_160_
 8   J  4  1   2  1 DFF      R *     1  ---------J------  data_in_buf_161_
 9   N  4  1   2  1 DFF      R *     1  --------I-------  data_in_buf_162_
 7   O  4  1   2  1 DFF      R *     1  -----F----------  data_in_buf_163_
 8   O  4  1   2  1 DFF      R *     1  ------G---------  data_in_buf_164_
10   N  4  1   2  1 DFF      R *     1  ---D------------  data_in_buf_165_
 9   K  4  1   3  1 DFF      R *     1  -------H--------  data_in_buf_166_
11   N  4  1   2  1 DFF      R *     1  A---------------  data_in_buf_167_
 8   E  4  1   2  1 DFF      R *     1  ---------J------  data_in_buf_168_
 9   J  4  1   2  1 DFF      R *     1  -B--------------  data_in_buf_169_
 8   I  4  1   2  1 DFF      R *     1  --C-------------  data_in_buf_170_
 8   F  4  1   2  1 DFF      R *     1  ------G---------  data_in_buf_171_
 8   G  4  1   2  1 DFF      R *     1  ---D------------  data_in_buf_172_
 6   D  4  1   2  1 DFF      R *     1  -----F----------  data_in_buf_173_
 8   H  4  1   2  1 DFF      R *     1  A---------------  data_in_buf_174_
 8   A  4  1   2  1 DFF      R *     1  ---------J------  data_in_buf_175_
10   J  4  1   2  1 DFF      R *     1  -------------N--  data_in_buf_176_
 7   B  4  1   2  1 DFF      R *     1  -----------L----  data_in_buf_177_
 7   C  4  1   2  1 DFF      R *     1  --------I-------  data_in_buf_178_
 9   G  4  1   2  1 DFF      R *     1  -B--------------  data_in_buf_179_
 7   D  4  1   2  1 DFF      R *     1  ---------J------  data_in_buf_180_
 9   F  4  1   2  1 DFF      R *     1  -------------N--  data_in_buf_181_
 9   A  4  1   2  1 DFF      R *     1  -----------L----  data_in_buf_182_
11   J  4  1   2  1 DFF      R *     1  --C-------------  data_in_buf_183_
12   N  4  1   2  1 DFF      R *     1  --------------O-  data_in_buf_184_
 4   L  4  1   3  2 DFF      R *     1  --------I-------  data_in_buf_185_
 9   I  4  1   2  1 DFF      R *     1  ---D------------  data_in_buf_186_
 8   B  4  1   2  1 DFF      R *     1  ----E-----------  data_in_buf_187_
12   J  4  1   2  1 DFF      R *     1  A---------------  data_in_buf_188_
13   N  4  1   2  1 DFF      R *     1  -B--------------  data_in_buf_189_
 9   L  4  1   3  1 DFF      R *     1  --C-------------  data_in_buf_190_
 8   C  4  1   2  1 DFF      R *     1  --------I-------  data_in_buf_191_
 9   O  4  1   2  1 DFF      R *     1  ---D------------  data_in_buf_192_
10   I  4  1   2  1 DFF      R *     1  -------H--------  data_in_buf_193_
 8   D  4  1   2  1 DFF      R *     1  ---------J------  data_in_buf_194_
 9   E  4  1   2  1 DFF      R *     1  -------------N--  data_in_buf_195_
10   A  4  1   2  1 DFF      R *     1  A---------------  data_in_buf_196_
 9   B  4  1   2  1 DFF      R *     1  ----E-----------  data_in_buf_197_
 9   C  4  1   2  1 DFF      R *     1  -----F----------  data_in_buf_198_
11   I  4  1   2  1 DFF      R *     1  ----------K-----  data_in_buf_199_
 9   D  4  1   2  1 DFF      R *     1  -B--------------  data_in_buf_200_
 9   H  4  1   2  1 DFF      R *     1  --C-------------  data_in_buf_201_
13   J  4  1   2  1 DFF      R *     1  ----E-----------  data_in_buf_202_
14   N  4  1   2  1 DFF      R *     1  -------H--------  data_in_buf_203_
11   A  4  1   2  1 DFF      R *     1  ----E-----------  data_in_buf_204_
10   E  4  1   2  1 DFF      R *     1  -------------N--  data_in_buf_205_
10   F  4  1   2  1 DFF      R *     1  -----F----------  data_in_buf_206_
10   K  4  1   3  1 DFF      R *     1  ---D------------  data_in_buf_207_
10   B  4  1   2  1 DFF      R *     1  --------------O-  data_in_buf_208_
10   C  4  1   2  1 DFF      R *     1  ------G---------  data_in_buf_209_
11   E  4  1   2  1 DFF      R *     1  A---------------  data_in_buf_210_
10   H  4  1   2  1 DFF      R *     1  --------------O-  data_in_buf_211_
12   E  4  1   2  1 DFF      R *     1  -------H--------  data_in_buf_212_
15   N  4  1   2  2 DFF      R *     1  --------I-------  data_in_buf_213_
11   F  4  1   2  1 DFF      R *     1  --------I-------  data_in_buf_214_
10   D  4  1   2  1 DFF      R *     1  ---------------P  data_in_buf_215_
10   O  4  1   2  1 DFF      R *     1  ----E-----------  data_in_buf_216_
10   G  4  1   2  1 DFF      R *     1  -B--------------  data_in_buf_217_
12   A  4  1   2  1 DFF      R *     1  -----------L----  data_in_buf_218_
11   O  4  1   2  1 DFF      R *     1  -----F----------  data_in_buf_219_
 3   I  4  1   2  1 DFF      R *     1  -B--------------  data_in_buf_21_
11   H  4  1   2  1 DFF      R *     1  ---D------------  data_in_buf_220_
12   I  4  1   2  1 DFF      R *     1  ---------------P  data_in_buf_221_
13   I  4  1   2  1 DFF      R *     1  ---D------------  data_in_buf_222_
 5   P  4  1   2  1 DFF      R *     1  A---------------  data_in_buf_223_
13   E  4  1   2  1 DFF      R *     1  -B--------------  data_in_buf_224_
11   B  4  1   2  1 DFF      R *     1  ---D------------  data_in_buf_225_
10   L  4  1   3  1 DFF      R *     1  ---D------------  data_in_buf_226_
12   F  4  1   2  1 DFF      R *     1  A---------------  data_in_buf_227_
11   D  4  1   2  1 DFF      R *     1  -B--------------  data_in_buf_228_
 6   P  4  1   2  1 DFF      R *     1  --C-------------  data_in_buf_229_
12   D  4  1   2  1 DFF      R *     1  ------G---------  data_in_buf_230_
13   A  4  1   2  1 DFF      R *     1  -------H--------  data_in_buf_231_
12   B  4  1   2  1 DFF      R *     1  --------------O-  data_in_buf_232_
13   D  4  1   2  1 DFF      R *     1  ----E-----------  data_in_buf_233_
14   D  4  1   2  1 DFF      R *     1  -----F----------  data_in_buf_234_
14   A  4  1   2  1 DFF      R *     1  --C-------------  data_in_buf_235_
13   B  4  1   2  1 DFF      R *     1  ------G---------  data_in_buf_236_
11   C  4  1   2  1 DFF      R *     1  A---------------  data_in_buf_237_
11   G  4  1   2  1 DFF      R *     1  -------H--------  data_in_buf_238_
12   H  4  1   2  1 DFF      R *     1  -B--------------  data_in_buf_239_
12   O  4  1   2  1 DFF      R *     1  ----E-----------  data_in_buf_240_
14   E  4  1   2  1 DFF      R *     1  ---------------P  data_in_buf_241_
13   F  4  1   2  1 DFF      R *     1  -----F----------  data_in_buf_242_
12   C  4  1   2  1 DFF      R *     1  --------I-------  data_in_buf_243_
12   G  4  1   2  1 DFF      R *     1  ---------J------  data_in_buf_244_
15   A  4  1   2  2 DFF      R *     1  --C-------------  data_in_buf_245_
13   H  4  1   2  1 DFF      R *     1  ------G---------  data_in_buf_246_
14   B  4  1   2  1 DFF      R *     1  -------H--------  data_in_buf_247_
15   E  4  1   2  2 DFF      R *     1  -----------L----  data_in_buf_248_
 7   P  4  1   2  1 DFF      R *     1  -----------L----  data_in_buf_249_
14   F  4  1   2  1 DFF      R *     1  -----------L----  data_in_buf_250_
14   I  4  1   2  1 DFF      R *     1  -----------L----  data_in_buf_251_
14   J  4  1   2  1 DFF      R *     1  ----------K-----  data_in_buf_252_
13   C  4  1   2  1 DFF      R *     1  -----------L----  data_in_buf_253_
13   G  4  1   2  1 DFF      R *     1  ----------K-----  data_in_buf_254_
14   H  4  1   2  1 DFF      R *     1  ----------K-----  data_in_buf_255_
 3   B  4  1   2  1 DFF      R *     1  --C-------------  data_in_buf_29_
14   C  4  1   2  1 DFF      R *     1  ------G---------  data_in_buf_37_
 0   A  2  -   1  1 DFF      R *     1  ------G---------  data_in_buf_40_
13   O  4  1   2  1 DFF      R *     1  -----F----------  data_in_buf_41_
14   G  4  1   2  1 DFF      R *     1  -------H--------  data_in_buf_45_
 0   G  4  1   2  1 DFF      R *     1  --------------O-  data_in_buf_48_
 3   M 10  -   4  1 COM              15 ABCDEFGHIJKL-NOP  data_in_buf_48__0
 0   F  4  1   2  1 DFF      R *     1  A---------------  data_in_buf_49_
 1   G  4  1   2  1 DFF      R *     1  --C-------------  data_in_buf_51_
 0   H  4  1   2  1 DFF      R *     1  ---D------------  data_in_buf_53_
 0   O  4  1   2  1 DFF      R *     1  A---------------  data_in_buf_56_
 1   A  4  1   2  1 DFF      R *     1  -B--------------  data_in_buf_57_
 0   B  4  1   2  1 DFF      R *     1  ----E-----------  data_in_buf_58_
 0   C  4  1   2  1 DFF      R *     1  -----F----------  data_in_buf_59_
 2   D  3  1   2  1 DFF      R *     1  --------------O-  data_in_buf_5_
 0   D  4  1   2  1 DFF      R *     1  ------G---------  data_in_buf_61_
 2   A  4  1   2  1 DFF      R *     1  --C-------------  data_in_buf_64_
 1   B  4  1   2  1 DFF      R *     1  ---------J------  data_in_buf_65_
 0   E  4  1   2  1 DFF      R *     1  -------H--------  data_in_buf_66_
 1   F  4  1   2  1 DFF      R *     1  A---------------  data_in_buf_67_
 2   G  4  1   2  1 DFF      R *     1  ----------K-----  data_in_buf_69_
 1   C  4  1   2  1 DFF      R *     1  -------------N--  data_in_buf_70_
 2   C  4  1   2  1 DFF      R *     1  -------------N--  data_in_buf_72_
 0   J  4  1   2  1 DFF      R *     1  ---------J------  data_in_buf_73_
 1   H  4  1   2  1 DFF      R *     1  ----E-----------  data_in_buf_74_
 3   A  4  1   2  1 DFF      R *     1  --------I-------  data_in_buf_75_
 3   K  4  1   3  1 DFF      R *     1  ---------J------  data_in_buf_77_
 0   N  4  1   2  1 DFF      R *     1  --------------O-  data_in_buf_78_
 1   N  4  1   2  1 DFF      R *     1  -----F----------  data_in_buf_80_
 1   J  4  1   2  1 DFF      R *     1  ----------K-----  data_in_buf_81_
 1   E  4  1   2  1 DFF      R *     1  -------------N--  data_in_buf_82_
 0   I  4  1   2  1 DFF      R *     1  -B--------------  data_in_buf_83_
 2   J  4  1   2  1 DFF      R *     1  ---------------P  data_in_buf_85_
 1   O  4  1   2  1 DFF      R *     1  ------G---------  data_in_buf_86_
 1   I  4  1   2  1 DFF      R *     1  ---D------------  data_in_buf_87_
 2   F  4  1   2  1 DFF      R *     1  --------I-------  data_in_buf_88_
 5   K  4  1   3  1 DFF      R *     1  -------------N--  data_in_buf_89_
 3   N  4  1   2  1 DFF      R *     1  A---------------  data_in_buf_90_
 2   B  4  1   2  1 DFF      R *     1  -------H--------  data_in_buf_91_
 2   P  4  1   2  1 DFF      R *     1  ----E-----------  data_in_buf_93_
 3   G  4  1   2  1 DFF      R *     1  ---------J------  data_in_buf_94_
 1   D  4  1   2  1 DFF      R *     1  -----F----------  data_in_buf_95_
 2   I  4  1   2  1 DFF      R *     1  ------G---------  data_in_buf_96_
 4   N  4  1   2  1 DFF      R *     1  ---------J------  data_in_buf_97_
 4   A  4  1   2  1 DFF      R *     1  --------------O-  data_in_buf_98_
 0   K 10  1   4  1 DFF    * R       3  ----------KLM---  disp_count_0_
 1   K  6  1   4  1 DFF    * R       3  ----------KLM---  disp_count_1_
11   K  7  1   3  1 DFF    * R       3  ----------KLM---  disp_count_2_
13   L  7  1   2  1 TFF    * R       3  ----------KLM---  disp_count_3_
12   L  8  1   2  1 TFF    * R       3  ----------KLM---  disp_count_4_
 1   M 10  1   4  1 TFF    * R       3  ----------KLM---  disp_count_5_
12   K  9  1   1  1 DFF  *   S       16 ABCDEFGHIJKLMNOP  state_0_
 7   L  3  1   1  1 DFF    * R       1  ----------K-----  state_1_
13   K  3  1   1  1 DFF    * R       2  ----------KL----  state_2_
14   K  3  1   1  1 DFF    * R       1  -----------L----  state_3_
14   L  3  1   1  1 DFF    * R       1  -----------L----  state_4_
 5   L  9  1   1  1 DFF    * R       3  ----------KLM---  state_5_
11   L 11  1   3  1 DFF    * R       3  ----------KLM---  state_6_
--------------------------------------------------------------------------

<Note> CLS = Number of clusters used
       INP = Number of input signals
       PTs = Number of product terms
        LL = Number of logic levels
       PRE = Has preset equation
       RES = Has reset equation
       PUP = Power-Up initial state: R=Reset, S=Set
        CE = Has clock enable equation
        OE = Has output enable equation
        IR = Input register
        FP = Fast path used
       OBP = ORP bypass used



PostFit_Equations
~~~~~~~~~~~~~~~~~
N_571 = cnt_0_.Q & cnt_1_.Q & cnt_2_.Q & cnt_3_.Q & cnt_4_.Q & cnt_5_.Q
       & cnt_6_.Q & cnt_7_.Q & cnt_8_.Q & cnt_9_.Q & cnt_10_.Q ; (1 pterm, 11 signals)

cnt12_16_3 = cnt_0_.Q & cnt_1_.Q & cnt_2_.Q & cnt_3_.Q & cnt_4_.Q & cnt_5_.Q
       & cnt_6_.Q ; (1 pterm, 7 signals)

cnt12_18 = cnt_0_.Q & cnt_1_.Q & cnt_2_.Q & cnt_3_.Q & cnt_4_.Q & cnt_5_.Q
       & cnt_6_.Q & cnt_7_.Q & cnt_8_.Q & cnt_9_.Q & cnt_10_.Q & cnt_11_.Q
       & cnt_12_.Q & cnt_13_.Q & cnt_14_.Q & cnt_15_.Q ; (1 pterm, 16 signals)

cnt_0_.D = !cnt_0_.Q ; (1 pterm, 1 signal)
cnt_0_.C = clk_50m ; (1 pterm, 1 signal)

cnt_10_.D.X1 = cnt_7_.Q & cnt_8_.Q & cnt_9_.Q & cnt12_16_3 ; (1 pterm, 4 signals)
cnt_10_.D.X2 = cnt_10_.Q ; (1 pterm, 1 signal)
cnt_10_.C = clk_50m ; (1 pterm, 1 signal)

cnt_11_.D = cnt_11_.Q & !N_571
    # !cnt_11_.Q & N_571 ; (2 pterms, 2 signals)
cnt_11_.C = clk_50m ; (1 pterm, 1 signal)

cnt_12_.D = cnt_11_.Q & !cnt_12_.Q & N_571
    # !cnt_11_.Q & cnt_12_.Q
    # cnt_12_.Q & !N_571 ; (3 pterms, 3 signals)
cnt_12_.C = clk_50m ; (1 pterm, 1 signal)

cnt_13_.D = cnt_11_.Q & cnt_12_.Q & !cnt_13_.Q & N_571
    # !cnt_12_.Q & cnt_13_.Q
    # !cnt_11_.Q & cnt_13_.Q
    # cnt_13_.Q & !N_571 ; (4 pterms, 4 signals)
cnt_13_.C = clk_50m ; (1 pterm, 1 signal)

cnt_14_.D.X1 = cnt_11_.Q & cnt_12_.Q & cnt_13_.Q & N_571 ; (1 pterm, 4 signals)
cnt_14_.D.X2 = cnt_14_.Q ; (1 pterm, 1 signal)
cnt_14_.C = clk_50m ; (1 pterm, 1 signal)

cnt_15_.T = cnt_0_.Q & cnt_1_.Q & cnt_2_.Q & cnt_3_.Q & cnt_4_.Q & cnt_5_.Q
       & cnt_6_.Q & cnt_7_.Q & cnt_8_.Q & cnt_9_.Q & cnt_10_.Q & cnt_11_.Q
       & cnt_12_.Q & cnt_13_.Q & cnt_14_.Q ; (1 pterm, 15 signals)
cnt_15_.C = clk_50m ; (1 pterm, 1 signal)

cnt_16_.D = cnt_16_.Q & !cnt12_18
    # !cnt_16_.Q & cnt12_18 ; (2 pterms, 2 signals)
cnt_16_.C = clk_50m ; (1 pterm, 1 signal)

cnt_17_.T = cnt_0_.Q & cnt_1_.Q & cnt_2_.Q & cnt_3_.Q & cnt_4_.Q & cnt_5_.Q
       & cnt_6_.Q & cnt_7_.Q & cnt_8_.Q & cnt_9_.Q & cnt_10_.Q & cnt_11_.Q
       & cnt_12_.Q & cnt_13_.Q & cnt_14_.Q & cnt_15_.Q & cnt_16_.Q ; (1 pterm, 17 signals)
cnt_17_.C = clk_50m ; (1 pterm, 1 signal)

cnt_18_.T = cnt_0_.Q & cnt_1_.Q & cnt_2_.Q & cnt_3_.Q & cnt_4_.Q & cnt_5_.Q
       & cnt_6_.Q & cnt_7_.Q & cnt_8_.Q & cnt_9_.Q & cnt_10_.Q & cnt_11_.Q
       & cnt_12_.Q & cnt_13_.Q & cnt_14_.Q & cnt_15_.Q & cnt_16_.Q & cnt_17_.Q ; (1 pterm, 18 signals)
cnt_18_.C = clk_50m ; (1 pterm, 1 signal)

cnt_19_.T = cnt_0_.Q & cnt_1_.Q & cnt_2_.Q & cnt_3_.Q & cnt_4_.Q & cnt_5_.Q
       & cnt_6_.Q & cnt_7_.Q & cnt_8_.Q & cnt_9_.Q & cnt_10_.Q & cnt_11_.Q
       & cnt_12_.Q & cnt_13_.Q & cnt_14_.Q & cnt_15_.Q & cnt_16_.Q & cnt_17_.Q
       & cnt_18_.Q ; (1 pterm, 19 signals)
cnt_19_.C = clk_50m ; (1 pterm, 1 signal)

cnt_1_.D = cnt_0_.Q & !cnt_1_.Q
    # !cnt_0_.Q & cnt_1_.Q ; (2 pterms, 2 signals)
cnt_1_.C = clk_50m ; (1 pterm, 1 signal)

cnt_2_.D = cnt_0_.Q & cnt_1_.Q & !cnt_2_.Q
    # !cnt_1_.Q & cnt_2_.Q
    # !cnt_0_.Q & cnt_2_.Q ; (3 pterms, 3 signals)
cnt_2_.C = clk_50m ; (1 pterm, 1 signal)

cnt_3_.D = cnt_0_.Q & cnt_1_.Q & cnt_2_.Q & !cnt_3_.Q
    # !cnt_2_.Q & cnt_3_.Q
    # !cnt_1_.Q & cnt_3_.Q
    # !cnt_0_.Q & cnt_3_.Q ; (4 pterms, 4 signals)
cnt_3_.C = clk_50m ; (1 pterm, 1 signal)

cnt_4_.D.X1 = cnt_0_.Q & cnt_1_.Q & cnt_2_.Q & cnt_3_.Q ; (1 pterm, 4 signals)
cnt_4_.D.X2 = cnt_4_.Q ; (1 pterm, 1 signal)
cnt_4_.C = clk_50m ; (1 pterm, 1 signal)

cnt_5_.T = cnt_0_.Q & cnt_1_.Q & cnt_2_.Q & cnt_3_.Q & cnt_4_.Q ; (1 pterm, 5 signals)
cnt_5_.C = clk_50m ; (1 pterm, 1 signal)

cnt_6_.T = cnt_0_.Q & cnt_1_.Q & cnt_2_.Q & cnt_3_.Q & cnt_4_.Q & cnt_5_.Q ; (1 pterm, 6 signals)
cnt_6_.C = clk_50m ; (1 pterm, 1 signal)

cnt_7_.T = cnt_0_.Q & cnt_1_.Q & cnt_2_.Q & cnt_3_.Q & cnt_4_.Q & cnt_5_.Q
       & cnt_6_.Q ; (1 pterm, 7 signals)
cnt_7_.C = clk_50m ; (1 pterm, 1 signal)

cnt_8_.T = cnt_0_.Q & cnt_1_.Q & cnt_2_.Q & cnt_3_.Q & cnt_4_.Q & cnt_5_.Q
       & cnt_6_.Q & cnt_7_.Q ; (1 pterm, 8 signals)
cnt_8_.C = clk_50m ; (1 pterm, 1 signal)

cnt_9_.T = cnt_0_.Q & cnt_1_.Q & cnt_2_.Q & cnt_3_.Q & cnt_4_.Q & cnt_5_.Q
       & cnt_6_.Q & cnt_7_.Q & cnt_8_.Q ; (1 pterm, 9 signals)
cnt_9_.C = clk_50m ; (1 pterm, 1 signal)

data_in_buf_100_.D = data_in_buf_91_.Q & !state_0_.Q ; (1 pterm, 2 signals)
data_in_buf_100_.C = lcd_en.Q ; (1 pterm, 1 signal)
data_in_buf_100_.CE = !( data_in_buf_48__0 ) ; (1 pterm, 1 signal)

data_in_buf_101_.D = !( !data_in_buf_93_.Q & !state_0_.Q ) ; (1 pterm, 2 signals)
data_in_buf_101_.C = lcd_en.Q ; (1 pterm, 1 signal)
data_in_buf_101_.CE = !( data_in_buf_48__0 ) ; (1 pterm, 1 signal)

data_in_buf_102_.D = !state_0_.Q & data_in_buf_94_.Q ; (1 pterm, 2 signals)
data_in_buf_102_.C = lcd_en.Q ; (1 pterm, 1 signal)
data_in_buf_102_.CE = !( data_in_buf_48__0 ) ; (1 pterm, 1 signal)

data_in_buf_103_.D = !state_0_.Q & data_in_buf_95_.Q ; (1 pterm, 2 signals)
data_in_buf_103_.C = lcd_en.Q ; (1 pterm, 1 signal)
data_in_buf_103_.CE = !( data_in_buf_48__0 ) ; (1 pterm, 1 signal)

data_in_buf_104_.D = !state_0_.Q & data_in_buf_96_.Q ; (1 pterm, 2 signals)
data_in_buf_104_.C = lcd_en.Q ; (1 pterm, 1 signal)
data_in_buf_104_.CE = !( data_in_buf_48__0 ) ; (1 pterm, 1 signal)

data_in_buf_105_.D = !state_0_.Q & data_in_buf_97_.Q ; (1 pterm, 2 signals)
data_in_buf_105_.C = lcd_en.Q ; (1 pterm, 1 signal)
data_in_buf_105_.CE = !( data_in_buf_48__0 ) ; (1 pterm, 1 signal)

data_in_buf_106_.D = !state_0_.Q & data_in_buf_98_.Q ; (1 pterm, 2 signals)
data_in_buf_106_.C = lcd_en.Q ; (1 pterm, 1 signal)
data_in_buf_106_.CE = !( data_in_buf_48__0 ) ; (1 pterm, 1 signal)

data_in_buf_107_.D = !state_0_.Q & data_in_buf_100_.Q ; (1 pterm, 2 signals)
data_in_buf_107_.C = lcd_en.Q ; (1 pterm, 1 signal)
data_in_buf_107_.CE = !( data_in_buf_48__0 ) ; (1 pterm, 1 signal)

data_in_buf_109_.D = !( !state_0_.Q & !data_in_buf_101_.Q ) ; (1 pterm, 2 signals)
data_in_buf_109_.C = lcd_en.Q ; (1 pterm, 1 signal)
data_in_buf_109_.CE = !( data_in_buf_48__0 ) ; (1 pterm, 1 signal)

data_in_buf_110_.D = !state_0_.Q & data_in_buf_102_.Q ; (1 pterm, 2 signals)
data_in_buf_110_.C = lcd_en.Q ; (1 pterm, 1 signal)
data_in_buf_110_.CE = !( data_in_buf_48__0 ) ; (1 pterm, 1 signal)

data_in_buf_111_.D = !state_0_.Q & data_in_buf_103_.Q ; (1 pterm, 2 signals)
data_in_buf_111_.C = lcd_en.Q ; (1 pterm, 1 signal)
data_in_buf_111_.CE = !( data_in_buf_48__0 ) ; (1 pterm, 1 signal)

data_in_buf_112_.D = !state_0_.Q & data_in_buf_104_.Q ; (1 pterm, 2 signals)
data_in_buf_112_.C = lcd_en.Q ; (1 pterm, 1 signal)
data_in_buf_112_.CE = !( data_in_buf_48__0 ) ; (1 pterm, 1 signal)

data_in_buf_113_.D = !state_0_.Q & data_in_buf_105_.Q ; (1 pterm, 2 signals)
data_in_buf_113_.C = lcd_en.Q ; (1 pterm, 1 signal)
data_in_buf_113_.CE = !( data_in_buf_48__0 ) ; (1 pterm, 1 signal)

data_in_buf_114_.D = !state_0_.Q & data_in_buf_106_.Q ; (1 pterm, 2 signals)
data_in_buf_114_.C = lcd_en.Q ; (1 pterm, 1 signal)
data_in_buf_114_.CE = !( data_in_buf_48__0 ) ; (1 pterm, 1 signal)

data_in_buf_115_.D = !state_0_.Q & data_in_buf_107_.Q ; (1 pterm, 2 signals)
data_in_buf_115_.C = lcd_en.Q ; (1 pterm, 1 signal)
data_in_buf_115_.CE = !( data_in_buf_48__0 ) ; (1 pterm, 1 signal)

data_in_buf_117_.D = !( !state_0_.Q & !data_in_buf_109_.Q ) ; (1 pterm, 2 signals)
data_in_buf_117_.C = lcd_en.Q ; (1 pterm, 1 signal)
data_in_buf_117_.CE = !( data_in_buf_48__0 ) ; (1 pterm, 1 signal)

data_in_buf_118_.D = !state_0_.Q & data_in_buf_110_.Q ; (1 pterm, 2 signals)
data_in_buf_118_.C = lcd_en.Q ; (1 pterm, 1 signal)
data_in_buf_118_.CE = !( data_in_buf_48__0 ) ; (1 pterm, 1 signal)

data_in_buf_119_.D = !state_0_.Q & data_in_buf_111_.Q ; (1 pterm, 2 signals)
data_in_buf_119_.C = lcd_en.Q ; (1 pterm, 1 signal)
data_in_buf_119_.CE = !( data_in_buf_48__0 ) ; (1 pterm, 1 signal)

data_in_buf_120_.D = !state_0_.Q & data_in_buf_112_.Q ; (1 pterm, 2 signals)
data_in_buf_120_.C = lcd_en.Q ; (1 pterm, 1 signal)
data_in_buf_120_.CE = !( data_in_buf_48__0 ) ; (1 pterm, 1 signal)

data_in_buf_121_.D = !state_0_.Q & data_in_buf_113_.Q ; (1 pterm, 2 signals)
data_in_buf_121_.C = lcd_en.Q ; (1 pterm, 1 signal)
data_in_buf_121_.CE = !( data_in_buf_48__0 ) ; (1 pterm, 1 signal)

data_in_buf_122_.D = !state_0_.Q & data_in_buf_114_.Q ; (1 pterm, 2 signals)
data_in_buf_122_.C = lcd_en.Q ; (1 pterm, 1 signal)
data_in_buf_122_.CE = !( data_in_buf_48__0 ) ; (1 pterm, 1 signal)

data_in_buf_123_.D = !state_0_.Q & data_in_buf_115_.Q ; (1 pterm, 2 signals)
data_in_buf_123_.C = lcd_en.Q ; (1 pterm, 1 signal)
data_in_buf_123_.CE = !( data_in_buf_48__0 ) ; (1 pterm, 1 signal)

data_in_buf_125_.D = !( !state_0_.Q & !data_in_buf_117_.Q ) ; (1 pterm, 2 signals)
data_in_buf_125_.C = lcd_en.Q ; (1 pterm, 1 signal)
data_in_buf_125_.CE = !( data_in_buf_48__0 ) ; (1 pterm, 1 signal)

data_in_buf_126_.D = !state_0_.Q & data_in_buf_118_.Q ; (1 pterm, 2 signals)
data_in_buf_126_.C = lcd_en.Q ; (1 pterm, 1 signal)
data_in_buf_126_.CE = !( data_in_buf_48__0 ) ; (1 pterm, 1 signal)

data_in_buf_127_.D = !state_0_.Q & data_in_buf_119_.Q ; (1 pterm, 2 signals)
data_in_buf_127_.C = lcd_en.Q ; (1 pterm, 1 signal)
data_in_buf_127_.CE = !( data_in_buf_48__0 ) ; (1 pterm, 1 signal)

data_in_buf_128_.D = !state_0_.Q & data_in_buf_120_.Q ; (1 pterm, 2 signals)
data_in_buf_128_.C = lcd_en.Q ; (1 pterm, 1 signal)
data_in_buf_128_.CE = !( data_in_buf_48__0 ) ; (1 pterm, 1 signal)

data_in_buf_129_.D = !state_0_.Q & data_in_buf_121_.Q ; (1 pterm, 2 signals)
data_in_buf_129_.C = lcd_en.Q ; (1 pterm, 1 signal)
data_in_buf_129_.CE = !( data_in_buf_48__0 ) ; (1 pterm, 1 signal)

data_in_buf_130_.D = !state_0_.Q & data_in_buf_122_.Q ; (1 pterm, 2 signals)
data_in_buf_130_.C = lcd_en.Q ; (1 pterm, 1 signal)
data_in_buf_130_.CE = !( data_in_buf_48__0 ) ; (1 pterm, 1 signal)

data_in_buf_131_.D = !state_0_.Q & data_in_buf_123_.Q ; (1 pterm, 2 signals)
data_in_buf_131_.C = lcd_en.Q ; (1 pterm, 1 signal)
data_in_buf_131_.CE = !( data_in_buf_48__0 ) ; (1 pterm, 1 signal)

data_in_buf_133_.D = !( !state_0_.Q & !data_in_buf_125_.Q ) ; (1 pterm, 2 signals)
data_in_buf_133_.C = lcd_en.Q ; (1 pterm, 1 signal)
data_in_buf_133_.CE = !( data_in_buf_48__0 ) ; (1 pterm, 1 signal)

data_in_buf_134_.D = !state_0_.Q & data_in_buf_126_.Q ; (1 pterm, 2 signals)
data_in_buf_134_.C = lcd_en.Q ; (1 pterm, 1 signal)
data_in_buf_134_.CE = !( data_in_buf_48__0 ) ; (1 pterm, 1 signal)

data_in_buf_135_.D = !state_0_.Q & data_in_buf_127_.Q ; (1 pterm, 2 signals)
data_in_buf_135_.C = lcd_en.Q ; (1 pterm, 1 signal)
data_in_buf_135_.CE = !( data_in_buf_48__0 ) ; (1 pterm, 1 signal)

data_in_buf_136_.D = !state_0_.Q & data_in_buf_128_.Q ; (1 pterm, 2 signals)
data_in_buf_136_.C = lcd_en.Q ; (1 pterm, 1 signal)
data_in_buf_136_.CE = !( data_in_buf_48__0 ) ; (1 pterm, 1 signal)

data_in_buf_137_.D = !state_0_.Q & data_in_buf_129_.Q ; (1 pterm, 2 signals)
data_in_buf_137_.C = lcd_en.Q ; (1 pterm, 1 signal)
data_in_buf_137_.CE = !( data_in_buf_48__0 ) ; (1 pterm, 1 signal)

data_in_buf_138_.D = !state_0_.Q & data_in_buf_130_.Q ; (1 pterm, 2 signals)
data_in_buf_138_.C = lcd_en.Q ; (1 pterm, 1 signal)
data_in_buf_138_.CE = !( data_in_buf_48__0 ) ; (1 pterm, 1 signal)

data_in_buf_139_.D = !state_0_.Q & data_in_buf_131_.Q ; (1 pterm, 2 signals)
data_in_buf_139_.C = lcd_en.Q ; (1 pterm, 1 signal)
data_in_buf_139_.CE = !( data_in_buf_48__0 ) ; (1 pterm, 1 signal)

data_in_buf_13_.D = !( !state_0_.Q & !data_in_buf_5_.Q ) ; (1 pterm, 2 signals)
data_in_buf_13_.C = lcd_en.Q ; (1 pterm, 1 signal)
data_in_buf_13_.CE = !( data_in_buf_48__0 ) ; (1 pterm, 1 signal)

data_in_buf_141_.D = !( !state_0_.Q & !data_in_buf_133_.Q ) ; (1 pterm, 2 signals)
data_in_buf_141_.C = lcd_en.Q ; (1 pterm, 1 signal)
data_in_buf_141_.CE = !( data_in_buf_48__0 ) ; (1 pterm, 1 signal)

data_in_buf_142_.D = !state_0_.Q & data_in_buf_134_.Q ; (1 pterm, 2 signals)
data_in_buf_142_.C = lcd_en.Q ; (1 pterm, 1 signal)
data_in_buf_142_.CE = !( data_in_buf_48__0 ) ; (1 pterm, 1 signal)

data_in_buf_143_.D = !state_0_.Q & data_in_buf_135_.Q ; (1 pterm, 2 signals)
data_in_buf_143_.C = lcd_en.Q ; (1 pterm, 1 signal)
data_in_buf_143_.CE = !( data_in_buf_48__0 ) ; (1 pterm, 1 signal)

data_in_buf_144_.D = !state_0_.Q & data_in_buf_136_.Q ; (1 pterm, 2 signals)
data_in_buf_144_.C = lcd_en.Q ; (1 pterm, 1 signal)
data_in_buf_144_.CE = !( data_in_buf_48__0 ) ; (1 pterm, 1 signal)

data_in_buf_145_.D = !state_0_.Q & data_in_buf_137_.Q ; (1 pterm, 2 signals)
data_in_buf_145_.C = lcd_en.Q ; (1 pterm, 1 signal)
data_in_buf_145_.CE = !( data_in_buf_48__0 ) ; (1 pterm, 1 signal)

data_in_buf_146_.D = !state_0_.Q & data_in_buf_138_.Q ; (1 pterm, 2 signals)
data_in_buf_146_.C = lcd_en.Q ; (1 pterm, 1 signal)
data_in_buf_146_.CE = !( data_in_buf_48__0 ) ; (1 pterm, 1 signal)

data_in_buf_147_.D = !state_0_.Q & data_in_buf_139_.Q ; (1 pterm, 2 signals)
data_in_buf_147_.C = lcd_en.Q ; (1 pterm, 1 signal)
data_in_buf_147_.CE = !( data_in_buf_48__0 ) ; (1 pterm, 1 signal)

data_in_buf_149_.D = !( !state_0_.Q & !data_in_buf_141_.Q ) ; (1 pterm, 2 signals)
data_in_buf_149_.C = lcd_en.Q ; (1 pterm, 1 signal)
data_in_buf_149_.CE = !( data_in_buf_48__0 ) ; (1 pterm, 1 signal)

data_in_buf_150_.D = !state_0_.Q & data_in_buf_142_.Q ; (1 pterm, 2 signals)
data_in_buf_150_.C = lcd_en.Q ; (1 pterm, 1 signal)
data_in_buf_150_.CE = !( data_in_buf_48__0 ) ; (1 pterm, 1 signal)

data_in_buf_151_.D = !state_0_.Q & data_in_buf_143_.Q ; (1 pterm, 2 signals)
data_in_buf_151_.C = lcd_en.Q ; (1 pterm, 1 signal)
data_in_buf_151_.CE = !( data_in_buf_48__0 ) ; (1 pterm, 1 signal)

data_in_buf_152_.D = !state_0_.Q & data_in_buf_144_.Q ; (1 pterm, 2 signals)
data_in_buf_152_.C = lcd_en.Q ; (1 pterm, 1 signal)
data_in_buf_152_.CE = !( data_in_buf_48__0 ) ; (1 pterm, 1 signal)

data_in_buf_153_.D = !state_0_.Q & data_in_buf_145_.Q ; (1 pterm, 2 signals)
data_in_buf_153_.C = lcd_en.Q ; (1 pterm, 1 signal)
data_in_buf_153_.CE = !( data_in_buf_48__0 ) ; (1 pterm, 1 signal)

data_in_buf_154_.D = !state_0_.Q & data_in_buf_146_.Q ; (1 pterm, 2 signals)
data_in_buf_154_.C = lcd_en.Q ; (1 pterm, 1 signal)
data_in_buf_154_.CE = !( data_in_buf_48__0 ) ; (1 pterm, 1 signal)

data_in_buf_155_.D = !state_0_.Q & data_in_buf_147_.Q ; (1 pterm, 2 signals)
data_in_buf_155_.C = lcd_en.Q ; (1 pterm, 1 signal)
data_in_buf_155_.CE = !( data_in_buf_48__0 ) ; (1 pterm, 1 signal)

data_in_buf_157_.D = !( !state_0_.Q & !data_in_buf_149_.Q ) ; (1 pterm, 2 signals)
data_in_buf_157_.C = lcd_en.Q ; (1 pterm, 1 signal)
data_in_buf_157_.CE = !( data_in_buf_48__0 ) ; (1 pterm, 1 signal)

data_in_buf_158_.D = !state_0_.Q & data_in_buf_150_.Q ; (1 pterm, 2 signals)
data_in_buf_158_.C = lcd_en.Q ; (1 pterm, 1 signal)
data_in_buf_158_.CE = !( data_in_buf_48__0 ) ; (1 pterm, 1 signal)

data_in_buf_159_.D = !state_0_.Q & data_in_buf_151_.Q ; (1 pterm, 2 signals)
data_in_buf_159_.C = lcd_en.Q ; (1 pterm, 1 signal)
data_in_buf_159_.CE = !( data_in_buf_48__0 ) ; (1 pterm, 1 signal)

data_in_buf_160_.D = !( !state_0_.Q & !data_in_buf_152_.Q ) ; (1 pterm, 2 signals)
data_in_buf_160_.C = lcd_en.Q ; (1 pterm, 1 signal)
data_in_buf_160_.CE = !( data_in_buf_48__0 ) ; (1 pterm, 1 signal)

data_in_buf_161_.D = !( !state_0_.Q & !data_in_buf_153_.Q ) ; (1 pterm, 2 signals)
data_in_buf_161_.C = lcd_en.Q ; (1 pterm, 1 signal)
data_in_buf_161_.CE = !( data_in_buf_48__0 ) ; (1 pterm, 1 signal)

data_in_buf_162_.D = !( !state_0_.Q & !data_in_buf_154_.Q ) ; (1 pterm, 2 signals)
data_in_buf_162_.C = lcd_en.Q ; (1 pterm, 1 signal)
data_in_buf_162_.CE = !( data_in_buf_48__0 ) ; (1 pterm, 1 signal)

data_in_buf_163_.D = !state_0_.Q & data_in_buf_155_.Q ; (1 pterm, 2 signals)
data_in_buf_163_.C = lcd_en.Q ; (1 pterm, 1 signal)
data_in_buf_163_.CE = !( data_in_buf_48__0 ) ; (1 pterm, 1 signal)

data_in_buf_164_.D = !( !state_0_.Q & !data_in_buf_155_.Q ) ; (1 pterm, 2 signals)
data_in_buf_164_.C = lcd_en.Q ; (1 pterm, 1 signal)
data_in_buf_164_.CE = !( data_in_buf_48__0 ) ; (1 pterm, 1 signal)

data_in_buf_165_.D = !( !state_0_.Q & !data_in_buf_157_.Q ) ; (1 pterm, 2 signals)
data_in_buf_165_.C = lcd_en.Q ; (1 pterm, 1 signal)
data_in_buf_165_.CE = !( data_in_buf_48__0 ) ; (1 pterm, 1 signal)

data_in_buf_166_.D = !state_0_.Q & data_in_buf_158_.Q ; (1 pterm, 2 signals)
data_in_buf_166_.C = lcd_en.Q ; (1 pterm, 1 signal)
data_in_buf_166_.CE = !( data_in_buf_48__0 ) ; (1 pterm, 1 signal)

data_in_buf_167_.D = !state_0_.Q & data_in_buf_159_.Q ; (1 pterm, 2 signals)
data_in_buf_167_.C = lcd_en.Q ; (1 pterm, 1 signal)
data_in_buf_167_.CE = !( data_in_buf_48__0 ) ; (1 pterm, 1 signal)

data_in_buf_168_.D = !state_0_.Q & data_in_buf_160_.Q ; (1 pterm, 2 signals)
data_in_buf_168_.C = lcd_en.Q ; (1 pterm, 1 signal)
data_in_buf_168_.CE = !( data_in_buf_48__0 ) ; (1 pterm, 1 signal)

data_in_buf_169_.D = !( !state_0_.Q & !data_in_buf_161_.Q ) ; (1 pterm, 2 signals)
data_in_buf_169_.C = lcd_en.Q ; (1 pterm, 1 signal)
data_in_buf_169_.CE = !( data_in_buf_48__0 ) ; (1 pterm, 1 signal)

data_in_buf_170_.D = !( !state_0_.Q & !data_in_buf_162_.Q ) ; (1 pterm, 2 signals)
data_in_buf_170_.C = lcd_en.Q ; (1 pterm, 1 signal)
data_in_buf_170_.CE = !( data_in_buf_48__0 ) ; (1 pterm, 1 signal)

data_in_buf_171_.D = !state_0_.Q & data_in_buf_163_.Q ; (1 pterm, 2 signals)
data_in_buf_171_.C = lcd_en.Q ; (1 pterm, 1 signal)
data_in_buf_171_.CE = !( data_in_buf_48__0 ) ; (1 pterm, 1 signal)

data_in_buf_172_.D = !( !state_0_.Q & !data_in_buf_164_.Q ) ; (1 pterm, 2 signals)
data_in_buf_172_.C = lcd_en.Q ; (1 pterm, 1 signal)
data_in_buf_172_.CE = !( data_in_buf_48__0 ) ; (1 pterm, 1 signal)

data_in_buf_173_.D = !( !state_0_.Q & !data_in_buf_165_.Q ) ; (1 pterm, 2 signals)
data_in_buf_173_.C = lcd_en.Q ; (1 pterm, 1 signal)
data_in_buf_173_.CE = !( data_in_buf_48__0 ) ; (1 pterm, 1 signal)

data_in_buf_174_.D = !state_0_.Q & data_in_buf_166_.Q ; (1 pterm, 2 signals)
data_in_buf_174_.C = lcd_en.Q ; (1 pterm, 1 signal)
data_in_buf_174_.CE = !( data_in_buf_48__0 ) ; (1 pterm, 1 signal)

data_in_buf_175_.D = !state_0_.Q & data_in_buf_167_.Q ; (1 pterm, 2 signals)
data_in_buf_175_.C = lcd_en.Q ; (1 pterm, 1 signal)
data_in_buf_175_.CE = !( data_in_buf_48__0 ) ; (1 pterm, 1 signal)

data_in_buf_176_.D = !( !state_0_.Q & !data_in_buf_168_.Q ) ; (1 pterm, 2 signals)
data_in_buf_176_.C = lcd_en.Q ; (1 pterm, 1 signal)
data_in_buf_176_.CE = !( data_in_buf_48__0 ) ; (1 pterm, 1 signal)

data_in_buf_177_.D = !state_0_.Q & data_in_buf_169_.Q ; (1 pterm, 2 signals)
data_in_buf_177_.C = lcd_en.Q ; (1 pterm, 1 signal)
data_in_buf_177_.CE = !( data_in_buf_48__0 ) ; (1 pterm, 1 signal)

data_in_buf_178_.D = !( !state_0_.Q & !data_in_buf_170_.Q ) ; (1 pterm, 2 signals)
data_in_buf_178_.C = lcd_en.Q ; (1 pterm, 1 signal)
data_in_buf_178_.CE = !( data_in_buf_48__0 ) ; (1 pterm, 1 signal)

data_in_buf_179_.D = !state_0_.Q & data_in_buf_171_.Q ; (1 pterm, 2 signals)
data_in_buf_179_.C = lcd_en.Q ; (1 pterm, 1 signal)
data_in_buf_179_.CE = !( data_in_buf_48__0 ) ; (1 pterm, 1 signal)

data_in_buf_180_.D = !( !state_0_.Q & !data_in_buf_172_.Q ) ; (1 pterm, 2 signals)
data_in_buf_180_.C = lcd_en.Q ; (1 pterm, 1 signal)
data_in_buf_180_.CE = !( data_in_buf_48__0 ) ; (1 pterm, 1 signal)

data_in_buf_181_.D = !( !state_0_.Q & !data_in_buf_173_.Q ) ; (1 pterm, 2 signals)
data_in_buf_181_.C = lcd_en.Q ; (1 pterm, 1 signal)
data_in_buf_181_.CE = !( data_in_buf_48__0 ) ; (1 pterm, 1 signal)

data_in_buf_182_.D = !state_0_.Q & data_in_buf_174_.Q ; (1 pterm, 2 signals)
data_in_buf_182_.C = lcd_en.Q ; (1 pterm, 1 signal)
data_in_buf_182_.CE = !( data_in_buf_48__0 ) ; (1 pterm, 1 signal)

data_in_buf_183_.D = !state_0_.Q & data_in_buf_175_.Q ; (1 pterm, 2 signals)
data_in_buf_183_.C = lcd_en.Q ; (1 pterm, 1 signal)
data_in_buf_183_.CE = !( data_in_buf_48__0 ) ; (1 pterm, 1 signal)

data_in_buf_184_.D = !state_0_.Q & data_in_buf_176_.Q ; (1 pterm, 2 signals)
data_in_buf_184_.C = lcd_en.Q ; (1 pterm, 1 signal)
data_in_buf_184_.CE = !( data_in_buf_48__0 ) ; (1 pterm, 1 signal)

data_in_buf_185_.D = !state_0_.Q & data_in_buf_177_.Q ; (1 pterm, 2 signals)
data_in_buf_185_.C = lcd_en.Q ; (1 pterm, 1 signal)
data_in_buf_185_.CE = !( data_in_buf_48__0 ) ; (1 pterm, 1 signal)

data_in_buf_186_.D = !( !state_0_.Q & !data_in_buf_178_.Q ) ; (1 pterm, 2 signals)
data_in_buf_186_.C = lcd_en.Q ; (1 pterm, 1 signal)
data_in_buf_186_.CE = !( data_in_buf_48__0 ) ; (1 pterm, 1 signal)

data_in_buf_187_.D = !state_0_.Q & data_in_buf_179_.Q ; (1 pterm, 2 signals)
data_in_buf_187_.C = lcd_en.Q ; (1 pterm, 1 signal)
data_in_buf_187_.CE = !( data_in_buf_48__0 ) ; (1 pterm, 1 signal)

data_in_buf_188_.D = !( !state_0_.Q & !data_in_buf_180_.Q ) ; (1 pterm, 2 signals)
data_in_buf_188_.C = lcd_en.Q ; (1 pterm, 1 signal)
data_in_buf_188_.CE = !( data_in_buf_48__0 ) ; (1 pterm, 1 signal)

data_in_buf_189_.D = !( !state_0_.Q & !data_in_buf_181_.Q ) ; (1 pterm, 2 signals)
data_in_buf_189_.C = lcd_en.Q ; (1 pterm, 1 signal)
data_in_buf_189_.CE = !( data_in_buf_48__0 ) ; (1 pterm, 1 signal)

data_in_buf_190_.D = !state_0_.Q & data_in_buf_182_.Q ; (1 pterm, 2 signals)
data_in_buf_190_.C = lcd_en.Q ; (1 pterm, 1 signal)
data_in_buf_190_.CE = !( data_in_buf_48__0 ) ; (1 pterm, 1 signal)

data_in_buf_191_.D = !state_0_.Q & data_in_buf_183_.Q ; (1 pterm, 2 signals)
data_in_buf_191_.C = lcd_en.Q ; (1 pterm, 1 signal)
data_in_buf_191_.CE = !( data_in_buf_48__0 ) ; (1 pterm, 1 signal)

data_in_buf_192_.D = !( !state_0_.Q & !data_in_buf_184_.Q ) ; (1 pterm, 2 signals)
data_in_buf_192_.C = lcd_en.Q ; (1 pterm, 1 signal)
data_in_buf_192_.CE = !( data_in_buf_48__0 ) ; (1 pterm, 1 signal)

data_in_buf_193_.D = !( !state_0_.Q & !data_in_buf_185_.Q ) ; (1 pterm, 2 signals)
data_in_buf_193_.C = lcd_en.Q ; (1 pterm, 1 signal)
data_in_buf_193_.CE = !( data_in_buf_48__0 ) ; (1 pterm, 1 signal)

data_in_buf_194_.D = !state_0_.Q & data_in_buf_186_.Q ; (1 pterm, 2 signals)
data_in_buf_194_.C = lcd_en.Q ; (1 pterm, 1 signal)
data_in_buf_194_.CE = !( data_in_buf_48__0 ) ; (1 pterm, 1 signal)

data_in_buf_195_.D = !state_0_.Q & data_in_buf_187_.Q ; (1 pterm, 2 signals)
data_in_buf_195_.C = lcd_en.Q ; (1 pterm, 1 signal)
data_in_buf_195_.CE = !( data_in_buf_48__0 ) ; (1 pterm, 1 signal)

data_in_buf_196_.D = !( !state_0_.Q & !data_in_buf_188_.Q ) ; (1 pterm, 2 signals)
data_in_buf_196_.C = lcd_en.Q ; (1 pterm, 1 signal)
data_in_buf_196_.CE = !( data_in_buf_48__0 ) ; (1 pterm, 1 signal)

data_in_buf_197_.D = !( !state_0_.Q & !data_in_buf_189_.Q ) ; (1 pterm, 2 signals)
data_in_buf_197_.C = lcd_en.Q ; (1 pterm, 1 signal)
data_in_buf_197_.CE = !( data_in_buf_48__0 ) ; (1 pterm, 1 signal)

data_in_buf_198_.D = !state_0_.Q & data_in_buf_190_.Q ; (1 pterm, 2 signals)
data_in_buf_198_.C = lcd_en.Q ; (1 pterm, 1 signal)
data_in_buf_198_.CE = !( data_in_buf_48__0 ) ; (1 pterm, 1 signal)

data_in_buf_199_.D = !state_0_.Q & data_in_buf_191_.Q ; (1 pterm, 2 signals)
data_in_buf_199_.C = lcd_en.Q ; (1 pterm, 1 signal)
data_in_buf_199_.CE = !( data_in_buf_48__0 ) ; (1 pterm, 1 signal)

data_in_buf_200_.D = !state_0_.Q & data_in_buf_192_.Q ; (1 pterm, 2 signals)
data_in_buf_200_.C = lcd_en.Q ; (1 pterm, 1 signal)
data_in_buf_200_.CE = !( data_in_buf_48__0 ) ; (1 pterm, 1 signal)

data_in_buf_201_.D = !( !state_0_.Q & !data_in_buf_193_.Q ) ; (1 pterm, 2 signals)
data_in_buf_201_.C = lcd_en.Q ; (1 pterm, 1 signal)
data_in_buf_201_.CE = !( data_in_buf_48__0 ) ; (1 pterm, 1 signal)

data_in_buf_202_.D = !state_0_.Q & data_in_buf_194_.Q ; (1 pterm, 2 signals)
data_in_buf_202_.C = lcd_en.Q ; (1 pterm, 1 signal)
data_in_buf_202_.CE = !( data_in_buf_48__0 ) ; (1 pterm, 1 signal)

data_in_buf_203_.D = !state_0_.Q & data_in_buf_195_.Q ; (1 pterm, 2 signals)
data_in_buf_203_.C = lcd_en.Q ; (1 pterm, 1 signal)
data_in_buf_203_.CE = !( data_in_buf_48__0 ) ; (1 pterm, 1 signal)

data_in_buf_204_.D = !( !state_0_.Q & !data_in_buf_196_.Q ) ; (1 pterm, 2 signals)
data_in_buf_204_.C = lcd_en.Q ; (1 pterm, 1 signal)
data_in_buf_204_.CE = !( data_in_buf_48__0 ) ; (1 pterm, 1 signal)

data_in_buf_205_.D = !( !state_0_.Q & !data_in_buf_197_.Q ) ; (1 pterm, 2 signals)
data_in_buf_205_.C = lcd_en.Q ; (1 pterm, 1 signal)
data_in_buf_205_.CE = !( data_in_buf_48__0 ) ; (1 pterm, 1 signal)

data_in_buf_206_.D = !state_0_.Q & data_in_buf_198_.Q ; (1 pterm, 2 signals)
data_in_buf_206_.C = lcd_en.Q ; (1 pterm, 1 signal)
data_in_buf_206_.CE = !( data_in_buf_48__0 ) ; (1 pterm, 1 signal)

data_in_buf_207_.D = !state_0_.Q & data_in_buf_199_.Q ; (1 pterm, 2 signals)
data_in_buf_207_.C = lcd_en.Q ; (1 pterm, 1 signal)
data_in_buf_207_.CE = !( data_in_buf_48__0 ) ; (1 pterm, 1 signal)

data_in_buf_208_.D = !( !state_0_.Q & !data_in_buf_200_.Q ) ; (1 pterm, 2 signals)
data_in_buf_208_.C = lcd_en.Q ; (1 pterm, 1 signal)
data_in_buf_208_.CE = !( data_in_buf_48__0 ) ; (1 pterm, 1 signal)

data_in_buf_209_.D = !state_0_.Q & data_in_buf_201_.Q ; (1 pterm, 2 signals)
data_in_buf_209_.C = lcd_en.Q ; (1 pterm, 1 signal)
data_in_buf_209_.CE = !( data_in_buf_48__0 ) ; (1 pterm, 1 signal)

data_in_buf_210_.D = !state_0_.Q & data_in_buf_202_.Q ; (1 pterm, 2 signals)
data_in_buf_210_.C = lcd_en.Q ; (1 pterm, 1 signal)
data_in_buf_210_.CE = !( data_in_buf_48__0 ) ; (1 pterm, 1 signal)

data_in_buf_211_.D = !state_0_.Q & data_in_buf_203_.Q ; (1 pterm, 2 signals)
data_in_buf_211_.C = lcd_en.Q ; (1 pterm, 1 signal)
data_in_buf_211_.CE = !( data_in_buf_48__0 ) ; (1 pterm, 1 signal)

data_in_buf_212_.D = !( !state_0_.Q & !data_in_buf_204_.Q ) ; (1 pterm, 2 signals)
data_in_buf_212_.C = lcd_en.Q ; (1 pterm, 1 signal)
data_in_buf_212_.CE = !( data_in_buf_48__0 ) ; (1 pterm, 1 signal)

data_in_buf_213_.D = !( !state_0_.Q & !data_in_buf_205_.Q ) ; (1 pterm, 2 signals)
data_in_buf_213_.C = lcd_en.Q ; (1 pterm, 1 signal)
data_in_buf_213_.CE = !( data_in_buf_48__0 ) ; (1 pterm, 1 signal)

data_in_buf_214_.D = !state_0_.Q & data_in_buf_206_.Q ; (1 pterm, 2 signals)
data_in_buf_214_.C = lcd_en.Q ; (1 pterm, 1 signal)
data_in_buf_214_.CE = !( data_in_buf_48__0 ) ; (1 pterm, 1 signal)

data_in_buf_215_.D = !state_0_.Q & data_in_buf_207_.Q ; (1 pterm, 2 signals)
data_in_buf_215_.C = lcd_en.Q ; (1 pterm, 1 signal)
data_in_buf_215_.CE = !( data_in_buf_48__0 ) ; (1 pterm, 1 signal)

data_in_buf_216_.D = !state_0_.Q & data_in_buf_208_.Q ; (1 pterm, 2 signals)
data_in_buf_216_.C = lcd_en.Q ; (1 pterm, 1 signal)
data_in_buf_216_.CE = !( data_in_buf_48__0 ) ; (1 pterm, 1 signal)

data_in_buf_217_.D = !state_0_.Q & data_in_buf_209_.Q ; (1 pterm, 2 signals)
data_in_buf_217_.C = lcd_en.Q ; (1 pterm, 1 signal)
data_in_buf_217_.CE = !( data_in_buf_48__0 ) ; (1 pterm, 1 signal)

data_in_buf_218_.D = !state_0_.Q & data_in_buf_210_.Q ; (1 pterm, 2 signals)
data_in_buf_218_.C = lcd_en.Q ; (1 pterm, 1 signal)
data_in_buf_218_.CE = !( data_in_buf_48__0 ) ; (1 pterm, 1 signal)

data_in_buf_219_.D = !state_0_.Q & data_in_buf_211_.Q ; (1 pterm, 2 signals)
data_in_buf_219_.C = lcd_en.Q ; (1 pterm, 1 signal)
data_in_buf_219_.CE = !( data_in_buf_48__0 ) ; (1 pterm, 1 signal)

data_in_buf_21_.D = !( !state_0_.Q & !data_in_buf_13_.Q ) ; (1 pterm, 2 signals)
data_in_buf_21_.C = lcd_en.Q ; (1 pterm, 1 signal)
data_in_buf_21_.CE = !( data_in_buf_48__0 ) ; (1 pterm, 1 signal)

data_in_buf_220_.D = !( !state_0_.Q & !data_in_buf_212_.Q ) ; (1 pterm, 2 signals)
data_in_buf_220_.C = lcd_en.Q ; (1 pterm, 1 signal)
data_in_buf_220_.CE = !( data_in_buf_48__0 ) ; (1 pterm, 1 signal)

data_in_buf_221_.D = !( !state_0_.Q & !data_in_buf_213_.Q ) ; (1 pterm, 2 signals)
data_in_buf_221_.C = lcd_en.Q ; (1 pterm, 1 signal)
data_in_buf_221_.CE = !( data_in_buf_48__0 ) ; (1 pterm, 1 signal)

data_in_buf_222_.D = !state_0_.Q & data_in_buf_214_.Q ; (1 pterm, 2 signals)
data_in_buf_222_.C = lcd_en.Q ; (1 pterm, 1 signal)
data_in_buf_222_.CE = !( data_in_buf_48__0 ) ; (1 pterm, 1 signal)

data_in_buf_223_.D = !state_0_.Q & data_in_buf_215_.Q ; (1 pterm, 2 signals)
data_in_buf_223_.C = lcd_en.Q ; (1 pterm, 1 signal)
data_in_buf_223_.CE = !( data_in_buf_48__0 ) ; (1 pterm, 1 signal)

data_in_buf_224_.D = !state_0_.Q & data_in_buf_216_.Q ; (1 pterm, 2 signals)
data_in_buf_224_.C = lcd_en.Q ; (1 pterm, 1 signal)
data_in_buf_224_.CE = !( data_in_buf_48__0 ) ; (1 pterm, 1 signal)

data_in_buf_225_.D = !state_0_.Q & data_in_buf_217_.Q ; (1 pterm, 2 signals)
data_in_buf_225_.C = lcd_en.Q ; (1 pterm, 1 signal)
data_in_buf_225_.CE = !( data_in_buf_48__0 ) ; (1 pterm, 1 signal)

data_in_buf_226_.D = !state_0_.Q & data_in_buf_218_.Q ; (1 pterm, 2 signals)
data_in_buf_226_.C = lcd_en.Q ; (1 pterm, 1 signal)
data_in_buf_226_.CE = !( data_in_buf_48__0 ) ; (1 pterm, 1 signal)

data_in_buf_227_.D = !state_0_.Q & data_in_buf_219_.Q ; (1 pterm, 2 signals)
data_in_buf_227_.C = lcd_en.Q ; (1 pterm, 1 signal)
data_in_buf_227_.CE = !( data_in_buf_48__0 ) ; (1 pterm, 1 signal)

data_in_buf_228_.D = !state_0_.Q & data_in_buf_220_.Q ; (1 pterm, 2 signals)
data_in_buf_228_.C = lcd_en.Q ; (1 pterm, 1 signal)
data_in_buf_228_.CE = !( data_in_buf_48__0 ) ; (1 pterm, 1 signal)

data_in_buf_229_.D = !( !state_0_.Q & !data_in_buf_221_.Q ) ; (1 pterm, 2 signals)
data_in_buf_229_.C = lcd_en.Q ; (1 pterm, 1 signal)
data_in_buf_229_.CE = !( data_in_buf_48__0 ) ; (1 pterm, 1 signal)

data_in_buf_230_.D = !state_0_.Q & data_in_buf_222_.Q ; (1 pterm, 2 signals)
data_in_buf_230_.C = lcd_en.Q ; (1 pterm, 1 signal)
data_in_buf_230_.CE = !( data_in_buf_48__0 ) ; (1 pterm, 1 signal)

data_in_buf_231_.D = !state_0_.Q & data_in_buf_223_.Q ; (1 pterm, 2 signals)
data_in_buf_231_.C = lcd_en.Q ; (1 pterm, 1 signal)
data_in_buf_231_.CE = !( data_in_buf_48__0 ) ; (1 pterm, 1 signal)

data_in_buf_232_.D = !state_0_.Q & data_in_buf_224_.Q ; (1 pterm, 2 signals)
data_in_buf_232_.C = lcd_en.Q ; (1 pterm, 1 signal)
data_in_buf_232_.CE = !( data_in_buf_48__0 ) ; (1 pterm, 1 signal)

data_in_buf_233_.D = !state_0_.Q & data_in_buf_225_.Q ; (1 pterm, 2 signals)
data_in_buf_233_.C = lcd_en.Q ; (1 pterm, 1 signal)
data_in_buf_233_.CE = !( data_in_buf_48__0 ) ; (1 pterm, 1 signal)

data_in_buf_234_.D = !state_0_.Q & data_in_buf_226_.Q ; (1 pterm, 2 signals)
data_in_buf_234_.C = lcd_en.Q ; (1 pterm, 1 signal)
data_in_buf_234_.CE = !( data_in_buf_48__0 ) ; (1 pterm, 1 signal)

data_in_buf_235_.D = !state_0_.Q & data_in_buf_227_.Q ; (1 pterm, 2 signals)
data_in_buf_235_.C = lcd_en.Q ; (1 pterm, 1 signal)
data_in_buf_235_.CE = !( data_in_buf_48__0 ) ; (1 pterm, 1 signal)

data_in_buf_236_.D = !state_0_.Q & data_in_buf_228_.Q ; (1 pterm, 2 signals)
data_in_buf_236_.C = lcd_en.Q ; (1 pterm, 1 signal)
data_in_buf_236_.CE = !( data_in_buf_48__0 ) ; (1 pterm, 1 signal)

data_in_buf_237_.D = !( !state_0_.Q & !data_in_buf_229_.Q ) ; (1 pterm, 2 signals)
data_in_buf_237_.C = lcd_en.Q ; (1 pterm, 1 signal)
data_in_buf_237_.CE = !( data_in_buf_48__0 ) ; (1 pterm, 1 signal)

data_in_buf_238_.D = !state_0_.Q & data_in_buf_230_.Q ; (1 pterm, 2 signals)
data_in_buf_238_.C = lcd_en.Q ; (1 pterm, 1 signal)
data_in_buf_238_.CE = !( data_in_buf_48__0 ) ; (1 pterm, 1 signal)

data_in_buf_239_.D = !state_0_.Q & data_in_buf_231_.Q ; (1 pterm, 2 signals)
data_in_buf_239_.C = lcd_en.Q ; (1 pterm, 1 signal)
data_in_buf_239_.CE = !( data_in_buf_48__0 ) ; (1 pterm, 1 signal)

data_in_buf_240_.D = !state_0_.Q & data_in_buf_232_.Q ; (1 pterm, 2 signals)
data_in_buf_240_.C = lcd_en.Q ; (1 pterm, 1 signal)
data_in_buf_240_.CE = !( data_in_buf_48__0 ) ; (1 pterm, 1 signal)

data_in_buf_241_.D = !state_0_.Q & data_in_buf_233_.Q ; (1 pterm, 2 signals)
data_in_buf_241_.C = lcd_en.Q ; (1 pterm, 1 signal)
data_in_buf_241_.CE = !( data_in_buf_48__0 ) ; (1 pterm, 1 signal)

data_in_buf_242_.D = !state_0_.Q & data_in_buf_234_.Q ; (1 pterm, 2 signals)
data_in_buf_242_.C = lcd_en.Q ; (1 pterm, 1 signal)
data_in_buf_242_.CE = !( data_in_buf_48__0 ) ; (1 pterm, 1 signal)

data_in_buf_243_.D = !state_0_.Q & data_in_buf_235_.Q ; (1 pterm, 2 signals)
data_in_buf_243_.C = lcd_en.Q ; (1 pterm, 1 signal)
data_in_buf_243_.CE = !( data_in_buf_48__0 ) ; (1 pterm, 1 signal)

data_in_buf_244_.D = !state_0_.Q & data_in_buf_236_.Q ; (1 pterm, 2 signals)
data_in_buf_244_.C = lcd_en.Q ; (1 pterm, 1 signal)
data_in_buf_244_.CE = !( data_in_buf_48__0 ) ; (1 pterm, 1 signal)

data_in_buf_245_.D = !( !state_0_.Q & !data_in_buf_237_.Q ) ; (1 pterm, 2 signals)
data_in_buf_245_.C = lcd_en.Q ; (1 pterm, 1 signal)
data_in_buf_245_.CE = !( data_in_buf_48__0 ) ; (1 pterm, 1 signal)

data_in_buf_246_.D = !state_0_.Q & data_in_buf_238_.Q ; (1 pterm, 2 signals)
data_in_buf_246_.C = lcd_en.Q ; (1 pterm, 1 signal)
data_in_buf_246_.CE = !( data_in_buf_48__0 ) ; (1 pterm, 1 signal)

data_in_buf_247_.D = !state_0_.Q & data_in_buf_239_.Q ; (1 pterm, 2 signals)
data_in_buf_247_.C = lcd_en.Q ; (1 pterm, 1 signal)
data_in_buf_247_.CE = !( data_in_buf_48__0 ) ; (1 pterm, 1 signal)

data_in_buf_248_.D = !state_0_.Q & data_in_buf_240_.Q ; (1 pterm, 2 signals)
data_in_buf_248_.C = lcd_en.Q ; (1 pterm, 1 signal)
data_in_buf_248_.CE = !( data_in_buf_48__0 ) ; (1 pterm, 1 signal)

data_in_buf_249_.D = !state_0_.Q & data_in_buf_241_.Q ; (1 pterm, 2 signals)
data_in_buf_249_.C = lcd_en.Q ; (1 pterm, 1 signal)
data_in_buf_249_.CE = !( data_in_buf_48__0 ) ; (1 pterm, 1 signal)

data_in_buf_250_.D = !state_0_.Q & data_in_buf_242_.Q ; (1 pterm, 2 signals)
data_in_buf_250_.C = lcd_en.Q ; (1 pterm, 1 signal)
data_in_buf_250_.CE = !( data_in_buf_48__0 ) ; (1 pterm, 1 signal)

data_in_buf_251_.D = !state_0_.Q & data_in_buf_243_.Q ; (1 pterm, 2 signals)
data_in_buf_251_.C = lcd_en.Q ; (1 pterm, 1 signal)
data_in_buf_251_.CE = !( data_in_buf_48__0 ) ; (1 pterm, 1 signal)

data_in_buf_252_.D = !state_0_.Q & data_in_buf_244_.Q ; (1 pterm, 2 signals)
data_in_buf_252_.C = lcd_en.Q ; (1 pterm, 1 signal)
data_in_buf_252_.CE = !( data_in_buf_48__0 ) ; (1 pterm, 1 signal)

data_in_buf_253_.D = !( !state_0_.Q & !data_in_buf_245_.Q ) ; (1 pterm, 2 signals)
data_in_buf_253_.C = lcd_en.Q ; (1 pterm, 1 signal)
data_in_buf_253_.CE = !( data_in_buf_48__0 ) ; (1 pterm, 1 signal)

data_in_buf_254_.D = !state_0_.Q & data_in_buf_246_.Q ; (1 pterm, 2 signals)
data_in_buf_254_.C = lcd_en.Q ; (1 pterm, 1 signal)
data_in_buf_254_.CE = !( data_in_buf_48__0 ) ; (1 pterm, 1 signal)

data_in_buf_255_.D = !state_0_.Q & data_in_buf_247_.Q ; (1 pterm, 2 signals)
data_in_buf_255_.C = lcd_en.Q ; (1 pterm, 1 signal)
data_in_buf_255_.CE = !( data_in_buf_48__0 ) ; (1 pterm, 1 signal)

data_in_buf_29_.D = !( !state_0_.Q & !data_in_buf_21_.Q ) ; (1 pterm, 2 signals)
data_in_buf_29_.C = lcd_en.Q ; (1 pterm, 1 signal)
data_in_buf_29_.CE = !( data_in_buf_48__0 ) ; (1 pterm, 1 signal)

data_in_buf_37_.D = !state_0_.Q & data_in_buf_29_.Q ; (1 pterm, 2 signals)
data_in_buf_37_.C = lcd_en.Q ; (1 pterm, 1 signal)
data_in_buf_37_.CE = !( data_in_buf_48__0 ) ; (1 pterm, 1 signal)

data_in_buf_40_.D = 0 ; (0 pterm, 0 signal)
data_in_buf_40_.C = lcd_en.Q ; (1 pterm, 1 signal)
data_in_buf_40_.CE = !( data_in_buf_48__0 ) ; (1 pterm, 1 signal)

data_in_buf_41_.D = !state_0_.Q & data_in_buf_5_.Q ; (1 pterm, 2 signals)
data_in_buf_41_.C = lcd_en.Q ; (1 pterm, 1 signal)
data_in_buf_41_.CE = !( data_in_buf_48__0 ) ; (1 pterm, 1 signal)

data_in_buf_45_.D = !state_0_.Q & data_in_buf_37_.Q ; (1 pterm, 2 signals)
data_in_buf_45_.C = lcd_en.Q ; (1 pterm, 1 signal)
data_in_buf_45_.CE = !( data_in_buf_48__0 ) ; (1 pterm, 1 signal)

data_in_buf_48_.D = !( !state_0_.Q & !data_in_buf_40_.Q ) ; (1 pterm, 2 signals)
data_in_buf_48_.C = lcd_en.Q ; (1 pterm, 1 signal)
data_in_buf_48_.CE = !( data_in_buf_48__0 ) ; (1 pterm, 1 signal)

data_in_buf_48__0 = !reset_n
    # !state_0_.Q & !state_5_.Q & !state_6_.Q
    # !disp_count_4_.Q & !disp_count_1_.Q & !disp_count_0_.Q
       & !disp_count_3_.Q & !disp_count_2_.Q & disp_count_5_.Q & !state_0_.Q
       & !state_5_.Q
    # disp_count_4_.Q & !disp_count_1_.Q & !disp_count_0_.Q & !disp_count_3_.Q
       & !disp_count_2_.Q & !disp_count_5_.Q & !state_0_.Q & !state_5_.Q ; (4 pterms, 10 signals)

data_in_buf_49_.D = !state_0_.Q & data_in_buf_41_.Q ; (1 pterm, 2 signals)
data_in_buf_49_.C = lcd_en.Q ; (1 pterm, 1 signal)
data_in_buf_49_.CE = !( data_in_buf_48__0 ) ; (1 pterm, 1 signal)

data_in_buf_51_.D = !state_0_.Q & data_in_buf_40_.Q ; (1 pterm, 2 signals)
data_in_buf_51_.C = lcd_en.Q ; (1 pterm, 1 signal)
data_in_buf_51_.CE = !( data_in_buf_48__0 ) ; (1 pterm, 1 signal)

data_in_buf_53_.D = !state_0_.Q & data_in_buf_45_.Q ; (1 pterm, 2 signals)
data_in_buf_53_.C = lcd_en.Q ; (1 pterm, 1 signal)
data_in_buf_53_.CE = !( data_in_buf_48__0 ) ; (1 pterm, 1 signal)

data_in_buf_56_.D = !( !data_in_buf_48_.Q & !state_0_.Q ) ; (1 pterm, 2 signals)
data_in_buf_56_.C = lcd_en.Q ; (1 pterm, 1 signal)
data_in_buf_56_.CE = !( data_in_buf_48__0 ) ; (1 pterm, 1 signal)

data_in_buf_57_.D = !( !data_in_buf_49_.Q & !state_0_.Q ) ; (1 pterm, 2 signals)
data_in_buf_57_.C = lcd_en.Q ; (1 pterm, 1 signal)
data_in_buf_57_.CE = !( data_in_buf_48__0 ) ; (1 pterm, 1 signal)

data_in_buf_58_.D = !state_0_.Q & data_in_buf_21_.Q ; (1 pterm, 2 signals)
data_in_buf_58_.C = lcd_en.Q ; (1 pterm, 1 signal)
data_in_buf_58_.CE = !( data_in_buf_48__0 ) ; (1 pterm, 1 signal)

data_in_buf_59_.D = data_in_buf_51_.Q & !state_0_.Q ; (1 pterm, 2 signals)
data_in_buf_59_.C = lcd_en.Q ; (1 pterm, 1 signal)
data_in_buf_59_.CE = !( data_in_buf_48__0 ) ; (1 pterm, 1 signal)

data_in_buf_5_.D = state_0_.Q ; (1 pterm, 1 signal)
data_in_buf_5_.C = lcd_en.Q ; (1 pterm, 1 signal)
data_in_buf_5_.CE = !( data_in_buf_48__0 ) ; (1 pterm, 1 signal)

data_in_buf_61_.D = data_in_buf_53_.Q & !state_0_.Q ; (1 pterm, 2 signals)
data_in_buf_61_.C = lcd_en.Q ; (1 pterm, 1 signal)
data_in_buf_61_.CE = !( data_in_buf_48__0 ) ; (1 pterm, 1 signal)

data_in_buf_64_.D = data_in_buf_56_.Q & !state_0_.Q ; (1 pterm, 2 signals)
data_in_buf_64_.C = lcd_en.Q ; (1 pterm, 1 signal)
data_in_buf_64_.CE = !( data_in_buf_48__0 ) ; (1 pterm, 1 signal)

data_in_buf_65_.D = !( !data_in_buf_57_.Q & !state_0_.Q ) ; (1 pterm, 2 signals)
data_in_buf_65_.C = lcd_en.Q ; (1 pterm, 1 signal)
data_in_buf_65_.CE = !( data_in_buf_48__0 ) ; (1 pterm, 1 signal)

data_in_buf_66_.D = data_in_buf_58_.Q & !state_0_.Q ; (1 pterm, 2 signals)
data_in_buf_66_.C = lcd_en.Q ; (1 pterm, 1 signal)
data_in_buf_66_.CE = !( data_in_buf_48__0 ) ; (1 pterm, 1 signal)

data_in_buf_67_.D = data_in_buf_59_.Q & !state_0_.Q ; (1 pterm, 2 signals)
data_in_buf_67_.C = lcd_en.Q ; (1 pterm, 1 signal)
data_in_buf_67_.CE = !( data_in_buf_48__0 ) ; (1 pterm, 1 signal)

data_in_buf_69_.D = data_in_buf_61_.Q & !state_0_.Q ; (1 pterm, 2 signals)
data_in_buf_69_.C = lcd_en.Q ; (1 pterm, 1 signal)
data_in_buf_69_.CE = !( data_in_buf_48__0 ) ; (1 pterm, 1 signal)

data_in_buf_70_.D = !( !state_0_.Q & !data_in_buf_29_.Q ) ; (1 pterm, 2 signals)
data_in_buf_70_.C = lcd_en.Q ; (1 pterm, 1 signal)
data_in_buf_70_.CE = !( data_in_buf_48__0 ) ; (1 pterm, 1 signal)

data_in_buf_72_.D = !( !data_in_buf_64_.Q & !state_0_.Q ) ; (1 pterm, 2 signals)
data_in_buf_72_.C = lcd_en.Q ; (1 pterm, 1 signal)
data_in_buf_72_.CE = !( data_in_buf_48__0 ) ; (1 pterm, 1 signal)

data_in_buf_73_.D = data_in_buf_65_.Q & !state_0_.Q ; (1 pterm, 2 signals)
data_in_buf_73_.C = lcd_en.Q ; (1 pterm, 1 signal)
data_in_buf_73_.CE = !( data_in_buf_48__0 ) ; (1 pterm, 1 signal)

data_in_buf_74_.D = data_in_buf_66_.Q & !state_0_.Q ; (1 pterm, 2 signals)
data_in_buf_74_.C = lcd_en.Q ; (1 pterm, 1 signal)
data_in_buf_74_.CE = !( data_in_buf_48__0 ) ; (1 pterm, 1 signal)

data_in_buf_75_.D = data_in_buf_67_.Q & !state_0_.Q ; (1 pterm, 2 signals)
data_in_buf_75_.C = lcd_en.Q ; (1 pterm, 1 signal)
data_in_buf_75_.CE = !( data_in_buf_48__0 ) ; (1 pterm, 1 signal)

data_in_buf_77_.D = data_in_buf_69_.Q & !state_0_.Q ; (1 pterm, 2 signals)
data_in_buf_77_.C = lcd_en.Q ; (1 pterm, 1 signal)
data_in_buf_77_.CE = !( data_in_buf_48__0 ) ; (1 pterm, 1 signal)

data_in_buf_78_.D = !( !data_in_buf_70_.Q & !state_0_.Q ) ; (1 pterm, 2 signals)
data_in_buf_78_.C = lcd_en.Q ; (1 pterm, 1 signal)
data_in_buf_78_.CE = !( data_in_buf_48__0 ) ; (1 pterm, 1 signal)

data_in_buf_80_.D = !( !data_in_buf_72_.Q & !state_0_.Q ) ; (1 pterm, 2 signals)
data_in_buf_80_.C = lcd_en.Q ; (1 pterm, 1 signal)
data_in_buf_80_.CE = !( data_in_buf_48__0 ) ; (1 pterm, 1 signal)

data_in_buf_81_.D = data_in_buf_73_.Q & !state_0_.Q ; (1 pterm, 2 signals)
data_in_buf_81_.C = lcd_en.Q ; (1 pterm, 1 signal)
data_in_buf_81_.CE = !( data_in_buf_48__0 ) ; (1 pterm, 1 signal)

data_in_buf_82_.D = data_in_buf_74_.Q & !state_0_.Q ; (1 pterm, 2 signals)
data_in_buf_82_.C = lcd_en.Q ; (1 pterm, 1 signal)
data_in_buf_82_.CE = !( data_in_buf_48__0 ) ; (1 pterm, 1 signal)

data_in_buf_83_.D = !( !data_in_buf_75_.Q & !state_0_.Q ) ; (1 pterm, 2 signals)
data_in_buf_83_.C = lcd_en.Q ; (1 pterm, 1 signal)
data_in_buf_83_.CE = !( data_in_buf_48__0 ) ; (1 pterm, 1 signal)

data_in_buf_85_.D = !( !data_in_buf_77_.Q & !state_0_.Q ) ; (1 pterm, 2 signals)
data_in_buf_85_.C = lcd_en.Q ; (1 pterm, 1 signal)
data_in_buf_85_.CE = !( data_in_buf_48__0 ) ; (1 pterm, 1 signal)

data_in_buf_86_.D = data_in_buf_78_.Q & !state_0_.Q ; (1 pterm, 2 signals)
data_in_buf_86_.C = lcd_en.Q ; (1 pterm, 1 signal)
data_in_buf_86_.CE = !( data_in_buf_48__0 ) ; (1 pterm, 1 signal)

data_in_buf_87_.D = data_in_buf_75_.Q & !state_0_.Q ; (1 pterm, 2 signals)
data_in_buf_87_.C = lcd_en.Q ; (1 pterm, 1 signal)
data_in_buf_87_.CE = !( data_in_buf_48__0 ) ; (1 pterm, 1 signal)

data_in_buf_88_.D = data_in_buf_80_.Q & !state_0_.Q ; (1 pterm, 2 signals)
data_in_buf_88_.C = lcd_en.Q ; (1 pterm, 1 signal)
data_in_buf_88_.CE = !( data_in_buf_48__0 ) ; (1 pterm, 1 signal)

data_in_buf_89_.D = data_in_buf_81_.Q & !state_0_.Q ; (1 pterm, 2 signals)
data_in_buf_89_.C = lcd_en.Q ; (1 pterm, 1 signal)
data_in_buf_89_.CE = !( data_in_buf_48__0 ) ; (1 pterm, 1 signal)

data_in_buf_90_.D = data_in_buf_82_.Q & !state_0_.Q ; (1 pterm, 2 signals)
data_in_buf_90_.C = lcd_en.Q ; (1 pterm, 1 signal)
data_in_buf_90_.CE = !( data_in_buf_48__0 ) ; (1 pterm, 1 signal)

data_in_buf_91_.D = !( !data_in_buf_83_.Q & !state_0_.Q ) ; (1 pterm, 2 signals)
data_in_buf_91_.C = lcd_en.Q ; (1 pterm, 1 signal)
data_in_buf_91_.CE = !( data_in_buf_48__0 ) ; (1 pterm, 1 signal)

data_in_buf_93_.D = !( !data_in_buf_85_.Q & !state_0_.Q ) ; (1 pterm, 2 signals)
data_in_buf_93_.C = lcd_en.Q ; (1 pterm, 1 signal)
data_in_buf_93_.CE = !( data_in_buf_48__0 ) ; (1 pterm, 1 signal)

data_in_buf_94_.D = data_in_buf_86_.Q & !state_0_.Q ; (1 pterm, 2 signals)
data_in_buf_94_.C = lcd_en.Q ; (1 pterm, 1 signal)
data_in_buf_94_.CE = !( data_in_buf_48__0 ) ; (1 pterm, 1 signal)

data_in_buf_95_.D = data_in_buf_87_.Q & !state_0_.Q ; (1 pterm, 2 signals)
data_in_buf_95_.C = lcd_en.Q ; (1 pterm, 1 signal)
data_in_buf_95_.CE = !( data_in_buf_48__0 ) ; (1 pterm, 1 signal)

data_in_buf_96_.D = data_in_buf_88_.Q & !state_0_.Q ; (1 pterm, 2 signals)
data_in_buf_96_.C = lcd_en.Q ; (1 pterm, 1 signal)
data_in_buf_96_.CE = !( data_in_buf_48__0 ) ; (1 pterm, 1 signal)

data_in_buf_97_.D = data_in_buf_89_.Q & !state_0_.Q ; (1 pterm, 2 signals)
data_in_buf_97_.C = lcd_en.Q ; (1 pterm, 1 signal)
data_in_buf_97_.CE = !( data_in_buf_48__0 ) ; (1 pterm, 1 signal)

data_in_buf_98_.D = data_in_buf_90_.Q & !state_0_.Q ; (1 pterm, 2 signals)
data_in_buf_98_.C = lcd_en.Q ; (1 pterm, 1 signal)
data_in_buf_98_.CE = !( data_in_buf_48__0 ) ; (1 pterm, 1 signal)

disp_count_0_.D.X1 = !state_5_.Q & !state_6_.Q
    # !disp_count_4_.Q & !disp_count_1_.Q & !disp_count_0_.Q
       & !disp_count_3_.Q & !disp_count_2_.Q & disp_count_5_.Q & state_6_.Q
    # disp_count_4_.Q & !disp_count_1_.Q & !disp_count_0_.Q & !disp_count_3_.Q
       & !disp_count_2_.Q & !disp_count_5_.Q & !state_5_.Q & state_6_.Q ; (3 pterms, 8 signals)
disp_count_0_.D.X2 = !disp_count_0_.Q ; (1 pterm, 1 signal)
disp_count_0_.C = lcd_en.Q ; (1 pterm, 1 signal)
disp_count_0_.AR = !reset_n ; (1 pterm, 1 signal)

disp_count_1_.D = !disp_count_1_.Q & disp_count_0_.Q & state_5_.Q
    # !disp_count_1_.Q & disp_count_0_.Q & state_6_.Q
    # disp_count_1_.Q & !state_5_.Q & !state_6_.Q
    # disp_count_1_.Q & !disp_count_0_.Q ; (4 pterms, 4 signals)
disp_count_1_.C = lcd_en.Q ; (1 pterm, 1 signal)
disp_count_1_.AR = !reset_n ; (1 pterm, 1 signal)

disp_count_2_.D.X1 = disp_count_1_.Q & disp_count_0_.Q & state_6_.Q
    # disp_count_1_.Q & disp_count_0_.Q & state_5_.Q ; (2 pterms, 4 signals)
disp_count_2_.D.X2 = disp_count_2_.Q ; (1 pterm, 1 signal)
disp_count_2_.C = lcd_en.Q ; (1 pterm, 1 signal)
disp_count_2_.AR = !reset_n ; (1 pterm, 1 signal)

disp_count_3_.T = disp_count_1_.Q & disp_count_0_.Q & disp_count_2_.Q
       & state_5_.Q
    # disp_count_1_.Q & disp_count_0_.Q & disp_count_2_.Q & state_6_.Q ; (2 pterms, 5 signals)
disp_count_3_.C = lcd_en.Q ; (1 pterm, 1 signal)
disp_count_3_.AR = !reset_n ; (1 pterm, 1 signal)

disp_count_4_.T = disp_count_1_.Q & disp_count_0_.Q & disp_count_3_.Q
       & disp_count_2_.Q & state_5_.Q
    # disp_count_1_.Q & disp_count_0_.Q & disp_count_3_.Q & disp_count_2_.Q
       & state_6_.Q ; (2 pterms, 6 signals)
disp_count_4_.C = lcd_en.Q ; (1 pterm, 1 signal)
disp_count_4_.AR = !reset_n ; (1 pterm, 1 signal)

disp_count_5_.T = !disp_count_4_.Q & !disp_count_1_.Q & !disp_count_0_.Q
       & !disp_count_3_.Q & !disp_count_2_.Q & disp_count_5_.Q & state_6_.Q
    # disp_count_4_.Q & disp_count_1_.Q & disp_count_0_.Q & disp_count_3_.Q
       & disp_count_2_.Q & state_5_.Q
    # disp_count_4_.Q & disp_count_1_.Q & disp_count_0_.Q & disp_count_3_.Q
       & disp_count_2_.Q & state_6_.Q ; (3 pterms, 8 signals)
disp_count_5_.C = lcd_en.Q ; (1 pterm, 1 signal)
disp_count_5_.AR = !reset_n ; (1 pterm, 1 signal)

lcd_d_0_.D.X1 = disp_count_4_.Q & !disp_count_1_.Q & !disp_count_0_.Q
       & !disp_count_3_.Q & !disp_count_2_.Q & !disp_count_5_.Q & !state_0_.Q
       & state_6_.Q & data_in_buf_248_.Q
    # state_0_.Q & !state_5_.Q & !state_6_.Q
    # disp_count_4_.Q & !disp_count_1_.Q & !disp_count_0_.Q & !disp_count_3_.Q
       & !disp_count_2_.Q & !disp_count_5_.Q & state_0_.Q & !state_5_.Q
       & !data_in_buf_248_.Q
    # state_5_.Q & data_in_buf_248_.Q ; (4 pterms, 10 signals)
lcd_d_0_.D.X2 = !state_5_.Q & state_6_.Q & data_in_buf_248_.Q ; (1 pterm, 3 signals)
lcd_d_0_.C = lcd_en.Q ; (1 pterm, 1 signal)
lcd_d_0_.CE = !( !disp_count_4_.Q & !disp_count_1_.Q & !disp_count_0_.Q
       & !disp_count_3_.Q & !disp_count_2_.Q & disp_count_5_.Q & state_6_.Q ) ; (1 pterm, 7 signals)
lcd_d_0_.AP = !reset_n ; (1 pterm, 1 signal)

lcd_d_1_.D.X1 = disp_count_4_.Q & !disp_count_1_.Q & !disp_count_0_.Q
       & !disp_count_3_.Q & !disp_count_2_.Q & !disp_count_5_.Q & state_6_.Q
       & !state_4_.Q & data_in_buf_249_.Q
    # !state_5_.Q & !state_6_.Q & state_4_.Q
    # disp_count_4_.Q & !disp_count_1_.Q & !disp_count_0_.Q & !disp_count_3_.Q
       & !disp_count_2_.Q & !disp_count_5_.Q & !state_5_.Q & state_4_.Q
       & !data_in_buf_249_.Q
    # state_5_.Q & data_in_buf_249_.Q ; (4 pterms, 10 signals)
lcd_d_1_.D.X2 = !state_5_.Q & state_6_.Q & data_in_buf_249_.Q ; (1 pterm, 3 signals)
lcd_d_1_.C = lcd_en.Q ; (1 pterm, 1 signal)
lcd_d_1_.CE = !( !disp_count_4_.Q & !disp_count_1_.Q & !disp_count_0_.Q
       & !disp_count_3_.Q & !disp_count_2_.Q & disp_count_5_.Q & state_6_.Q ) ; (1 pterm, 7 signals)
lcd_d_1_.AR = !reset_n ; (1 pterm, 1 signal)

lcd_d_2_.D.X1 = !state_5_.Q & !state_6_.Q & state_4_.Q & !data_in_buf_250_.Q
    # !state_5_.Q & !state_6_.Q & state_3_.Q & !data_in_buf_250_.Q
    # !state_5_.Q & !state_6_.Q & !state_3_.Q & !state_4_.Q
       & data_in_buf_250_.Q
    # disp_count_4_.Q & !disp_count_1_.Q & !disp_count_0_.Q & !disp_count_3_.Q
       & !disp_count_2_.Q & !disp_count_5_.Q & !state_5_.Q & state_6_.Q
       & state_4_.Q & !data_in_buf_250_.Q
    # disp_count_4_.Q & !disp_count_1_.Q & !disp_count_0_.Q & !disp_count_3_.Q
       & !disp_count_2_.Q & !disp_count_5_.Q & !state_5_.Q & state_6_.Q
       & state_3_.Q & !data_in_buf_250_.Q
    # disp_count_4_.Q & !disp_count_1_.Q & !disp_count_0_.Q & !disp_count_3_.Q
       & !disp_count_2_.Q & !disp_count_5_.Q & !state_5_.Q & state_6_.Q
       & !state_3_.Q & !state_4_.Q & data_in_buf_250_.Q ; (6 pterms, 11 signals)
lcd_d_2_.D.X2 = data_in_buf_250_.Q ; (1 pterm, 1 signal)
lcd_d_2_.C = lcd_en.Q ; (1 pterm, 1 signal)
lcd_d_2_.CE = !( !disp_count_4_.Q & !disp_count_1_.Q & !disp_count_0_.Q
       & !disp_count_3_.Q & !disp_count_2_.Q & disp_count_5_.Q & state_6_.Q ) ; (1 pterm, 7 signals)
lcd_d_2_.AR = !reset_n ; (1 pterm, 1 signal)

lcd_d_3_.D.X1 = !state_5_.Q & !state_6_.Q & state_3_.Q & !data_in_buf_251_.Q
    # !state_5_.Q & !state_6_.Q & state_2_.Q & !data_in_buf_251_.Q
    # !state_5_.Q & !state_6_.Q & !state_2_.Q & !state_3_.Q
       & data_in_buf_251_.Q
    # disp_count_4_.Q & !disp_count_1_.Q & !disp_count_0_.Q & !disp_count_3_.Q
       & !disp_count_2_.Q & !disp_count_5_.Q & !state_5_.Q & state_6_.Q
       & state_3_.Q & !data_in_buf_251_.Q
    # disp_count_4_.Q & !disp_count_1_.Q & !disp_count_0_.Q & !disp_count_3_.Q
       & !disp_count_2_.Q & !disp_count_5_.Q & !state_5_.Q & state_6_.Q
       & state_2_.Q & !data_in_buf_251_.Q
    # disp_count_4_.Q & !disp_count_1_.Q & !disp_count_0_.Q & !disp_count_3_.Q
       & !disp_count_2_.Q & !disp_count_5_.Q & !state_5_.Q & state_6_.Q
       & !state_2_.Q & !state_3_.Q & data_in_buf_251_.Q ; (6 pterms, 11 signals)
lcd_d_3_.D.X2 = data_in_buf_251_.Q ; (1 pterm, 1 signal)
lcd_d_3_.C = lcd_en.Q ; (1 pterm, 1 signal)
lcd_d_3_.CE = !( !disp_count_4_.Q & !disp_count_1_.Q & !disp_count_0_.Q
       & !disp_count_3_.Q & !disp_count_2_.Q & disp_count_5_.Q & state_6_.Q ) ; (1 pterm, 7 signals)
lcd_d_3_.AR = !reset_n ; (1 pterm, 1 signal)

lcd_d_4_.D.X1 = disp_count_4_.Q & !disp_count_1_.Q & !disp_count_0_.Q
       & !disp_count_3_.Q & !disp_count_2_.Q & !disp_count_5_.Q & state_6_.Q
       & !state_2_.Q & data_in_buf_252_.Q
    # !state_5_.Q & !state_6_.Q & state_2_.Q
    # disp_count_4_.Q & !disp_count_1_.Q & !disp_count_0_.Q & !disp_count_3_.Q
       & !disp_count_2_.Q & !disp_count_5_.Q & !state_5_.Q & state_2_.Q
       & !data_in_buf_252_.Q
    # state_5_.Q & data_in_buf_252_.Q ; (4 pterms, 10 signals)
lcd_d_4_.D.X2 = !state_5_.Q & state_6_.Q & data_in_buf_252_.Q ; (1 pterm, 3 signals)
lcd_d_4_.C = lcd_en.Q ; (1 pterm, 1 signal)
lcd_d_4_.CE = !( !disp_count_4_.Q & !disp_count_1_.Q & !disp_count_0_.Q
       & !disp_count_3_.Q & !disp_count_2_.Q & disp_count_5_.Q & state_6_.Q ) ; (1 pterm, 7 signals)
lcd_d_4_.AR = !reset_n ; (1 pterm, 1 signal)

lcd_d_5_.D.X1 = disp_count_4_.Q & !disp_count_1_.Q & !disp_count_0_.Q
       & !disp_count_3_.Q & !disp_count_2_.Q & !disp_count_5_.Q & state_6_.Q
       & !state_2_.Q & data_in_buf_253_.Q
    # !state_5_.Q & !state_6_.Q & state_2_.Q
    # disp_count_4_.Q & !disp_count_1_.Q & !disp_count_0_.Q & !disp_count_3_.Q
       & !disp_count_2_.Q & !disp_count_5_.Q & !state_5_.Q & state_2_.Q
       & !data_in_buf_253_.Q
    # state_5_.Q & data_in_buf_253_.Q ; (4 pterms, 10 signals)
lcd_d_5_.D.X2 = !state_5_.Q & state_6_.Q & data_in_buf_253_.Q ; (1 pterm, 3 signals)
lcd_d_5_.C = lcd_en.Q ; (1 pterm, 1 signal)
lcd_d_5_.CE = !( !disp_count_4_.Q & !disp_count_1_.Q & !disp_count_0_.Q
       & !disp_count_3_.Q & !disp_count_2_.Q & disp_count_5_.Q & state_6_.Q ) ; (1 pterm, 7 signals)
lcd_d_5_.AR = !reset_n ; (1 pterm, 1 signal)

lcd_d_6_.D = disp_count_4_.Q & !disp_count_1_.Q & !disp_count_0_.Q
       & !disp_count_3_.Q & !disp_count_2_.Q & !disp_count_5_.Q & !state_5_.Q
       & state_6_.Q
    # state_5_.Q & data_in_buf_254_.Q
    # state_6_.Q & data_in_buf_254_.Q ; (3 pterms, 9 signals)
lcd_d_6_.C = lcd_en.Q ; (1 pterm, 1 signal)
lcd_d_6_.CE = !( !disp_count_4_.Q & !disp_count_1_.Q & !disp_count_0_.Q
       & !disp_count_3_.Q & !disp_count_2_.Q & disp_count_5_.Q & state_6_.Q ) ; (1 pterm, 7 signals)
lcd_d_6_.AR = !reset_n ; (1 pterm, 1 signal)

lcd_d_7_.D = disp_count_4_.Q & !disp_count_1_.Q & !disp_count_0_.Q
       & !disp_count_3_.Q & !disp_count_2_.Q & !disp_count_5_.Q & !state_5_.Q
       & state_6_.Q
    # !state_5_.Q & !state_6_.Q & state_1_.Q
    # state_5_.Q & data_in_buf_255_.Q
    # state_6_.Q & data_in_buf_255_.Q ; (4 pterms, 10 signals)
lcd_d_7_.C = lcd_en.Q ; (1 pterm, 1 signal)
lcd_d_7_.CE = !( !disp_count_4_.Q & !disp_count_1_.Q & !disp_count_0_.Q
       & !disp_count_3_.Q & !disp_count_2_.Q & disp_count_5_.Q & state_6_.Q ) ; (1 pterm, 7 signals)
lcd_d_7_.AR = !reset_n ; (1 pterm, 1 signal)

lcd_en.T = cnt_0_.Q & cnt_1_.Q & cnt_2_.Q & cnt_3_.Q & cnt_4_.Q & cnt_5_.Q
       & cnt_6_.Q & cnt_7_.Q & cnt_8_.Q & cnt_9_.Q & cnt_10_.Q & cnt_11_.Q
       & cnt_12_.Q & cnt_13_.Q & cnt_14_.Q & cnt_15_.Q & cnt_16_.Q & cnt_17_.Q
       & cnt_18_.Q & cnt_19_.Q ; (1 pterm, 20 signals)
lcd_en.C = clk_50m ; (1 pterm, 1 signal)

lcd_rs.D = !( disp_count_4_.Q & !disp_count_1_.Q & !disp_count_0_.Q
       & !disp_count_3_.Q & !disp_count_2_.Q & !disp_count_5_.Q & !state_5_.Q
    # !state_5_.Q & !state_6_.Q ) ; (2 pterms, 8 signals)
lcd_rs.C = lcd_en.Q ; (1 pterm, 1 signal)
lcd_rs.AR = !reset_n ; (1 pterm, 1 signal)

lcd_rw = 0 ; (0 pterm, 0 signal)

state_0_.D = !disp_count_4_.Q & !disp_count_1_.Q & !disp_count_0_.Q
       & !disp_count_3_.Q & !disp_count_2_.Q & disp_count_5_.Q & state_6_.Q ; (1 pterm, 7 signals)
state_0_.C = lcd_en.Q ; (1 pterm, 1 signal)
state_0_.AP = !reset_n ; (1 pterm, 1 signal)

state_1_.D = state_0_.Q ; (1 pterm, 1 signal)
state_1_.C = lcd_en.Q ; (1 pterm, 1 signal)
state_1_.AR = !reset_n ; (1 pterm, 1 signal)

state_2_.D = state_1_.Q ; (1 pterm, 1 signal)
state_2_.C = lcd_en.Q ; (1 pterm, 1 signal)
state_2_.AR = !reset_n ; (1 pterm, 1 signal)

state_3_.D = state_2_.Q ; (1 pterm, 1 signal)
state_3_.C = lcd_en.Q ; (1 pterm, 1 signal)
state_3_.AR = !reset_n ; (1 pterm, 1 signal)

state_4_.D = state_3_.Q ; (1 pterm, 1 signal)
state_4_.C = lcd_en.Q ; (1 pterm, 1 signal)
state_4_.AR = !reset_n ; (1 pterm, 1 signal)

state_5_.D = disp_count_4_.Q & !disp_count_1_.Q & !disp_count_0_.Q
       & !disp_count_3_.Q & !disp_count_2_.Q & !disp_count_5_.Q & state_6_.Q ; (1 pterm, 7 signals)
state_5_.C = lcd_en.Q ; (1 pterm, 1 signal)
state_5_.AR = !reset_n ; (1 pterm, 1 signal)

state_6_.D = !( disp_count_4_.Q & !disp_count_1_.Q & !disp_count_0_.Q
       & !disp_count_3_.Q & !disp_count_2_.Q & !disp_count_5_.Q & !state_5_.Q
       & !state_4_.Q
    # !disp_count_4_.Q & !disp_count_1_.Q & !disp_count_0_.Q
       & !disp_count_3_.Q & !disp_count_2_.Q & disp_count_5_.Q & !state_5_.Q
       & !state_4_.Q
    # !state_5_.Q & !state_6_.Q & !state_4_.Q ) ; (3 pterms, 9 signals)
state_6_.C = lcd_en.Q ; (1 pterm, 1 signal)
state_6_.AR = !reset_n ; (1 pterm, 1 signal)




