Running in Lattice mode


Starting:    E:\Bin\synpbase\win64\mbin\synbatch.exe
Install:     E:\Bin\synpbase
Date:        Fri May 26 12:02:46 2023
Version:     I-2014.03LC 

Arguments:   -product synplify_pro  -batch d:/isp/lab10\KEYBOARD.prj
ProductType: synplify_pro





log file: "D:\isp\lab10\KEYBOARD.srr"

Running KEYBOARD|lab10

Running: Compile on KEYBOARD|lab10

Running: Compile Process on KEYBOARD|lab10

Running: Compile Input on KEYBOARD|lab10
Copied D:\isp\lab10\synwork\KEYBOARD_comp.srs to D:\isp\lab10\KEYBOARD.srs
compiler Completed with warnings
Return Code: 1
Run Time:0h:00m:01s

Running: Multi-srs Generator on KEYBOARD|lab10
Copied D:\isp\lab10\synwork\KEYBOARD_comp.srs to D:\isp\lab10\synwork\KEYBOARD_s.srs
multi_srs_gen Completed
Return Code: 0
Run Time:0h:00m:00s
Copied D:\isp\lab10\synwork\KEYBOARD_mult.srs to D:\isp\lab10\KEYBOARD.srs
Copied D:\isp\lab10\KEYBOARD.srr to D:\isp\lab10\keyboard.srf
Complete: Compile Process on KEYBOARD|lab10
Complete: Compile on KEYBOARD|lab10

Running: Map on KEYBOARD|lab10

Running: Map & Optimize on KEYBOARD|lab10
fpga_mapper Completed with warnings
Return Code: 1
Run Time:0h:00m:01s
Complete: Map on KEYBOARD|lab10
Complete: Logic Synthesis on KEYBOARD|lab10

exit status=0

exit status=0

