2 40bc74
0 7ffebac8
2 40bc78
2 40bc7c
0 1000fff0
2 40bc80
2 40bc84
2 40bc88
2 40bc8c
2 40bc90
2 40bc94
0 100122f8
2 40bc98
1 7ffebac8
2 40bc9c
2 40bca0
2 40bca4
2 40bca8
2 40bcac
2 40bcb0
0 1000ffec
2 40bcb4
0 7ffebac8
2 40bcb8
2 40bcbc
2 40bcc0
2 40bcc4
2 40bcc8
0 7ffebad4
2 40bccc
0 7ffebac4
2 40bcd0
2 40bcd4
2 40bcd8
0 10012058
2 40bcdc
0 1001205c
2 40bce0
2 40bce4
2 40bce8
1 10011d00
2 40bcec
1 10011d04
2 40bcf0
0 7ffebac8
2 40bcf4
2 40bcf8
0 1000fff0
2 40bcfc
2 40bd00
2 40bd04
2 40bd08
2 40bd0c
2 40bd10
0 100122fc
2 40bd14
1 7ffebac8
2 40bd18
2 40bd1c
2 40bd20
2 40bd24
2 40bbd4
2 40bbd8
0 1000ffec
2 40bbdc
0 7ffebac8
2 40bbe0
2 40bbe4
2 40bbe8
2 40bbec
2 40bbf0
0 10012060
2 40bbf4
0 10012064
2 40bbf8
0 7ffeba68
2 40bbfc
2 40bc00
1 7ffebae0
2 40bc04
2 40bc08
1 7ffebae4
2 40bc1c
1 7ffebac4
2 40bc20
0 7ffebac4
2 40bc24
0 7ffeba64
2 40bc28
2 40bc2c
2 40bc30
2 40bc34
1 7ffebac4
2 40bc38
0 7ffeba88
2 40bc3c
0 7ffebac4
2 40bc40
2 40bc44
2 40bc48
