Running in Lattice mode

Starting:    E:\Bin\synpbase\win64\mbin\synplify.exe
Install:     E:\Bin\synpbase
Date:        Thu May 25 00:07:51 2023
Version:     I-2014.03LC 

Arguments:   -product synplify_pro 
ProductType: synplify_pro




auto_infer_blackbox is not supported in current product.
log file: "D:\isp\new_lab8\rev_1\calculator.srr"

Running calculator|rev_1

Running: Compile on calculator|rev_1

Running: Compile Process on calculator|rev_1

Running: Compile Input on calculator|rev_1
compiler exited with errors
Job: "compiler" terminated with error status: 2.
See log file: "D:\isp\new_lab8\rev_1\calculator.srr"
Return Code: 2
Run Time:0h:00m:01s
log file: "D:\isp\new_lab8\rev_1\calculator.srr"

Running calculator|rev_1

Running: Compile on calculator|rev_1

Running: Compile Process on calculator|rev_1

Running: Compile Input on calculator|rev_1
compiler exited with errors
Job: "compiler" terminated with error status: 2.
See log file: "D:\isp\new_lab8\rev_1\calculator.srr"
Return Code: 2
Run Time:0h:00m:01s
Opening object source file d:\isp\new_lab8\rev_1\calculator.srr
Opening object source file d:\isp\lab9\serial.v
log file: "D:\isp\new_lab8\rev_1\calculator.srr"

Running calculator|rev_1

Running: Compile on calculator|rev_1

Running: Compile Process on calculator|rev_1

Running: Compile Input on calculator|rev_1
Copied D:\isp\new_lab8\rev_1\synwork\calculator_comp.srs to D:\isp\new_lab8\rev_1\calculator.srs
compiler Completed with warnings
Return Code: 1
Run Time:0h:00m:02s

Running: Multi-srs Generator on calculator|rev_1
Copied D:\isp\new_lab8\rev_1\synwork\calculator_comp.srs to D:\isp\new_lab8\rev_1\synwork\calculator_s.srs
multi_srs_gen Completed
Return Code: 0
Run Time:0h:00m:01s
Copied D:\isp\new_lab8\rev_1\synwork\calculator_mult.srs to D:\isp\new_lab8\rev_1\calculator.srs
Complete: Compile Process on calculator|rev_1
Complete: Compile on calculator|rev_1

Running: Map on calculator|rev_1

Running: Map & Optimize on calculator|rev_1
fpga_mapper Completed
Return Code: 0
Run Time:0h:00m:02s
Complete: Map on calculator|rev_1
Complete: Logic Synthesis on calculator|rev_1
exit status=0
