ispLEVER Auto-Make Log File
---------------------------

Updating: Fitter Report (HTML)
Start to record tcl script...
Finished recording TCL script.

Starting: 'D:\ispLEVER_Classic2_1\ispcpld\bin\edif2blf.exe -edf toplevel.edi -out toplevel.bl0 -err automake.err -log toplevel.log -prj labx_7_1 -lib "D:\ispLEVER_Classic2_1\ispcpld/dat/mach.edn" -net_Vcc VCC -net_GND GND -nbx -dse -tlw -cvt YES -xor'

Starting EDIF2BLIF....
readEDIF ended normally.

Inspect circuit toplevel
    Number of input ports   : 5
    Number of output ports  : 13
    Number of bidir ports   : 0
    Number of instances     : 1513
    Number of nets          : 1518

No design errors found in circuit toplevel

WriteBLIF ended normally.

Done: completed successfully.

Starting: 'D:\ispLEVER_Classic2_1\ispcpld\bin\mblifopt.exe toplevel.bl0 -collapse none -reduce none -err automake.err -gui -keepwires'

BLIFOPT  Open-ABEL Optimizer 
U.C. Berkeley, SIS Ver. 1.0, supported by Lattice Semiconductor
ispLEVER Classic 2.1 Copyright 1992-2020 Lattice Semiconductor. All Rights Reserved.
Reading Open-ABEL 2 file toplevel.bl0...
Writing Open-ABEL 2 (BLIF) file toplevel.bl1...
Note    0: 
BLIFOPT complete - Time 0 seconds
Done: completed successfully.

Starting: 'D:\ispLEVER_Classic2_1\ispcpld\bin\mblflink.exe "toplevel.bl1" -o "labx_7_1.bl2" -omod "labx_7_1" -gui -err "automake.err"'

BLIFLINK  Top-Down Design Linker
ispLEVER Classic 2.1 Copyright 1992-2020 Lattice Semiconductor. All Rights Reserved.

Top-level file: 'toplevel.bl1'

Hierarchical BLIF: 'labx_7_1.bl2'

BLIFLINK complete.  Time: 1 second 
Done: completed successfully.

Starting: 'D:\ispLEVER_Classic2_1\ispcpld\bin\impsrc.exe -gui -prj labx_7_1 -lci labx_7_1.lct -log labx_7_1.imp -err automake.err -tti labx_7_1.bl2 -dir d:\myducuments\_junior_1\electricsystemdesign\isp_labx\labx_7_1'

No pin assignment or valid property.
No source constraints were imported.
Done: completed successfully.

Starting: 'D:\ispLEVER_Classic2_1\ispcpld\bin\abelvci.exe -vci labx_7_1.lct -blifopt labx_7_1.b2_'

Done: completed successfully.

Starting: 'D:\ispLEVER_Classic2_1\ispcpld\bin\mblifopt.exe labx_7_1.bl2 -sweep -mergefb -err automake.err -o labx_7_1.bl3 @labx_7_1.b2_ -gui'

BLIFOPT  Open-ABEL Optimizer 
U.C. Berkeley, SIS Ver. 1.0, supported by Lattice Semiconductor
ispLEVER Classic 2.1 Copyright 1992-2020 Lattice Semiconductor. All Rights Reserved.
Reading Open-ABEL 2 file labx_7_1.bl2...
Merging feedbacks...
Note 13707: Node playinst_n_273_i_n is collapsed...
Note 13707: Node start_c is collapsed...
Note 13707: Node playinst_n_284_i_n is collapsed...
Note 13707: Node playinst_n_272_i_n is collapsed...
Note 13707: Node stop_c is collapsed...
Note 13707: Node debouncerinst_1_timer15ms_n_70_i_n is collapsed...
Note 13707: Node switch_c is collapsed...
Note 13707: Node playinst_n_312_i_n is collapsed...
Note 13707: Node playinst_n_255_n is collapsed...
Note 13707: Node playinst_n_275_n is collapsed...
Note 13707: Node playinst_n_277_n is collapsed...
Note 13707: Node playinst_n_299_n is collapsed...
Note 13707: Node debouncerinst_2_timer15ms_n_70_i_n is collapsed...
Note 13707: Node playinst_n_319_n is collapsed...
Note 13707: Node playinst_n_321_n is collapsed...
Note 13707: Node playinst_n_337_n is collapsed...
Note 13707: Node playinst_n_152_i_n is collapsed...
Note 13707: Node playinst_n_150_i_n is collapsed...
Note 13707: Node playinst_n_149_i_n is collapsed...
Note 13707: Node playinst_n_147_i_n is collapsed...
Note 13707: Node playinst_n_297_n is collapsed...
Note 13707: Node playinst_n_148_i_n is collapsed...
Note 13707: Node playinst_n_173_i_n is collapsed...
Note 13707: Node playinst_n_145_i_n is collapsed...
Note 13707: Node playinst_n_144_i_n is collapsed...
Note 13707: Node playinst_n_767_i_n is collapsed...
Note 13707: Node playinst_n_137_i_n is collapsed...
Note 13707: Node playinst_n_174_i_n is collapsed...
Note 13707: Node playinst_n_135_i_n is collapsed...
Note 13707: Node playinst_n_642_n is collapsed...
Note 13707: Node playinst_n_175_i_n is collapsed...
Note 13707: Node playinst_n_124_i_n is collapsed...
Note 13707: Node playinst_n_123_i_n is collapsed...
Note 13707: Node playinst_n_177_i_n is collapsed...
Note 13707: Node playinst_n_746_i_n is collapsed...
Note 13707: Node playinst_n_118_i_n is collapsed...
Note 13707: Node playinst_n_180_i_n is collapsed...
Note 13707: Node playinst_n_230_i_n is collapsed...
Note 13707: Node playinst_n_745_i_n is collapsed...
Note 13707: Node playinst_n_698_i_n is collapsed...
Note 13707: Node playinst_n_178_i_n is collapsed...
Note 13707: Node playinst_n_701_i_n is collapsed...
Note 13707: Node debouncerinst_3_timer15ms_n_69_i_n is collapsed...
Note 13707: Node playinst_n_181_i_n is collapsed...
Note 13707: Node debouncerinst_3_timer15ms_n_66_i_n is collapsed...
Note 13707: Node debouncerinst_3_timer15ms_n_65_i_n is collapsed...
Note 13707: Node playinst_n_341_i_n is collapsed...
Note 13707: Node playinst_n_649_n is collapsed...
Note 13707: Node debouncerinst_3_timer15ms_n_63_i_n is collapsed...
Note 13707: Node debouncerinst_3_timer15ms_n_62_i_n is collapsed...
Note 13707: Node playinst_n_666_i_n is collapsed...
Note 13707: Node clkgenerator_un1_freqdivide_1_i_11__n is collapsed...
Note 13707: Node debouncerinst_3_timer15ms_n_60_i_n is collapsed...
Note 13707: Node playinst_n_151_i_n is collapsed...
Note 13707: Node playinst_n_665_i_n is collapsed...
Note 13707: Node clkgenerator_un1_freqdivide_1_i_7__n is collapsed...
Note 13707: Node debouncerinst_3_timer15ms_n_58_i_n is collapsed...
Note 13707: Node playinst_n_179_i_n is collapsed...
Note 13707: Node playinst_n_186_i_n is collapsed...
Note 13707: Node clkgenerator_un1_freqdivide_1_i_4__n is collapsed...
Note 13707: Node debouncerinst_3_timer15ms_n_56_i_n is collapsed...
Note 13707: Node debouncerinst_3_timer15ms_n_57_i_n is collapsed...
Note 13707: Node debouncerinst_2_timer15ms_n_69_i_n is collapsed...
Note 13707: Node playinst_n_187_i_n is collapsed...
Note 13707: Node debouncerinst_3_controllerinst_state_i_1__n is collapsed...
Note 13707: Node playinst_n_176_i_n is collapsed...
Note 13707: Node debouncerinst_2_timer15ms_n_66_i_n is collapsed...
Note 13707: Node playinst_n_758_i_n is collapsed...
Note 13707: Node debouncerinst_2_timer15ms_n_65_i_n is collapsed...
Note 13707: Node debouncerinst_2_timer15ms_n_63_i_n is collapsed...
Note 13707: Node debouncerinst_2_un1_timer15ms_i_1__n is collapsed...
Note 13707: Node playinst_n_759_i_n is collapsed...
Note 13707: Node debouncerinst_2_timer15ms_n_62_i_n is collapsed...
Note 13707: Node playinst_n_740_n is collapsed...
Note 13707: Node debouncerinst_2_timer15ms_n_60_i_n is collapsed...
Note 13707: Node playinst_n_670_i_n is collapsed...
Note 13707: Node playinst_n_185_i_n is collapsed...
Note 13707: Node debouncerinst_2_timer15ms_n_58_i_n is collapsed...
Note 13707: Node playinst_n_736_n is collapsed...
Note 13707: Node playinst_cntsp_4_1__un3_n is collapsed...
Note 13707: Node playinst_n_765_i_n is collapsed...
Note 13707: Node playinst_n_671_i_n is collapsed...
Note 13707: Node debouncerinst_2_timer15ms_n_56_i_n is collapsed...
Note 13707: Node debouncerinst_2_timer15ms_n_57_i_n is collapsed...
Note 13707: Node playinst_n_140_i_n is collapsed...
Note 13707: Node debouncerinst_1_timer15ms_n_69_i_n is collapsed...
Note 13707: Node playinst_n_252_n is collapsed...
Note 13707: Node playinst_n_189_i_n is collapsed...
Note 13707: Node debouncerinst_2_un1_timer15ms_i_3__n is collapsed...
Note 13707: Node playinst_n_139_i_n is collapsed...
Note 13707: Node playinst_n_271_n is collapsed...
Note 13707: Node debouncerinst_1_timer15ms_n_66_i_n is collapsed...
Note 13707: Node playinst_n_293_n is collapsed...
Note 13707: Node playinst_n_190_i_n is collapsed...
Note 13707: Node debouncerinst_1_un1_timer15ms_i_1__n is collapsed...
Note 13707: Node playinst_n_315_n is collapsed...
Note 13707: Node playinst_n_133_i_n is collapsed...
Note 13707: Node playinst_cntsp_4_0__un3_n is collapsed...
Note 13707: Node debouncerinst_1_timer15ms_n_65_i_n is collapsed...
Note 13707: Node debouncerinst_1_timer15ms_n_63_i_n is collapsed...
Note 13707: Node playinst_n_129_i_n is collapsed...
Note 13707: Node playinst_n_645_n is collapsed...
Note 13707: Node debouncerinst_1_timer15ms_n_62_i_n is collapsed...
Note 13707: Node playinst_n_131_i_n is collapsed...
Note 13707: Node playinst_n_130_i_n is collapsed...
Note 13707: Node playinst_n_343_i_n is collapsed...
Note 13707: Node debouncerinst_1_timer15ms_n_60_i_n is collapsed...
Note 13707: Node debouncerinst_1_timer15ms_n_58_i_n is collapsed...
Note 13707: Node clkgenerator_freqdivide_2_n_76_n is collapsed...
Note 13707: Node playinst_n_128_i_n is collapsed...
Note 13707: Node playinst_n_127_i_n is collapsed...
Note 13707: Node playinst_n_301_i_n is collapsed...
Note 13707: Node debouncerinst_1_un1_timer15ms_i_3__n is collapsed...
Note 13707: Node debouncerinst_1_timer15ms_n_56_i_n is collapsed...
Note 13707: Node debouncerinst_1_timer15ms_n_57_i_n is collapsed...
Note 13707: Node playinst_cntsp_4_8__un3_n is collapsed...
Note 13707: Node LED_VCC4__i is collapsed...
Note 13707: Node playinst_n_743_i_n is collapsed...
Note 13707: Node playinst_n_613_i_n is collapsed...
Note 13707: Node playinst_n_744_i_n is collapsed...
Note 13707: Node clkgenerator_freqdivide_2_n_94_i_n is collapsed...
Note 13707: Node playinst_n_595_i_n is collapsed...
Note 13707: Node playinst_n_596_i_n is collapsed...
Note 13707: Node playinst_n_250_i_n is collapsed...
Note 13707: Node debouncerinst_1_un1_timer15ms_i_5__n is collapsed...
Note 13707: Node clkgenerator_freqdivide_2_n_92_i_n is collapsed...
Note 13707: Node playinst_n_597_i_n is collapsed...
Note 13707: Node playinst_n_249_i_n is collapsed...
Note 13707: Node clkgenerator_freqdivide_2_n_104_i_n is collapsed...
Note 13707: Node playinst_n_598_i_n is collapsed...
Note 13707: Node playinst_n_333_i_n is collapsed...
Note 13707: Node playinst_n_599_i_n is collapsed...
Note 13707: Node playinst_cntsp_4_7__un3_n is collapsed...
Note 13707: Node playinst_n_251_i_n is collapsed...
Note 13707: Node clkgenerator_freqdivide_2_n_91_i_n is collapsed...
Note 13707: Node playinst_n_587_i_n is collapsed...
Note 13707: Node playinst_n_253_i_n is collapsed...
Note 13707: Node playinst_n_588_i_n is collapsed...
Note 13707: Node playinst_n_691_i_n is collapsed...
Note 13707: Node clkgenerator_freqdivide_2_n_90_i_n is collapsed...
Note 13707: Node playinst_n_631_n is collapsed...
Note 13707: Node debouncerinst_1_un1_timer15ms_i_8__n is collapsed...
Note 13707: Node playinst_n_589_i_n is collapsed...
Note 13707: Node playinst_n_692_i_n is collapsed...
Note 13707: Node playinst_n_632_n is collapsed...
Note 13707: Node playinst_n_200_i_n is collapsed...
Note 13707: Node playinst_n_254_i_n is collapsed...
Note 13707: Node clkgenerator_freqdivide_2_n_89_i_n is collapsed...
Note 13707: Node playinst_n_590_i_n is collapsed...
Note 13707: Node playinst_n_196_i_n is collapsed...
Note 13707: Node playinst_cntsp_4_6__un3_n is collapsed...
Note 13707: Node playinst_n_635_n is collapsed...
Note 13707: Node playinst_n_591_i_n is collapsed...
Note 13707: Node playinst_cntsone2_i_5__n is collapsed...
Note 13707: Node playinst_n_195_i_n is collapsed...
Note 13707: Node clkgenerator_freqdivide_2_n_88_i_n is collapsed...
Note 13707: Node playinst_n_639_n is collapsed...
Note 13707: Node playinst_n_592_i_n is collapsed...
Note 13707: Node clkgenerator_freqdivide_2_n_95_i_n is collapsed...
Note 13707: Node playinst_cntsone2_i_7__n is collapsed...
Note 13707: Node playinst_n_199_i_n is collapsed...
Note 13707: Node playinst_n_593_i_n is collapsed...
Note 13707: Node playinst_n_198_i_n is collapsed...
Note 13707: Node clkgenerator_freqdivide_2_n_87_i_n is collapsed...
Note 13707: Node playinst_cntsone2_i_8__n is collapsed...
Note 13707: Node playinst_n_643_n is collapsed...
Note 13707: Node playinst_n_594_i_n is collapsed...
Note 13707: Node playinst_cntsp_4_5__un3_n is collapsed...
Note 13707: Node playinst_n_673_i_n is collapsed...
Note 13707: Node playinst_n_703_i_n is collapsed...
Note 13707: Node playinst_cntsone2_i_6__n is collapsed...
Note 13707: Node playinst_n_646_n is collapsed...
Note 13707: Node clkgenerator_un1_freqdivide_2_i_11__n is collapsed...
Note 13707: Node playinst_n_674_i_n is collapsed...
Note 13707: Node clkgenerator_freqdivide_2_n_86_i_n is collapsed...
Note 13707: Node playinst_n_647_n is collapsed...
Note 13707: Node playinst_n_676_i_n is collapsed...
Note 13707: Node playinst_n_650_n is collapsed...
Note 13707: Node playinst_n_276_i_n is collapsed...
Note 13707: Node playinst_cntsone2_i_3__n is collapsed...
Note 13707: Node playinst_n_675_i_n is collapsed...
Note 13707: Node playinst_cntsp_4_4__un3_n is collapsed...
Note 13707: Node clkgenerator_freqdivide_2_n_85_i_n is collapsed...
Note 13707: Node playinst_n_652_n is collapsed...
Note 13707: Node clkgenerator_un1_freqdivide_2_i_7__n is collapsed...
Note 13707: Node playinst_n_677_i_n is collapsed...
Note 13707: Node playinst_n_658_n is collapsed...
Note 13707: Node clkgenerator_un1_freqdivide_2_i_6__n is collapsed...
Note 13707: Node playinst_n_678_i_n is collapsed...
Note 13707: Node clkgenerator_freqdivide_2_n_83_i_n is collapsed...
Note 13707: Node clkgenerator_un1_freqdivide_2_i_5__n is collapsed...
Note 13707: Node playinst_n_680_i_n is collapsed...
Note 13707: Node clkgenerator_freqdivide_2_n_84_i_n is collapsed...
Note 13707: Node clkgenerator_un1_freqdivide_2_i_4__n is collapsed...
Note 13707: Node playinst_n_248_i_n is collapsed...
Note 13707: Node playinst_n_679_i_n is collapsed...
Note 13707: Node clkgenerator_un1_freqdivide_2_i_3__n is collapsed...
Note 13707: Node playinst_cntsp_4_3__un3_n is collapsed...
Note 13707: Node playinst_n_225_i_n is collapsed...
Note 13707: Node playinst_n_242_i_n is collapsed...
Note 13707: Node clkgenerator_freqdivide_2_n_80_i_n is collapsed...
Note 13707: Node playinst_n_682_i_n is collapsed...
Note 13707: Node clkgenerator_freqdivide_2_n_81_i_n is collapsed...
Note 13707: Node playinst_n_227_i_n is collapsed...
Note 13707: Node playinst_n_246_i_n is collapsed...
Note 13707: Node playinst_cntsone1_i_7__n is collapsed...
Note 13707: Node clkgenerator_freqdivide_2_n_82_i_n is collapsed...
Note 13707: Node clkgenerator_un1_freqdivide_2_i_1__n is collapsed...
Note 13707: Node playinst_n_226_i_n is collapsed...
Note 13707: Node playinst_n_247_i_n is collapsed...
Note 13707: Node playinst_cntsone1_i_8__n is collapsed...
Note 13707: Node playinst_n_686_i_n is collapsed...
Note 13707: Node playinst_cntsp_4_2__un3_n is collapsed...
Note 13707: Node playinst_n_229_i_n is collapsed...
Note 13707: Node playinst_n_244_i_n is collapsed...
Note 13707: Node playinst_n_265_i_n is collapsed...
Note 13707: Node playinst_n_266_i_n is collapsed...
Note 13707: Node playinst_n_264_i_n is collapsed...
Note 13707: Node playinst_n_263_i_n is collapsed...
Note 13707: Node playinst_n_245_i_n is collapsed...
Note 13707: Node playinst_n_256_i_n is collapsed...
Note 13707: Node playinst_n_257_i_n is collapsed...
Note 13707: Node playinst_n_298_i_n is collapsed...
Note 13707: Node playinst_n_349_i_n is collapsed...
Note 13707: Node playinst_n_241_i_n is collapsed...
Note 13707: Node playinst_cntsp12_i_n is collapsed...
Note 13707: Node playinst_n_162_i_n is collapsed...
Note 13707: Node playinst_cntsp_4_13__un3_n is collapsed...
Note 13707: Node playinst_n_313_i_n is collapsed...
Note 13707: Node playinst_n_240_i_n is collapsed...
Note 13707: Node playinst_un4_cntsp_i_i_1__n is collapsed...
Note 13707: Node playinst_n_281_i_n is collapsed...
Note 13707: Node playinst_cntsone_i_1__n is collapsed...
Note 13707: Node playinst_n_268_i_n is collapsed...
Note 13707: Node playinst_n_689_i_n is collapsed...
Note 13707: Node playinst_un4_cntsp_i_i_2__n is collapsed...
Note 13707: Node playinst_n_722_i_n is collapsed...
Note 13707: Node playinst_cntsone_i_6__n is collapsed...
Note 13707: Node playinst_cntsone_i_7__n is collapsed...
Note 13707: Node playinst_n_239_i_n is collapsed...
Note 13707: Node playinst_un4_cntsp_i_i_3__n is collapsed...
Note 13707: Node playinst_n_267_i_n is collapsed...
Note 13707: Node playinst_cntsone_i_8__n is collapsed...
Note 13707: Node playinst_cntsp_4_12__un3_n is collapsed...
Note 13707: Node debouncerinst_3_timer_done_i_n is collapsed...
Note 13707: Node playinst_n_687_i_n is collapsed...
Note 13707: Node playinst_un4_cntsp_i_i_4__n is collapsed...
Note 13707: Node switch_i is collapsed...
Note 13707: Node playinst_un1_tone_26_0_i_n is collapsed...
Note 13707: Node playinst_n_132_i_n is collapsed...
Note 13707: Node debouncerinst_3_un1_timer15ms_i_5__n is collapsed...
Note 13707: Node playinst_n_688_i_n is collapsed...
Note 13707: Node playinst_un4_cntsp_i_i_5__n is collapsed...
Note 13707: Node playinst_n_143_i_n is collapsed...
Note 13707: Node playinst_n_142_i_n is collapsed...
Note 13707: Node debouncerinst_3_un1_timer15ms_i_3__n is collapsed...
Note 13707: Node playinst_n_141_i_n is collapsed...
Note 13707: Node playinst_n_329_i_n is collapsed...
Note 13707: Node playinst_un4_cntsp_i_i_6__n is collapsed...
Note 13707: Node playinst_n_757_i_n is collapsed...
Note 13707: Node playinst_un1_tone_26_un3_n is collapsed...
Note 13707: Node playinst_cntsp_4_11__un3_n is collapsed...
Note 13707: Node debouncerinst_3_un1_timer15ms_i_1__n is collapsed...
Note 13707: Node playinst_n_328_i_n is collapsed...
Note 13707: Node playinst_un4_cntsp_i_i_7__n is collapsed...
Note 13707: Node debouncerinst_3_timer15ms_r_i_0_i_n is collapsed...
Note 13707: Node playinst_un1_tone_37_1_un3_n is collapsed...
Note 13707: Node debouncerinst_3_un1_timer15ms_i_8__n is collapsed...
Note 13707: Node debouncerinst_2_timer15ms_r_i_0_i_n is collapsed...
Note 13707: Node debouncerinst_2_controllerinst_state_i_1__n is collapsed...
Note 13707: Node playinst_un4_cntsp_i_i_8__n is collapsed...
Note 13707: Node playinst_un1_tone_37_3_un3_n is collapsed...
Note 13707: Node debouncerinst_2_timer_done_i_n is collapsed...
Note 13707: Node stop_i is collapsed...
Note 13707: Node playinst_un1_tone_42_1_un3_n is collapsed...
Note 13707: Node debouncerinst_3_timer15ms_n_70_i_n is collapsed...
Note 13707: Node playinst_un4_cntsp_i_i_9__n is collapsed...
Note 13707: Node debouncerinst_2_un1_timer15ms_i_5__n is collapsed...
Note 13707: Node playinst_un1_tone_42_2_un3_n is collapsed...
Note 13707: Node playinst_cntsp_4_10__un3_n is collapsed...
Note 13707: Node debouncerinst_2_un1_timer15ms_i_8__n is collapsed...
Note 13707: Node playinst_n_290_i_n is collapsed...
Note 13707: Node playinst_un4_cntsp_i_i_10__n is collapsed...
Note 13707: Node debouncerinst_1_controllerinst_n_29_i_n is collapsed...
Note 13707: Node debouncerinst_1_timer15ms_r_i_0_i_n is collapsed...
Note 13707: Node playinst_un1_tone_42_3_un3_n is collapsed...
Note 13707: Node debouncerinst_1_controllerinst_state_i_1__n is collapsed...
Note 13707: Node debouncerinst_1_timer_done_i_n is collapsed...
Note 13707: Node playinst_un4_cntsp_i_i_11__n is collapsed...
Note 13707: Node playinst_n_636_n is collapsed...
Note 13707: Node start_i is collapsed...
Note 13707: Node playinst_un1_tone_37_2_un3_n is collapsed...
Note 13707: Node playinst_tone_7_i_a2_i_0_m2_3__un3_n is collapsed...
Note 13707: Node playinst_cntsp_i_13__n is collapsed...
Note 13707: Node playinst_un4_cntsp_i_i_12__n is collapsed...
Note 13707: Node debouncerinst_3_controllerinst_state_ns_1_0__m3_un3_n is collapsed...
Note 13707: Node debouncerinst_2_controllerinst_state_ns_1_0__m3_un3_n is collapsed...
Note 13707: Node playinst_cntsp_4_9__un3_n is collapsed...
Note 13707: Node playinst_n_763_i_n is collapsed...
Note 13707: Node playinst_n_116_i_n is collapsed...
Note 13707: Node playinst_un4_cntsp_i_i_13__n is collapsed...
Note 13707: Node debouncerinst_1_controllerinst_state_ns_1_0__m3_un3_n is collapsed...
Note 13707: Node playinst_n_117_i_n is collapsed...
Note 13707: Node debouncerinst_2_timer15ms_n_43_n is collapsed...
Note 13707: Node debouncerinst_2_timer15ms_n_44_n is collapsed...
Note 13707: Node debouncerinst_2_timer15ms_n_45_n is collapsed...
Note 13707: Node debouncerinst_2_timer15ms_n_46_n is collapsed...
Note 13707: Node debouncerinst_2_timer15ms_n_42_n is collapsed...
Note 13707: Node debouncerinst_2_timer15ms_n_47_n is collapsed...
Note 13707: Node debouncerinst_2_timer15ms_n_48_n is collapsed...
Note 13707: Node playinst_n_146_i_n is collapsed...
Note 13707: Node playinst_n_84_n is collapsed...
Note 13707: Node debouncerinst_1_timer15ms_n_42_n is collapsed...
Note 13707: Node debouncerinst_1_timer15ms_n_43_n is collapsed...
Note 13707: Node debouncerinst_1_timer15ms_n_44_n is collapsed...
Note 13707: Node debouncerinst_1_timer15ms_n_45_n is collapsed...
Note 13707: Node debouncerinst_1_timer15ms_n_46_n is collapsed...
Note 13707: Node debouncerinst_1_timer15ms_n_47_n is collapsed...
Note 13707: Node debouncerinst_1_timer15ms_n_48_n is collapsed...
Note 13707: Node playinst_n_292_i_n is collapsed...
Note 13707: Node debouncerinst_3_controllerinst_n_29_i_n is collapsed...
Note 13707: Node playinst_n_729_n is collapsed...
Note 13707: Node playinst_n_134_i_n is collapsed...
Note 13707: Node playinst_n_86_n is collapsed...
Note 13707: Node clkgenerator_freqdivide_2_n_60_n is collapsed...
Note 13707: Node clkgenerator_freqdivide_2_n_61_n is collapsed...
Note 13707: Node clkgenerator_freqdivide_2_n_62_n is collapsed...
Note 13707: Node clkgenerator_freqdivide_2_n_63_n is collapsed...
Note 13707: Node clkgenerator_freqdivide_2_n_64_n is collapsed...
Note 13707: Node playinst_cntsp_i_2__n is collapsed...
Note 13707: Node debouncerinst_2_un1_timer15ms_i_0__n is collapsed...
Note 13707: Node clkgenerator_freqdivide_2_n_65_n is collapsed...
Note 13707: Node clkgenerator_freqdivide_2_n_66_n is collapsed...
Note 13707: Node clkgenerator_freqdivide_2_n_67_n is collapsed...
Note 13707: Node clkgenerator_freqdivide_2_n_68_n is collapsed...
Note 13707: Node playinst_n_115_i_n is collapsed...
Note 13707: Node debouncerinst_1_un1_timer15ms_i_0__n is collapsed...
Note 13707: Node playinst_n_122_i_n is collapsed...
Note 13707: Node playinst_n_126_i_n is collapsed...
Note 13707: Node debouncerinst_3_timer15ms_n_48_n is collapsed...
Note 13707: Node debouncerinst_3_timer15ms_n_47_n is collapsed...
Note 13707: Node playinst_tone396_i_n is collapsed...
Note 13707: Node debouncerinst_3_timer15ms_n_46_n is collapsed...
Note 13707: Node playinst_n_630_n is collapsed...
Note 13707: Node debouncerinst_3_timer15ms_n_45_n is collapsed...
Note 13707: Node playinst_n_633_n is collapsed...
Note 13707: Node debouncerinst_3_timer15ms_n_44_n is collapsed...
Note 13707: Node playinst_cntsp_i_12__n is collapsed...
Note 13707: Node debouncerinst_3_timer15ms_n_43_n is collapsed...
Note 13707: Node debouncerinst_3_timer15ms_n_42_n is collapsed...
Note 13707: Node playinst_n_641_n is collapsed...
Note 13707: Node playinst_cntsone2_i_2__n is collapsed...
Note 13707: Node clkgenerator_un1_freqdivide_2_i_9__n is collapsed...
Note 13707: Node playinst_cntsp_i_5__n is collapsed...
Note 13707: Node clkgenerator_un1_freqdivide_2_i_8__n is collapsed...
Note 13707: Node playinst_n_270_i_0_n is collapsed...
Note 13707: Node playinst_cntsone_i_3__n is collapsed...
Note 13707: Node clkgenerator_un1_freqdivide_2_i_2__n is collapsed...
Note 13707: Node clkgenerator_un1_freqdivide_2_i_0__n is collapsed...
Note 13707: Node clkgenerator_un1_freqdivide_2_i_10__n is collapsed...
Note 13707: Node playinst_n_351_i_n is collapsed...
Note 13707: Node playinst_n_738_n is collapsed...
Note 13707: Node playinst_cntsone1_i_5__n is collapsed...
Note 13707: Node playinst_n_638_n is collapsed...
Note 13707: Node playinst_n_125_i_n is collapsed...
Note 13707: Node playinst_cntsp_i_8__n is collapsed...
Note 13707: Node playinst_n_82_i_i_n is collapsed...
Note 13707: Node playinst_n_90_n is collapsed...
Note 13707: Node play_enable_i is collapsed...
Note 13707: Node playinst_cntsone_i_4__n is collapsed...
Note 13707: Node playinst_cntsone_i_2__n is collapsed...
Note 13707: Node playinst_n_640_n is collapsed...
Note 13707: Node debouncerinst_3_un1_timer15ms_i_0__n is collapsed...
Note 13707: Node playinst_cntsp_i_11__n is collapsed...
Note 13707: Node playinst_n_15_0_2_n is collapsed...
Note 13707: Node playinst_n_671_2_n is collapsed...
Note 13707: Node playinst_n_277_0_n is collapsed...
Note 13707: Node playinst_un1_tone_37_2_un0_n is collapsed...
Note 13707: Node playInst_G_161 is collapsed...
Note 13707: Node playinst_n_21_0_3_n is collapsed...
Note 13707: Node playinst_un1_tone_37_2_un1_n is collapsed...
Note 13707: Node playinst_n_671_1_n is collapsed...
Note 13707: Node playinst_n_21_0_4_n is collapsed...
Note 13707: Node playinst_n_21_0_5_n is collapsed...
Note 13707: Node playInst_G_175 is collapsed...
Note 13707: Node playInst_G_230_i_x2_0_x2 is collapsed...
Note 13707: Node playinst_n_15_0_4_n is collapsed...
Note 13707: Node playinst_n_272_1_n is collapsed...
Note 13707: Node playinst_n_255_0_n is collapsed...
Note 13707: Node playinst_cntsp_4_9__un1_n is collapsed...
Note 13707: Node playInst_G_156 is collapsed...
Note 13707: Node playinst_n_21_0_6_n is collapsed...
Note 13707: Node playinst_un1_tone_42_3_un0_n is collapsed...
Note 13707: Node playinst_n_333_1_n is collapsed...
Note 13707: Node playinst_sp_4_0_n is collapsed...
Note 13707: Node playinst_n_137_n is collapsed...
Note 13707: Node playInst_G_180 is collapsed...
Note 13707: Node debouncerinst_1_controllerinst_state_ns_1_0__m3_un1_n is collapsed...
Note 13707: Node playinst_un1_tone_42_3_un1_n is collapsed...
Note 13707: Node playinst_n_206_2_n is collapsed...
Note 13707: Node playinst_n_21_0_7_n is collapsed...
Note 13707: Node playinst_n_15_0_1_n is collapsed...
Note 13707: Node playInst_G_183 is collapsed...
Note 13707: Node playinst_n_21_0_2_n is collapsed...
Note 13707: Node playinst_n_15_0_5_n is collapsed...
Note 13707: Node playinst_n_206_1_n is collapsed...
Note 13707: Node debouncerinst_1_controllerinst_state_ns_1_0__m3_un0_n is collapsed...
Note 13707: Node playinst_cntsp_4_9__un0_n is collapsed...
Note 13707: Node playInst_G_194 is collapsed...
Note 13707: Node debouncerinst_2_timer15ms_n_49_n is collapsed...
Note 13707: Node playinst_un1_tone_42_2_un0_n is collapsed...
Note 13707: Node clk_1kHz_8 is collapsed...
Note 13707: Node playInst_G_199 is collapsed...
Note 13707: Node playinst_n_147_n is collapsed...
Note 13707: Node debouncerinst_2_timer15ms_n_56_n is collapsed...
Note 13707: Node playInst_G_202 is collapsed...
Note 13707: Node playinst_un1_tone_42_2_un1_n is collapsed...
Note 13707: Node clk_1kHz_7 is collapsed...
Note 13707: Node playinst_n_21_0_11_n is collapsed...
Note 13707: Node debouncerinst_2_timer15ms_n_57_n is collapsed...
Note 13707: Node playInst_G_210 is collapsed...
Note 13707: Node debouncerinst_2_timer15ms_n_58_n is collapsed...
Note 13707: Node playinst_n_15_0_6_n is collapsed...
Note 13707: Node clk_1kHz_6 is collapsed...
Note 13707: Node un1_stop_1_0 is collapsed...
Note 13707: Node playInst_G_215 is collapsed...
Note 13707: Node playinst_n_264_1_n is collapsed...
Note 13707: Node debouncerinst_2_timer15ms_n_60_n is collapsed...
Note 13707: Node playinst_un1_tone_42_1_un0_n is collapsed...
Note 13707: Node clk_1kHz_5 is collapsed...
Note 13707: Node playinst_n_21_0_1_n is collapsed...
Note 13707: Node playinst_n_148_n is collapsed...
Note 13707: Node playinst_n_264_2_n is collapsed...
Note 13707: Node ledscaninst_n_110_n is collapsed...
Note 13707: Node playinst_un1_tone_42_1_un1_n is collapsed...
Note 13707: Node clk_1kHz_4 is collapsed...
Note 13707: Node debouncerinst_2_timer15ms_n_62_n is collapsed...
Note 13707: Node un1_clk_4Hz_1 is collapsed...
Note 13707: Node debouncerinst_2_timer15ms_n_63_n is collapsed...
Note 13707: Node playinst_n_199_1_n is collapsed...
Note 13707: Node playinst_n_645_0_n is collapsed...
Note 13707: Node clk_1kHz_3 is collapsed...
Note 13707: Node debouncerinst_2_timer15ms_n_65_n is collapsed...
Note 13707: Node playInst_G_142 is collapsed...
Note 13707: Node playinst_n_267_2_n is collapsed...
Note 13707: Node playinst_n_199_2_n is collapsed...
Note 13707: Node playinst_un1_tone_37_3_un0_n is collapsed...
Note 13707: Node clk_1kHz_2 is collapsed...
Note 13707: Node debouncerinst_2_timer15ms_n_66_n is collapsed...
Note 13707: Node playinst_n_15_0_7_n is collapsed...
Note 13707: Node playinst_n_674_1_n is collapsed...
Note 13707: Node debouncerinst_2_timer15ms_n_69_n is collapsed...
Note 13707: Node playinst_un1_tone_37_3_un1_n is collapsed...
Note 13707: Node clk_1kHz_1 is collapsed...
Note 13707: Node playinst_n_674_2_n is collapsed...
Note 13707: Node playinst_cntsp_4_10__un1_n is collapsed...
Note 13707: Node clkgenerator_freqdivide_1_n_10_n is collapsed...
Note 13707: Node playInst_G_232 is collapsed...
Note 13707: Node playinst_n_149_n is collapsed...
Note 13707: Node playinst_n_725_i_2_n is collapsed...
Note 13707: Node debouncerinst_2_timer15ms_n_70_n is collapsed...
Note 13707: Node playInst_CntSone2_3_i_0_x2_3_ is collapsed...
Note 13707: Node playinst_n_227_1_n is collapsed...
Note 13707: Node playInst_G_234 is collapsed...
Note 13707: Node playinst_un1_tone_37_1_un0_n is collapsed...
Note 13707: Node playinst_n_725_i_1_n is collapsed...
Note 13707: Node playinst_n_227_2_n is collapsed...
Note 13707: Node playInst_G_236 is collapsed...
Note 13707: Node debouncerInst_1_controllerInst_state_ns_1_0__m5 is collapsed...
Note 13707: Node playinst_n_267_1_n is collapsed...
Note 13707: Node playinst_un1_tone_37_1_un1_n is collapsed...
Note 13707: Node playinst_n_41_i_2_n is collapsed...
Note 13707: Node playinst_n_229_1_n is collapsed...
Note 13707: Node playinst_n_15_0_8_n is collapsed...
Note 13707: Node clkgenerator_freqdivide_1_n_11_n is collapsed...
Note 13707: Node playInst_G_244 is collapsed...
Note 13707: Node debouncerInst_1_controllerInst_state_ns_1_0__m1 is collapsed...
Note 13707: Node playinst_n_41_i_1_n is collapsed...
Note 13707: Node playinst_n_229_2_n is collapsed...
Note 13707: Node playinst_n_150_n is collapsed...
Note 13707: Node clkgenerator_freqdivide_1_n_12_n is collapsed...
Note 13707: Node playInst_G_246 is collapsed...
Note 13707: Node playinst_un1_tone_26_un0_n is collapsed...
Note 13707: Node playinst_n_83_i_2_n is collapsed...
Note 13707: Node debouncerinst_1_controllerinst_state_ns_1_0__n_7_n is collapsed...
Note 13707: Node playInst_CntSone2_3_i_0_x2_4_ is collapsed...
Note 13707: Node clkgenerator_freqdivide_1_n_13_n is collapsed...
Note 13707: Node playinst_n_250_1_n is collapsed...
Note 13707: Node playinst_un1_tone_26_un1_n is collapsed...
Note 13707: Node playinst_n_83_i_1_n is collapsed...
Note 13707: Node debouncerinst_1_controllerinst_n_29_n is collapsed...
Note 13707: Node playinst_n_250_2_n is collapsed...
Note 13707: Node clkgenerator_freqdivide_1_n_14_n is collapsed...
Note 13707: Node debouncerinst_2_controllerinst_state_ns_0__n is collapsed...
Note 13707: Node playinst_n_254_1_n is collapsed...
Note 13707: Node playinst_n_547_i_2_n is collapsed...
Note 13707: Node playinst_n_152_n is collapsed...
Note 13707: Node debouncerInst_2_controllerInst_state_ns_1_0__m5 is collapsed...
Note 13707: Node clkgenerator_freqdivide_1_n_15_n is collapsed...
Note 13707: Node playinst_n_254_2_n is collapsed...
Note 13707: Node clkgenerator_freqdivide_2_n_83_1_n is collapsed...
Note 13707: Node playinst_n_547_i_1_n is collapsed...
Note 13707: Node debouncerInst_2_controllerInst_state_ns_1_0__m1 is collapsed...
Note 13707: Node playinst_n_701_1_n is collapsed...
Note 13707: Node clkgenerator_freqdivide_1_n_16_n is collapsed...
Note 13707: Node debouncerinst_2_controllerinst_state_ns_1_0__n_7_n is collapsed...
Note 13707: Node clkgenerator_freqdivide_2_n_84_1_n is collapsed...
Note 13707: Node playinst_n_546_i_2_n is collapsed...
Note 13707: Node playinst_cntsp_4_11__un1_n is collapsed...
Note 13707: Node playinst_n_268_2_n is collapsed...
Note 13707: Node clkgenerator_freqdivide_1_n_17_n is collapsed...
Note 13707: Node playinst_n_701_2_n is collapsed...
Note 13707: Node clkgenerator_freqdivide_2_n_95_1_n is collapsed...
Note 13707: Node playinst_n_546_i_1_n is collapsed...
Note 13707: Node debouncerinst_3_controllerinst_state_ns_0__n is collapsed...
Note 13707: Node playinst_n_174_n is collapsed...
Note 13707: Node clkgenerator_freqdivide_1_n_18_n is collapsed...
Note 13707: Node debouncerInst_3_controllerInst_state_ns_1_0__m5 is collapsed...
Note 13707: Node clkgenerator_freqdivide_2_n_5_0_2_n is collapsed...
Note 13707: Node playinst_n_18_i_2_n is collapsed...
Note 13707: Node clkgenerator_freqdivide_2_n_102_1_n is collapsed...
Note 13707: Node clkgenerator_freqdivide_1_n_19_n is collapsed...
Note 13707: Node debouncerInst_3_controllerInst_state_ns_1_0__m1 is collapsed...
Note 13707: Node clkgenerator_freqdivide_2_n_5_0_1_n is collapsed...
Note 13707: Node playinst_n_18_i_1_n is collapsed...
Note 13707: Node playinst_n_143_n is collapsed...
Note 13707: Node clkgenerator_freqdivide_2_n_102_2_n is collapsed...
Note 13707: Node clkgenerator_freqdivide_1_n_20_n is collapsed...
Note 13707: Node debouncerinst_3_controllerinst_state_ns_1_0__n_7_n is collapsed...
Note 13707: Node clkgenerator_freqdivide_2_n_9_0_1_n is collapsed...
Note 13707: Node playinst_n_17_0_16_n is collapsed...
Note 13707: Node clkgenerator_freqdivide_2_n_102_3_n is collapsed...
Note 13707: Node clkgenerator_freqdivide_2_n_102_4_n is collapsed...
Note 13707: Node clkgenerator_freqdivide_1_n_21_n is collapsed...
Note 13707: Node playinst_n_135_n is collapsed...
Note 13707: Node clkgenerator_freqdivide_2_n_43_0_1_n is collapsed...
Note 13707: Node playinst_n_17_0_15_n is collapsed...
Note 13707: Node playinst_n_173_n is collapsed...
Note 13707: Node clkgenerator_freqdivide_1_n_22_n is collapsed...
Note 13707: Node playinst_n_132_n is collapsed...
Note 13707: Node clkgenerator_freqdivide_2_n_45_0_1_n is collapsed...
Note 13707: Node playinst_n_17_0_14_n is collapsed...
Note 13707: Node playinst_n_268_1_n is collapsed...
Note 13707: Node clkgenerator_freqdivide_1_n_24_n is collapsed...
Note 13707: Node playinst_n_144_n is collapsed...
Note 13707: Node clkgenerator_freqdivide_2_n_47_0_1_n is collapsed...
Note 13707: Node playinst_n_17_0_13_n is collapsed...
Note 13707: Node playinst_n_141_n is collapsed...
Note 13707: Node playinst_n_177_n is collapsed...
Note 13707: Node clkgenerator_freqdivide_1_n_23_n is collapsed...
Note 13707: Node playinst_n_273_n is collapsed...
Note 13707: Node clkgenerator_freqdivide_2_n_49_0_1_n is collapsed...
Note 13707: Node playinst_n_17_0_12_n is collapsed...
Note 13707: Node playinst_n_15_0_13_n is collapsed...
Note 13707: Node clkgenerator_freqdivide_1_n_26_n is collapsed...
Note 13707: Node playinst_n_698_n is collapsed...
Note 13707: Node clkgenerator_freqdivide_2_n_51_0_1_n is collapsed...
Note 13707: Node playinst_n_17_0_11_n is collapsed...
Note 13707: Node playinst_cntsp_4_12__un1_n is collapsed...
Note 13707: Node playinst_n_173_2_n is collapsed...
Note 13707: Node clkgenerator_freqdivide_1_n_25_n is collapsed...
Note 13707: Node playinst_n_142_n is collapsed...
Note 13707: Node clkgenerator_freqdivide_2_n_53_0_1_n is collapsed...
Note 13707: Node playinst_n_17_0_10_n is collapsed...
Note 13707: Node playinst_n_178_n is collapsed...
Note 13707: Node playinst_n_757_n is collapsed...
Note 13707: Node clkgenerator_freqdivide_1_n_28_n is collapsed...
Note 13707: Node playinst_n_266_n is collapsed...
Note 13707: Node clkgenerator_freqdivide_2_n_55_0_2_n is collapsed...
Note 13707: Node playinst_n_17_0_9_n is collapsed...
Note 13707: Node playinst_n_313_1_n is collapsed...
Note 13707: Node playinst_n_15_0_14_n is collapsed...
Note 13707: Node clkgenerator_freqdivide_1_n_27_n is collapsed...
Note 13707: Node playinst_n_265_n is collapsed...
Note 13707: Node clkgenerator_freqdivide_2_n_55_0_1_n is collapsed...
Note 13707: Node playinst_n_17_0_8_n is collapsed...
Note 13707: Node playinst_n_40_i_1_n is collapsed...
Note 13707: Node playinst_n_545_i_1_n is collapsed...
Note 13707: Node clkgenerator_freqdivide_1_n_29_n is collapsed...
Note 13707: Node playinst_n_263_n is collapsed...
Note 13707: Node clkgenerator_freqdivide_2_n_58_0_1_n is collapsed...
Note 13707: Node playinst_n_17_0_7_n is collapsed...
Note 13707: Node playinst_n_665_n is collapsed...
Note 13707: Node debouncerinst_1_timer15ms_n_49_n is collapsed...
Note 13707: Node playinst_n_289_1_n is collapsed...
Note 13707: Node playinst_n_257_n is collapsed...
Note 13707: Node debouncerinst_1_timer15ms_n_70_6_n is collapsed...
Note 13707: Node playinst_n_17_0_6_n is collapsed...
Note 13707: Node debouncerinst_1_timer15ms_n_56_n is collapsed...
Note 13707: Node debouncerinst_1_timer15ms_n_57_n is collapsed...
Note 13707: Node clkgenerator_freqdivide_1_n_32_n is collapsed...
Note 13707: Node playinst_n_691_n is collapsed...
Note 13707: Node debouncerinst_1_timer15ms_n_70_5_n is collapsed...
Note 13707: Node playinst_n_17_0_5_n is collapsed...
Note 13707: Node playinst_n_299_0_n is collapsed...
Note 13707: Node playinst_n_187_1_n is collapsed...
Note 13707: Node clkgenerator_freqdivide_1_n_31_n is collapsed...
Note 13707: Node playinst_n_251_n is collapsed...
Note 13707: Node debouncerinst_1_timer15ms_n_70_4_n is collapsed...
Note 13707: Node playinst_n_17_0_4_n is collapsed...
Note 13707: Node debouncerinst_1_timer15ms_n_58_n is collapsed...
Note 13707: Node playinst_n_549_i_1_n is collapsed...
Note 13707: Node playinst_n_249_n is collapsed...
Note 13707: Node debouncerinst_1_timer15ms_n_70_3_n is collapsed...
Note 13707: Node playinst_n_17_0_3_n is collapsed...
Note 13707: Node N_9_0 is collapsed...
Note 13707: Node debouncerinst_1_timer15ms_n_60_n is collapsed...
Note 13707: Node playinst_n_246_n is collapsed...
Note 13707: Node debouncerinst_1_timer15ms_n_70_2_n is collapsed...
Note 13707: Node playinst_n_17_0_2_n is collapsed...
Note 13707: Node playinst_n_543_i_1_n is collapsed...
Note 13707: Node debouncerinst_1_timer15ms_n_62_n is collapsed...
Note 13707: Node playInst_G_114 is collapsed...
Note 13707: Node playinst_n_245_n is collapsed...
Note 13707: Node debouncerinst_1_timer15ms_n_70_1_n is collapsed...
Note 13707: Node playinst_n_17_0_1_n is collapsed...
Note 13707: Node playinst_n_278_1_n is collapsed...
Note 13707: Node playinst_n_218_n is collapsed...
Note 13707: Node playInst_G_116 is collapsed...
Note 13707: Node playinst_n_244_n is collapsed...
Note 13707: Node debouncerinst_1_timer_done_7_n is collapsed...
Note 13707: Node un1_stop_1_0_1 is collapsed...
Note 13707: Node playinst_n_38_i_1_n is collapsed...
Note 13707: Node debouncerinst_1_timer15ms_n_63_n is collapsed...
Note 13707: Node playInst_G_118 is collapsed...
Note 13707: Node playinst_n_241_n is collapsed...
Note 13707: Node debouncerinst_1_timer_done_6_n is collapsed...
Note 13707: Node playinst_n_28_i_2_n is collapsed...
Note 13707: Node playinst_n_650_0_n is collapsed...
Note 13707: Node playinst_n_763_n is collapsed...
Note 13707: Node playInst_G_120 is collapsed...
Note 13707: Node playinst_n_687_n is collapsed...
Note 13707: Node debouncerinst_1_timer_done_5_n is collapsed...
Note 13707: Node playinst_n_28_i_1_n is collapsed...
Note 13707: Node playinst_n_276_1_n is collapsed...
Note 13707: Node playinst_n_34_i_1_n is collapsed...
Note 13707: Node playinst_n_226_n is collapsed...
Note 13707: Node debouncerinst_1_timer_done_4_n is collapsed...
Note 13707: Node playinst_n_19_0_10_n is collapsed...
Note 13707: Node playinst_cntsp_4_13__un1_n is collapsed...
Note 13707: Node debouncerinst_1_timer15ms_n_65_n is collapsed...
Note 13707: Node playInst_G_108_0_x2_0_x2 is collapsed...
Note 13707: Node playinst_n_682_n is collapsed...
Note 13707: Node debouncerinst_1_timer_done_3_n is collapsed...
Note 13707: Node playinst_n_19_0_9_n is collapsed...
Note 13707: Node playinst_n_281_n is collapsed...
Note 13707: Node playinst_n_81_i_1_n is collapsed...
Note 13707: Node playinst_n_680_n is collapsed...
Note 13707: Node debouncerinst_1_timer_done_2_n is collapsed...
Note 13707: Node playinst_n_19_0_8_n is collapsed...
Note 13707: Node playinst_n_238_n is collapsed...
Note 13707: Node playinst_n_30_i_1_n is collapsed...
Note 13707: Node playinst_n_679_n is collapsed...
Note 13707: Node debouncerinst_1_timer_done_1_n is collapsed...
Note 13707: Node playinst_n_19_0_7_n is collapsed...
Note 13707: Node playinst_n_703_1_n is collapsed...
Note 13707: Node debouncerinst_1_timer15ms_n_66_n is collapsed...
Note 13707: Node playinst_n_148_1_n is collapsed...
Note 13707: Node playinst_n_19_0_6_n is collapsed...
Note 13707: Node debouncerinst_1_timer15ms_n_69_n is collapsed...
Note 13707: Node playInst_CntSone_3_i_0_x2_6_ is collapsed...
Note 13707: Node debouncerinst_1_timer15ms_n_51_0_1_n is collapsed...
Note 13707: Node playinst_n_116_n is collapsed...
Note 13707: Node playinst_n_146_1_n is collapsed...
Note 13707: Node playinst_n_33_i_1_n is collapsed...
Note 13707: Node debouncerinst_1_timer15ms_n_52_0_1_n is collapsed...
Note 13707: Node playInst_CntSone_3_i_0_x2_2_ is collapsed...
Note 13707: Node playinst_n_273_1_n is collapsed...
Note 13707: Node playinst_n_178_1_n is collapsed...
Note 13707: Node debouncerinst_1_timer15ms_n_53_0_1_n is collapsed...
Note 13707: Node playinst_n_162_n is collapsed...
Note 13707: Node playinst_n_266_1_n is collapsed...
Note 13707: Node playinst_n_265_1_n is collapsed...
Note 13707: Node debouncerinst_1_timer15ms_n_54_0_1_n is collapsed...
Note 13707: Node playinst_n_19_0_2_n is collapsed...
Note 13707: Node playinst_tone_7_i_a2_i_0_m2_3__un1_n is collapsed...
Note 13707: Node playinst_n_263_1_n is collapsed...
Note 13707: Node debouncerinst_1_timer15ms_n_55_0_1_n is collapsed...
Note 13707: Node playinst_n_117_n is collapsed...
Note 13707: Node playinst_n_688_1_n is collapsed...
Note 13707: Node playinst_n_257_1_n is collapsed...
Note 13707: Node playinst_n_670_n is collapsed...
Note 13707: Node debouncerinst_1_timer15ms_n_35_0_1_n is collapsed...
Note 13707: Node playinst_n_256_n is collapsed...
Note 13707: Node playinst_n_688_2_n is collapsed...
Note 13707: Node playinst_n_189_n is collapsed...
Note 13707: Node debouncerinst_1_timer15ms_n_39_0_1_n is collapsed...
Note 13707: Node playinst_cntsp_4_2__un1_n is collapsed...
Note 13707: Node playinst_n_691_1_n is collapsed...
Note 13707: Node playinst_n_251_1_n is collapsed...
Note 13707: Node playinst_n_186_n is collapsed...
Note 13707: Node debouncerinst_2_timer15ms_n_70_6_n is collapsed...
Note 13707: Node playinst_n_249_1_n is collapsed...
Note 13707: Node playinst_cntsp_4_2__un0_n is collapsed...
Note 13707: Node playinst_n_321_0_n is collapsed...
Note 13707: Node playinst_n_666_n is collapsed...
Note 13707: Node debouncerinst_2_timer15ms_n_70_5_n is collapsed...
Note 13707: Node playinst_n_173_1_n is collapsed...
Note 13707: Node playinst_n_178_2_n is collapsed...
Note 13707: Node playinst_n_689_1_n is collapsed...
Note 13707: Node playinst_n_181_n is collapsed...
Note 13707: Node debouncerinst_2_timer15ms_n_70_4_n is collapsed...
Note 13707: Node clkgenerator_freqdivide_2_n_31_0_n is collapsed...
Note 13707: Node playinst_n_246_1_n is collapsed...
Note 13707: Node playinst_n_648_i_n is collapsed...
Note 13707: Node playinst_n_180_n is collapsed...
Note 13707: Node debouncerinst_2_timer15ms_n_70_3_n is collapsed...
Note 13707: Node playinst_n_245_1_n is collapsed...
Note 13707: Node playinst_cntsp_4_3__un1_n is collapsed...
Note 13707: Node playinst_n_649_0_n is collapsed...
Note 13707: Node playinst_n_175_n is collapsed...
Note 13707: Node debouncerinst_2_timer15ms_n_70_2_n is collapsed...
Note 13707: Node playinst_cntsp12_12_n is collapsed...
Note 13707: Node playinst_n_244_1_n is collapsed...
Note 13707: Node playinst_n_701_n is collapsed...
Note 13707: Node playinst_n_239_1_n is collapsed...
Note 13707: Node debouncerinst_2_timer15ms_n_70_1_n is collapsed...
Note 13707: Node playinst_n_652_0_n is collapsed...
Note 13707: Node playinst_n_241_1_n is collapsed...
Note 13707: Node debouncerinst_2_timer_done_7_n is collapsed...
Note 13707: Node playinst_n_7_i_n is collapsed...
Note 13707: Node playinst_n_239_2_n is collapsed...
Note 13707: Node playinst_n_118_n is collapsed...
Note 13707: Node playInst_G_83 is collapsed...
Note 13707: Node debouncerinst_2_timer_done_6_n is collapsed...
Note 13707: Node playinst_n_240_1_n is collapsed...
Note 13707: Node playinst_n_190_n is collapsed...
Note 13707: Node playInst_G_85 is collapsed...
Note 13707: Node playinst_cntsp_4_4__un1_n is collapsed...
Note 13707: Node debouncerinst_2_timer_done_5_n is collapsed...
Note 13707: Node playinst_n_226_1_n is collapsed...
Note 13707: Node playinst_n_337_0_n is collapsed...
Note 13707: Node playinst_n_240_2_n is collapsed...
Note 13707: Node playInst_G_87 is collapsed...
Note 13707: Node debouncerinst_2_timer_done_4_n is collapsed...
Note 13707: Node playinst_cntsp12_11_n is collapsed...
Note 13707: Node playinst_n_240_3_n is collapsed...
Note 13707: Node playInst_G_91 is collapsed...
Note 13707: Node debouncerinst_2_timer_done_3_n is collapsed...
Note 13707: Node playinst_n_692_n is collapsed...
Note 13707: Node playinst_cntsp_4_5__un1_n is collapsed...
Note 13707: Node playinst_cntsp12_10_n is collapsed...
Note 13707: Node debouncerinst_2_timer_done_2_n is collapsed...
Note 13707: Node playinst_n_145_n is collapsed...
Note 13707: Node playinst_n_744_n is collapsed...
Note 13707: Node playInst_G_79_0_x2_0_x2 is collapsed...
Note 13707: Node playinst_n_242_1_n is collapsed...
Note 13707: Node debouncerinst_2_timer_done_1_n is collapsed...
Note 13707: Node playinst_cntsp_4_5__un0_n is collapsed...
Note 13707: Node playinst_n_745_n is collapsed...
Note 13707: Node playinst_n_357_n is collapsed...
Note 13707: Node playinst_n_678_1_n is collapsed...
Note 13707: Node playinst_n_743_n is collapsed...
Note 13707: Node playinst_n_242_2_n is collapsed...
Note 13707: Node debouncerinst_3_timer15ms_n_70_n is collapsed...
Note 13707: Node playinst_n_676_1_n is collapsed...
Note 13707: Node debouncerinst_2_timer15ms_n_51_0_1_n is collapsed...
Note 13707: Node playinst_n_127_n is collapsed...
Note 13707: Node playinst_cntsp12_9_n is collapsed...
Note 13707: Node playinst_n_675_1_n is collapsed...
Note 13707: Node clkGenerator_FreqDivide_1_q_n0 is collapsed...
Note 13707: Node playinst_n_128_n is collapsed...
Note 13707: Node debouncerinst_2_timer15ms_n_52_0_1_n is collapsed...
Note 13707: Node playinst_cntsp_4_6__un1_n is collapsed...
Note 13707: Node playinst_n_177_1_n is collapsed...
Note 13707: Node playinst_n_198_1_n is collapsed...
Note 13707: Node playInst_CntSone1_4_i_0_x2_5_ is collapsed...
Note 13707: Node debouncerinst_2_timer15ms_n_53_0_1_n is collapsed...
Note 13707: Node playinst_n_130_n is collapsed...
Note 13707: Node playinst_n_247_1_n is collapsed...
Note 13707: Node playinst_n_290_n is collapsed...
Note 13707: Node playinst_n_196_1_n is collapsed...
Note 13707: Node debouncerinst_3_controllerinst_state_ns_1_0__m3_un1_n is collapsed...
Note 13707: Node debouncerinst_2_timer15ms_n_54_0_1_n is collapsed...
Note 13707: Node playinst_n_746_n is collapsed...
Note 13707: Node playinst_n_131_n is collapsed...
Note 13707: Node playinst_n_195_1_n is collapsed...
Note 13707: Node playinst_sp_1_sqmuxa_n is collapsed...
Note 13707: Node debouncerinst_2_timer15ms_n_55_0_1_n is collapsed...
Note 13707: Node playinst_n_129_n is collapsed...
Note 13707: Node debouncerinst_3_timer15ms_n_69_n is collapsed...
Note 13707: Node playinst_n_247_2_n is collapsed...
Note 13707: Node playinst_n_670_1_n is collapsed...
Note 13707: Node playinst_n_189_1_n is collapsed...
Note 13707: Node debouncerinst_2_timer15ms_n_35_0_1_n is collapsed...
Note 13707: Node playinst_n_133_n is collapsed...
Note 13707: Node playInst_CntSone1_4_i_0_x2_6_ is collapsed...
Note 13707: Node playinst_cntsp12_8_n is collapsed...
Note 13707: Node playinst_n_200_n is collapsed...
Note 13707: Node debouncerinst_2_timer15ms_n_39_0_1_n is collapsed...
Note 13707: Node playinst_n_186_1_n is collapsed...
Note 13707: Node playinst_n_248_1_n is collapsed...
Note 13707: Node playinst_cntsp_4_7__un1_n is collapsed...
Note 13707: Node playinst_n_284_n is collapsed...
Note 13707: Node playinst_n_613_n is collapsed...
Note 13707: Node debouncerinst_3_timer15ms_n_70_6_n is collapsed...
Note 13707: Node playinst_n_666_1_n is collapsed...
Note 13707: Node playinst_n_124_n is collapsed...
Note 13707: Node ledscaninst_led_c_6_0_n is collapsed...
Note 13707: Node playinst_n_139_n is collapsed...
Note 13707: Node playinst_n_599_n is collapsed...
Note 13707: Node debouncerinst_3_timer15ms_n_70_5_n is collapsed...
Note 13707: Node playinst_n_248_2_n is collapsed...
Note 13707: Node playinst_n_181_1_n is collapsed...
Note 13707: Node playinst_n_598_n is collapsed...
Note 13707: Node debouncerinst_3_timer15ms_n_70_4_n is collapsed...
Note 13707: Node debouncerinst_2_controllerinst_state_ns_1_0__m3_un1_n is collapsed...
Note 13707: Node debouncerinst_3_timer15ms_n_49_n is collapsed...
Note 13707: Node playinst_n_140_n is collapsed...
Note 13707: Node debouncerinst_3_timer15ms_n_66_n is collapsed...
Note 13707: Node playinst_n_597_n is collapsed...
Note 13707: Node debouncerinst_3_timer15ms_n_70_3_n is collapsed...
Note 13707: Node playinst_n_180_1_n is collapsed...
Note 13707: Node ledscaninst_led_d_6_0_n is collapsed...
Note 13707: Node playinst_n_174_2_n is collapsed...
Note 13707: Node playinst_n_596_n is collapsed...
Note 13707: Node debouncerinst_3_timer15ms_n_70_2_n is collapsed...
Note 13707: Node playinst_cntsp_4_1__un1_n is collapsed...
Note 13707: Node playinst_n_175_1_n is collapsed...
Note 13707: Node playinst_cntsp12_7_n is collapsed...
Note 13707: Node playinst_n_595_n is collapsed...
Note 13707: Node debouncerinst_3_timer15ms_n_70_1_n is collapsed...
Note 13707: Node debouncerinst_3_timer15ms_n_56_n is collapsed...
Note 13707: Node playinst_n_688_n is collapsed...
Note 13707: Node playinst_n_315_i_1_n is collapsed...
Note 13707: Node playinst_n_765_n is collapsed...
Note 13707: Node playinst_n_594_n is collapsed...
Note 13707: Node debouncerinst_3_timer_done_7_n is collapsed...
Note 13707: Node playinst_cntsp12_1_n is collapsed...
Note 13707: Node playinst_cntsp_4_8__un1_n is collapsed...
Note 13707: Node playinst_n_123_n is collapsed...
Note 13707: Node playinst_n_593_n is collapsed...
Note 13707: Node debouncerinst_3_timer_done_6_n is collapsed...
Note 13707: Node debouncerinst_3_timer15ms_n_57_n is collapsed...
Note 13707: Node playinst_n_177_2_n is collapsed...
Note 13707: Node playinst_n_315_i_2_n is collapsed...
Note 13707: Node playinst_n_185_n is collapsed...
Note 13707: Node playinst_n_592_n is collapsed...
Note 13707: Node debouncerinst_3_timer_done_5_n is collapsed...
Note 13707: Node playinst_n_293_i_1_n is collapsed...
Note 13707: Node clkgenerator_freqdivide_2_n_94_n is collapsed...
Note 13707: Node playinst_n_591_n is collapsed...
Note 13707: Node debouncerinst_3_timer_done_4_n is collapsed...
Note 13707: Node playinst_n_174_1_n is collapsed...
Note 13707: Node playinst_n_759_n is collapsed...
Note 13707: Node debouncerinst_3_timer15ms_n_65_n is collapsed...
Note 13707: Node clkgenerator_freqdivide_2_n_92_n is collapsed...
Note 13707: Node playinst_n_590_n is collapsed...
Note 13707: Node debouncerinst_3_timer_done_3_n is collapsed...
Note 13707: Node playinst_cntsp12_2_n is collapsed...
Note 13707: Node playinst_n_293_i_2_n is collapsed...
Note 13707: Node clkgenerator_freqdivide_2_n_91_n is collapsed...
Note 13707: Node playinst_n_589_n is collapsed...
Note 13707: Node debouncerinst_3_timer_done_2_n is collapsed...
Note 13707: Node playinst_cntsp12_6_n is collapsed...
Note 13707: Node debouncerinst_3_timer15ms_n_58_n is collapsed...
Note 13707: Node playinst_n_271_i_1_n is collapsed...
Note 13707: Node clkgenerator_freqdivide_2_n_90_n is collapsed...
Note 13707: Node playinst_n_588_n is collapsed...
Note 13707: Node debouncerinst_3_timer_done_1_n is collapsed...
Note 13707: Node playinst_n_758_n is collapsed...
Note 13707: Node playinst_n_242_n is collapsed...
Note 13707: Node clkgenerator_freqdivide_2_n_89_n is collapsed...
Note 13707: Node playinst_n_587_n is collapsed...
Note 13707: Node playinst_n_271_i_2_n is collapsed...
Note 13707: Node clkgenerator_freqdivide_2_n_80_n is collapsed...
Note 13707: Node playInst_CntSone1_4_i_0_x2_4_ is collapsed...
Note 13707: Node clkgenerator_freqdivide_2_n_88_n is collapsed...
Note 13707: Node debouncerinst_3_timer15ms_n_51_0_1_n is collapsed...
Note 13707: Node playinst_n_253_n is collapsed...
Note 13707: Node playinst_un1_tone_17_n is collapsed...
Note 13707: Node clkgenerator_freqdivide_2_n_87_n is collapsed...
Note 13707: Node playinst_n_176_n is collapsed...
Note 13707: Node debouncerinst_3_timer15ms_n_52_0_1_n is collapsed...
Note 13707: Node playinst_n_658_0_n is collapsed...
Note 13707: Node playinst_cntsp12_3_n is collapsed...
Note 13707: Node playinst_n_740_0_n is collapsed...
Note 13707: Node clkgenerator_freqdivide_2_n_86_n is collapsed...
Note 13707: Node debouncerinst_3_timer15ms_n_60_n is collapsed...
Note 13707: Node debouncerinst_3_timer15ms_n_53_0_1_n is collapsed...
Note 13707: Node playinst_un1_tone_14_n is collapsed...
Note 13707: Node clkgenerator_freqdivide_2_n_85_n is collapsed...
Note 13707: Node debouncerinst_3_timer15ms_n_63_n is collapsed...
Note 13707: Node debouncerinst_3_timer15ms_n_54_0_1_n is collapsed...
Note 13707: Node playinst_cntsp12_4_n is collapsed...
Note 13707: Node playinst_n_252_i_1_n is collapsed...
Note 13707: Node clkgenerator_freqdivide_2_n_81_n is collapsed...
Note 13707: Node playinst_cntsp_4_0__un1_n is collapsed...
Note 13707: Node debouncerinst_3_timer15ms_n_55_0_1_n is collapsed...
Note 13707: Node debouncerinst_3_timer15ms_n_62_n is collapsed...
Note 13707: Node playinst_n_741_i_n is collapsed...
Note 13707: Node debouncerinst_3_timer15ms_n_39_0_1_n is collapsed...
Note 13707: Node clkgenerator_freqdivide_2_n_82_n is collapsed...
Note 13707: Node clkgenerator_freqdivide_2_n_76_0_n is collapsed...
Note 13707: Node playinst_cntsp12_5_n is collapsed...
Note 13707: Node playinst_cntsp_4_0__un0_n is collapsed...
Note 13707: Node playinst_n_151_n is collapsed...
Note 13707: Node debouncerinst_3_timer15ms_n_35_0_1_n is collapsed...
Note 13707: Node playinst_n_732_n is collapsed...
Note 13707: Node playinst_cntsp_i_1__n is collapsed...
Note 13707: Node playinst_cntsp_i_4__n is collapsed...
Note 13707: Node debouncerinst_2_un1_timer15ms_i_4__n is collapsed...
Note 13707: Node debouncerinst_2_un1_timer15ms_i_6__n is collapsed...
Note 13707: Node debouncerinst_2_un1_timer15ms_i_7__n is collapsed...
Note 13707: Node playinst_cntsp_i_10__n is collapsed...
Note 13707: Node debouncerinst_3_un1_timer15ms_i_2__n is collapsed...
Note 13707: Node debouncerinst_3_un1_timer15ms_i_4__n is collapsed...
Note 13707: Node debouncerinst_3_un1_timer15ms_i_6__n is collapsed...
Note 13707: Node debouncerinst_3_un1_timer15ms_i_7__n is collapsed...
Note 13707: Node playinst_cntsone_i_5__n is collapsed...
Note 13707: Node playinst_n_728_n is collapsed...
Note 13707: Node playinst_cntsp_i_9__n is collapsed...
Note 13707: Node playinst_cntsp_i_6__n is collapsed...
Note 13707: Node playinst_cntsp_i_7__n is collapsed...
Note 13707: Node debouncerinst_2_un1_timer15ms_i_2__n is collapsed...
Note 13707: Node playinst_cntsone_i_0__n is collapsed...
Note 13707: Node sel_song_i_0__n is collapsed...
Note 13707: Node playinst_cntsone2_i_4__n is collapsed...
Note 13707: Node playinst_n_77_i_i_n is collapsed...
Note 13707: Node playinst_cntsone2_i_1__n is collapsed...
Note 13707: Node playinst_cntsone2_i_0__n is collapsed...
Note 13707: Node debouncerinst_1_un1_timer15ms_i_2__n is collapsed...
Note 13707: Node playinst_n_731_n is collapsed...
Note 13707: Node debouncerinst_1_un1_timer15ms_i_7__n is collapsed...
Note 13707: Node playinst_cntsp_i_3__n is collapsed...
Note 13707: Node debouncerinst_1_un1_timer15ms_i_6__n is collapsed...
Note 13707: Node debouncerinst_1_un1_timer15ms_i_4__n is collapsed...
Note 13707: Node N_12_i is collapsed...
Note 13707: Node playinst_n_80_n is collapsed...
Note 13707: Node sel_song_i_1__n is collapsed...
Note 13707: Node playinst_cntsp_i_0__n is collapsed...
Note 13707: Node clk_1kHz_i is collapsed...
Note 13707: Node playinst_n_629_n is collapsed...
Note 13707: Node playinst_n_234_n is collapsed...
Note 13707: Node playinst_n_275_0_n is collapsed...
Note 13707: Node playinst_n_302_n is collapsed...
Note 13707: Node playinst_n_228_n is collapsed...
Note 13707: Node playInst_tone_7_i_a2_i_0_x2_1_ is collapsed...
Note 13707: Node clkgenerator_freqdivide_1_q_c2_n is collapsed...
Note 13707: Node playinst_n_343_n is collapsed...
Note 13707: Node clkgenerator_freqdivide_1_q_c4_n is collapsed...
Note 13707: Node clkgenerator_freqdivide_1_q_c6_n is collapsed...
Note 13707: Node clkgenerator_freqdivide_1_q_c8_n is collapsed...
Note 13707: Node playinst_n_329_n is collapsed...
Note 13707: Node playinst_n_328_n is collapsed...
Note 13707: Node playinst_n_636_i_n is collapsed...
Note 13707: Node clkgenerator_freqdivide_1_q_c10_n is collapsed...
Note 13707: Node ledscaninst_n_114_n is collapsed...
Note 13707: Node playinst_n_760_n is collapsed...
Note 13707: Node playinst_n_306_n is collapsed...
Note 13707: Node playinst_n_640_i_n is collapsed...
Note 13707: Node clkgenerator_freqdivide_1_n_8_n is collapsed...
Note 13707: Node playinst_n_646_i_n is collapsed...
Note 13707: Node clkgenerator_freqdivide_2_n_102_n is collapsed...
Note 13707: Node playinst_un1_tone_12_n is collapsed...
Note 13707: Node playinst_n_125_n is collapsed...
Note 13707: Node playinst_n_767_n is collapsed...
Note 13707: Node playinst_n_122_n is collapsed...
Note 13707: Node playinst_n_134_n is collapsed...
Note 13707: Node playinst_n_270_n is collapsed...
Note 13707: Node playinst_n_311_n is collapsed...
Note 13707: Node playinst_n_294_n is collapsed...
Note 13707: Node playinst_un1_tone_26_0_n is collapsed...
Note 13707: Node playinst_n_126_n is collapsed...
Note 13707: Node playinst_n_208_n is collapsed...
Note 13707: Node clkgenerator_freqdivide_1_n_31_1_n is collapsed...
Note 13707: Node playinst_n_334_n is collapsed...
Note 13707: Node playinst_n_212_n is collapsed...
Note 13707: Node playinst_n_216_n is collapsed...
Note 13707: Node playinst_n_86_i_n is collapsed...
Note 13707: Node playinst_n_319_0_n is collapsed...
Note 13707: Node playinst_n_256_1_n is collapsed...
Note 13707: Node playinst_n_647_i_n is collapsed...
Note 13707: Node playinst_n_312_n is collapsed...
Note 13707: Node playinst_n_342_n is collapsed...
Note 13707: Node playinst_n_347_n is collapsed...
Note 13707: Node clkgenerator_freqdivide_2_n_104_n is collapsed...
Note 13707: Node debouncerinst_3_controllerinst_n_29_n is collapsed...
Note 13707: Node playinst_n_353_n is collapsed...
Note 13707: Node playinst_n_9_i_n is collapsed...
Note 13707: Node playinst_n_115_n is collapsed...
Note 13707: Node playinst_n_297_i_n is collapsed...
Note 13707: Node playinst_n_11_i_n is collapsed...
Note 13707: Node playinst_cntsone1_i_2__n is collapsed...
Note 13707: Node playinst_cntsone1_i_3__n is collapsed...
Note 13707: Node playinst_cntsone1_i_4__n is collapsed...
Note 13707: Node playinst_cntsone1_i_0__n is collapsed...
Note 13707: Node playinst_cntsone1_i_1__n is collapsed...
Note 13707: Node playinst_cntsone1_i_6__n is collapsed...
Note 13707: Node playinst_n_240_n is collapsed...
Note 13707: Node clkgenerator_freqdivide_2_n_83_n is collapsed...
Note 13707: Node clkGenerator_FreqDivide_1_q_n10 is collapsed...
Note 13707: Node playInst_G_145 is collapsed...
Note 13707: Node playinst_n_703_n is collapsed...
Note 13707: Node clkgenerator_freqdivide_2_n_84_n is collapsed...
Note 13707: Node clkGenerator_FreqDivide_1_q_n8 is collapsed...
Note 13707: Node debouncerinst_3_timer15ms_n_8_0_1_n is collapsed...
Note 13707: Node debouncerinst_3_timer15ms_n_48_0_n is collapsed...
Note 13707: Node playinst_cntsp_4_1__un0_n is collapsed...
Note 13707: Node playinst_n_687_1_n is collapsed...
Note 13707: Node clkGenerator_FreqDivide_1_q_n6 is collapsed...
Note 13707: Node playinst_n_651_n is collapsed...
Note 13707: Node playinst_tone_7_i_a2_i_0_m2_3__un0_n is collapsed...
Note 13707: Node debouncerinst_3_controllerinst_state_ns_1_0__m3_un0_n is collapsed...
Note 13707: Node playinst_cntsp_4_3__un0_n is collapsed...
Note 13707: Node playinst_n_689_n is collapsed...
Note 13707: Node playinst_cntsp_4_12__un0_n is collapsed...
Note 13707: Node clkGenerator_FreqDivide_1_q_n2 is collapsed...
Note 13707: Node playinst_n_689_2_n is collapsed...
Note 13707: Node playinst_n_276_n is collapsed...
Note 13707: Node debouncerinst_2_controllerinst_state_ns_1_0__m3_un0_n is collapsed...
Note 13707: Node debouncerinst_2_timer15ms_n_8_0_1_n is collapsed...
Note 13707: Node debouncerinst_2_timer15ms_n_48_0_n is collapsed...
Note 13707: Node clkGenerator_FreqDivide_1_q_n1 is collapsed...
Note 13707: Node playinst_cntsp_4_6__un0_n is collapsed...
Note 13707: Node playinst_n_187_n is collapsed...
Note 13707: Node debouncerinst_1_timer15ms_n_8_0_1_n is collapsed...
Note 13707: Node debouncerinst_1_timer15ms_n_48_0_n is collapsed...
Note 13707: Node playinst_n_21_0_n is collapsed...
Note 13707: Node playinst_tone_i_0__n is collapsed...
Note 13707: Node playinst_n_179_n is collapsed...
Note 13707: Node playinst_n_232_n is collapsed...
Note 13707: Node playinst_n_738_i_n is collapsed...
Note 13707: Node debouncerinst_2_timer15ms_n_45_0_n is collapsed...
Note 13707: Node playinst_n_635_i_n is collapsed...
Note 13707: Node playinst_n_310_n is collapsed...
Note 13707: Node playinst_n_720_n is collapsed...
Note 13707: Node playinst_n_332_n is collapsed...
Note 13707: Node debouncerinst_2_timer15ms_n_47_0_n is collapsed...
Note 13707: Node playinst_n_331_n is collapsed...
Note 13707: Node debouncerinst_1_timer15ms_n_43_0_n is collapsed...
Note 13707: Node playinst_n_756_n is collapsed...
Note 13707: Node clkgenerator_freqdivide_2_n_68_0_n is collapsed...
Note 13707: Node debouncerinst_1_timer15ms_n_45_0_n is collapsed...
Note 13707: Node playinst_n_351_n is collapsed...
Note 13707: Node debouncerinst_1_timer15ms_n_47_0_n is collapsed...
Note 13707: Node playinst_n_309_n is collapsed...
Note 13707: Node clkgenerator_freqdivide_1_q_c1_n is collapsed...
Note 13707: Node debouncerinst_3_timer15ms_n_43_0_n is collapsed...
Note 13707: Node clkgenerator_freqdivide_2_n_66_0_n is collapsed...
Note 13707: Node debouncerinst_3_timer15ms_n_45_0_n is collapsed...
Note 13707: Node debouncerinst_2_timer15ms_n_43_0_n is collapsed...
Note 13707: Node debouncerinst_3_timer15ms_n_47_0_n is collapsed...
Note 13707: Node playinst_n_716_n is collapsed...
Note 13707: Node playinst_n_643_i_n is collapsed...
Note 13707: Node playinst_n_560_i_n is collapsed...
Note 13707: Node playinst_n_766_n is collapsed...
Note 13707: Node playinst_n_639_i_n is collapsed...
Note 13707: Node clkgenerator_freqdivide_2_n_64_0_n is collapsed...
Note 13707: Node clkgenerator_freqdivide_2_n_61_0_n is collapsed...
Note 13707: Node playinst_n_201_n is collapsed...
Note 13707: Node playinst_n_304_n is collapsed...
Note 13707: Node clkgenerator_freqdivide_2_n_63_0_n is collapsed...
Note 13707: Node playinst_n_301_n is collapsed...
Note 13707: Node playinst_n_717_n is collapsed...
Note 13707: Node playinst_n_84_i_n is collapsed...
Note 13707: Node playinst_n_90_i_n is collapsed...
Note 13707: Node playinst_n_642_i_n is collapsed...
Note 13707: Node playinst_n_638_i_n is collapsed...
Note 13707: Node playinst_tone_i_2__n is collapsed...
Note 13707: Node playinst_n_300_n is collapsed...
Note 13707: Node playinst_n_298_n is collapsed...
Note 13707: Node playinst_n_295_n is collapsed...
Note 13707: Node clkgenerator_freqdivide_2_n_59_0_n is collapsed...
Note 13707: Node playinst_n_713_n is collapsed...
Note 13707: Node playinst_n_641_i_n is collapsed...
Note 13707: Node N_12 is collapsed...
Note 13707: Node playinst_n_146_n is collapsed...
Note 13707: Node playinst_n_313_n is collapsed...
Note 13707: Node playinst_tone_i_3__n is collapsed...
Note 13707: Node vcc_n_n is collapsed...
Note 13707: Node debouncerinst_1_timer15ms_n_42_0_n is collapsed...
Note 13707: Node debouncerinst_3_timer15ms_n_42_0_n is collapsed...
Note 13707: Node debouncerinst_2_timer15ms_n_42_0_n is collapsed...
Note 13707: Node playinst_n_631_i_n is collapsed...
Note 13707: Node playinst_tone_i_1__n is collapsed...
Note 13707: Node playinst_n_292_n is collapsed...
Note 13707: Node clkgenerator_freqdivide_2_n_60_0_n is collapsed...
Note 13707: Node playInst_G_93 is collapsed...
Note 13707: Node playInst_G_164 is collapsed...
Note 13707: Node playinst_n_240_4_n is collapsed...
Note 13707: Node playinst_n_264_n is collapsed...
Note 13707: Node playinst_cntsp_4_7__un0_n is collapsed...
Note 13707: Node playinst_cntsp_4_4__un0_n is collapsed...
Note 13707: Node clkGenerator_FreqDivide_1_q_n4 is collapsed...
Note 13707: Node clkGenerator_FreqDivide_1_q_n9 is collapsed...
Note 13707: Node debouncerinst_1_controllerinst_state_ns_0__n is collapsed...
Note 13707: Node playinst_n_15_0_n is collapsed...
Note 13707: Node playinst_cntsp_4_10__un0_n is collapsed...
Note 13707: Node clkGenerator_FreqDivide_1_q_n5 is collapsed...
Note 13707: Node playinst_n_701_3_n is collapsed...
Note 13707: Node playinst_cntsp_4_13__un0_n is collapsed...
Note 13707: Node playinst_n_729_i_n is collapsed...
Note 13707: Node playinst_n_288_n is collapsed...
Note 13707: Node clkgenerator_freqdivide_1_q_c5_n is collapsed...
Note 13707: Node clkgenerator_freqdivide_2_n_103_n is collapsed...
Note 13707: Node clkgenerator_freqdivide_1_q_c9_n is collapsed...
Note 13707: Node playinst_n_214_n is collapsed...
Note 13707: Node playinst_n_633_i_n is collapsed...
Note 13707: Node debouncerinst_1_timer15ms_n_33_i_n is collapsed...
Note 13707: Node debouncerinst_1_timer15ms_n_49_i_0_n is collapsed...
Note 13707: Node debouncerinst_2_timer15ms_n_49_i_0_n is collapsed...
Note 13707: Node debouncerinst_3_timer15ms_n_49_i_0_n is collapsed...
Note 13707: Node playinst_n_632_i_n is collapsed...
Note 13707: Node playinst_un1_tone_8_2_n is collapsed...
Note 13707: Node playinst_n_286_n is collapsed...
Note 13707: Node playinst_tone394_n is collapsed...
Note 13707: Node playinst_n_762_n is collapsed...
Note 13707: Node playinst_n_715_n is collapsed...
Note 13707: Node debouncerinst_2_timer15ms_n_46_0_n is collapsed...
Note 13707: Node debouncerinst_1_timer15ms_n_46_0_n is collapsed...
Note 13707: Node clkgenerator_freqdivide_2_n_67_0_n is collapsed...
Note 13707: Node playinst_n_305_n is collapsed...
Note 13707: Node playinst_n_182_n is collapsed...
Note 13707: Node debouncerinst_3_timer15ms_n_46_0_n is collapsed...
Note 13707: Node playinst_n_761_n is collapsed...
Note 13707: Node playinst_n_731_i_n is collapsed...
Note 13707: Node playinst_n_732_i_n is collapsed...
Note 13707: Node playinst_n_283_n is collapsed...
Note 13707: Node reset_c is collapsed...
Note 13707: Node playinst_n_80_i_n is collapsed...
Note 13707: Node clkgenerator_freqdivide_1_n_5_i_n is collapsed...
Note 13707: Node playinst_n_343_1_n is collapsed...
Note 13707: Node playinst_n_355_n is collapsed...
Note 13707: Node playinst_n_630_0_n is collapsed...
Note 13707: Node playinst_n_236_n is collapsed...
Note 13707: Node playinst_n_282_n is collapsed...
Note 13707: Node reset_i is collapsed...
Note 13707: Node playinst_cntsp_4_8__un0_n is collapsed...
Note 13707: Node playinst_n_242_3_n is collapsed...
Note 13707: Node playinst_n_178_3_n is collapsed...
Note 13707: Node playinst_n_272_n is collapsed...
Note 13707: Node playinst_cntsp_4_11__un0_n is collapsed...
Note 13707: Node playinst_n_345_n is collapsed...
Note 13707: Node playinst_n_330_n is collapsed...
Note 13707: Node clk_c is collapsed...
Note 13707: Node playinst_n_278_n is collapsed...
Note 13707: Node clkgenerator_freqdivide_2_n_102_5_n is collapsed...
Note 13707: Node clkgenerator_freqdivide_2_n_102_6_n is collapsed...
Note 13707: Node playinst_ensp40_i_n is collapsed...
Note 13707: Node clkgenerator_freqdivide_2_n_62_0_n is collapsed...
Note 13707: Node playinst_n_187_2_n is collapsed...
Note 13707: Node clkGenerator_FreqDivide_1_q_n3 is collapsed...
Note 13707: Node playinst_n_276_2_n is collapsed...
Note 13707: Node playinst_n_341_n is collapsed...
Note 13707: Node playinst_n_674_n is collapsed...
Note 13707: Node playinst_n_250_n is collapsed...
Note 13707: Node playinst_n_268_n is collapsed...
Note 13707: Node playinst_n_227_n is collapsed...
Note 13707: Node clkGenerator_FreqDivide_1_q_n11 is collapsed...
Note 13707: Node clkGenerator_FreqDivide_1_q_n7 is collapsed...
Note 13707: Node clkGenerator_FreqDivide_1_q_n12 is collapsed...
Note 13707: Node playinst_n_247_n is collapsed...
Note 13707: Node playinst_n_229_n is collapsed...
Note 13707: Node playinst_n_199_n is collapsed...
Note 13707: Node playinst_n_267_n is collapsed...
Note 13707: Node playinst_n_15_0_9_n is collapsed...
Note 13707: Node playinst_n_671_n is collapsed...
Note 13707: Node playinst_n_15_0_3_n is collapsed...
Note 13707: Node playinst_n_15_0_10_n is collapsed...
Note 13707: Node playinst_n_239_n is collapsed...
Note 13707: Node playinst_n_248_n is collapsed...
Note 13707: Node playinst_n_688_3_n is collapsed...
Note 13707: Node playinst_n_21_0_8_n is collapsed...
Note 13707: Node playinst_n_21_0_12_n is collapsed...
Note 13707: Node playinst_n_19_0_1_n is collapsed...
Note 13707: Node debouncerinst_1_timer15ms_n_70_n is collapsed...
Note 13707: Node debouncerinst_2_timer15ms_n_33_i_n is collapsed...
Note 13707: Node debouncerinst_3_timer15ms_n_33_i_n is collapsed...
Note 13707: Node playinst_n_21_0_10_n is collapsed...
Note 13707: Node playinst_n_19_0_n is collapsed...
Note 13707: Node playinst_n_15_0_11_n is collapsed...
Note 13707: Node playinst_n_17_0_n is collapsed...
Note 13707: Fmax mode optimizing 2 critical paths, 5 levels ...
Note 13707: Fmax mode optimizing 10 critical paths, 4 levels ...
Note 13707: Fmax mode optimizing 2 critical paths, 4 levels ...
Note 13707: Fmax mode optimizing 17 critical paths, 3 levels ...
Note 13707: Node playinst_n_21_0_9_n is collapsed...
Note 13707: Node playinst_n_15_0_12_n is collapsed...
Note 13707: Fmax mode optimizing 3 critical paths, 3 levels ...
Note 13707: Fmax mode optimizing 3 critical paths, 3 levels ...
Note 13707: Fmax mode optimizing 2 critical paths, 3 levels ...
Note 13707: Fmax mode optimizing 1 critical paths, 3 levels ...
Note 13707: Fmax mode optimizing 1 critical paths, 3 levels ...
Note 13707: Fmax mode optimizing 1 critical paths, 3 levels ...
Note 13707: Fmax mode optimizing 1 critical paths, 3 levels ...
Note 13707: Fmax mode optimizing 1 critical paths, 3 levels ...
Note 13707: Fmax mode optimizing 1 critical paths, 3 levels ...
Note 13707: Fmax mode optimizing 1 critical paths, 3 levels ...
Note 13707: Fmax mode optimizing 1 critical paths, 3 levels ...
Note 13707: Fmax mode optimizing 139 critical paths, 2 levels ...
Note 13707: Node playinst_n_19_0_3_n is collapsed...
Note 13707: Node playinst_n_686_n is collapsed...
Note 13707: Node playinst_un1_cntsp19_i_n is collapsed...
Note 13707: Node playinst_n_271_i_n is collapsed...
Note 13707: Node playinst_n_315_i_n is collapsed...
Note 13707: Node playinst_n_293_i_n is collapsed...
Note 13707: Node playinst_n_252_i_n is collapsed...
Note 13707: Node playinst_n_210_n is collapsed...
Note 13707: Node playinst_ensp_n is collapsed...
Note 13707: Fmax mode optimizing 57 critical paths, 2 levels ...
Note 13707: Node playinst_n_225_n is collapsed...
Note 13707: Node playinst_n_349_n is collapsed...
Note 13707: Node playinst_cntsp12_n is collapsed...
Note 13707: Node playinst_n_230_n is collapsed...
Note 13707: Node debouncerinst_3_timer15ms_n_44_0_n is collapsed...
Note 13707: Node debouncerinst_2_timer15ms_n_44_0_n is collapsed...
Note 13707: Node debouncerinst_1_timer15ms_n_44_0_n is collapsed...
Note 13707: Fmax mode optimizing 25 critical paths, 2 levels ...
Note 13707: Node debouncerinst_1_timer_done_n is collapsed...
Note 13707: Node clkgenerator_freqdivide_2_n_95_n is collapsed...
Note 13707: Node clkgenerator_freqdivide_2_n_65_0_n is collapsed...
Note 13707: Fmax mode optimizing 13 critical paths, 2 levels ...
Note 13707: Node debouncerinst_3_timer_done_n is collapsed...
Note 13707: Node clkgenerator_freqdivide_1_q_c3_n is collapsed...
Note 13707: Fmax mode optimizing 9 critical paths, 2 levels ...
Note 13707: Fmax mode optimizing 7 critical paths, 2 levels ...
Note 13707: Fmax mode optimizing 6 critical paths, 2 levels ...
Note 13707: Fmax mode stopped due to area constraint
Note 13707: Fmax mode stopped. 6 critical paths, 2 levels
Control path optimization...
Performing 'bypin choose' optimization...
.......................................................................Note    0: 
Estimated (clusters + macrocells): 233, Fmax Logic Level: 2
Note    0: Fmax mode did not meet constraint of 1 levels
Writing Open-ABEL 2 (BLIF) file labx_7_1.bl3...
Note    0: 
BLIFOPT complete - Time 9 seconds
Done: completed successfully.

Starting: 'D:\ispLEVER_Classic2_1\ispcpld\bin\abelvci.exe -vci labx_7_1.lct -dev lc4k -diofft labx_7_1.d0'

Done: completed successfully.

Starting: 'D:\ispLEVER_Classic2_1\ispcpld\bin\mdiofft.exe labx_7_1.bl3 -family AMDMACH -idev van -o labx_7_1.bl4 -oxrf labx_7_1.xrf -err automake.err @labx_7_1.d0 -gui'

DIOFFT  Flip-Flop Transformation program
ispLEVER Classic 2.1 Copyright 1992-2020 Lattice Semiconductor. All Rights Reserved.
Input file: labx_7_1.bl3.
Output file: labx_7_1.bl4.
Cross reference file: labx_7_1.xrf.

.......................................................................
.......................................................................
.......................................................................
.......................................................................
.......................................................................
.......................................................................
.......................................................................
.......................................................................
..............................................................
Shortening signal names...
Writing signal name cross reference file labx_7_1.xrf... 

DIOFFT complete Partially retargeted. - Time 1 seconds
Done: completed successfully.

Starting: 'D:\ispLEVER_Classic2_1\ispcpld\bin\abelvci.exe -vci labx_7_1.lct -dev lc4k -prefit labx_7_1.l0'

Done: completed successfully.

Starting: 'D:\ispLEVER_Classic2_1\ispcpld\bin\prefit.exe -blif -inp labx_7_1.bl4 -out labx_7_1.bl5 -err automake.err -log labx_7_1.log -mod toplevel @labx_7_1.l0 -gui -sc'

Prefit Logic Optimizer (May 31 2012)  Fri Jun 16 04:21:16 2023

D:\ispLEVER_Classic2_1\ispcpld\bin\prefit.exe -blif -inp labx_7_1.bl4 -out labx_7_1.bl5 -err automake.err -log labx_7_1.log -mod toplevel @labx_7_1.l0 -gui -sc 
<Note> F34000: sp.CE has too many product terms. An node will be applied.
<Note> F34000: inst_play_enable.AR has too many product terms. An node will be applied.
<Note> F34000: debouncerInst_1_timer15ms_q_1_.CE has too many product terms. An node will be applied.
<Note> F34000: debouncerInst_1_timer15ms_q_2_.CE has too many product terms. An node will be applied.
<Note> F34000: debouncerInst_1_timer15ms_q_3_.CE has too many product terms. An node will be applied.
<Note> F34000: debouncerInst_1_timer15ms_q_4_.CE has too many product terms. An node will be applied.
<Note> F34000: debouncerInst_1_timer15ms_q_5_.CE has too many product terms. An node will be applied.
<Note> F34000: debouncerInst_1_timer15ms_q_6_.CE has too many product terms. An node will be applied.
<Note> F34000: debouncerInst_1_timer15ms_q_7_.CE has too many product terms. An node will be applied.
<Note> F34000: debouncerInst_1_timer15ms_q_8_.CE has too many product terms. An node will be applied.
<Note> F34000: debouncerInst_1_timer15ms_q_9_.CE has too many product terms. An node will be applied.
<Note> F34000: playInst_tone_0_.CE has too many product terms. An node will be applied.
<Note> F34000: playInst_tone_1_.CE has too many product terms. An node will be applied.
<Note> F34000: playInst_tone_2_.CE has too many product terms. An node will be applied.
<Note> F34000: playInst_tone_3_.CE has too many product terms. An node will be applied.
<Note> F34000: playInst_CntSp_4_.CE has too many product terms. An node will be applied.
<Note> F34000: playInst_CntSp_10_.CE has too many product terms. An node will be applied.
<Note> F34000: playInst_CntSp_0_.CE has too many product terms. An node will be applied.
<Note> F34000: playInst_CntSp_7_.CE has too many product terms. An node will be applied.
<Note> F34000: playInst_CntSp_6_.CE has too many product terms. An node will be applied.
<Note> F34000: playInst_CntSp_2_.CE has too many product terms. An node will be applied.
<Note> F34000: playInst_CntSp_12_.CE has too many product terms. An node will be applied.
<Note> F34000: playInst_CntSp_3_.CE has too many product terms. An node will be applied.
<Note> F34000: playInst_CntSp_13_.CE has too many product terms. An node will be applied.
<Note> F34000: playInst_CntSp_5_.CE has too many product terms. An node will be applied.
<Note> F34000: playInst_CntSp_9_.CE has too many product terms. An node will be applied.
<Note> F34000: playInst_CntSp_8_.CE has too many product terms. An node will be applied.
<Note> F34000: playInst_CntSp_11_.CE has too many product terms. An node will be applied.
<Note> F34000: playInst_CntSp_1_.CE has too many product terms. An node will be applied.
<Note> F34000: playInst_origin_0_.LH has too many product terms. An node will be applied.
<Note> F34000: playInst_origin_1_.LH has too many product terms. An node will be applied.
<Note> F34000: playInst_origin_1_.AR has too many product terms. An node will be applied.
<Note> F34000: playInst_origin_2_.AR has too many product terms. An node will be applied.
<Note> F34000: playInst_origin_4_.AR has too many product terms. An node will be applied.
<Note> F34000: playInst_origin_6_.LH has too many product terms. An node will be applied.
<Note> F34000: playInst_origin_6_.AR has too many product terms. An node will be applied.
<Note> F34000: playInst_origin_7_.LH has too many product terms. An node will be applied.
<Note> F34000: playInst_origin_7_.AR has too many product terms. An node will be applied.
<Note> F34000: playInst_origin_10_.LH has too many product terms. An node will be applied.
<Note> F34000: playInst_origin_10_.AR has too many product terms. An node will be applied.
<Note> F34000: playInst_origin_11_.LH has too many product terms. An node will be applied.
<Note> F34000: playInst_origin_11_.AR has too many product terms. An node will be applied.
<Note> F34000: playInst_origin_3_.LH has too many product terms. An node will be applied.
<Note> F34000: playInst_origin_3_.AR has too many product terms. An node will be applied.
<Note> F34000: playInst_origin_5_.LH has too many product terms. An node will be applied.
<Note> F34000: playInst_origin_8_.LH has too many product terms. An node will be applied.
<Note> F34000: playInst_origin_9_.LH has too many product terms. An node will be applied.
<Note> F34000: playInst_origin_9_.AR has too many product terms. An node will be applied.
<Note> F34000: playInst_origin_12_.LH has too many product terms. An node will be applied.
<Note> F34000: playInst_origin_12_.AR has too many product terms. An node will be applied.
<Note> F34000: debouncerInst_3_timer15ms_q_1_.CE has too many product terms. An node will be applied.
<Note> F34000: debouncerInst_3_timer15ms_q_2_.CE has too many product terms. An node will be applied.
<Note> F34000: debouncerInst_3_timer15ms_q_3_.CE has too many product terms. An node will be applied.
<Note> F34000: debouncerInst_3_timer15ms_q_4_.CE has too many product terms. An node will be applied.
<Note> F34000: debouncerInst_3_timer15ms_q_5_.CE has too many product terms. An node will be applied.
<Note> F34000: debouncerInst_3_timer15ms_q_6_.CE has too many product terms. An node will be applied.
<Note> F34000: debouncerInst_3_timer15ms_q_7_.CE has too many product terms. An node will be applied.
<Note> F34000: debouncerInst_3_timer15ms_q_8_.CE has too many product terms. An node will be applied.
<Note> F34000: debouncerInst_3_timer15ms_q_9_.CE has too many product terms. An node will be applied.
<Note> F34000: debouncerInst_2_timer15ms_q_1_.CE has too many product terms. An node will be applied.
<Note> F34000: debouncerInst_2_timer15ms_q_2_.CE has too many product terms. An node will be applied.
<Note> F34000: debouncerInst_2_timer15ms_q_3_.CE has too many product terms. An node will be applied.
<Note> F34000: debouncerInst_2_timer15ms_q_4_.CE has too many product terms. An node will be applied.
<Note> F34000: debouncerInst_2_timer15ms_q_5_.CE has too many product terms. An node will be applied.
<Note> F34000: debouncerInst_2_timer15ms_q_6_.CE has too many product terms. An node will be applied.
<Note> F34000: debouncerInst_2_timer15ms_q_7_.CE has too many product terms. An node will be applied.
<Note> F34000: debouncerInst_2_timer15ms_q_8_.CE has too many product terms. An node will be applied.
<Note> F34000: debouncerInst_2_timer15ms_q_9_.CE has too many product terms. An node will be applied.
<Note> F34000: buried node sp_0 generated
<Note> F34000: buried node inst_play_enable_0 generated
<Note> F34000: buried node debouncerInst_1_timer15ms_q_1__0 generated
<Note> F34000: buried node playInst_tone_0__0 generated
<Note> F34000: buried node playInst_CntSp_4__0 generated
<Note> F34000: buried node playInst_origin_0__0 generated
<Note> F34000: buried node playInst_origin_1__0 generated
<Note> F34000: buried node playInst_origin_1__1 generated
<Note> F34000: buried node playInst_origin_2__0 generated
<Note> F34000: buried node playInst_origin_4__0 generated
<Note> F34000: buried node playInst_origin_6__0 generated
<Note> F34000: buried node playInst_origin_6__1 generated
<Note> F34000: buried node playInst_origin_7__0 generated
<Note> F34000: buried node playInst_origin_7__1 generated
<Note> F34000: buried node playInst_origin_10__0 generated
<Note> F34000: buried node playInst_origin_10__1 generated
<Note> F34000: buried node playInst_origin_11__0 generated
<Note> F34000: buried node playInst_origin_11__1 generated
<Note> F34000: buried node playInst_origin_3__0 generated
<Note> F34000: buried node playInst_origin_3__1 generated
<Note> F34000: buried node playInst_origin_5__0 generated
<Note> F34000: buried node playInst_origin_8__0 generated
<Note> F34000: buried node playInst_origin_9__0 generated
<Note> F34000: buried node playInst_origin_9__1 generated
<Note> F34000: buried node playInst_origin_12__0 generated
<Note> F34000: buried node playInst_origin_12__1 generated
<Note> F34000: buried node debouncerInst_3_timer15ms_q_1__0 generated
<Note> F34000: buried node debouncerInst_2_timer15ms_q_1__0 generated

Number of pins (IO)    :    33
Number of outputs (MC) :   227
Number of registers    :   129
Number of logic pterms :   532
D:\ispLEVER_Classic2_1\ispcpld\bin\prefit.exe complete - Time 0 seconds

Done: completed successfully.

Starting: 'D:\ispLEVER_Classic2_1\ispcpld\bin\lpf4k.exe @"labx_7_1.rs2"'

<Warning>  P38088:  Balanced partitioning turned off.
Project 'labx_7_1' was Fitted Successfully!

Done: completed successfully.

Starting: 'D:\ispLEVER_Classic2_1\ispcpld\bin\tda.exe -i labx_7_1.bl5 -o labx_7_1.tda -lci labx_7_1.lct -dev m4s_256_96 -family lc4k -mod toplevel -ovec NoInput.tmv -err tda.err -gui'

TDA  - Timing Driven Analyze 
Ver. 1.0, supported by Lattice Semiconductor
ispLEVER Classic 2.1 Copyright 1992-2020 Lattice Semiconductor. All Rights Reserved.

TDA complete - Time 1 seconds
Done: completed successfully.

Starting: 'D:\ispLEVER_Classic2_1\ispcpld\bin\synsvf.exe -exe "D:\ispLEVER_Classic2_1\ispvmsystem/ispufw" -prj labx_7_1 -if labx_7_1.jed -j2s -log labx_7_1.svl -gui'

Need not generate svf file according to the constraints, exit
Done: completed successfully.
