Running in Lattice mode


Starting:    D:\ispLEVER_Classic2_1\synpbase\win64\mbin\synbatch.exe
Install:     D:\ispLEVER_Classic2_1\synpbase
Date:        Fri Jun 09 11:32:59 2023
Version:     I-2014.03LC 

Arguments:   -product synplify_pro  -batch d:/myducuments/_junior_1/electricsystemdesign/isp_labx/labx_7_1\toplevel.prj
ProductType: synplify_pro





log file: "D:\myducuments\_junior_1\electricsystemdesign\isp_labx\labx_7_1\toplevel.srr"

Running toplevel|labx_7_1

Running: Compile on toplevel|labx_7_1

Running: Compile Process on toplevel|labx_7_1

Running: Compile Input on toplevel|labx_7_1
Copied D:\myducuments\_junior_1\electricsystemdesign\isp_labx\labx_7_1\synwork\toplevel_comp.srs to D:\myducuments\_junior_1\electricsystemdesign\isp_labx\labx_7_1\toplevel.srs
compiler Completed with warnings
Return Code: 1
Run Time:0h:00m:01s

Running: Multi-srs Generator on toplevel|labx_7_1
Copied D:\myducuments\_junior_1\electricsystemdesign\isp_labx\labx_7_1\synwork\toplevel_comp.srs to D:\myducuments\_junior_1\electricsystemdesign\isp_labx\labx_7_1\synwork\toplevel_s.srs
multi_srs_gen Completed
Return Code: 0
Run Time:0h:00m:00s
Copied D:\myducuments\_junior_1\electricsystemdesign\isp_labx\labx_7_1\synwork\toplevel_mult.srs to D:\myducuments\_junior_1\electricsystemdesign\isp_labx\labx_7_1\toplevel.srs
Copied D:\myducuments\_junior_1\electricsystemdesign\isp_labx\labx_7_1\toplevel.srr to D:\myducuments\_junior_1\electricsystemdesign\isp_labx\labx_7_1\toplevel.srf
Complete: Compile Process on toplevel|labx_7_1
Complete: Compile on toplevel|labx_7_1

Running: Map on toplevel|labx_7_1

Running: Map & Optimize on toplevel|labx_7_1
fpga_mapper Completed with warnings
Return Code: 1
Run Time:0h:00m:01s
Complete: Map on toplevel|labx_7_1
Copied D:\myducuments\_junior_1\electricsystemdesign\isp_labx\labx_7_1\toplevel.srr to D:\myducuments\_junior_1\electricsystemdesign\isp_labx\labx_7_1\toplevel.srf
Complete: Logic Synthesis on toplevel|labx_7_1

exit status=0

exit status=0

