2 40bc74
0 7ffebac8
2 40bc78
2 40bc7c
0 1000fff0
2 40bc80
2 40bc84
2 40bc88
2 40bc8c
2 40bc90
2 40bc94
0 100122f8
2 40bc98
1 7ffebac8
2 40bc9c
2 40bca0
2 40bca4
2 40bca8
2 40bcac
2 40bcb0
0 1000ffec
2 40bcb4
0 7ffebac8
2 40bcb8
2 40bcbc
2 40bcc0
2 40bcc4
2 40bcc8
0 7ffebad4
2 40bccc
0 7ffebac4
2 40bcd0
2 40bcd4
2 40bcd8
0 10012058
2 40bcdc
0 1001205c
2 40bce0
2 40bce4
2 40bce8
1 10011d00
2 40bcec
1 10011d04
2 40bcf0
0 7ffebac8
2 40bcf4
2 40bcf8
0 1000fff0
2 40bcfc
2 40bd00
2 40bd04
2 40bd08
2 40bd0c
2 40bd10
0 100122fc
2 40bd14
1 7ffebac8
2 40bd18
2 40bd1c
2 40bd20
2 40bd24
2 40bbd4
2 40bbd8
0 1000ffec
2 40bbdc
0 7ffebac8
2 40bbe0
2 40bbe4
2 40bbe8
2 40bbec
2 40bbf0
0 10012060
2 40bbf4
0 10012064
2 40bbf8
0 7ffeba68
2 40bbfc
2 40bc00
1 7ffebae0
2 40bc04
2 40bc08
1 7ffebae4
2 40bc1c
1 7ffebac4
2 40bc20
0 7ffebac4
2 40bc24
0 7ffeba64
2 40bc28
2 40bc2c
2 40bc30
2 40bc34
1 7ffebac4
2 40bc38
0 7ffeba88
2 40bc3c
0 7ffebac4
2 40bc40
2 40bc44
2 40bc48
2 40bc4c
2 40bc50
0 1000689c
2 40bc54
0 100068a0
2 40bc58
0 7ffebae0
2 40bc5c
0 7ffebae4
2 40bc60
2 40bc64
2 40bc68
2 40bc6c
2 40bc70
0 7ffebac4
2 40bc24
0 7ffeba64
2 40bc28
2 40bc2c
2 40bc30
2 40bc34
1 7ffebac4
2 40bc38
0 7ffeba88
2 40bc3c
0 7ffebac4
2 40bc40
2 40bc44
2 40bc48
2 40bc4c
2 40bc50
0 100068a4
2 40bc54
0 100068a8
2 40bc58
0 7ffebae0
2 40bc5c
0 7ffebae4
2 40bc60
2 40bc64
2 40bc68
2 40bc6c
2 40bc70
0 7ffebac4
2 40bc24
0 7ffeba64
2 40bc28
2 40bc2c
2 40bc30
2 40bc34
1 7ffebac4
2 40bc38
0 7ffeba88
2 40bc3c
0 7ffebac4
2 40bc40
2 40bc44
2 40bc48
2 40bc4c
2 40bc50
0 100068ac
2 40bc54
0 100068b0
2 40bc58
0 7ffebae0
2 40bc5c
0 7ffebae4
2 40bc60
2 40bc64
2 40bc68
2 40bc6c
2 40bc70
0 7ffebac4
2 40bc24
0 7ffeba64
2 40bc28
2 40bc2c
2 40bc30
2 40bc34
1 7ffebac4
2 40bc38
0 7ffeba88
2 40bc3c
0 7ffebac4
2 40bc40
2 40bc44
2 40bc48
2 40bc4c
2 40bc50
0 100068b4
2 40bc54
0 100068b8
2 40bc58
0 7ffebae0
2 40bc5c
0 7ffebae4
2 40bc60
2 40bc64
2 40bc68
2 40bc6c
2 40bc70
0 7ffebac4
2 40bc24
0 7ffeba64
2 40bc28
2 40bc2c
2 40bc30
2 40bc34
1 7ffebac4
2 40bc38
0 7ffeba88
2 40bc3c
0 7ffebac4
2 40bc40
2 40bc44
2 40bc48
2 40bc4c
2 40bc50
0 100068bc
2 40bc54
0 100068c0
2 40bc58
0 7ffebae0
2 40bc5c
0 7ffebae4
2 40bc60
2 40bc64
2 40bc68
2 40bc6c
2 40bc70
0 7ffebac4
2 40bc24
0 7ffeba64
2 40bc28
2 40bc2c
2 40bc30
2 40bc34
1 7ffebac4
2 40bc38
0 7ffeba88
2 40bc3c
0 7ffebac4
2 40bc40
2 40bc44
2 40bc48
2 40bc4c
2 40bc50
0 100068c4
2 40bc54
0 100068c8
2 40bc58
0 7ffebae0
2 40bc5c
0 7ffebae4
2 40bc60
2 40bc64
2 40bc68
2 40bc6c
2 40bc70
0 7ffebac4
2 40bc24
0 7ffeba64
2 40bc28
2 40bc2c
2 40bc30
2 40bc34
1 7ffebac4
2 40bc38
0 7ffeba88
2 40bc3c
0 7ffebac4
2 40bc40
2 40bc44
2 40bc48
2 40bc4c
2 40bc50
0 100068cc
2 40bc54
0 100068d0
2 40bc58
0 7ffebae0
2 40bc5c
0 7ffebae4
2 40bc60
2 40bc64
2 40bc68
2 40bc6c
2 40bc70
0 7ffebac4
2 40bc24
0 7ffeba64
2 40bc28
2 40bc2c
2 40bc30
2 40bc34
1 7ffebac4
2 40bc38
0 7ffeba88
2 40bc3c
0 7ffebac4
2 40bc40
2 40bc44
2 40bc48
2 40bc4c
2 40bc50
0 100068d4
2 40bc54
0 100068d8
2 40bc58
0 7ffebae0
2 40bc5c
0 7ffebae4
2 40bc60
2 40bc64
2 40bc68
2 40bc6c
2 40bc70
0 7ffebac4
2 40bc24
0 7ffeba64
2 40bc28
2 40bc2c
2 40bc30
2 40bc34
1 7ffebac4
2 40bc38
0 7ffeba88
2 40bc3c
0 7ffebac4
2 40bc40
2 40bc44
2 40bc48
2 40bc4c
2 40bc50
0 100068dc
2 40bc54
0 100068e0
2 40bc58
0 7ffebae0
2 40bc5c
0 7ffebae4
2 40bc60
2 40bc64
2 40bc68
2 40bc6c
2 40bc70
0 7ffebac4
2 40bc24
0 7ffeba64
2 40bc28
2 40bc2c
2 40bc30
2 40bc34
1 7ffebac4
2 40bc38
0 7ffeba88
2 40bc3c
0 7ffebac4
2 40bc40
2 40bc44
2 40bc48
2 40bc4c
2 40bc50
0 100068e4
2 40bc54
0 100068e8
2 40bc58
0 7ffebae0
2 40bc5c
0 7ffebae4
2 40bc60
2 40bc64
2 40bc68
2 40bc6c
2 40bc70
0 7ffebac4
2 40bc24
0 7ffeba64
2 40bc28
2 40bc2c
2 40bc30
2 40bc34
1 7ffebac4
2 40bc38
0 7ffeba88
2 40bc3c
0 7ffebac4
2 40bc40
2 40bc44
2 40bc48
2 40bc4c
2 40bc50
0 100068ec
2 40bc54
0 100068f0
2 40bc58
0 7ffebae0
2 40bc5c
0 7ffebae4
2 40bc60
2 40bc64
2 40bc68
2 40bc6c
2 40bc70
0 7ffebac4
2 40bc24
0 7ffeba64
2 40bc28
2 40bc2c
2 40bc30
2 40bc34
1 7ffebac4
2 40bc38
0 7ffeba88
2 40bc3c
0 7ffebac4
2 40bc40
2 40bc44
2 40bc48
2 40bc4c
2 40bc50
0 100068f4
2 40bc54
0 100068f8
2 40bc58
0 7ffebae0
2 40bc5c
0 7ffebae4
2 40bc60
2 40bc64
2 40bc68
2 40bc6c
2 40bc70
0 7ffebac4
2 40bc24
0 7ffeba64
2 40bc28
2 40bc2c
2 40bc30
2 40bc34
1 7ffebac4
2 40bc38
0 7ffeba88
2 40bc3c
0 7ffebac4
2 40bc40
2 40bc44
2 40bc48
2 40bc4c
2 40bc50
0 100068fc
2 40bc54
0 10006900
2 40bc58
0 7ffebae0
2 40bc5c
0 7ffebae4
2 40bc60
2 40bc64
2 40bc68
2 40bc6c
2 40bc70
0 7ffebac4
2 40bc24
0 7ffeba64
2 40bc28
2 40bc2c
2 40bc30
2 40bc34
1 7ffebac4
2 40bc38
0 7ffeba88
2 40bc3c
0 7ffebac4
2 40bc40
2 40bc44
2 40bc48
2 40bc4c
2 40bc50
0 10006904
2 40bc54
0 10006908
2 40bc58
0 7ffebae0
2 40bc5c
0 7ffebae4
2 40bc60
2 40bc64
2 40bc68
2 40bc6c
2 40bc70
0 7ffebac4
2 40bc24
0 7ffeba64
2 40bc28
2 40bc2c
2 40bc30
2 40bc34
1 7ffebac4
2 40bc38
0 7ffeba88
2 40bc3c
0 7ffebac4
2 40bc40
2 40bc44
2 40bc48
2 40bc4c
2 40bc50
0 1000690c
2 40bc54
0 10006910
2 40bc58
0 7ffebae0
2 40bc5c
0 7ffebae4
2 40bc60
2 40bc64
2 40bc68
2 40bc6c
2 40bc70
0 7ffebac4
2 40bc24
0 7ffeba64
2 40bc28
2 40bc2c
2 40bc30
2 40bc34
1 7ffebac4
2 40bc38
0 7ffeba88
2 40bc3c
0 7ffebac4
2 40bc40
2 40bc44
2 40bc48
2 40bc4c
2 40bc50
0 10006914
2 40bc54
0 10006918
2 40bc58
0 7ffebae0
2 40bc5c
0 7ffebae4
2 40bc60
2 40bc64
2 40bc68
2 40bc6c
2 40bc70
0 7ffebac4
2 40bc24
0 7ffeba64
2 40bc28
2 40bc2c
2 40bc30
2 40bc34
1 7ffebac4
2 40bc38
0 7ffeba88
2 40bc3c
0 7ffebac4
2 40bc40
2 40bc44
2 40bc48
2 40bc4c
2 40bc50
0 1000691c
2 40bc54
0 10006920
2 40bc58
0 7ffebae0
2 40bc5c
0 7ffebae4
2 40bc60
2 40bc64
2 40bc68
2 40bc6c
2 40bc70
0 7ffebac4
2 40bc24
0 7ffeba64
2 40bc28
2 40bc2c
2 40bc30
2 40bc34
1 7ffebac4
2 40bc38
0 7ffeba88
2 40bc3c
0 7ffebac4
2 40bc40
2 40bc44
2 40bc48
2 40bc4c
2 40bc50
0 10006924
2 40bc54
0 10006928
2 40bc58
0 7ffebae0
2 40bc5c
0 7ffebae4
2 40bc60
2 40bc64
2 40bc68
2 40bc6c
2 40bc70
0 7ffebac4
2 40bc24
0 7ffeba64
2 40bc28
2 40bc2c
2 40bc30
2 40bc34
1 7ffebac4
2 40bc38
0 7ffeba88
2 40bc3c
0 7ffebac4
2 40bc40
2 40bc44
2 40bc48
2 40bc4c
2 40bc50
0 1000692c
2 40bc54
0 10006930
2 40bc58
0 7ffebae0
2 40bc5c
0 7ffebae4
2 40bc60
2 40bc64
2 40bc68
2 40bc6c
2 40bc70
0 7ffebac4
2 40bc24
0 7ffeba64
2 40bc28
2 40bc2c
2 40bc30
2 40bc34
1 7ffebac4
2 40bc38
0 7ffeba88
2 40bc3c
0 7ffebac4
2 40bc40
2 40bc44
2 40bc48
2 40bc4c
2 40bc50
0 10006934
2 40bc54
0 10006938
2 40bc58
0 7ffebae0
2 40bc5c
0 7ffebae4
2 40bc60
2 40bc64
2 40bc68
2 40bc6c
2 40bc70
0 7ffebac4
2 40bc24
0 7ffeba64
2 40bc28
2 40bc2c
2 40bc30
2 40bc34
1 7ffebac4
2 40bc38
0 7ffeba88
2 40bc3c
0 7ffebac4
2 40bc40
2 40bc44
2 40bc48
2 40bc4c
2 40bc50
0 1000693c
2 40bc54
0 10006940
2 40bc58
0 7ffebae0
2 40bc5c
0 7ffebae4
2 40bc60
2 40bc64
2 40bc68
2 40bc6c
2 40bc70
0 7ffebac4
2 40bc24
0 7ffeba64
2 40bc28
2 40bc2c
2 40bc30
2 40bc34
1 7ffebac4
2 40bc38
0 7ffeba88
2 40bc3c
0 7ffebac4
2 40bc40
2 40bc44
2 40bc48
2 40bc4c
2 40bc50
0 10006944
2 40bc54
0 10006948
2 40bc58
0 7ffebae0
2 40bc5c
0 7ffebae4
2 40bc60
2 40bc64
2 40bc68
2 40bc6c
2 40bc70
0 7ffebac4
2 40bc24
0 7ffeba64
2 40bc28
2 40bc2c
2 40bc30
2 40bc34
1 7ffebac4
2 40bc38
0 7ffeba88
2 40bc3c
0 7ffebac4
2 40bc40
2 40bc44
2 40bc48
2 40bc4c
2 40bc50
0 1000694c
2 40bc54
0 10006950
2 40bc58
0 7ffebae0
2 40bc5c
0 7ffebae4
2 40bc60
2 40bc64
2 40bc68
2 40bc6c
2 40bc70
0 7ffebac4
2 40bc24
0 7ffeba64
2 40bc28
2 40bc2c
2 40bc30
2 40bc34
1 7ffebac4
2 40bc38
0 7ffeba88
2 40bc3c
0 7ffebac4
2 40bc40
2 40bc44
2 40bc48
2 40bc4c
2 40bc50
0 10006954
2 40bc54
0 10006958
2 40bc58
0 7ffebae0
2 40bc5c
0 7ffebae4
2 40bc60
2 40bc64
2 40bc68
2 40bc6c
2 40bc70
0 7ffebac4
2 40bc24
0 7ffeba64
2 40bc28
2 40bc2c
2 40bc30
2 40bc34
1 7ffebac4
2 40bc38
0 7ffeba88
2 40bc3c
0 7ffebac4
2 40bc40
2 40bc44
2 40bc48
2 40bc4c
2 40bc50
0 1000695c
2 40bc54
0 10006960
2 40bc58
0 7ffebae0
2 40bc5c
0 7ffebae4
2 40bc60
2 40bc64
2 40bc68
2 40bc6c
2 40bc70
0 7ffebac4
2 40bc24
0 7ffeba64
2 40bc28
2 40bc2c
2 40bc30
2 40bc34
1 7ffebac4
2 40bc38
0 7ffeba88
2 40bc3c
0 7ffebac4
2 40bc40
2 40bc44
2 40bc48
2 40bc4c
2 40bc50
0 10006964
2 40bc54
0 10006968
2 40bc58
0 7ffebae0
2 40bc5c
0 7ffebae4
2 40bc60
2 40bc64
2 40bc68
2 40bc6c
2 40bc70
0 7ffebac4
2 40bc24
0 7ffeba64
2 40bc28
2 40bc2c
2 40bc30
2 40bc34
1 7ffebac4
2 40bc38
0 7ffeba88
2 40bc3c
0 7ffebac4
2 40bc40
2 40bc44
2 40bc48
2 40bc4c
2 40bc50
0 1000696c
2 40bc54
0 10006970
2 40bc58
0 7ffebae0
2 40bc5c
0 7ffebae4
2 40bc60
2 40bc64
2 40bc68
2 40bc6c
2 40bc70
0 7ffebac4
2 40bc24
0 7ffeba64
2 40bc28
2 40bc2c
2 40bc30
2 40bc34
1 7ffebac4
2 40bc38
0 7ffeba88
2 40bc3c
0 7ffebac4
2 40bc40
2 40bc44
2 40bc48
2 40bc4c
2 40bc50
0 10006974
2 40bc54
0 10006978
2 40bc58
0 7ffebae0
2 40bc5c
0 7ffebae4
2 40bc60
2 40bc64
2 40bc68
2 40bc6c
2 40bc70
0 7ffebac4
2 40bc24
0 7ffeba64
2 40bc28
2 40bc2c
2 40bc30
2 40bc34
1 7ffebac4
2 40bc38
0 7ffeba88
2 40bc3c
0 7ffebac4
2 40bc40
2 40bc44
2 40bc48
2 40bc4c
2 40bc50
0 1000697c
2 40bc54
0 10006980
2 40bc58
0 7ffebae0
2 40bc5c
0 7ffebae4
2 40bc60
2 40bc64
2 40bc68
2 40bc6c
2 40bc70
0 7ffebac4
2 40bc24
0 7ffeba64
2 40bc28
2 40bc2c
2 40bc30
2 40bc34
1 7ffebac4
2 40bc38
0 7ffeba88
2 40bc3c
0 7ffebac4
2 40bc40
2 40bc44
2 40bc48
2 40bc4c
2 40bc50
0 10006984
2 40bc54
0 10006988
2 40bc58
0 7ffebae0
2 40bc5c
0 7ffebae4
2 40bc60
2 40bc64
2 40bc68
2 40bc6c
2 40bc70
0 7ffebac4
2 40bc24
0 7ffeba64
2 40bc28
2 40bc2c
2 40bc30
2 40bc34
1 7ffebac4
2 40bc38
0 7ffeba88
2 40bc3c
0 7ffebac4
2 40bc40
2 40bc44
2 40bc48
2 40bc4c
2 40bc50
0 1000698c
2 40bc54
0 10006990
2 40bc58
0 7ffebae0
2 40bc5c
0 7ffebae4
2 40bc60
2 40bc64
2 40bc68
2 40bc6c
2 40bc70
0 7ffebac4
2 40bc24
0 7ffeba64
2 40bc28
2 40bc2c
2 40bc30
2 40bc34
1 7ffebac4
2 40bc38
0 7ffeba88
2 40bc3c
0 7ffebac4
2 40bc40
2 40bc44
2 40bc48
2 40bc4c
2 40bc50
0 10006994
2 40bc54
0 10006998
2 40bc58
0 7ffebae0
2 40bc5c
0 7ffebae4
2 40bc60
2 40bc64
2 40bc68
2 40bc6c
2 40bc70
0 7ffebac4
2 40bc24
0 7ffeba64
2 40bc28
2 40bc2c
2 40bc30
2 40bc34
1 7ffebac4
2 40bc38
0 7ffeba88
2 40bc3c
0 7ffebac4
2 40bc40
2 40bc44
2 40bc48
2 40bc4c
2 40bc50
0 1000699c
2 40bc54
0 100069a0
2 40bc58
0 7ffebae0
2 40bc5c
0 7ffebae4
2 40bc60
2 40bc64
2 40bc68
2 40bc6c
2 40bc70
0 7ffebac4
2 40bc24
0 7ffeba64
2 40bc28
2 40bc2c
2 40bc30
2 40bc34
1 7ffebac4
2 40bc38
0 7ffeba88
2 40bc3c
0 7ffebac4
2 40bc40
2 40bc44
2 40bc48
2 40bc4c
2 40bc50
0 100069a4
2 40bc54
0 100069a8
2 40bc58
0 7ffebae0
2 40bc5c
0 7ffebae4
2 40bc60
2 40bc64
2 40bc68
2 40bc6c
2 40bc70
0 7ffebac4
2 40bc24
0 7ffeba64
2 40bc28
2 40bc2c
2 40bc30
2 40bc34
1 7ffebac4
2 40bc38
0 7ffeba88
2 40bc3c
0 7ffebac4
2 40bc40
2 40bc44
2 40bc48
2 40bc4c
2 40bc50
0 100069ac
2 40bc54
0 100069b0
2 40bc58
0 7ffebae0
2 40bc5c
0 7ffebae4
2 40bc60
2 40bc64
2 40bc68
2 40bc6c
2 40bc70
0 7ffebac4
2 40bc24
0 7ffeba64
2 40bc28
2 40bc2c
2 40bc30
2 40bc34
1 7ffebac4
2 40bc38
0 7ffeba88
2 40bc3c
0 7ffebac4
2 40bc40
2 40bc44
2 40bc48
2 40bc4c
2 40bc50
0 100069b4
2 40bc54
0 100069b8
2 40bc58
0 7ffebae0
2 40bc5c
0 7ffebae4
2 40bc60
2 40bc64
2 40bc68
2 40bc6c
2 40bc70
0 7ffebac4
2 40bc24
0 7ffeba64
2 40bc28
2 40bc2c
2 40bc30
2 40bc34
1 7ffebac4
2 40bc38
0 7ffeba88
2 40bc3c
0 7ffebac4
2 40bc40
2 40bc44
2 40bc48
2 40bc4c
2 40bc50
0 100069bc
2 40bc54
0 100069c0
2 40bc58
0 7ffebae0
2 40bc5c
0 7ffebae4
2 40bc60
2 40bc64
2 40bc68
2 40bc6c
2 40bc70
0 7ffebac4
2 40bc24
0 7ffeba64
2 40bc28
2 40bc2c
2 40bc30
2 40bc34
1 7ffebac4
2 40bc38
0 7ffeba88
2 40bc3c
0 7ffebac4
2 40bc40
2 40bc44
2 40bc48
2 40bc4c
2 40bc50
0 100069c4
2 40bc54
0 100069c8
2 40bc58
0 7ffebae0
2 40bc5c
0 7ffebae4
2 40bc60
2 40bc64
2 40bc68
2 40bc6c
2 40bc70
0 7ffebac4
2 40bc24
0 7ffeba64
2 40bc28
2 40bc2c
2 40bc30
2 40bc34
1 7ffebac4
2 40bc38
0 7ffeba88
2 40bc3c
0 7ffebac4
2 40bc40
2 40bc44
2 40bc48
2 40bc4c
2 40bc50
0 100069cc
2 40bc54
0 100069d0
2 40bc58
0 7ffebae0
2 40bc5c
0 7ffebae4
2 40bc60
2 40bc64
2 40bc68
2 40bc6c
2 40bc70
0 7ffebac4
2 40bc74
0 7ffebac8
2 40bc78
2 40bc7c
0 1000fff0
2 40bc80
2 40bc84
2 40bc88
2 40bc8c
2 40bc90
2 40bc94
0 10012300
2 40bc98
1 7ffebac8
2 40bc9c
2 40bca0
2 40bca4
2 40bca8
2 40bcac
2 40bcb0
0 1000ffec
2 40bcb4
0 7ffebac8
2 40bcb8
2 40bcbc
2 40bcc0
2 40bcc4
2 40bcc8
0 7ffebad4
2 40bccc
0 7ffebac4
2 40bcd0
2 40bcd4
2 40bcd8
0 10012068
2 40bcdc
0 1001206c
2 40bce0
2 40bce4
2 40bce8
1 10011d60
2 40bcec
1 10011d64
2 40bcf0
0 7ffebac8
2 40bcf4
2 40bcf8
0 1000fff0
2 40bcfc
2 40bd00
2 40bd04
2 40bd08
2 40bd0c
2 40bd10
0 10012304
2 40bd14
1 7ffebac8
2 40bd18
2 40bd1c
2 40bd20
2 40bd24
2 40bbd4
2 40bbd8
0 1000ffec
2 40bbdc
0 7ffebac8
2 40bbe0
2 40bbe4
2 40bbe8
2 40bbec
2 40bbf0
0 10012070
2 40bbf4
0 10012074
2 40bbf8
0 7ffeba68
2 40bbfc
2 40bc00
1 7ffebae0
2 40bc04
2 40bc08
1 7ffebae4
2 40bc1c
1 7ffebac4
2 40bc20
0 7ffebac4
2 40bc24
0 7ffeba64
2 40bc28
2 40bc2c
2 40bc30
2 40bc34
1 7ffebac4
2 40bc38
0 7ffeba88
2 40bc3c
0 7ffebac4
2 40bc40
2 40bc44
2 40bc48
2 40bc4c
2 40bc50
0 1000689c
2 40bc54
0 100068a0
2 40bc58
0 7ffebae0
2 40bc5c
0 7ffebae4
2 40bc60
2 40bc64
2 40bc68
2 40bc6c
2 40bc70
0 7ffebac4
2 40bc24
0 7ffeba64
2 40bc28
2 40bc2c
2 40bc30
2 40bc34
1 7ffebac4
2 40bc38
0 7ffeba88
2 40bc3c
0 7ffebac4
2 40bc40
2 40bc44
2 40bc48
2 40bc4c
2 40bc50
0 100068a4
2 40bc54
0 100068a8
2 40bc58
0 7ffebae0
2 40bc5c
0 7ffebae4
2 40bc60
2 40bc64
2 40bc68
2 40bc6c
2 40bc70
0 7ffebac4
2 40bc24
0 7ffeba64
2 40bc28
2 40bc2c
2 40bc30
2 40bc34
1 7ffebac4
2 40bc38
0 7ffeba88
2 40bc3c
0 7ffebac4
2 40bc40
2 40bc44
2 40bc48
2 40bc4c
2 40bc50
0 100068ac
2 40bc54
0 100068b0
2 40bc58
0 7ffebae0
2 40bc5c
0 7ffebae4
2 40bc60
2 40bc64
2 40bc68
2 40bc6c
2 40bc70
0 7ffebac4
2 40bc24
0 7ffeba64
2 40bc28
2 40bc2c
2 40bc30
2 40bc34
1 7ffebac4
2 40bc38
0 7ffeba88
2 40bc3c
0 7ffebac4
2 40bc40
2 40bc44
2 40bc48
2 40bc4c
2 40bc50
0 100068b4
2 40bc54
0 100068b8
2 40bc58
0 7ffebae0
2 40bc5c
0 7ffebae4
2 40bc60
2 40bc64
2 40bc68
2 40bc6c
2 40bc70
0 7ffebac4
2 40bc24
0 7ffeba64
2 40bc28
2 40bc2c
2 40bc30
2 40bc34
1 7ffebac4
2 40bc38
0 7ffeba88
2 40bc3c
0 7ffebac4
2 40bc40
2 40bc44
2 40bc48
2 40bc4c
2 40bc50
0 100068bc
2 40bc54
0 100068c0
2 40bc58
0 7ffebae0
2 40bc5c
0 7ffebae4
2 40bc60
2 40bc64
2 40bc68
2 40bc6c
2 40bc70
0 7ffebac4
2 40bc24
0 7ffeba64
2 40bc28
2 40bc2c
2 40bc30
2 40bc34
1 7ffebac4
2 40bc38
0 7ffeba88
2 40bc3c
0 7ffebac4
2 40bc40
2 40bc44
2 40bc48
2 40bc4c
2 40bc50
0 100068c4
2 40bc54
0 100068c8
2 40bc58
0 7ffebae0
2 40bc5c
0 7ffebae4
2 40bc60
2 40bc64
2 40bc68
2 40bc6c
2 40bc70
0 7ffebac4
2 40bc24
0 7ffeba64
2 40bc28
2 40bc2c
2 40bc30
2 40bc34
1 7ffebac4
2 40bc38
0 7ffeba88
2 40bc3c
0 7ffebac4
2 40bc40
2 40bc44
2 40bc48
2 40bc4c
2 40bc50
0 100068cc
2 40bc54
0 100068d0
2 40bc58
0 7ffebae0
2 40bc5c
0 7ffebae4
2 40bc60
2 40bc64
2 40bc68
2 40bc6c
2 40bc70
0 7ffebac4
2 40bc24
0 7ffeba64
2 40bc28
2 40bc2c
2 40bc30
2 40bc34
1 7ffebac4
2 40bc38
0 7ffeba88
2 40bc3c
0 7ffebac4
2 40bc40
2 40bc44
2 40bc48
2 40bc4c
2 40bc50
0 100068d4
2 40bc54
0 100068d8
2 40bc58
0 7ffebae0
2 40bc5c
0 7ffebae4
2 40bc60
2 40bc64
2 40bc68
2 40bc6c
2 40bc70
0 7ffebac4
2 40bc24
0 7ffeba64
2 40bc28
2 40bc2c
2 40bc30
2 40bc34
1 7ffebac4
2 40bc38
0 7ffeba88
2 40bc3c
0 7ffebac4
2 40bc40
2 40bc44
2 40bc48
2 40bc4c
2 40bc50
0 100068dc
2 40bc54
0 100068e0
2 40bc58
0 7ffebae0
2 40bc5c
0 7ffebae4
2 40bc60
2 40bc64
2 40bc68
2 40bc6c
2 40bc70
0 7ffebac4
2 40bc24
0 7ffeba64
2 40bc28
2 40bc2c
2 40bc30
2 40bc34
1 7ffebac4
2 40bc38
0 7ffeba88
2 40bc3c
0 7ffebac4
2 40bc40
2 40bc44
2 40bc48
2 40bc4c
2 40bc50
0 100068e4
2 40bc54
0 100068e8
2 40bc58
0 7ffebae0
2 40bc5c
0 7ffebae4
2 40bc60
2 40bc64
2 40bc68
2 40bc6c
2 40bc70
0 7ffebac4
2 40bc24
0 7ffeba64
2 40bc28
2 40bc2c
2 40bc30
2 40bc34
1 7ffebac4
2 40bc38
0 7ffeba88
2 40bc3c
0 7ffebac4
2 40bc40
2 40bc44
2 40bc48
2 40bc4c
2 40bc50
0 100068ec
2 40bc54
0 100068f0
2 40bc58
0 7ffebae0
2 40bc5c
0 7ffebae4
2 40bc60
2 40bc64
2 40bc68
2 40bc6c
2 40bc70
0 7ffebac4
2 40bc24
0 7ffeba64
2 40bc28
2 40bc2c
2 40bc30
2 40bc34
1 7ffebac4
2 40bc38
0 7ffeba88
2 40bc3c
0 7ffebac4
2 40bc40
2 40bc44
2 40bc48
2 40bc4c
2 40bc50
0 100068f4
2 40bc54
0 100068f8
2 40bc58
0 7ffebae0
2 40bc5c
0 7ffebae4
2 40bc60
2 40bc64
2 40bc68
2 40bc6c
2 40bc70
0 7ffebac4
2 40bc24
0 7ffeba64
2 40bc28
2 40bc2c
2 40bc30
2 40bc34
1 7ffebac4
2 40bc38
0 7ffeba88
2 40bc3c
0 7ffebac4
2 40bc40
2 40bc44
2 40bc48
2 40bc4c
2 40bc50
0 100068fc
2 40bc54
0 10006900
2 40bc58
0 7ffebae0
2 40bc5c
0 7ffebae4
2 40bc60
2 40bc64
2 40bc68
2 40bc6c
2 40bc70
0 7ffebac4
2 40bc24
0 7ffeba64
2 40bc28
2 40bc2c
2 40bc30
2 40bc34
1 7ffebac4
2 40bc38
0 7ffeba88
2 40bc3c
0 7ffebac4
2 40bc40
2 40bc44
2 40bc48
2 40bc4c
2 40bc50
0 10006904
2 40bc54
0 10006908
2 40bc58
0 7ffebae0
2 40bc5c
0 7ffebae4
2 40bc60
2 40bc64
2 40bc68
2 40bc6c
2 40bc70
0 7ffebac4
2 40bc24
0 7ffeba64
2 40bc28
2 40bc2c
2 40bc30
2 40bc34
1 7ffebac4
2 40bc38
0 7ffeba88
2 40bc3c
0 7ffebac4
2 40bc40
2 40bc44
2 40bc48
2 40bc4c
2 40bc50
0 1000690c
2 40bc54
0 10006910
2 40bc58
0 7ffebae0
2 40bc5c
0 7ffebae4
2 40bc60
2 40bc64
2 40bc68
2 40bc6c
2 40bc70
0 7ffebac4
2 40bc24
0 7ffeba64
2 40bc28
2 40bc2c
2 40bc30
2 40bc34
1 7ffebac4
2 40bc38
0 7ffeba88
2 40bc3c
0 7ffebac4
2 40bc40
2 40bc44
2 40bc48
2 40bc4c
2 40bc50
0 10006914
2 40bc54
0 10006918
2 40bc58
0 7ffebae0
2 40bc5c
0 7ffebae4
2 40bc60
2 40bc64
2 40bc68
2 40bc6c
2 40bc70
0 7ffebac4
2 40bc24
0 7ffeba64
2 40bc28
2 40bc2c
2 40bc30
2 40bc34
1 7ffebac4
2 40bc38
0 7ffeba88
2 40bc3c
0 7ffebac4
2 40bc40
2 40bc44
2 40bc48
2 40bc4c
2 40bc50
0 1000691c
2 40bc54
0 10006920
2 40bc58
0 7ffebae0
2 40bc5c
0 7ffebae4
2 40bc60
2 40bc64
2 40bc68
2 40bc6c
2 40bc70
0 7ffebac4
2 40bc24
0 7ffeba64
2 40bc28
2 40bc2c
2 40bc30
2 40bc34
1 7ffebac4
2 40bc38
0 7ffeba88
2 40bc3c
0 7ffebac4
2 40bc40
2 40bc44
2 40bc48
2 40bc4c
2 40bc50
0 10006924
2 40bc54
0 10006928
2 40bc58
0 7ffebae0
2 40bc5c
0 7ffebae4
2 40bc60
2 40bc64
2 40bc68
2 40bc6c
2 40bc70
0 7ffebac4
2 40bc24
0 7ffeba64
2 40bc28
2 40bc2c
2 40bc30
2 40bc34
1 7ffebac4
2 40bc38
0 7ffeba88
2 40bc3c
0 7ffebac4
2 40bc40
2 40bc44
2 40bc48
2 40bc4c
2 40bc50
0 1000692c
2 40bc54
0 10006930
2 40bc58
0 7ffebae0
2 40bc5c
0 7ffebae4
2 40bc60
2 40bc64
2 40bc68
2 40bc6c
2 40bc70
0 7ffebac4
2 40bc24
0 7ffeba64
2 40bc28
2 40bc2c
2 40bc30
2 40bc34
1 7ffebac4
2 40bc38
0 7ffeba88
2 40bc3c
0 7ffebac4
2 40bc40
2 40bc44
2 40bc48
2 40bc4c
2 40bc50
0 10006934
2 40bc54
0 10006938
2 40bc58
0 7ffebae0
2 40bc5c
0 7ffebae4
2 40bc60
2 40bc64
2 40bc68
2 40bc6c
2 40bc70
0 7ffebac4
2 40bc24
0 7ffeba64
2 40bc28
2 40bc2c
2 40bc30
2 40bc34
1 7ffebac4
2 40bc38
0 7ffeba88
2 40bc3c
0 7ffebac4
2 40bc40
2 40bc44
2 40bc48
2 40bc4c
2 40bc50
0 1000693c
2 40bc54
0 10006940
2 40bc58
0 7ffebae0
2 40bc5c
0 7ffebae4
2 40bc60
2 40bc64
2 40bc68
2 40bc6c
2 40bc70
0 7ffebac4
2 40bc24
0 7ffeba64
2 40bc28
2 40bc2c
2 40bc30
2 40bc34
1 7ffebac4
2 40bc38
0 7ffeba88
2 40bc3c
0 7ffebac4
2 40bc40
2 40bc44
2 40bc48
2 40bc4c
2 40bc50
0 10006944
2 40bc54
0 10006948
2 40bc58
0 7ffebae0
2 40bc5c
0 7ffebae4
2 40bc60
2 40bc64
2 40bc68
2 40bc6c
2 40bc70
0 7ffebac4
2 40bc24
0 7ffeba64
2 40bc28
2 40bc2c
2 40bc30
2 40bc34
1 7ffebac4
2 40bc38
0 7ffeba88
2 40bc3c
0 7ffebac4
2 40bc40
2 40bc44
2 40bc48
2 40bc4c
2 40bc50
0 1000694c
2 40bc54
0 10006950
2 40bc58
0 7ffebae0
2 40bc5c
0 7ffebae4
2 40bc60
2 40bc64
2 40bc68
2 40bc6c
2 40bc70
0 7ffebac4
2 40bc24
0 7ffeba64
2 40bc28
2 40bc2c
2 40bc30
2 40bc34
1 7ffebac4
2 40bc38
0 7ffeba88
2 40bc3c
0 7ffebac4
2 40bc40
2 40bc44
2 40bc48
2 40bc4c
2 40bc50
0 10006954
2 40bc54
0 10006958
2 40bc58
0 7ffebae0
2 40bc5c
0 7ffebae4
2 40bc60
2 40bc64
2 40bc68
2 40bc6c
2 40bc70
0 7ffebac4
2 40bc24
0 7ffeba64
2 40bc28
2 40bc2c
2 40bc30
2 40bc34
1 7ffebac4
2 40bc38
0 7ffeba88
2 40bc3c
0 7ffebac4
2 40bc40
2 40bc44
2 40bc48
2 40bc4c
2 40bc50
0 1000695c
2 40bc54
0 10006960
2 40bc58
0 7ffebae0
2 40bc5c
0 7ffebae4
2 40bc60
2 40bc64
2 40bc68
2 40bc6c
2 40bc70
0 7ffebac4
2 40bc74
0 7ffebac8
2 40bc78
2 40bc7c
0 1000fff0
2 40bc80
2 40bc84
2 40bc88
2 40bc8c
2 40bc90
2 40bc94
0 10012308
2 40bc98
1 7ffebac8
2 40bc9c
2 40bca0
2 40bca4
2 40bca8
2 40bcac
2 40bcb0
0 1000ffec
2 40bcb4
0 7ffebac8
2 40bcb8
2 40bcbc
2 40bcc0
2 40bcc4
2 40bcc8
0 7ffebad4
2 40bccc
0 7ffebac4
2 40bcd0
2 40bcd4
2 40bcd8
0 10012078
2 40bcdc
0 1001207c
2 40bce0
2 40bce4
2 40bce8
1 10011cf0
2 40bcec
1 10011cf4
2 40bcf0
0 7ffebac8
2 40bcf4
2 40bcf8
0 1000fff0
2 40bcfc
2 40bd00
2 40bd04
2 40bd08
2 40bd0c
2 40bd10
0 1001230c
2 40bd14
1 7ffebac8
2 40bd18
2 40bd1c
2 40bd20
2 40bd24
2 40bbd4
2 40bbd8
0 1000ffec
2 40bbdc
0 7ffebac8
2 40bbe0
2 40bbe4
2 40bbe8
2 40bbec
2 40bbf0
0 10012080
2 40bbf4
0 10012084
2 40bbf8
0 7ffeba68
2 40bbfc
2 40bc00
1 7ffebae0
2 40bc04
2 40bc08
1 7ffebae4
2 40bc1c
1 7ffebac4
2 40bc20
0 7ffebac4
2 40bc24
0 7ffeba64
2 40bc28
2 40bc2c
2 40bc30
2 40bc34
1 7ffebac4
2 40bc38
0 7ffeba88
2 40bc3c
0 7ffebac4
2 40bc40
2 40bc44
2 40bc48
2 40bc4c
2 40bc50
0 1000689c
2 40bc54
0 100068a0
2 40bc58
0 7ffebae0
2 40bc5c
0 7ffebae4
2 40bc60
2 40bc64
2 40bc68
2 40bc6c
2 40bc70
0 7ffebac4
2 40bc24
0 7ffeba64
2 40bc28
2 40bc2c
2 40bc30
2 40bc34
1 7ffebac4
2 40bc38
0 7ffeba88
2 40bc3c
0 7ffebac4
2 40bc40
2 40bc44
2 40bc48
2 40bc4c
2 40bc50
0 100068a4
2 40bc54
0 100068a8
2 40bc58
0 7ffebae0
2 40bc5c
0 7ffebae4
2 40bc60
2 40bc64
2 40bc68
2 40bc6c
2 40bc70
0 7ffebac4
2 40bc24
0 7ffeba64
2 40bc28
2 40bc2c
2 40bc30
2 40bc34
1 7ffebac4
2 40bc38
0 7ffeba88
2 40bc3c
0 7ffebac4
2 40bc40
2 40bc44
2 40bc48
2 40bc4c
2 40bc50
0 100068ac
2 40bc54
0 100068b0
2 40bc58
0 7ffebae0
2 40bc5c
0 7ffebae4
2 40bc60
2 40bc64
2 40bc68
2 40bc6c
2 40bc70
0 7ffebac4
2 40bc24
0 7ffeba64
2 40bc28
2 40bc2c
2 40bc30
2 40bc34
1 7ffebac4
2 40bc38
0 7ffeba88
2 40bc3c
0 7ffebac4
2 40bc40
2 40bc44
2 40bc48
2 40bc4c
2 40bc50
0 100068b4
2 40bc54
0 100068b8
2 40bc58
0 7ffebae0
2 40bc5c
0 7ffebae4
2 40bc60
2 40bc64
2 40bc68
2 40bc6c
2 40bc70
0 7ffebac4
2 40bc24
0 7ffeba64
2 40bc28
2 40bc2c
2 40bc30
2 40bc34
1 7ffebac4
2 40bc38
0 7ffeba88
2 40bc3c
0 7ffebac4
2 40bc40
2 40bc44
2 40bc48
2 40bc4c
2 40bc50
0 100068bc
2 40bc54
0 100068c0
2 40bc58
0 7ffebae0
2 40bc5c
0 7ffebae4
2 40bc60
2 40bc64
2 40bc68
2 40bc6c
2 40bc70
0 7ffebac4
2 40bc24
0 7ffeba64
2 40bc28
2 40bc2c
2 40bc30
2 40bc34
1 7ffebac4
2 40bc38
0 7ffeba88
2 40bc3c
0 7ffebac4
2 40bc40
2 40bc44
2 40bc48
2 40bc4c
2 40bc50
0 100068c4
2 40bc54
0 100068c8
2 40bc58
0 7ffebae0
2 40bc5c
0 7ffebae4
2 40bc60
2 40bc64
2 40bc68
2 40bc6c
2 40bc70
0 7ffebac4
2 40bc24
0 7ffeba64
2 40bc28
2 40bc2c
2 40bc30
2 40bc34
1 7ffebac4
2 40bc38
0 7ffeba88
2 40bc3c
0 7ffebac4
2 40bc40
2 40bc44
2 40bc48
2 40bc4c
2 40bc50
0 100068cc
2 40bc54
0 100068d0
2 40bc58
0 7ffebae0
2 40bc5c
0 7ffebae4
2 40bc60
2 40bc64
2 40bc68
2 40bc6c
2 40bc70
0 7ffebac4
2 40bc24
0 7ffeba64
2 40bc28
2 40bc2c
2 40bc30
2 40bc34
1 7ffebac4
2 40bc38
0 7ffeba88
2 40bc3c
0 7ffebac4
2 40bc40
2 40bc44
2 40bc48
2 40bc4c
2 40bc50
0 100068d4
2 40bc54
0 100068d8
2 40bc58
0 7ffebae0
2 40bc5c
0 7ffebae4
2 40bc60
2 40bc64
2 40bc68
2 40bc6c
2 40bc70
0 7ffebac4
2 40bc24
0 7ffeba64
2 40bc28
2 40bc2c
2 40bc30
2 40bc34
1 7ffebac4
2 40bc38
0 7ffeba88
2 40bc3c
0 7ffebac4
2 40bc40
2 40bc44
2 40bc48
2 40bc4c
2 40bc50
0 100068dc
2 40bc54
0 100068e0
2 40bc58
0 7ffebae0
2 40bc5c
0 7ffebae4
2 40bc60
2 40bc64
2 40bc68
2 40bc6c
2 40bc70
0 7ffebac4
2 40bc24
0 7ffeba64
2 40bc28
2 40bc2c
2 40bc30
2 40bc34
1 7ffebac4
2 40bc38
0 7ffeba88
2 40bc3c
0 7ffebac4
2 40bc40
2 40bc44
2 40bc48
2 40bc4c
2 40bc50
0 100068e4
2 40bc54
0 100068e8
2 40bc58
0 7ffebae0
2 40bc5c
0 7ffebae4
2 40bc60
2 40bc64
2 40bc68
2 40bc6c
2 40bc70
0 7ffebac4
2 40bc24
0 7ffeba64
2 40bc28
2 40bc2c
2 40bc30
2 40bc34
1 7ffebac4
2 40bc38
0 7ffeba88
2 40bc3c
0 7ffebac4
2 40bc40
2 40bc44
2 40bc48
2 40bc4c
2 40bc50
0 100068ec
2 40bc54
0 100068f0
2 40bc58
0 7ffebae0
2 40bc5c
0 7ffebae4
2 40bc60
2 40bc64
2 40bc68
2 40bc6c
2 40bc70
0 7ffebac4
2 40bc24
0 7ffeba64
2 40bc28
2 40bc2c
2 40bc30
2 40bc34
1 7ffebac4
2 40bc38
0 7ffeba88
2 40bc3c
0 7ffebac4
2 40bc40
2 40bc44
2 40bc48
2 40bc4c
2 40bc50
0 100068f4
2 40bc54
0 100068f8
2 40bc58
0 7ffebae0
2 40bc5c
0 7ffebae4
2 40bc60
2 40bc64
2 40bc68
2 40bc6c
2 40bc70
0 7ffebac4
2 40bc24
0 7ffeba64
2 40bc28
2 40bc2c
2 40bc30
2 40bc34
1 7ffebac4
2 40bc38
0 7ffeba88
2 40bc3c
0 7ffebac4
2 40bc40
2 40bc44
2 40bc48
2 40bc4c
2 40bc50
0 100068fc
2 40bc54
0 10006900
2 40bc58
0 7ffebae0
2 40bc5c
0 7ffebae4
2 40bc60
2 40bc64
2 40bc68
2 40bc6c
2 40bc70
0 7ffebac4
2 40bc24
0 7ffeba64
2 40bc28
2 40bc2c
2 40bc30
2 40bc34
1 7ffebac4
2 40bc38
0 7ffeba88
2 40bc3c
0 7ffebac4
2 40bc40
2 40bc44
2 40bc48
2 40bc4c
2 40bc50
0 10006904
2 40bc54
0 10006908
2 40bc58
0 7ffebae0
2 40bc5c
0 7ffebae4
2 40bc60
2 40bc64
2 40bc68
2 40bc6c
2 40bc70
0 7ffebac4
2 40bc24
0 7ffeba64
2 40bc28
2 40bc2c
2 40bc30
2 40bc34
1 7ffebac4
2 40bc38
0 7ffeba88
2 40bc3c
0 7ffebac4
2 40bc40
2 40bc44
2 40bc48
2 40bc4c
2 40bc50
0 1000690c
2 40bc54
0 10006910
2 40bc58
0 7ffebae0
2 40bc5c
0 7ffebae4
2 40bc60
2 40bc64
2 40bc68
2 40bc6c
2 40bc70
0 7ffebac4
2 40bc24
0 7ffeba64
2 40bc28
2 40bc2c
2 40bc30
2 40bc34
1 7ffebac4
2 40bc38
0 7ffeba88
2 40bc3c
0 7ffebac4
2 40bc40
2 40bc44
2 40bc48
2 40bc4c
2 40bc50
0 10006914
2 40bc54
0 10006918
2 40bc58
0 7ffebae0
2 40bc5c
0 7ffebae4
2 40bc60
2 40bc64
2 40bc68
2 40bc6c
2 40bc70
0 7ffebac4
2 40bc24
0 7ffeba64
2 40bc28
2 40bc2c
2 40bc30
2 40bc34
1 7ffebac4
2 40bc38
0 7ffeba88
2 40bc3c
0 7ffebac4
2 40bc40
2 40bc44
2 40bc48
2 40bc4c
2 40bc50
0 1000691c
2 40bc54
0 10006920
2 40bc58
0 7ffebae0
2 40bc5c
0 7ffebae4
2 40bc60
2 40bc64
2 40bc68
2 40bc6c
2 40bc70
0 7ffebac4
2 40bc24
0 7ffeba64
2 40bc28
2 40bc2c
2 40bc30
2 40bc34
1 7ffebac4
2 40bc38
0 7ffeba88
2 40bc3c
0 7ffebac4
2 40bc40
2 40bc44
2 40bc48
2 40bc4c
2 40bc50
0 10006924
2 40bc54
0 10006928
2 40bc58
0 7ffebae0
2 40bc5c
0 7ffebae4
2 40bc60
2 40bc64
2 40bc68
2 40bc6c
2 40bc70
0 7ffebac4
2 40bc24
0 7ffeba64
2 40bc28
2 40bc2c
2 40bc30
2 40bc34
1 7ffebac4
2 40bc38
0 7ffeba88
2 40bc3c
0 7ffebac4
2 40bc40
2 40bc44
2 40bc48
2 40bc4c
2 40bc50
0 1000692c
2 40bc54
0 10006930
2 40bc58
0 7ffebae0
2 40bc5c
0 7ffebae4
2 40bc60
2 40bc64
2 40bc68
2 40bc6c
2 40bc70
0 7ffebac4
2 40bc24
0 7ffeba64
2 40bc28
2 40bc2c
2 40bc30
2 40bc34
1 7ffebac4
2 40bc38
0 7ffeba88
2 40bc3c
0 7ffebac4
2 40bc40
2 40bc44
2 40bc48
2 40bc4c
2 40bc50
0 10006934
2 40bc54
0 10006938
2 40bc58
0 7ffebae0
2 40bc5c
0 7ffebae4
2 40bc60
2 40bc64
2 40bc68
2 40bc6c
2 40bc70
0 7ffebac4
2 40bc24
0 7ffeba64
2 40bc28
2 40bc2c
2 40bc30
2 40bc34
1 7ffebac4
2 40bc38
0 7ffeba88
2 40bc3c
0 7ffebac4
2 40bc40
2 40bc44
2 40bc48
2 40bc4c
2 40bc50
0 1000693c
2 40bc54
0 10006940
2 40bc58
0 7ffebae0
2 40bc5c
0 7ffebae4
2 40bc60
2 40bc64
2 40bc68
2 40bc6c
2 40bc70
0 7ffebac4
2 40bc24
0 7ffeba64
2 40bc28
2 40bc2c
2 40bc30
2 40bc34
1 7ffebac4
2 40bc38
0 7ffeba88
2 40bc3c
0 7ffebac4
2 40bc40
2 40bc44
2 40bc48
2 40bc4c
2 40bc50
0 10006944
2 40bc54
0 10006948
2 40bc58
0 7ffebae0
2 40bc5c
0 7ffebae4
2 40bc60
2 40bc64
2 40bc68
2 40bc6c
2 40bc70
0 7ffebac4
2 40bc24
0 7ffeba64
2 40bc28
2 40bc2c
2 40bc30
2 40bc34
1 7ffebac4
2 40bc38
0 7ffeba88
2 40bc3c
0 7ffebac4
2 40bc40
2 40bc44
2 40bc48
2 40bc4c
2 40bc50
0 1000694c
2 40bc54
0 10006950
2 40bc58
0 7ffebae0
2 40bc5c
0 7ffebae4
2 40bc60
2 40bc64
2 40bc68
2 40bc6c
2 40bc70
0 7ffebac4
2 40bc24
0 7ffeba64
2 40bc28
2 40bc2c
2 40bc30
2 40bc34
1 7ffebac4
2 40bc38
0 7ffeba88
2 40bc3c
0 7ffebac4
2 40bc40
2 40bc44
2 40bc48
2 40bc4c
2 40bc50
0 10006954
2 40bc54
0 10006958
2 40bc58
0 7ffebae0
2 40bc5c
0 7ffebae4
2 40bc60
2 40bc64
2 40bc68
2 40bc6c
2 40bc70
0 7ffebac4
2 40bc24
0 7ffeba64
2 40bc28
2 40bc2c
2 40bc30
2 40bc34
1 7ffebac4
2 40bc38
0 7ffeba88
2 40bc3c
0 7ffebac4
2 40bc40
2 40bc44
2 40bc48
2 40bc4c
2 40bc50
0 1000695c
2 40bc54
0 10006960
2 40bc58
0 7ffebae0
2 40bc5c
0 7ffebae4
2 40bc60
2 40bc64
2 40bc68
2 40bc6c
2 40bc70
0 7ffebac4
2 40bc24
0 7ffeba64
2 40bc28
2 40bc2c
2 40bc30
2 40bc34
1 7ffebac4
2 40bc38
0 7ffeba88
2 40bc3c
0 7ffebac4
2 40bc40
2 40bc44
2 40bc48
2 40bc4c
2 40bc50
0 10006964
2 40bc54
0 10006968
2 40bc58
0 7ffebae0
2 40bc5c
0 7ffebae4
2 40bc60
2 40bc64
2 40bc68
2 40bc6c
2 40bc70
0 7ffebac4
2 40bc24
0 7ffeba64
2 40bc28
2 40bc2c
2 40bc30
2 40bc34
1 7ffebac4
2 40bc38
0 7ffeba88
2 40bc3c
0 7ffebac4
2 40bc40
2 40bc44
2 40bc48
2 40bc4c
2 40bc50
0 1000696c
2 40bc54
0 10006970
2 40bc58
0 7ffebae0
2 40bc5c
0 7ffebae4
2 40bc60
2 40bc64
2 40bc68
2 40bc6c
2 40bc70
0 7ffebac4
2 40bc24
0 7ffeba64
2 40bc28
2 40bc2c
2 40bc30
2 40bc34
1 7ffebac4
2 40bc38
0 7ffeba88
2 40bc3c
0 7ffebac4
2 40bc40
2 40bc44
2 40bc48
2 40bc4c
2 40bc50
0 10006974
2 40bc54
0 10006978
2 40bc58
0 7ffebae0
2 40bc5c
0 7ffebae4
2 40bc60
2 40bc64
2 40bc68
2 40bc6c
2 40bc70
0 7ffebac4
2 40bc24
0 7ffeba64
2 40bc28
2 40bc2c
2 40bc30
2 40bc34
1 7ffebac4
2 40bc38
0 7ffeba88
2 40bc3c
0 7ffebac4
2 40bc40
2 40bc44
2 40bc48
2 40bc4c
2 40bc50
0 1000697c
2 40bc54
0 10006980
2 40bc58
0 7ffebae0
2 40bc5c
0 7ffebae4
2 40bc60
2 40bc64
2 40bc68
2 40bc6c
2 40bc70
0 7ffebac4
2 40bc24
0 7ffeba64
2 40bc28
2 40bc2c
2 40bc30
2 40bc34
1 7ffebac4
2 40bc38
0 7ffeba88
2 40bc3c
0 7ffebac4
2 40bc40
2 40bc44
2 40bc48
2 40bc4c
2 40bc50
0 10006984
2 40bc54
0 10006988
2 40bc58
0 7ffebae0
2 40bc5c
0 7ffebae4
2 40bc60
2 40bc64
2 40bc68
2 40bc6c
2 40bc70
0 7ffebac4
2 40bc24
0 7ffeba64
2 40bc28
2 40bc2c
2 40bc30
2 40bc34
1 7ffebac4
2 40bc38
0 7ffeba88
2 40bc3c
0 7ffebac4
2 40bc40
2 40bc44
2 40bc48
2 40bc4c
2 40bc50
0 1000698c
2 40bc54
0 10006990
2 40bc58
0 7ffebae0
2 40bc5c
0 7ffebae4
2 40bc60
2 40bc64
2 40bc68
2 40bc6c
2 40bc70
0 7ffebac4
2 40bc24
0 7ffeba64
2 40bc28
2 40bc2c
2 40bc30
2 40bc34
1 7ffebac4
2 40bc38
0 7ffeba88
2 40bc3c
0 7ffebac4
2 40bc40
2 40bc44
2 40bc48
2 40bc4c
2 40bc50
0 10006994
2 40bc54
0 10006998
2 40bc58
0 7ffebae0
2 40bc5c
0 7ffebae4
2 40bc60
2 40bc64
2 40bc68
2 40bc6c
2 40bc70
0 7ffebac4
2 40bc24
0 7ffeba64
2 40bc28
2 40bc2c
2 40bc30
2 40bc34
1 7ffebac4
2 40bc38
0 7ffeba88
2 40bc3c
0 7ffebac4
2 40bc40
2 40bc44
2 40bc48
2 40bc4c
2 40bc50
0 1000699c
2 40bc54
0 100069a0
2 40bc58
0 7ffebae0
2 40bc5c
0 7ffebae4
2 40bc60
2 40bc64
2 40bc68
2 40bc6c
2 40bc70
0 7ffebac4
2 40bc24
0 7ffeba64
2 40bc28
2 40bc2c
2 40bc30
2 40bc34
1 7ffebac4
2 40bc38
0 7ffeba88
2 40bc3c
0 7ffebac4
2 40bc40
2 40bc44
2 40bc48
2 40bc4c
2 40bc50
0 100069a4
2 40bc54
0 100069a8
2 40bc58
0 7ffebae0
2 40bc5c
0 7ffebae4
2 40bc60
2 40bc64
2 40bc68
2 40bc6c
2 40bc70
0 7ffebac4
2 40bc74
0 7ffebac8
2 40bc78
2 40bc7c
0 1000fff0
2 40bc80
2 40bc84
2 40bc88
2 40bc8c
2 40bc90
2 40bc94
0 10012310
2 40bc98
1 7ffebac8
2 40bc9c
2 40bca0
2 40bca4
2 40bca8
2 40bcac
2 40bcb0
0 1000ffec
2 40bcb4
0 7ffebac8
2 40bcb8
2 40bcbc
2 40bcc0
2 40bcc4
2 40bcc8
0 7ffebad4
2 40bccc
0 7ffebac4
2 40bcd0
2 40bcd4
2 40bcd8
0 10012088
2 40bcdc
0 1001208c
2 40bce0
2 40bce4
2 40bce8
1 10011d38
2 40bcec
1 10011d3c
2 40bcf0
0 7ffebac8
2 40bcf4
2 40bcf8
0 1000fff0
2 40bcfc
2 40bd00
2 40bd04
2 40bd08
2 40bd0c
2 40bd10
0 10012314
2 40bd14
1 7ffebac8
2 40bd18
2 40bd1c
2 40bd20
2 40bd24
2 40bbd4
2 40bbd8
0 1000ffec
2 40bbdc
0 7ffebac8
2 40bbe0
2 40bbe4
2 40bbe8
2 40bbec
2 40bbf0
0 10012090
2 40bbf4
0 10012094
2 40bbf8
0 7ffeba68
2 40bbfc
2 40bc00
1 7ffebae0
2 40bc04
2 40bc08
1 7ffebae4
2 40bc1c
1 7ffebac4
2 40bc20
0 7ffebac4
2 40bc24
0 7ffeba64
2 40bc28
2 40bc2c
2 40bc30
2 40bc34
1 7ffebac4
2 40bc38
0 7ffeba88
2 40bc3c
0 7ffebac4
2 40bc40
2 40bc44
2 40bc48
2 40bc4c
2 40bc50
0 1000689c
2 40bc54
0 100068a0
2 40bc58
0 7ffebae0
2 40bc5c
0 7ffebae4
2 40bc60
2 40bc64
2 40bc68
2 40bc6c
2 40bc70
0 7ffebac4
2 40bc24
0 7ffeba64
2 40bc28
2 40bc2c
2 40bc30
2 40bc34
1 7ffebac4
2 40bc38
0 7ffeba88
2 40bc3c
0 7ffebac4
2 40bc40
2 40bc44
2 40bc48
2 40bc4c
2 40bc50
0 100068a4
2 40bc54
0 100068a8
2 40bc58
0 7ffebae0
2 40bc5c
0 7ffebae4
2 40bc60
2 40bc64
2 40bc68
2 40bc6c
2 40bc70
0 7ffebac4
2 40bc24
0 7ffeba64
2 40bc28
2 40bc2c
2 40bc30
2 40bc34
1 7ffebac4
2 40bc38
0 7ffeba88
2 40bc3c
0 7ffebac4
2 40bc40
2 40bc44
2 40bc48
2 40bc4c
2 40bc50
0 100068ac
2 40bc54
0 100068b0
2 40bc58
0 7ffebae0
2 40bc5c
0 7ffebae4
2 40bc60
2 40bc64
2 40bc68
2 40bc6c
2 40bc70
0 7ffebac4
2 40bc24
0 7ffeba64
2 40bc28
2 40bc2c
2 40bc30
2 40bc34
1 7ffebac4
2 40bc38
0 7ffeba88
2 40bc3c
0 7ffebac4
2 40bc40
2 40bc44
2 40bc48
2 40bc4c
2 40bc50
0 100068b4
2 40bc54
0 100068b8
2 40bc58
0 7ffebae0
2 40bc5c
0 7ffebae4
2 40bc60
2 40bc64
2 40bc68
2 40bc6c
2 40bc70
0 7ffebac4
2 40bc24
0 7ffeba64
2 40bc28
2 40bc2c
2 40bc30
2 40bc34
1 7ffebac4
2 40bc38
0 7ffeba88
2 40bc3c
0 7ffebac4
2 40bc40
2 40bc44
2 40bc48
2 40bc4c
2 40bc50
0 100068bc
2 40bc54
0 100068c0
2 40bc58
0 7ffebae0
2 40bc5c
0 7ffebae4
2 40bc60
2 40bc64
2 40bc68
2 40bc6c
2 40bc70
0 7ffebac4
2 40bc24
0 7ffeba64
2 40bc28
2 40bc2c
2 40bc30
2 40bc34
1 7ffebac4
2 40bc38
0 7ffeba88
2 40bc3c
0 7ffebac4
2 40bc40
2 40bc44
2 40bc48
2 40bc4c
2 40bc50
0 100068c4
2 40bc54
0 100068c8
2 40bc58
0 7ffebae0
2 40bc5c
0 7ffebae4
2 40bc60
2 40bc64
2 40bc68
2 40bc6c
2 40bc70
0 7ffebac4
2 40bc24
0 7ffeba64
2 40bc28
2 40bc2c
2 40bc30
2 40bc34
1 7ffebac4
2 40bc38
0 7ffeba88
2 40bc3c
0 7ffebac4
2 40bc40
2 40bc44
2 40bc48
2 40bc4c
2 40bc50
0 100068cc
2 40bc54
0 100068d0
2 40bc58
0 7ffebae0
2 40bc5c
0 7ffebae4
2 40bc60
2 40bc64
2 40bc68
2 40bc6c
2 40bc70
0 7ffebac4
2 40bc24
0 7ffeba64
2 40bc28
2 40bc2c
2 40bc30
2 40bc34
1 7ffebac4
2 40bc38
0 7ffeba88
2 40bc3c
0 7ffebac4
2 40bc40
2 40bc44
2 40bc48
2 40bc4c
2 40bc50
0 100068d4
2 40bc54
0 100068d8
2 40bc58
0 7ffebae0
2 40bc5c
0 7ffebae4
2 40bc60
2 40bc64
2 40bc68
2 40bc6c
2 40bc70
0 7ffebac4
2 40bc24
0 7ffeba64
2 40bc28
2 40bc2c
2 40bc30
2 40bc34
1 7ffebac4
2 40bc38
0 7ffeba88
2 40bc3c
0 7ffebac4
2 40bc40
2 40bc44
2 40bc48
2 40bc4c
2 40bc50
0 100068dc
2 40bc54
0 100068e0
2 40bc58
0 7ffebae0
2 40bc5c
0 7ffebae4
2 40bc60
2 40bc64
2 40bc68
2 40bc6c
2 40bc70
0 7ffebac4
2 40bc24
0 7ffeba64
2 40bc28
2 40bc2c
2 40bc30
2 40bc34
1 7ffebac4
2 40bc38
0 7ffeba88
2 40bc3c
0 7ffebac4
2 40bc40
2 40bc44
2 40bc48
2 40bc4c
2 40bc50
0 100068e4
2 40bc54
0 100068e8
2 40bc58
0 7ffebae0
2 40bc5c
0 7ffebae4
2 40bc60
2 40bc64
2 40bc68
2 40bc6c
2 40bc70
0 7ffebac4
2 40bc24
0 7ffeba64
2 40bc28
2 40bc2c
2 40bc30
2 40bc34
1 7ffebac4
2 40bc38
0 7ffeba88
2 40bc3c
0 7ffebac4
2 40bc40
2 40bc44
2 40bc48
2 40bc4c
2 40bc50
0 100068ec
2 40bc54
0 100068f0
2 40bc58
0 7ffebae0
2 40bc5c
0 7ffebae4
2 40bc60
2 40bc64
2 40bc68
2 40bc6c
2 40bc70
0 7ffebac4
2 40bc24
0 7ffeba64
2 40bc28
2 40bc2c
2 40bc30
2 40bc34
1 7ffebac4
2 40bc38
0 7ffeba88
2 40bc3c
0 7ffebac4
2 40bc40
2 40bc44
2 40bc48
2 40bc4c
2 40bc50
0 100068f4
2 40bc54
0 100068f8
2 40bc58
0 7ffebae0
2 40bc5c
0 7ffebae4
2 40bc60
2 40bc64
2 40bc68
2 40bc6c
2 40bc70
0 7ffebac4
2 40bc24
0 7ffeba64
2 40bc28
2 40bc2c
2 40bc30
2 40bc34
1 7ffebac4
2 40bc38
0 7ffeba88
2 40bc3c
0 7ffebac4
2 40bc40
2 40bc44
2 40bc48
2 40bc4c
2 40bc50
0 100068fc
2 40bc54
0 10006900
2 40bc58
0 7ffebae0
2 40bc5c
0 7ffebae4
2 40bc60
2 40bc64
2 40bc68
2 40bc6c
2 40bc70
0 7ffebac4
2 40bc24
0 7ffeba64
2 40bc28
2 40bc2c
2 40bc30
2 40bc34
1 7ffebac4
2 40bc38
0 7ffeba88
2 40bc3c
0 7ffebac4
2 40bc40
2 40bc44
2 40bc48
2 40bc4c
2 40bc50
0 10006904
2 40bc54
0 10006908
2 40bc58
0 7ffebae0
2 40bc5c
0 7ffebae4
2 40bc60
2 40bc64
2 40bc68
2 40bc6c
2 40bc70
0 7ffebac4
2 40bc24
0 7ffeba64
2 40bc28
2 40bc2c
2 40bc30
2 40bc34
1 7ffebac4
2 40bc38
0 7ffeba88
2 40bc3c
0 7ffebac4
2 40bc40
2 40bc44
2 40bc48
2 40bc4c
2 40bc50
0 1000690c
2 40bc54
0 10006910
2 40bc58
0 7ffebae0
2 40bc5c
0 7ffebae4
2 40bc60
2 40bc64
2 40bc68
2 40bc6c
2 40bc70
0 7ffebac4
2 40bc24
0 7ffeba64
2 40bc28
2 40bc2c
2 40bc30
2 40bc34
1 7ffebac4
2 40bc38
0 7ffeba88
2 40bc3c
0 7ffebac4
2 40bc40
2 40bc44
2 40bc48
2 40bc4c
2 40bc50
0 10006914
2 40bc54
0 10006918
2 40bc58
0 7ffebae0
2 40bc5c
0 7ffebae4
2 40bc60
2 40bc64
2 40bc68
2 40bc6c
2 40bc70
0 7ffebac4
2 40bc24
0 7ffeba64
2 40bc28
2 40bc2c
2 40bc30
2 40bc34
1 7ffebac4
2 40bc38
0 7ffeba88
2 40bc3c
0 7ffebac4
2 40bc40
2 40bc44
2 40bc48
2 40bc4c
2 40bc50
0 1000691c
2 40bc54
0 10006920
2 40bc58
0 7ffebae0
2 40bc5c
0 7ffebae4
2 40bc60
2 40bc64
2 40bc68
2 40bc6c
2 40bc70
0 7ffebac4
2 40bc24
0 7ffeba64
2 40bc28
2 40bc2c
2 40bc30
2 40bc34
1 7ffebac4
2 40bc38
0 7ffeba88
2 40bc3c
0 7ffebac4
2 40bc40
2 40bc44
2 40bc48
2 40bc4c
2 40bc50
0 10006924
2 40bc54
0 10006928
2 40bc58
0 7ffebae0
2 40bc5c
0 7ffebae4
2 40bc60
2 40bc64
2 40bc68
2 40bc6c
2 40bc70
0 7ffebac4
2 40bc24
0 7ffeba64
2 40bc28
2 40bc2c
2 40bc30
2 40bc34
1 7ffebac4
2 40bc38
0 7ffeba88
2 40bc3c
0 7ffebac4
2 40bc40
2 40bc44
2 40bc48
2 40bc4c
2 40bc50
0 1000692c
2 40bc54
0 10006930
2 40bc58
0 7ffebae0
2 40bc5c
0 7ffebae4
2 40bc60
2 40bc64
2 40bc68
2 40bc6c
2 40bc70
0 7ffebac4
2 40bc24
0 7ffeba64
2 40bc28
2 40bc2c
2 40bc30
2 40bc34
1 7ffebac4
2 40bc38
0 7ffeba88
2 40bc3c
0 7ffebac4
2 40bc40
2 40bc44
2 40bc48
2 40bc4c
2 40bc50
0 10006934
2 40bc54
0 10006938
2 40bc58
0 7ffebae0
2 40bc5c
0 7ffebae4
2 40bc60
2 40bc64
2 40bc68
2 40bc6c
2 40bc70
0 7ffebac4
2 40bc24
0 7ffeba64
2 40bc28
2 40bc2c
2 40bc30
2 40bc34
1 7ffebac4
2 40bc38
0 7ffeba88
2 40bc3c
0 7ffebac4
2 40bc40
2 40bc44
2 40bc48
2 40bc4c
2 40bc50
0 1000693c
2 40bc54
0 10006940
2 40bc58
0 7ffebae0
2 40bc5c
0 7ffebae4
2 40bc60
2 40bc64
2 40bc68
2 40bc6c
2 40bc70
0 7ffebac4
2 40bc24
0 7ffeba64
2 40bc28
2 40bc2c
2 40bc30
2 40bc34
1 7ffebac4
2 40bc38
0 7ffeba88
2 40bc3c
0 7ffebac4
2 40bc40
2 40bc44
2 40bc48
2 40bc4c
2 40bc50
0 10006944
2 40bc54
0 10006948
2 40bc58
0 7ffebae0
2 40bc5c
0 7ffebae4
2 40bc60
2 40bc64
2 40bc68
2 40bc6c
2 40bc70
0 7ffebac4
2 40bc24
0 7ffeba64
2 40bc28
2 40bc2c
2 40bc30
2 40bc34
1 7ffebac4
2 40bc38
0 7ffeba88
2 40bc3c
0 7ffebac4
2 40bc40
2 40bc44
2 40bc48
2 40bc4c
2 40bc50
0 1000694c
2 40bc54
0 10006950
2 40bc58
0 7ffebae0
2 40bc5c
0 7ffebae4
2 40bc60
2 40bc64
2 40bc68
2 40bc6c
2 40bc70
0 7ffebac4
2 40bc24
0 7ffeba64
2 40bc28
2 40bc2c
2 40bc30
2 40bc34
1 7ffebac4
2 40bc38
0 7ffeba88
2 40bc3c
0 7ffebac4
2 40bc40
2 40bc44
2 40bc48
2 40bc4c
2 40bc50
0 10006954
2 40bc54
0 10006958
2 40bc58
0 7ffebae0
2 40bc5c
0 7ffebae4
2 40bc60
2 40bc64
2 40bc68
2 40bc6c
2 40bc70
0 7ffebac4
2 40bc74
0 7ffebac8
2 40bc78
2 40bc7c
0 1000fff0
2 40bc80
2 40bc84
2 40bc88
2 40bc8c
2 40bc90
2 40bc94
0 10012318
2 40bc98
1 7ffebac8
2 40bc9c
2 40bca0
2 40bca4
2 40bca8
2 40bcac
2 40bcb0
0 1000ffec
2 40bcb4
0 7ffebac8
2 40bcb8
2 40bcbc
2 40bcc0
2 40bcc4
2 40bcc8
0 7ffebad4
2 40bccc
0 7ffebac4
2 40bcd0
2 40bcd4
2 40bcd8
0 10012098
2 40bcdc
0 1001209c
2 40bce0
2 40bce4
2 40bce8
1 10011ce8
2 40bcec
1 10011cec
2 40bcf0
0 7ffebac8
2 40bcf4
2 40bcf8
0 1000fff0
2 40bcfc
2 40bd00
2 40bd04
2 40bd08
2 40bd0c
2 40bd10
0 1001231c
2 40bd14
1 7ffebac8
2 40bd18
2 40bd1c
2 40bd20
2 40bd24
2 40bbd4
2 40bbd8
0 1000ffec
2 40bbdc
0 7ffebac8
2 40bbe0
2 40bbe4
2 40bbe8
2 40bbec
2 40bbf0
0 100120a0
2 40bbf4
0 100120a4
2 40bbf8
0 7ffeba68
2 40bbfc
2 40bc00
1 7ffebae0
2 40bc04
2 40bc08
1 7ffebae4
2 40bc1c
1 7ffebac4
2 40bc20
0 7ffebac4
2 40bc24
0 7ffeba64
2 40bc28
2 40bc2c
2 40bc30
2 40bc34
1 7ffebac4
2 40bc38
0 7ffeba88
2 40bc3c
0 7ffebac4
2 40bc40
2 40bc44
2 40bc48
2 40bc4c
2 40bc50
0 1000689c
2 40bc54
0 100068a0
2 40bc58
0 7ffebae0
2 40bc5c
0 7ffebae4
2 40bc60
2 40bc64
2 40bc68
2 40bc6c
2 40bc70
0 7ffebac4
2 40bc24
0 7ffeba64
2 40bc28
2 40bc2c
2 40bc30
2 40bc34
1 7ffebac4
2 40bc38
0 7ffeba88
2 40bc3c
0 7ffebac4
2 40bc40
2 40bc44
2 40bc48
2 40bc4c
2 40bc50
0 100068a4
2 40bc54
0 100068a8
2 40bc58
0 7ffebae0
2 40bc5c
0 7ffebae4
2 40bc60
2 40bc64
2 40bc68
2 40bc6c
2 40bc70
0 7ffebac4
2 40bc24
0 7ffeba64
2 40bc28
2 40bc2c
2 40bc30
2 40bc34
1 7ffebac4
2 40bc38
0 7ffeba88
2 40bc3c
0 7ffebac4
2 40bc40
2 40bc44
2 40bc48
2 40bc4c
2 40bc50
0 100068ac
2 40bc54
0 100068b0
2 40bc58
0 7ffebae0
2 40bc5c
0 7ffebae4
2 40bc60
2 40bc64
2 40bc68
2 40bc6c
2 40bc70
0 7ffebac4
2 40bc24
0 7ffeba64
2 40bc28
2 40bc2c
2 40bc30
2 40bc34
1 7ffebac4
2 40bc38
0 7ffeba88
2 40bc3c
0 7ffebac4
2 40bc40
2 40bc44
2 40bc48
2 40bc4c
2 40bc50
0 100068b4
2 40bc54
0 100068b8
2 40bc58
0 7ffebae0
2 40bc5c
0 7ffebae4
2 40bc60
2 40bc64
2 40bc68
2 40bc6c
2 40bc70
0 7ffebac4
2 40bc24
0 7ffeba64
2 40bc28
2 40bc2c
2 40bc30
2 40bc34
1 7ffebac4
2 40bc38
0 7ffeba88
2 40bc3c
0 7ffebac4
2 40bc40
2 40bc44
2 40bc48
2 40bc4c
2 40bc50
0 100068bc
2 40bc54
0 100068c0
2 40bc58
0 7ffebae0
2 40bc5c
0 7ffebae4
2 40bc60
2 40bc64
2 40bc68
2 40bc6c
2 40bc70
0 7ffebac4
2 40bc24
0 7ffeba64
2 40bc28
2 40bc2c
2 40bc30
2 40bc34
1 7ffebac4
2 40bc38
0 7ffeba88
2 40bc3c
0 7ffebac4
2 40bc40
2 40bc44
2 40bc48
2 40bc4c
2 40bc50
0 100068c4
2 40bc54
0 100068c8
2 40bc58
0 7ffebae0
2 40bc5c
0 7ffebae4
2 40bc60
2 40bc64
2 40bc68
2 40bc6c
2 40bc70
0 7ffebac4
2 40bc24
0 7ffeba64
2 40bc28
2 40bc2c
2 40bc30
2 40bc34
1 7ffebac4
2 40bc38
0 7ffeba88
2 40bc3c
0 7ffebac4
2 40bc40
2 40bc44
2 40bc48
2 40bc4c
2 40bc50
0 100068cc
2 40bc54
0 100068d0
2 40bc58
0 7ffebae0
2 40bc5c
0 7ffebae4
2 40bc60
2 40bc64
2 40bc68
2 40bc6c
2 40bc70
0 7ffebac4
2 40bc24
0 7ffeba64
2 40bc28
2 40bc2c
2 40bc30
2 40bc34
1 7ffebac4
2 40bc38
0 7ffeba88
2 40bc3c
0 7ffebac4
2 40bc40
2 40bc44
2 40bc48
2 40bc4c
2 40bc50
0 100068d4
2 40bc54
0 100068d8
2 40bc58
0 7ffebae0
2 40bc5c
0 7ffebae4
2 40bc60
2 40bc64
2 40bc68
2 40bc6c
2 40bc70
0 7ffebac4
2 40bc24
0 7ffeba64
2 40bc28
2 40bc2c
2 40bc30
2 40bc34
1 7ffebac4
2 40bc38
0 7ffeba88
2 40bc3c
0 7ffebac4
2 40bc40
2 40bc44
2 40bc48
2 40bc4c
2 40bc50
0 100068dc
2 40bc54
0 100068e0
2 40bc58
0 7ffebae0
2 40bc5c
0 7ffebae4
2 40bc60
2 40bc64
2 40bc68
2 40bc6c
2 40bc70
0 7ffebac4
2 40bc24
0 7ffeba64
2 40bc28
2 40bc2c
2 40bc30
2 40bc34
1 7ffebac4
2 40bc38
0 7ffeba88
2 40bc3c
0 7ffebac4
2 40bc40
2 40bc44
2 40bc48
2 40bc4c
2 40bc50
0 100068e4
2 40bc54
0 100068e8
2 40bc58
0 7ffebae0
2 40bc5c
0 7ffebae4
2 40bc60
2 40bc64
2 40bc68
2 40bc6c
2 40bc70
0 7ffebac4
2 40bc24
0 7ffeba64
2 40bc28
2 40bc2c
2 40bc30
2 40bc34
1 7ffebac4
2 40bc38
0 7ffeba88
2 40bc3c
0 7ffebac4
2 40bc40
2 40bc44
2 40bc48
2 40bc4c
2 40bc50
0 100068ec
2 40bc54
0 100068f0
2 40bc58
0 7ffebae0
2 40bc5c
0 7ffebae4
2 40bc60
2 40bc64
2 40bc68
2 40bc6c
2 40bc70
0 7ffebac4
2 40bc24
0 7ffeba64
2 40bc28
2 40bc2c
2 40bc30
2 40bc34
1 7ffebac4
2 40bc38
0 7ffeba88
2 40bc3c
0 7ffebac4
2 40bc40
2 40bc44
2 40bc48
2 40bc4c
2 40bc50
0 100068f4
2 40bc54
0 100068f8
2 40bc58
0 7ffebae0
2 40bc5c
0 7ffebae4
2 40bc60
2 40bc64
2 40bc68
2 40bc6c
2 40bc70
0 7ffebac4
2 40bc24
0 7ffeba64
2 40bc28
2 40bc2c
2 40bc30
2 40bc34
1 7ffebac4
2 40bc38
0 7ffeba88
2 40bc3c
0 7ffebac4
2 40bc40
2 40bc44
2 40bc48
2 40bc4c
2 40bc50
0 100068fc
2 40bc54
0 10006900
2 40bc58
0 7ffebae0
2 40bc5c
0 7ffebae4
2 40bc60
2 40bc64
2 40bc68
2 40bc6c
2 40bc70
0 7ffebac4
2 40bc24
0 7ffeba64
2 40bc28
2 40bc2c
2 40bc30
2 40bc34
1 7ffebac4
2 40bc38
0 7ffeba88
2 40bc3c
0 7ffebac4
2 40bc40
2 40bc44
2 40bc48
2 40bc4c
2 40bc50
0 10006904
2 40bc54
0 10006908
2 40bc58
0 7ffebae0
2 40bc5c
0 7ffebae4
2 40bc60
2 40bc64
2 40bc68
2 40bc6c
2 40bc70
0 7ffebac4
2 40bc24
0 7ffeba64
2 40bc28
2 40bc2c
2 40bc30
2 40bc34
1 7ffebac4
2 40bc38
0 7ffeba88
2 40bc3c
0 7ffebac4
2 40bc40
2 40bc44
2 40bc48
2 40bc4c
2 40bc50
0 1000690c
2 40bc54
0 10006910
2 40bc58
0 7ffebae0
2 40bc5c
0 7ffebae4
2 40bc60
2 40bc64
2 40bc68
2 40bc6c
2 40bc70
0 7ffebac4
2 40bc24
0 7ffeba64
2 40bc28
2 40bc2c
2 40bc30
2 40bc34
1 7ffebac4
2 40bc38
0 7ffeba88
2 40bc3c
0 7ffebac4
2 40bc40
2 40bc44
2 40bc48
2 40bc4c
2 40bc50
0 10006914
2 40bc54
0 10006918
2 40bc58
0 7ffebae0
2 40bc5c
0 7ffebae4
2 40bc60
2 40bc64
2 40bc68
2 40bc6c
2 40bc70
0 7ffebac4
2 40bc24
0 7ffeba64
2 40bc28
2 40bc2c
2 40bc30
2 40bc34
1 7ffebac4
2 40bc38
0 7ffeba88
2 40bc3c
0 7ffebac4
2 40bc40
2 40bc44
2 40bc48
2 40bc4c
2 40bc50
0 1000691c
2 40bc54
0 10006920
2 40bc58
0 7ffebae0
2 40bc5c
0 7ffebae4
2 40bc60
2 40bc64
2 40bc68
2 40bc6c
2 40bc70
0 7ffebac4
2 40bc24
0 7ffeba64
2 40bc28
2 40bc2c
2 40bc30
2 40bc34
1 7ffebac4
2 40bc38
0 7ffeba88
2 40bc3c
0 7ffebac4
2 40bc40
2 40bc44
2 40bc48
2 40bc4c
2 40bc50
0 10006924
2 40bc54
0 10006928
2 40bc58
0 7ffebae0
2 40bc5c
0 7ffebae4
2 40bc60
2 40bc64
2 40bc68
2 40bc6c
2 40bc70
0 7ffebac4
2 40bc24
0 7ffeba64
2 40bc28
2 40bc2c
2 40bc30
2 40bc34
1 7ffebac4
2 40bc38
0 7ffeba88
2 40bc3c
0 7ffebac4
2 40bc40
2 40bc44
2 40bc48
2 40bc4c
2 40bc50
0 1000692c
2 40bc54
0 10006930
2 40bc58
0 7ffebae0
2 40bc5c
0 7ffebae4
2 40bc60
2 40bc64
2 40bc68
2 40bc6c
2 40bc70
0 7ffebac4
2 40bc24
0 7ffeba64
2 40bc28
2 40bc2c
2 40bc30
2 40bc34
1 7ffebac4
2 40bc38
0 7ffeba88
2 40bc3c
0 7ffebac4
2 40bc40
2 40bc44
2 40bc48
2 40bc4c
2 40bc50
0 10006934
2 40bc54
0 10006938
2 40bc58
0 7ffebae0
2 40bc5c
0 7ffebae4
2 40bc60
2 40bc64
2 40bc68
2 40bc6c
2 40bc70
0 7ffebac4
2 40bc24
0 7ffeba64
2 40bc28
2 40bc2c
2 40bc30
2 40bc34
1 7ffebac4
2 40bc38
0 7ffeba88
2 40bc3c
0 7ffebac4
2 40bc40
2 40bc44
2 40bc48
2 40bc4c
2 40bc50
0 1000693c
2 40bc54
0 10006940
2 40bc58
0 7ffebae0
2 40bc5c
0 7ffebae4
2 40bc60
2 40bc64
2 40bc68
2 40bc6c
2 40bc70
0 7ffebac4
2 40bc24
0 7ffeba64
2 40bc28
2 40bc2c
2 40bc30
2 40bc34
1 7ffebac4
2 40bc38
0 7ffeba88
2 40bc3c
0 7ffebac4
2 40bc40
2 40bc44
2 40bc48
2 40bc4c
2 40bc50
0 10006944
2 40bc54
0 10006948
2 40bc58
0 7ffebae0
2 40bc5c
0 7ffebae4
2 40bc60
2 40bc64
2 40bc68
2 40bc6c
2 40bc70
0 7ffebac4
2 40bc24
0 7ffeba64
2 40bc28
2 40bc2c
2 40bc30
2 40bc34
1 7ffebac4
2 40bc38
0 7ffeba88
2 40bc3c
0 7ffebac4
2 40bc40
2 40bc44
2 40bc48
2 40bc4c
2 40bc50
0 1000694c
2 40bc54
0 10006950
2 40bc58
0 7ffebae0
2 40bc5c
0 7ffebae4
2 40bc60
2 40bc64
2 40bc68
2 40bc6c
2 40bc70
0 7ffebac4
2 40bc24
0 7ffeba64
2 40bc28
2 40bc2c
2 40bc30
2 40bc34
1 7ffebac4
2 40bc38
0 7ffeba88
2 40bc3c
0 7ffebac4
2 40bc40
2 40bc44
2 40bc48
2 40bc4c
2 40bc50
0 10006954
2 40bc54
0 10006958
2 40bc58
0 7ffebae0
2 40bc5c
0 7ffebae4
2 40bc60
2 40bc64
2 40bc68
2 40bc6c
2 40bc70
0 7ffebac4
2 40bc24
0 7ffeba64
2 40bc28
2 40bc2c
2 40bc30
2 40bc34
1 7ffebac4
2 40bc38
0 7ffeba88
2 40bc3c
0 7ffebac4
2 40bc40
2 40bc44
2 40bc48
2 40bc4c
2 40bc50
0 1000695c
2 40bc54
0 10006960
2 40bc58
0 7ffebae0
2 40bc5c
0 7ffebae4
2 40bc60
2 40bc64
2 40bc68
2 40bc6c
2 40bc70
0 7ffebac4
2 40bc24
0 7ffeba64
2 40bc28
2 40bc2c
2 40bc30
2 40bc34
1 7ffebac4
2 40bc38
0 7ffeba88
2 40bc3c
0 7ffebac4
2 40bc40
2 40bc44
2 40bc48
2 40bc4c
2 40bc50
0 10006964
2 40bc54
0 10006968
2 40bc58
0 7ffebae0
2 40bc5c
0 7ffebae4
2 40bc60
2 40bc64
2 40bc68
2 40bc6c
2 40bc70
0 7ffebac4
2 40bc74
0 7ffebac8
2 40bc78
2 40bc7c
0 1000fff0
2 40bc80
2 40bc84
2 40bc88
2 40bc8c
2 40bc90
2 40bc94
0 10012320
2 40bc98
1 7ffebac8
2 40bc9c
2 40bca0
2 40bca4
2 40bca8
2 40bcac
2 40bcb0
0 1000ffec
2 40bcb4
0 7ffebac8
2 40bcb8
2 40bcbc
2 40bcc0
2 40bcc4
2 40bcc8
0 7ffebad4
2 40bccc
0 7ffebac4
2 40bcd0
2 40bcd4
2 40bcd8
0 100120a8
2 40bcdc
0 100120ac
2 40bce0
2 40bce4
2 40bce8
1 10011cf8
2 40bcec
1 10011cfc
2 40bcf0
0 7ffebac8
2 40bcf4
2 40bcf8
0 1000fff0
2 40bcfc
2 40bd00
2 40bd04
2 40bd08
2 40bd0c
2 40bd10
0 10012324
2 40bd14
1 7ffebac8
2 40bd18
2 40bd1c
2 40bd20
2 40bd24
2 40bbd4
2 40bbd8
0 1000ffec
2 40bbdc
0 7ffebac8
2 40bbe0
2 40bbe4
2 40bbe8
2 40bbec
2 40bbf0
0 100120b0
2 40bbf4
0 100120b4
2 40bbf8
0 7ffeba68
2 40bbfc
2 40bc00
1 7ffebae0
2 40bc04
2 40bc08
1 7ffebae4
2 40bc1c
1 7ffebac4
2 40bc20
0 7ffebac4
2 40bc24
0 7ffeba64
2 40bc28
2 40bc2c
2 40bc30
2 40bc34
1 7ffebac4
2 40bc38
0 7ffeba88
2 40bc3c
0 7ffebac4
2 40bc40
2 40bc44
2 40bc48
2 40bc4c
2 40bc50
0 1000689c
2 40bc54
0 100068a0
2 40bc58
0 7ffebae0
2 40bc5c
0 7ffebae4
2 40bc60
2 40bc64
2 40bc68
2 40bc6c
2 40bc70
0 7ffebac4
2 40bc24
0 7ffeba64
2 40bc28
2 40bc2c
2 40bc30
2 40bc34
1 7ffebac4
2 40bc38
0 7ffeba88
2 40bc3c
0 7ffebac4
2 40bc40
2 40bc44
2 40bc48
2 40bc4c
2 40bc50
0 100068a4
2 40bc54
0 100068a8
2 40bc58
0 7ffebae0
2 40bc5c
0 7ffebae4
2 40bc60
2 40bc64
2 40bc68
2 40bc6c
2 40bc70
0 7ffebac4
2 40bc24
0 7ffeba64
2 40bc28
2 40bc2c
2 40bc30
2 40bc34
1 7ffebac4
2 40bc38
0 7ffeba88
2 40bc3c
0 7ffebac4
2 40bc40
2 40bc44
2 40bc48
2 40bc4c
2 40bc50
0 100068ac
2 40bc54
0 100068b0
2 40bc58
0 7ffebae0
2 40bc5c
0 7ffebae4
2 40bc60
2 40bc64
2 40bc68
2 40bc6c
2 40bc70
0 7ffebac4
2 40bc24
0 7ffeba64
2 40bc28
2 40bc2c
2 40bc30
2 40bc34
1 7ffebac4
2 40bc38
0 7ffeba88
2 40bc3c
0 7ffebac4
2 40bc40
2 40bc44
2 40bc48
2 40bc4c
2 40bc50
0 100068b4
2 40bc54
0 100068b8
2 40bc58
0 7ffebae0
2 40bc5c
0 7ffebae4
2 40bc60
2 40bc64
2 40bc68
2 40bc6c
2 40bc70
0 7ffebac4
2 40bc24
0 7ffeba64
2 40bc28
2 40bc2c
2 40bc30
2 40bc34
1 7ffebac4
2 40bc38
0 7ffeba88
2 40bc3c
0 7ffebac4
2 40bc40
2 40bc44
2 40bc48
2 40bc4c
2 40bc50
0 100068bc
2 40bc54
0 100068c0
2 40bc58
0 7ffebae0
2 40bc5c
0 7ffebae4
2 40bc60
2 40bc64
2 40bc68
2 40bc6c
2 40bc70
0 7ffebac4
2 40bc24
0 7ffeba64
2 40bc28
2 40bc2c
2 40bc30
2 40bc34
1 7ffebac4
2 40bc38
0 7ffeba88
2 40bc3c
0 7ffebac4
2 40bc40
2 40bc44
2 40bc48
2 40bc4c
2 40bc50
0 100068c4
2 40bc54
0 100068c8
2 40bc58
0 7ffebae0
2 40bc5c
0 7ffebae4
2 40bc60
2 40bc64
2 40bc68
2 40bc6c
2 40bc70
0 7ffebac4
2 40bc24
0 7ffeba64
2 40bc28
2 40bc2c
2 40bc30
2 40bc34
1 7ffebac4
2 40bc38
0 7ffeba88
2 40bc3c
0 7ffebac4
2 40bc40
2 40bc44
2 40bc48
2 40bc4c
2 40bc50
0 100068cc
2 40bc54
0 100068d0
2 40bc58
0 7ffebae0
2 40bc5c
0 7ffebae4
2 40bc60
2 40bc64
2 40bc68
2 40bc6c
2 40bc70
0 7ffebac4
2 40bc24
0 7ffeba64
2 40bc28
2 40bc2c
2 40bc30
2 40bc34
1 7ffebac4
2 40bc38
0 7ffeba88
2 40bc3c
0 7ffebac4
2 40bc40
2 40bc44
2 40bc48
2 40bc4c
2 40bc50
0 100068d4
2 40bc54
0 100068d8
2 40bc58
0 7ffebae0
2 40bc5c
0 7ffebae4
2 40bc60
2 40bc64
2 40bc68
2 40bc6c
2 40bc70
0 7ffebac4
2 40bc24
0 7ffeba64
2 40bc28
2 40bc2c
2 40bc30
2 40bc34
1 7ffebac4
2 40bc38
0 7ffeba88
2 40bc3c
0 7ffebac4
2 40bc40
2 40bc44
2 40bc48
2 40bc4c
2 40bc50
0 100068dc
2 40bc54
0 100068e0
2 40bc58
0 7ffebae0
2 40bc5c
0 7ffebae4
2 40bc60
2 40bc64
2 40bc68
2 40bc6c
2 40bc70
0 7ffebac4
2 40bc24
0 7ffeba64
2 40bc28
2 40bc2c
2 40bc30
2 40bc34
1 7ffebac4
2 40bc38
0 7ffeba88
2 40bc3c
0 7ffebac4
2 40bc40
2 40bc44
2 40bc48
2 40bc4c
2 40bc50
0 100068e4
2 40bc54
0 100068e8
2 40bc58
0 7ffebae0
2 40bc5c
0 7ffebae4
2 40bc60
2 40bc64
2 40bc68
2 40bc6c
2 40bc70
0 7ffebac4
2 40bc24
0 7ffeba64
2 40bc28
2 40bc2c
2 40bc30
2 40bc34
1 7ffebac4
2 40bc38
0 7ffeba88
2 40bc3c
0 7ffebac4
2 40bc40
2 40bc44
2 40bc48
2 40bc4c
2 40bc50
0 100068ec
2 40bc54
0 100068f0
2 40bc58
0 7ffebae0
2 40bc5c
0 7ffebae4
2 40bc60
2 40bc64
2 40bc68
2 40bc6c
2 40bc70
0 7ffebac4
2 40bc24
0 7ffeba64
2 40bc28
2 40bc2c
2 40bc30
2 40bc34
1 7ffebac4
2 40bc38
0 7ffeba88
2 40bc3c
0 7ffebac4
2 40bc40
2 40bc44
2 40bc48
2 40bc4c
2 40bc50
0 100068f4
2 40bc54
0 100068f8
2 40bc58
0 7ffebae0
2 40bc5c
0 7ffebae4
2 40bc60
2 40bc64
2 40bc68
2 40bc6c
2 40bc70
0 7ffebac4
2 40bc24
0 7ffeba64
2 40bc28
2 40bc2c
2 40bc30
2 40bc34
1 7ffebac4
2 40bc38
0 7ffeba88
2 40bc3c
0 7ffebac4
2 40bc40
2 40bc44
2 40bc48
2 40bc4c
2 40bc50
0 100068fc
2 40bc54
0 10006900
2 40bc58
0 7ffebae0
2 40bc5c
0 7ffebae4
2 40bc60
2 40bc64
2 40bc68
2 40bc6c
2 40bc70
0 7ffebac4
2 40bc24
0 7ffeba64
2 40bc28
2 40bc2c
2 40bc30
2 40bc34
1 7ffebac4
2 40bc38
0 7ffeba88
2 40bc3c
0 7ffebac4
2 40bc40
2 40bc44
2 40bc48
2 40bc4c
2 40bc50
0 10006904
2 40bc54
0 10006908
2 40bc58
0 7ffebae0
2 40bc5c
0 7ffebae4
2 40bc60
2 40bc64
2 40bc68
2 40bc6c
2 40bc70
0 7ffebac4
2 40bc24
0 7ffeba64
2 40bc28
2 40bc2c
2 40bc30
2 40bc34
1 7ffebac4
2 40bc38
0 7ffeba88
2 40bc3c
0 7ffebac4
2 40bc40
2 40bc44
2 40bc48
2 40bc4c
2 40bc50
0 1000690c
2 40bc54
0 10006910
2 40bc58
0 7ffebae0
2 40bc5c
0 7ffebae4
2 40bc60
2 40bc64
2 40bc68
2 40bc6c
2 40bc70
0 7ffebac4
2 40bc24
0 7ffeba64
2 40bc28
2 40bc2c
2 40bc30
2 40bc34
1 7ffebac4
2 40bc38
0 7ffeba88
2 40bc3c
0 7ffebac4
2 40bc40
2 40bc44
2 40bc48
2 40bc4c
2 40bc50
0 10006914
2 40bc54
0 10006918
2 40bc58
0 7ffebae0
2 40bc5c
0 7ffebae4
2 40bc60
2 40bc64
2 40bc68
2 40bc6c
2 40bc70
0 7ffebac4
2 40bc74
0 7ffebac8
2 40bc78
2 40bc7c
0 1000fff0
2 40bc80
2 40bc84
2 40bc88
2 40bc8c
2 40bc90
2 40bc94
0 10012328
2 40bc98
1 7ffebac8
2 40bc9c
2 40bca0
2 40bca4
2 40bca8
2 40bcac
2 40bcb0
0 1000ffec
2 40bcb4
0 7ffebac8
2 40bcb8
2 40bcbc
2 40bcc0
2 40bcc4
2 40bcc8
0 7ffebad4
2 40bccc
0 7ffebac4
2 40bcd0
2 40bcd4
2 40bcd8
0 100120b8
2 40bcdc
0 100120bc
2 40bce0
2 40bce4
2 40bce8
1 10011ca8
2 40bcec
1 10011cac
2 40bcf0
0 7ffebac8
2 40bcf4
2 40bcf8
0 1000fff0
2 40bcfc
2 40bd00
2 40bd04
2 40bd08
2 40bd0c
2 40bd10
0 1001232c
2 40bd14
1 7ffebac8
2 40bd18
2 40bd1c
2 40bd20
2 40bd24
2 40bbd4
2 40bbd8
0 1000ffec
2 40bbdc
0 7ffebac8
2 40bbe0
2 40bbe4
2 40bbe8
2 40bbec
2 40bbf0
0 100120c0
2 40bbf4
0 100120c4
2 40bbf8
0 7ffeba68
2 40bbfc
2 40bc00
1 7ffebae0
2 40bc04
2 40bc08
1 7ffebae4
2 40bc1c
1 7ffebac4
2 40bc20
0 7ffebac4
2 40bc24
0 7ffeba64
2 40bc28
2 40bc2c
2 40bc30
2 40bc34
1 7ffebac4
2 40bc38
0 7ffeba88
2 40bc3c
0 7ffebac4
2 40bc40
2 40bc44
2 40bc48
2 40bc4c
2 40bc50
0 1000689c
2 40bc54
0 100068a0
2 40bc58
0 7ffebae0
2 40bc5c
0 7ffebae4
2 40bc60
2 40bc64
2 40bc68
2 40bc6c
2 40bc70
0 7ffebac4
2 40bc24
0 7ffeba64
2 40bc28
2 40bc2c
2 40bc30
2 40bc34
1 7ffebac4
2 40bc38
0 7ffeba88
2 40bc3c
0 7ffebac4
2 40bc40
2 40bc44
2 40bc48
2 40bc4c
2 40bc50
0 100068a4
2 40bc54
0 100068a8
2 40bc58
0 7ffebae0
2 40bc5c
0 7ffebae4
2 40bc60
2 40bc64
2 40bc68
2 40bc6c
2 40bc70
0 7ffebac4
2 40bc24
0 7ffeba64
2 40bc28
2 40bc2c
2 40bc30
2 40bc34
1 7ffebac4
2 40bc38
0 7ffeba88
2 40bc3c
0 7ffebac4
2 40bc40
2 40bc44
2 40bc48
2 40bc4c
2 40bc50
0 100068ac
2 40bc54
0 100068b0
2 40bc58
0 7ffebae0
2 40bc5c
0 7ffebae4
2 40bc60
2 40bc64
2 40bc68
2 40bc6c
2 40bc70
0 7ffebac4
2 40bc24
0 7ffeba64
2 40bc28
2 40bc2c
2 40bc30
2 40bc34
1 7ffebac4
2 40bc38
0 7ffeba88
2 40bc3c
0 7ffebac4
2 40bc40
2 40bc44
2 40bc48
2 40bc4c
2 40bc50
0 100068b4
2 40bc54
0 100068b8
2 40bc58
0 7ffebae0
2 40bc5c
0 7ffebae4
2 40bc60
2 40bc64
2 40bc68
2 40bc6c
2 40bc70
0 7ffebac4
2 40bc24
0 7ffeba64
2 40bc28
2 40bc2c
2 40bc30
2 40bc34
1 7ffebac4
2 40bc38
0 7ffeba88
2 40bc3c
0 7ffebac4
2 40bc40
2 40bc44
2 40bc48
2 40bc4c
2 40bc50
0 100068bc
2 40bc54
0 100068c0
2 40bc58
0 7ffebae0
2 40bc5c
0 7ffebae4
2 40bc60
2 40bc64
2 40bc68
2 40bc6c
2 40bc70
0 7ffebac4
2 40bc24
0 7ffeba64
2 40bc28
2 40bc2c
2 40bc30
2 40bc34
1 7ffebac4
2 40bc38
0 7ffeba88
2 40bc3c
0 7ffebac4
2 40bc40
2 40bc44
2 40bc48
2 40bc4c
2 40bc50
0 100068c4
2 40bc54
0 100068c8
2 40bc58
0 7ffebae0
2 40bc5c
0 7ffebae4
2 40bc60
2 40bc64
2 40bc68
2 40bc6c
2 40bc70
0 7ffebac4
2 40bc24
0 7ffeba64
2 40bc28
2 40bc2c
2 40bc30
2 40bc34
1 7ffebac4
2 40bc38
0 7ffeba88
2 40bc3c
0 7ffebac4
2 40bc40
2 40bc44
2 40bc48
2 40bc4c
2 40bc50
0 100068cc
2 40bc54
0 100068d0
2 40bc58
0 7ffebae0
2 40bc5c
0 7ffebae4
2 40bc60
2 40bc64
2 40bc68
2 40bc6c
2 40bc70
0 7ffebac4
2 40bc24
0 7ffeba64
2 40bc28
2 40bc2c
2 40bc30
2 40bc34
1 7ffebac4
2 40bc38
0 7ffeba88
2 40bc3c
0 7ffebac4
2 40bc40
2 40bc44
2 40bc48
2 40bc4c
2 40bc50
0 100068d4
2 40bc54
0 100068d8
2 40bc58
0 7ffebae0
2 40bc5c
0 7ffebae4
2 40bc60
2 40bc64
2 40bc68
2 40bc6c
2 40bc70
0 7ffebac4
2 40bc24
0 7ffeba64
2 40bc28
2 40bc2c
2 40bc30
2 40bc34
1 7ffebac4
2 40bc38
0 7ffeba88
2 40bc3c
0 7ffebac4
2 40bc40
2 40bc44
2 40bc48
2 40bc4c
2 40bc50
0 100068dc
2 40bc54
0 100068e0
2 40bc58
0 7ffebae0
2 40bc5c
0 7ffebae4
2 40bc60
2 40bc64
2 40bc68
2 40bc6c
2 40bc70
0 7ffebac4
2 40bc24
0 7ffeba64
2 40bc28
2 40bc2c
2 40bc30
2 40bc34
1 7ffebac4
2 40bc38
0 7ffeba88
2 40bc3c
0 7ffebac4
2 40bc40
2 40bc44
2 40bc48
2 40bc4c
2 40bc50
0 100068e4
2 40bc54
0 100068e8
2 40bc58
0 7ffebae0
2 40bc5c
0 7ffebae4
2 40bc60
2 40bc64
2 40bc68
2 40bc6c
2 40bc70
0 7ffebac4
2 40bc24
0 7ffeba64
2 40bc28
2 40bc2c
2 40bc30
2 40bc34
1 7ffebac4
2 40bc38
0 7ffeba88
2 40bc3c
0 7ffebac4
2 40bc40
2 40bc44
2 40bc48
2 40bc4c
2 40bc50
0 100068ec
2 40bc54
0 100068f0
2 40bc58
0 7ffebae0
2 40bc5c
0 7ffebae4
2 40bc60
2 40bc64
2 40bc68
2 40bc6c
2 40bc70
0 7ffebac4
2 40bc24
0 7ffeba64
2 40bc28
2 40bc2c
2 40bc30
2 40bc34
1 7ffebac4
2 40bc38
0 7ffeba88
2 40bc3c
0 7ffebac4
2 40bc40
2 40bc44
2 40bc48
2 40bc4c
2 40bc50
0 100068f4
2 40bc54
0 100068f8
2 40bc58
0 7ffebae0
2 40bc5c
0 7ffebae4
2 40bc60
2 40bc64
2 40bc68
2 40bc6c
2 40bc70
0 7ffebac4
2 40bc24
0 7ffeba64
2 40bc28
2 40bc2c
2 40bc30
2 40bc34
1 7ffebac4
2 40bc38
0 7ffeba88
2 40bc3c
0 7ffebac4
2 40bc40
2 40bc44
2 40bc48
2 40bc4c
2 40bc50
0 100068fc
2 40bc54
0 10006900
2 40bc58
0 7ffebae0
2 40bc5c
0 7ffebae4
2 40bc60
2 40bc64
2 40bc68
2 40bc6c
2 40bc70
0 7ffebac4
2 40bc74
0 7ffebac8
2 40bc78
2 40bc7c
0 1000fff0
2 40bc80
2 40bc84
2 40bc88
2 40bc8c
2 40bc90
2 40bc94
0 10012330
2 40bc98
1 7ffebac8
2 40bc9c
2 40bca0
2 40bca4
2 40bca8
2 40bcac
2 40bcb0
0 1000ffec
2 40bcb4
0 7ffebac8
2 40bcb8
2 40bcbc
2 40bcc0
2 40bcc4
2 40bcc8
0 7ffebad4
2 40bccc
0 7ffebac4
2 40bcd0
2 40bcd4
2 40bcd8
0 100120c8
2 40bcdc
0 100120cc
2 40bce0
2 40bce4
2 40bce8
1 10011c90
2 40bcec
1 10011c94
2 40bcf0
0 7ffebac8
2 40bcf4
2 40bcf8
0 1000fff0
2 40bcfc
2 40bd00
2 40bd04
2 40bd08
2 40bd0c
2 40bd10
0 10012334
2 40bd14
1 7ffebac8
2 40bd18
2 40bd1c
2 40bd20
2 40bd24
2 40bbd4
2 40bbd8
0 1000ffec
2 40bbdc
0 7ffebac8
2 40bbe0
2 40bbe4
2 40bbe8
2 40bbec
2 40bbf0
0 100120d0
2 40bbf4
0 100120d4
2 40bbf8
0 7ffeba68
2 40bbfc
2 40bc00
1 7ffebae0
2 40bc04
2 40bc08
1 7ffebae4
2 40bc1c
1 7ffebac4
2 40bc20
0 7ffebac4
2 40bc24
0 7ffeba64
2 40bc28
2 40bc2c
2 40bc30
2 40bc34
1 7ffebac4
2 40bc38
0 7ffeba88
2 40bc3c
0 7ffebac4
2 40bc40
2 40bc44
2 40bc48
2 40bc4c
2 40bc50
0 1000689c
2 40bc54
0 100068a0
2 40bc58
0 7ffebae0
2 40bc5c
0 7ffebae4
2 40bc60
2 40bc64
2 40bc68
2 40bc6c
2 40bc70
0 7ffebac4
2 40bc24
0 7ffeba64
2 40bc28
2 40bc2c
2 40bc30
2 40bc34
1 7ffebac4
2 40bc38
0 7ffeba88
2 40bc3c
0 7ffebac4
2 40bc40
2 40bc44
2 40bc48
2 40bc4c
2 40bc50
0 100068a4
2 40bc54
0 100068a8
2 40bc58
0 7ffebae0
2 40bc5c
0 7ffebae4
2 40bc60
2 40bc64
2 40bc68
2 40bc6c
2 40bc70
0 7ffebac4
2 40bc24
0 7ffeba64
2 40bc28
2 40bc2c
2 40bc30
2 40bc34
1 7ffebac4
2 40bc38
0 7ffeba88
2 40bc3c
0 7ffebac4
2 40bc40
2 40bc44
2 40bc48
2 40bc4c
2 40bc50
0 100068ac
2 40bc54
0 100068b0
2 40bc58
0 7ffebae0
2 40bc5c
0 7ffebae4
2 40bc60
2 40bc64
2 40bc68
2 40bc6c
2 40bc70
0 7ffebac4
2 40bc24
0 7ffeba64
2 40bc28
2 40bc2c
2 40bc30
2 40bc34
1 7ffebac4
2 40bc38
0 7ffeba88
2 40bc3c
0 7ffebac4
2 40bc40
2 40bc44
2 40bc48
2 40bc4c
2 40bc50
0 100068b4
2 40bc54
0 100068b8
2 40bc58
0 7ffebae0
2 40bc5c
0 7ffebae4
2 40bc60
2 40bc64
2 40bc68
2 40bc6c
2 40bc70
0 7ffebac4
2 40bc24
0 7ffeba64
2 40bc28
2 40bc2c
2 40bc30
2 40bc34
1 7ffebac4
2 40bc38
0 7ffeba88
2 40bc3c
0 7ffebac4
2 40bc40
2 40bc44
2 40bc48
2 40bc4c
2 40bc50
0 100068bc
2 40bc54
0 100068c0
2 40bc58
0 7ffebae0
2 40bc5c
0 7ffebae4
2 40bc60
2 40bc64
2 40bc68
2 40bc6c
2 40bc70
0 7ffebac4
2 40bc24
0 7ffeba64
2 40bc28
2 40bc2c
2 40bc30
2 40bc34
1 7ffebac4
2 40bc38
0 7ffeba88
2 40bc3c
0 7ffebac4
2 40bc40
2 40bc44
2 40bc48
2 40bc4c
2 40bc50
0 100068c4
2 40bc54
0 100068c8
2 40bc58
0 7ffebae0
2 40bc5c
0 7ffebae4
2 40bc60
2 40bc64
2 40bc68
2 40bc6c
2 40bc70
0 7ffebac4
2 40bc24
0 7ffeba64
2 40bc28
2 40bc2c
2 40bc30
2 40bc34
1 7ffebac4
2 40bc38
0 7ffeba88
2 40bc3c
0 7ffebac4
2 40bc40
2 40bc44
2 40bc48
2 40bc4c
2 40bc50
0 100068cc
2 40bc54
0 100068d0
2 40bc58
0 7ffebae0
2 40bc5c
0 7ffebae4
2 40bc60
2 40bc64
2 40bc68
2 40bc6c
2 40bc70
0 7ffebac4
2 40bc24
0 7ffeba64
2 40bc28
2 40bc2c
2 40bc30
2 40bc34
1 7ffebac4
2 40bc38
0 7ffeba88
2 40bc3c
0 7ffebac4
2 40bc40
2 40bc44
2 40bc48
2 40bc4c
2 40bc50
0 100068d4
2 40bc54
0 100068d8
2 40bc58
0 7ffebae0
2 40bc5c
0 7ffebae4
2 40bc60
2 40bc64
2 40bc68
2 40bc6c
2 40bc70
0 7ffebac4
2 40bc24
0 7ffeba64
2 40bc28
2 40bc2c
2 40bc30
2 40bc34
1 7ffebac4
2 40bc38
0 7ffeba88
2 40bc3c
0 7ffebac4
2 40bc40
2 40bc44
2 40bc48
2 40bc4c
2 40bc50
0 100068dc
2 40bc54
0 100068e0
2 40bc58
0 7ffebae0
2 40bc5c
0 7ffebae4
2 40bc60
2 40bc64
2 40bc68
2 40bc6c
2 40bc70
0 7ffebac4
2 40bc24
0 7ffeba64
2 40bc28
2 40bc2c
2 40bc30
2 40bc34
1 7ffebac4
2 40bc38
0 7ffeba88
2 40bc3c
0 7ffebac4
2 40bc40
2 40bc44
2 40bc48
2 40bc4c
2 40bc50
0 100068e4
2 40bc54
0 100068e8
2 40bc58
0 7ffebae0
2 40bc5c
0 7ffebae4
2 40bc60
2 40bc64
2 40bc68
2 40bc6c
2 40bc70
0 7ffebac4
2 40bc24
0 7ffeba64
2 40bc28
2 40bc2c
2 40bc30
2 40bc34
1 7ffebac4
2 40bc38
0 7ffeba88
2 40bc3c
0 7ffebac4
2 40bc40
2 40bc44
2 40bc48
2 40bc4c
2 40bc50
0 100068ec
2 40bc54
0 100068f0
2 40bc58
0 7ffebae0
2 40bc5c
0 7ffebae4
2 40bc60
2 40bc64
2 40bc68
2 40bc6c
2 40bc70
0 7ffebac4
2 40bc24
0 7ffeba64
2 40bc28
2 40bc2c
2 40bc30
2 40bc34
1 7ffebac4
2 40bc38
0 7ffeba88
2 40bc3c
0 7ffebac4
2 40bc40
2 40bc44
2 40bc48
2 40bc4c
2 40bc50
0 100068f4
2 40bc54
0 100068f8
2 40bc58
0 7ffebae0
2 40bc5c
0 7ffebae4
2 40bc60
2 40bc64
2 40bc68
2 40bc6c
2 40bc70
0 7ffebac4
2 40bc24
0 7ffeba64
2 40bc28
2 40bc2c
2 40bc30
2 40bc34
1 7ffebac4
2 40bc38
0 7ffeba88
2 40bc3c
0 7ffebac4
2 40bc40
2 40bc44
2 40bc48
2 40bc4c
2 40bc50
0 100068fc
2 40bc54
0 10006900
2 40bc58
0 7ffebae0
2 40bc5c
0 7ffebae4
2 40bc60
2 40bc64
2 40bc68
2 40bc6c
2 40bc70
0 7ffebac4
2 40bc24
0 7ffeba64
2 40bc28
2 40bc2c
2 40bc30
2 40bc34
1 7ffebac4
2 40bc38
0 7ffeba88
2 40bc3c
0 7ffebac4
2 40bc40
2 40bc44
2 40bc48
2 40bc4c
2 40bc50
0 10006904
2 40bc54
0 10006908
2 40bc58
0 7ffebae0
2 40bc5c
0 7ffebae4
2 40bc60
2 40bc64
2 40bc68
2 40bc6c
2 40bc70
0 7ffebac4
2 40bc74
0 7ffebac8
2 40bc78
2 40bc7c
0 1000fff0
2 40bc80
2 40bc84
2 40bc88
2 40bc8c
2 40bc90
2 40bc94
0 10012338
2 40bc98
1 7ffebac8
2 40bc9c
2 40bca0
2 40bca4
2 40bca8
2 40bcac
2 40bcb0
0 1000ffec
2 40bcb4
0 7ffebac8
2 40bcb8
2 40bcbc
2 40bcc0
2 40bcc4
2 40bcc8
0 7ffebad4
2 40bccc
0 7ffebac4
2 40bcd0
2 40bcd4
2 40bcd8
0 100120d8
2 40bcdc
0 100120dc
2 40bce0
2 40bce4
2 40bce8
1 10011c98
2 40bcec
1 10011c9c
2 40bcf0
0 7ffebac8
2 40bcf4
2 40bcf8
0 1000fff0
2 40bcfc
2 40bd00
2 40bd04
2 40bd08
2 40bd0c
2 40bd10
0 1001233c
2 40bd14
1 7ffebac8
2 40bd18
2 40bd1c
2 40bd20
2 40bd24
2 40bbd4
2 40bbd8
0 1000ffec
2 40bbdc
0 7ffebac8
2 40bbe0
2 40bbe4
2 40bbe8
2 40bbec
2 40bbf0
0 100120e0
2 40bbf4
0 100120e4
2 40bbf8
0 7ffeba68
2 40bbfc
2 40bc00
1 7ffebae0
2 40bc04
2 40bc08
1 7ffebae4
2 40bc1c
1 7ffebac4
2 40bc20
0 7ffebac4
2 40bc24
0 7ffeba64
2 40bc28
2 40bc2c
2 40bc30
2 40bc34
1 7ffebac4
2 40bc38
0 7ffeba88
2 40bc3c
0 7ffebac4
2 40bc40
2 40bc44
2 40bc48
2 40bc4c
2 40bc50
0 1000689c
2 40bc54
0 100068a0
2 40bc58
0 7ffebae0
2 40bc5c
0 7ffebae4
2 40bc60
2 40bc64
2 40bc68
2 40bc6c
2 40bc70
0 7ffebac4
2 40bc24
0 7ffeba64
2 40bc28
2 40bc2c
2 40bc30
2 40bc34
1 7ffebac4
2 40bc38
0 7ffeba88
2 40bc3c
0 7ffebac4
2 40bc40
2 40bc44
2 40bc48
2 40bc4c
2 40bc50
0 100068a4
2 40bc54
0 100068a8
2 40bc58
0 7ffebae0
2 40bc5c
0 7ffebae4
2 40bc60
2 40bc64
2 40bc68
2 40bc6c
2 40bc70
0 7ffebac4
2 40bc24
0 7ffeba64
2 40bc28
2 40bc2c
2 40bc30
2 40bc34
1 7ffebac4
2 40bc38
0 7ffeba88
2 40bc3c
0 7ffebac4
2 40bc40
2 40bc44
2 40bc48
2 40bc4c
2 40bc50
0 100068ac
2 40bc54
0 100068b0
2 40bc58
0 7ffebae0
2 40bc5c
0 7ffebae4
2 40bc60
2 40bc64
2 40bc68
2 40bc6c
2 40bc70
0 7ffebac4
2 40bc24
0 7ffeba64
2 40bc28
2 40bc2c
2 40bc30
2 40bc34
1 7ffebac4
2 40bc38
0 7ffeba88
2 40bc3c
0 7ffebac4
2 40bc40
2 40bc44
2 40bc48
2 40bc4c
2 40bc50
0 100068b4
2 40bc54
0 100068b8
2 40bc58
0 7ffebae0
2 40bc5c
0 7ffebae4
2 40bc60
2 40bc64
2 40bc68
2 40bc6c
2 40bc70
0 7ffebac4
2 40bc24
0 7ffeba64
2 40bc28
2 40bc2c
2 40bc30
2 40bc34
1 7ffebac4
2 40bc38
0 7ffeba88
2 40bc3c
0 7ffebac4
2 40bc40
2 40bc44
2 40bc48
2 40bc4c
2 40bc50
0 100068bc
2 40bc54
0 100068c0
2 40bc58
0 7ffebae0
2 40bc5c
0 7ffebae4
2 40bc60
2 40bc64
2 40bc68
2 40bc6c
2 40bc70
0 7ffebac4
2 40bc24
0 7ffeba64
2 40bc28
2 40bc2c
2 40bc30
2 40bc34
1 7ffebac4
2 40bc38
0 7ffeba88
2 40bc3c
0 7ffebac4
2 40bc40
2 40bc44
2 40bc48
2 40bc4c
2 40bc50
0 100068c4
2 40bc54
0 100068c8
2 40bc58
0 7ffebae0
2 40bc5c
0 7ffebae4
2 40bc60
2 40bc64
2 40bc68
2 40bc6c
2 40bc70
0 7ffebac4
2 40bc24
0 7ffeba64
2 40bc28
2 40bc2c
2 40bc30
2 40bc34
1 7ffebac4
2 40bc38
0 7ffeba88
2 40bc3c
0 7ffebac4
2 40bc40
2 40bc44
2 40bc48
2 40bc4c
2 40bc50
0 100068cc
2 40bc54
0 100068d0
2 40bc58
0 7ffebae0
2 40bc5c
0 7ffebae4
2 40bc60
2 40bc64
2 40bc68
2 40bc6c
2 40bc70
0 7ffebac4
2 40bc24
0 7ffeba64
2 40bc28
2 40bc2c
2 40bc30
2 40bc34
1 7ffebac4
2 40bc38
0 7ffeba88
2 40bc3c
0 7ffebac4
2 40bc40
2 40bc44
2 40bc48
2 40bc4c
2 40bc50
0 100068d4
2 40bc54
0 100068d8
2 40bc58
0 7ffebae0
2 40bc5c
0 7ffebae4
2 40bc60
2 40bc64
2 40bc68
2 40bc6c
2 40bc70
0 7ffebac4
2 40bc24
0 7ffeba64
2 40bc28
2 40bc2c
2 40bc30
2 40bc34
1 7ffebac4
2 40bc38
0 7ffeba88
2 40bc3c
0 7ffebac4
2 40bc40
2 40bc44
2 40bc48
2 40bc4c
2 40bc50
0 100068dc
2 40bc54
0 100068e0
2 40bc58
0 7ffebae0
2 40bc5c
0 7ffebae4
2 40bc60
2 40bc64
2 40bc68
2 40bc6c
2 40bc70
0 7ffebac4
2 40bc24
0 7ffeba64
2 40bc28
2 40bc2c
2 40bc30
2 40bc34
1 7ffebac4
2 40bc38
0 7ffeba88
2 40bc3c
0 7ffebac4
2 40bc40
2 40bc44
2 40bc48
2 40bc4c
2 40bc50
0 100068e4
2 40bc54
0 100068e8
2 40bc58
0 7ffebae0
2 40bc5c
0 7ffebae4
2 40bc60
2 40bc64
2 40bc68
2 40bc6c
2 40bc70
0 7ffebac4
2 40bc24
0 7ffeba64
2 40bc28
2 40bc2c
2 40bc30
2 40bc34
1 7ffebac4
2 40bc38
0 7ffeba88
2 40bc3c
0 7ffebac4
2 40bc40
2 40bc44
2 40bc48
2 40bc4c
2 40bc50
0 100068ec
2 40bc54
0 100068f0
2 40bc58
0 7ffebae0
2 40bc5c
0 7ffebae4
2 40bc60
2 40bc64
2 40bc68
2 40bc6c
2 40bc70
0 7ffebac4
2 40bc24
0 7ffeba64
2 40bc28
2 40bc2c
2 40bc30
2 40bc34
1 7ffebac4
2 40bc38
0 7ffeba88
2 40bc3c
0 7ffebac4
2 40bc40
2 40bc44
2 40bc48
2 40bc4c
2 40bc50
0 100068f4
2 40bc54
0 100068f8
2 40bc58
0 7ffebae0
2 40bc5c
0 7ffebae4
2 40bc60
2 40bc64
2 40bc68
2 40bc6c
2 40bc70
0 7ffebac4
2 40bc24
0 7ffeba64
2 40bc28
2 40bc2c
2 40bc30
2 40bc34
1 7ffebac4
2 40bc38
0 7ffeba88
2 40bc3c
0 7ffebac4
2 40bc40
2 40bc44
2 40bc48
2 40bc4c
2 40bc50
0 100068fc
2 40bc54
0 10006900
2 40bc58
0 7ffebae0
2 40bc5c
0 7ffebae4
2 40bc60
2 40bc64
2 40bc68
2 40bc6c
2 40bc70
0 7ffebac4
2 40bc24
0 7ffeba64
2 40bc28
2 40bc2c
2 40bc30
2 40bc34
1 7ffebac4
2 40bc38
0 7ffeba88
2 40bc3c
0 7ffebac4
2 40bc40
2 40bc44
2 40bc48
2 40bc4c
2 40bc50
0 10006904
2 40bc54
0 10006908
2 40bc58
0 7ffebae0
2 40bc5c
0 7ffebae4
2 40bc60
2 40bc64
2 40bc68
2 40bc6c
2 40bc70
0 7ffebac4
2 40bc24
0 7ffeba64
2 40bc28
2 40bc2c
2 40bc30
2 40bc34
1 7ffebac4
2 40bc38
0 7ffeba88
2 40bc3c
0 7ffebac4
2 40bc40
2 40bc44
2 40bc48
2 40bc4c
2 40bc50
0 1000690c
2 40bc54
0 10006910
2 40bc58
0 7ffebae0
2 40bc5c
0 7ffebae4
2 40bc60
2 40bc64
2 40bc68
2 40bc6c
2 40bc70
0 7ffebac4
2 40bc24
0 7ffeba64
2 40bc28
2 40bc2c
2 40bc30
2 40bc34
1 7ffebac4
2 40bc38
0 7ffeba88
2 40bc3c
0 7ffebac4
2 40bc40
2 40bc44
2 40bc48
2 40bc4c
2 40bc50
0 10006914
2 40bc54
0 10006918
2 40bc58
0 7ffebae0
2 40bc5c
0 7ffebae4
2 40bc60
2 40bc64
2 40bc68
2 40bc6c
2 40bc70
0 7ffebac4
2 40bc24
0 7ffeba64
2 40bc28
2 40bc2c
2 40bc30
2 40bc34
1 7ffebac4
2 40bc38
0 7ffeba88
2 40bc3c
0 7ffebac4
2 40bc40
2 40bc44
2 40bc48
2 40bc4c
2 40bc50
0 1000691c
2 40bc54
0 10006920
2 40bc58
0 7ffebae0
2 40bc5c
0 7ffebae4
2 40bc60
2 40bc64
2 40bc68
2 40bc6c
2 40bc70
0 7ffebac4
2 40bc74
0 7ffebac8
2 40bc78
2 40bc7c
0 1000fff0
2 40bc80
2 40bc84
2 40bc88
2 40bc8c
2 40bc90
2 40bc94
0 10012340
2 40bc98
1 7ffebac8
2 40bc9c
2 40bca0
2 40bca4
2 40bca8
2 40bcac
2 40bcb0
0 1000ffec
2 40bcb4
0 7ffebac8
2 40bcb8
2 40bcbc
2 40bcc0
2 40bcc4
2 40bcc8
0 7ffebad4
2 40bccc
0 7ffebac4
2 40bcd0
2 40bcd4
2 40bcd8
0 100120e8
2 40bcdc
0 100120ec
2 40bce0
2 40bce4
2 40bce8
1 10011cb0
2 40bcec
1 10011cb4
2 40bcf0
0 7ffebac8
2 40bcf4
2 40bcf8
0 1000fff0
2 40bcfc
2 40bd00
2 40bd04
2 40bd08
2 40bd0c
2 40bd10
0 10012344
2 40bd14
1 7ffebac8
2 40bd18
2 40bd1c
2 40bd20
2 40bd24
2 40bbd4
2 40bbd8
0 1000ffec
2 40bbdc
0 7ffebac8
2 40bbe0
2 40bbe4
2 40bbe8
2 40bbec
2 40bbf0
0 100120f0
2 40bbf4
0 100120f4
2 40bbf8
0 7ffeba68
2 40bbfc
2 40bc00
1 7ffebae0
2 40bc04
2 40bc08
1 7ffebae4
2 40bc1c
1 7ffebac4
2 40bc20
0 7ffebac4
2 40bc24
0 7ffeba64
2 40bc28
2 40bc2c
2 40bc30
2 40bc34
1 7ffebac4
2 40bc38
0 7ffeba88
2 40bc3c
0 7ffebac4
2 40bc40
2 40bc44
2 40bc48
2 40bc4c
2 40bc50
0 1000689c
2 40bc54
0 100068a0
2 40bc58
0 7ffebae0
2 40bc5c
0 7ffebae4
2 40bc60
2 40bc64
2 40bc68
2 40bc6c
2 40bc70
0 7ffebac4
2 40bc24
0 7ffeba64
2 40bc28
2 40bc2c
2 40bc30
2 40bc34
1 7ffebac4
2 40bc38
0 7ffeba88
2 40bc3c
0 7ffebac4
2 40bc40
2 40bc44
2 40bc48
2 40bc4c
2 40bc50
0 100068a4
2 40bc54
0 100068a8
2 40bc58
0 7ffebae0
2 40bc5c
0 7ffebae4
2 40bc60
2 40bc64
2 40bc68
2 40bc6c
2 40bc70
0 7ffebac4
2 40bc24
0 7ffeba64
2 40bc28
2 40bc2c
2 40bc30
2 40bc34
1 7ffebac4
2 40bc38
0 7ffeba88
2 40bc3c
0 7ffebac4
2 40bc40
2 40bc44
2 40bc48
2 40bc4c
2 40bc50
0 100068ac
2 40bc54
0 100068b0
2 40bc58
0 7ffebae0
2 40bc5c
0 7ffebae4
2 40bc60
2 40bc64
2 40bc68
2 40bc6c
2 40bc70
0 7ffebac4
2 40bc24
0 7ffeba64
2 40bc28
2 40bc2c
2 40bc30
2 40bc34
1 7ffebac4
2 40bc38
0 7ffeba88
2 40bc3c
0 7ffebac4
2 40bc40
2 40bc44
2 40bc48
2 40bc4c
2 40bc50
0 100068b4
2 40bc54
0 100068b8
2 40bc58
0 7ffebae0
2 40bc5c
0 7ffebae4
2 40bc60
2 40bc64
2 40bc68
2 40bc6c
2 40bc70
0 7ffebac4
2 40bc24
0 7ffeba64
2 40bc28
2 40bc2c
2 40bc30
2 40bc34
1 7ffebac4
2 40bc38
0 7ffeba88
2 40bc3c
0 7ffebac4
2 40bc40
2 40bc44
2 40bc48
2 40bc4c
2 40bc50
0 100068bc
2 40bc54
0 100068c0
2 40bc58
0 7ffebae0
2 40bc5c
0 7ffebae4
2 40bc60
2 40bc64
2 40bc68
2 40bc6c
2 40bc70
0 7ffebac4
2 40bc24
0 7ffeba64
2 40bc28
2 40bc2c
2 40bc30
2 40bc34
1 7ffebac4
2 40bc38
0 7ffeba88
2 40bc3c
0 7ffebac4
2 40bc40
2 40bc44
2 40bc48
2 40bc4c
2 40bc50
0 100068c4
2 40bc54
0 100068c8
2 40bc58
0 7ffebae0
2 40bc5c
0 7ffebae4
2 40bc60
2 40bc64
2 40bc68
2 40bc6c
2 40bc70
0 7ffebac4
2 40bc24
0 7ffeba64
2 40bc28
2 40bc2c
2 40bc30
2 40bc34
1 7ffebac4
2 40bc38
0 7ffeba88
2 40bc3c
0 7ffebac4
2 40bc40
2 40bc44
2 40bc48
2 40bc4c
2 40bc50
0 100068cc
2 40bc54
0 100068d0
2 40bc58
0 7ffebae0
2 40bc5c
0 7ffebae4
2 40bc60
2 40bc64
2 40bc68
2 40bc6c
2 40bc70
0 7ffebac4
2 40bc24
0 7ffeba64
2 40bc28
2 40bc2c
2 40bc30
2 40bc34
1 7ffebac4
2 40bc38
0 7ffeba88
2 40bc3c
0 7ffebac4
2 40bc40
2 40bc44
2 40bc48
2 40bc4c
2 40bc50
0 100068d4
2 40bc54
0 100068d8
2 40bc58
0 7ffebae0
2 40bc5c
0 7ffebae4
2 40bc60
2 40bc64
2 40bc68
2 40bc6c
2 40bc70
0 7ffebac4
2 40bc24
0 7ffeba64
2 40bc28
2 40bc2c
2 40bc30
2 40bc34
1 7ffebac4
2 40bc38
0 7ffeba88
2 40bc3c
0 7ffebac4
2 40bc40
2 40bc44
2 40bc48
2 40bc4c
2 40bc50
0 100068dc
2 40bc54
0 100068e0
2 40bc58
0 7ffebae0
2 40bc5c
0 7ffebae4
2 40bc60
2 40bc64
2 40bc68
2 40bc6c
2 40bc70
0 7ffebac4
2 40bc24
0 7ffeba64
2 40bc28
2 40bc2c
2 40bc30
2 40bc34
1 7ffebac4
2 40bc38
0 7ffeba88
2 40bc3c
0 7ffebac4
2 40bc40
2 40bc44
2 40bc48
2 40bc4c
2 40bc50
0 100068e4
2 40bc54
0 100068e8
2 40bc58
0 7ffebae0
2 40bc5c
0 7ffebae4
2 40bc60
2 40bc64
2 40bc68
2 40bc6c
2 40bc70
0 7ffebac4
2 40bc24
0 7ffeba64
2 40bc28
2 40bc2c
2 40bc30
2 40bc34
1 7ffebac4
2 40bc38
0 7ffeba88
2 40bc3c
0 7ffebac4
2 40bc40
2 40bc44
2 40bc48
2 40bc4c
2 40bc50
0 100068ec
2 40bc54
0 100068f0
2 40bc58
0 7ffebae0
2 40bc5c
0 7ffebae4
2 40bc60
2 40bc64
2 40bc68
2 40bc6c
2 40bc70
0 7ffebac4
2 40bc24
0 7ffeba64
2 40bc28
2 40bc2c
2 40bc30
2 40bc34
1 7ffebac4
2 40bc38
0 7ffeba88
2 40bc3c
0 7ffebac4
2 40bc40
2 40bc44
2 40bc48
2 40bc4c
2 40bc50
0 100068f4
2 40bc54
0 100068f8
2 40bc58
0 7ffebae0
2 40bc5c
0 7ffebae4
2 40bc60
2 40bc64
2 40bc68
2 40bc6c
2 40bc70
0 7ffebac4
2 40bc24
0 7ffeba64
2 40bc28
2 40bc2c
2 40bc30
2 40bc34
1 7ffebac4
2 40bc38
0 7ffeba88
2 40bc3c
0 7ffebac4
2 40bc40
2 40bc44
2 40bc48
2 40bc4c
2 40bc50
0 100068fc
2 40bc54
0 10006900
2 40bc58
0 7ffebae0
2 40bc5c
0 7ffebae4
2 40bc60
2 40bc64
2 40bc68
2 40bc6c
2 40bc70
0 7ffebac4
2 40bc24
0 7ffeba64
2 40bc28
2 40bc2c
2 40bc30
2 40bc34
1 7ffebac4
2 40bc38
0 7ffeba88
2 40bc3c
0 7ffebac4
2 40bc40
2 40bc44
2 40bc48
2 40bc4c
2 40bc50
0 10006904
2 40bc54
0 10006908
2 40bc58
0 7ffebae0
2 40bc5c
0 7ffebae4
2 40bc60
2 40bc64
2 40bc68
2 40bc6c
2 40bc70
0 7ffebac4
2 40bc24
0 7ffeba64
2 40bc28
2 40bc2c
2 40bc30
2 40bc34
1 7ffebac4
2 40bc38
0 7ffeba88
2 40bc3c
0 7ffebac4
2 40bc40
2 40bc44
2 40bc48
2 40bc4c
2 40bc50
0 1000690c
2 40bc54
0 10006910
2 40bc58
0 7ffebae0
2 40bc5c
0 7ffebae4
2 40bc60
2 40bc64
2 40bc68
2 40bc6c
2 40bc70
0 7ffebac4
2 40bc24
0 7ffeba64
2 40bc28
2 40bc2c
2 40bc30
2 40bc34
1 7ffebac4
2 40bc38
0 7ffeba88
2 40bc3c
0 7ffebac4
2 40bc40
2 40bc44
2 40bc48
2 40bc4c
2 40bc50
0 10006914
2 40bc54
0 10006918
2 40bc58
0 7ffebae0
2 40bc5c
0 7ffebae4
2 40bc60
2 40bc64
2 40bc68
2 40bc6c
2 40bc70
0 7ffebac4
2 40bc24
0 7ffeba64
2 40bc28
2 40bc2c
2 40bc30
2 40bc34
1 7ffebac4
2 40bc38
0 7ffeba88
2 40bc3c
0 7ffebac4
2 40bc40
2 40bc44
2 40bc48
2 40bc4c
2 40bc50
0 1000691c
2 40bc54
0 10006920
2 40bc58
0 7ffebae0
2 40bc5c
0 7ffebae4
2 40bc60
2 40bc64
2 40bc68
2 40bc6c
2 40bc70
0 7ffebac4
2 40bc24
0 7ffeba64
2 40bc28
2 40bc2c
2 40bc30
2 40bc34
1 7ffebac4
2 40bc38
0 7ffeba88
2 40bc3c
0 7ffebac4
2 40bc40
2 40bc44
2 40bc48
2 40bc4c
2 40bc50
0 10006924
2 40bc54
0 10006928
2 40bc58
0 7ffebae0
2 40bc5c
0 7ffebae4
2 40bc60
2 40bc64
2 40bc68
2 40bc6c
2 40bc70
0 7ffebac4
2 40bc74
0 7ffebac8
2 40bc78
2 40bc7c
0 1000fff0
2 40bc80
2 40bc84
2 40bc88
2 40bc8c
2 40bc90
2 40bc94
0 10012348
2 40bc98
1 7ffebac8
2 40bc9c
2 40bca0
2 40bca4
2 40bca8
2 40bcac
2 40bcb0
0 1000ffec
2 40bcb4
0 7ffebac8
2 40bcb8
2 40bcbc
2 40bcc0
2 40bcc4
2 40bcc8
0 7ffebad4
2 40bccc
0 7ffebac4
2 40bcd0
2 40bcd4
2 40bcd8
0 100120f8
2 40bcdc
0 100120fc
2 40bce0
2 40bce4
2 40bce8
1 10011cb8
2 40bcec
1 10011cbc
2 40bcf0
0 7ffebac8
2 40bcf4
2 40bcf8
0 1000fff0
2 40bcfc
2 40bd00
2 40bd04
2 40bd08
2 40bd0c
2 40bd10
0 1001234c
2 40bd14
1 7ffebac8
2 40bd18
2 40bd1c
2 40bd20
2 40bd24
2 40bbd4
2 40bbd8
0 1000ffec
2 40bbdc
0 7ffebac8
2 40bbe0
2 40bbe4
2 40bbe8
2 40bbec
2 40bbf0
0 10012100
2 40bbf4
0 10012104
2 40bbf8
0 7ffeba68
2 40bbfc
2 40bc00
1 7ffebae0
2 40bc04
2 40bc08
1 7ffebae4
2 40bc1c
1 7ffebac4
2 40bc20
0 7ffebac4
2 40bc24
0 7ffeba64
2 40bc28
2 40bc2c
2 40bc30
2 40bc34
1 7ffebac4
2 40bc38
0 7ffeba88
2 40bc3c
0 7ffebac4
2 40bc40
2 40bc44
2 40bc48
2 40bc4c
2 40bc50
0 1000689c
2 40bc54
0 100068a0
2 40bc58
0 7ffebae0
2 40bc5c
0 7ffebae4
2 40bc60
2 40bc64
2 40bc68
2 40bc6c
2 40bc70
0 7ffebac4
2 40bc24
0 7ffeba64
2 40bc28
2 40bc2c
2 40bc30
2 40bc34
1 7ffebac4
2 40bc38
0 7ffeba88
2 40bc3c
0 7ffebac4
2 40bc40
2 40bc44
2 40bc48
2 40bc4c
2 40bc50
0 100068a4
2 40bc54
0 100068a8
2 40bc58
0 7ffebae0
2 40bc5c
0 7ffebae4
2 40bc60
2 40bc64
2 40bc68
2 40bc6c
2 40bc70
0 7ffebac4
2 40bc24
0 7ffeba64
2 40bc28
2 40bc2c
2 40bc30
2 40bc34
1 7ffebac4
2 40bc38
0 7ffeba88
2 40bc3c
0 7ffebac4
2 40bc40
2 40bc44
2 40bc48
2 40bc4c
2 40bc50
0 100068ac
2 40bc54
0 100068b0
2 40bc58
0 7ffebae0
2 40bc5c
0 7ffebae4
2 40bc60
2 40bc64
2 40bc68
2 40bc6c
2 40bc70
0 7ffebac4
2 40bc24
0 7ffeba64
2 40bc28
2 40bc2c
2 40bc30
2 40bc34
1 7ffebac4
2 40bc38
0 7ffeba88
2 40bc3c
0 7ffebac4
2 40bc40
2 40bc44
2 40bc48
2 40bc4c
2 40bc50
0 100068b4
2 40bc54
0 100068b8
2 40bc58
0 7ffebae0
2 40bc5c
0 7ffebae4
2 40bc60
2 40bc64
2 40bc68
2 40bc6c
2 40bc70
0 7ffebac4
2 40bc24
0 7ffeba64
2 40bc28
2 40bc2c
2 40bc30
2 40bc34
1 7ffebac4
2 40bc38
0 7ffeba88
2 40bc3c
0 7ffebac4
2 40bc40
2 40bc44
2 40bc48
2 40bc4c
2 40bc50
0 100068bc
2 40bc54
0 100068c0
2 40bc58
0 7ffebae0
2 40bc5c
0 7ffebae4
2 40bc60
2 40bc64
2 40bc68
2 40bc6c
2 40bc70
0 7ffebac4
2 40bc24
0 7ffeba64
2 40bc28
2 40bc2c
2 40bc30
2 40bc34
1 7ffebac4
2 40bc38
0 7ffeba88
2 40bc3c
0 7ffebac4
2 40bc40
2 40bc44
2 40bc48
2 40bc4c
2 40bc50
0 100068c4
2 40bc54
0 100068c8
2 40bc58
0 7ffebae0
2 40bc5c
0 7ffebae4
2 40bc60
2 40bc64
2 40bc68
2 40bc6c
2 40bc70
0 7ffebac4
2 40bc24
0 7ffeba64
2 40bc28
2 40bc2c
2 40bc30
2 40bc34
1 7ffebac4
2 40bc38
0 7ffeba88
2 40bc3c
0 7ffebac4
2 40bc40
2 40bc44
2 40bc48
2 40bc4c
2 40bc50
0 100068cc
2 40bc54
0 100068d0
2 40bc58
0 7ffebae0
2 40bc5c
0 7ffebae4
2 40bc60
2 40bc64
2 40bc68
2 40bc6c
2 40bc70
0 7ffebac4
2 40bc24
0 7ffeba64
2 40bc28
2 40bc2c
2 40bc30
2 40bc34
1 7ffebac4
2 40bc38
0 7ffeba88
2 40bc3c
0 7ffebac4
2 40bc40
2 40bc44
2 40bc48
2 40bc4c
2 40bc50
0 100068d4
2 40bc54
0 100068d8
2 40bc58
0 7ffebae0
2 40bc5c
0 7ffebae4
2 40bc60
2 40bc64
2 40bc68
2 40bc6c
2 40bc70
0 7ffebac4
2 40bc24
0 7ffeba64
2 40bc28
2 40bc2c
2 40bc30
2 40bc34
1 7ffebac4
2 40bc38
0 7ffeba88
2 40bc3c
0 7ffebac4
2 40bc40
2 40bc44
2 40bc48
2 40bc4c
2 40bc50
0 100068dc
2 40bc54
0 100068e0
2 40bc58
0 7ffebae0
2 40bc5c
0 7ffebae4
2 40bc60
2 40bc64
2 40bc68
2 40bc6c
2 40bc70
0 7ffebac4
2 40bc24
0 7ffeba64
2 40bc28
2 40bc2c
2 40bc30
2 40bc34
1 7ffebac4
2 40bc38
0 7ffeba88
2 40bc3c
0 7ffebac4
2 40bc40
2 40bc44
2 40bc48
2 40bc4c
2 40bc50
0 100068e4
2 40bc54
0 100068e8
2 40bc58
0 7ffebae0
2 40bc5c
0 7ffebae4
2 40bc60
2 40bc64
2 40bc68
2 40bc6c
2 40bc70
0 7ffebac4
2 40bc24
0 7ffeba64
2 40bc28
2 40bc2c
2 40bc30
2 40bc34
1 7ffebac4
2 40bc38
0 7ffeba88
2 40bc3c
0 7ffebac4
2 40bc40
2 40bc44
2 40bc48
2 40bc4c
2 40bc50
0 100068ec
2 40bc54
0 100068f0
2 40bc58
0 7ffebae0
2 40bc5c
0 7ffebae4
2 40bc60
2 40bc64
2 40bc68
2 40bc6c
2 40bc70
0 7ffebac4
2 40bc24
0 7ffeba64
2 40bc28
2 40bc2c
2 40bc30
2 40bc34
1 7ffebac4
2 40bc38
0 7ffeba88
2 40bc3c
0 7ffebac4
2 40bc40
2 40bc44
2 40bc48
2 40bc4c
2 40bc50
0 100068f4
2 40bc54
0 100068f8
2 40bc58
0 7ffebae0
2 40bc5c
0 7ffebae4
2 40bc60
2 40bc64
2 40bc68
2 40bc6c
2 40bc70
0 7ffebac4
2 40bc24
0 7ffeba64
2 40bc28
2 40bc2c
2 40bc30
2 40bc34
1 7ffebac4
2 40bc38
0 7ffeba88
2 40bc3c
0 7ffebac4
2 40bc40
2 40bc44
2 40bc48
2 40bc4c
2 40bc50
0 100068fc
2 40bc54
0 10006900
2 40bc58
0 7ffebae0
2 40bc5c
0 7ffebae4
2 40bc60
2 40bc64
2 40bc68
2 40bc6c
2 40bc70
0 7ffebac4
2 40bc24
0 7ffeba64
2 40bc28
2 40bc2c
2 40bc30
2 40bc34
1 7ffebac4
2 40bc38
0 7ffeba88
2 40bc3c
0 7ffebac4
2 40bc40
2 40bc44
2 40bc48
2 40bc4c
2 40bc50
0 10006904
2 40bc54
0 10006908
2 40bc58
0 7ffebae0
2 40bc5c
0 7ffebae4
2 40bc60
2 40bc64
2 40bc68
2 40bc6c
2 40bc70
0 7ffebac4
2 40bc24
0 7ffeba64
2 40bc28
2 40bc2c
2 40bc30
2 40bc34
1 7ffebac4
2 40bc38
0 7ffeba88
2 40bc3c
0 7ffebac4
2 40bc40
2 40bc44
2 40bc48
2 40bc4c
2 40bc50
0 1000690c
2 40bc54
0 10006910
2 40bc58
0 7ffebae0
2 40bc5c
0 7ffebae4
2 40bc60
2 40bc64
2 40bc68
2 40bc6c
2 40bc70
0 7ffebac4
2 40bc24
0 7ffeba64
2 40bc28
2 40bc2c
2 40bc30
2 40bc34
1 7ffebac4
2 40bc38
0 7ffeba88
2 40bc3c
0 7ffebac4
2 40bc40
2 40bc44
2 40bc48
2 40bc4c
2 40bc50
0 10006914
2 40bc54
0 10006918
2 40bc58
0 7ffebae0
2 40bc5c
0 7ffebae4
2 40bc60
2 40bc64
2 40bc68
2 40bc6c
2 40bc70
0 7ffebac4
2 40bc24
0 7ffeba64
2 40bc28
2 40bc2c
2 40bc30
2 40bc34
1 7ffebac4
2 40bc38
0 7ffeba88
2 40bc3c
0 7ffebac4
2 40bc40
2 40bc44
2 40bc48
2 40bc4c
2 40bc50
0 1000691c
2 40bc54
0 10006920
2 40bc58
0 7ffebae0
2 40bc5c
0 7ffebae4
2 40bc60
2 40bc64
2 40bc68
2 40bc6c
2 40bc70
0 7ffebac4
2 40bc24
0 7ffeba64
2 40bc28
2 40bc2c
2 40bc30
2 40bc34
1 7ffebac4
2 40bc38
0 7ffeba88
2 40bc3c
0 7ffebac4
2 40bc40
2 40bc44
2 40bc48
2 40bc4c
2 40bc50
0 10006924
2 40bc54
0 10006928
2 40bc58
0 7ffebae0
2 40bc5c
0 7ffebae4
2 40bc60
2 40bc64
2 40bc68
2 40bc6c
2 40bc70
0 7ffebac4
2 40bc24
0 7ffeba64
2 40bc28
2 40bc2c
2 40bc30
2 40bc34
1 7ffebac4
2 40bc38
0 7ffeba88
2 40bc3c
0 7ffebac4
2 40bc40
2 40bc44
2 40bc48
2 40bc4c
2 40bc50
0 1000692c
2 40bc54
0 10006930
2 40bc58
0 7ffebae0
2 40bc5c
0 7ffebae4
2 40bc60
2 40bc64
2 40bc68
2 40bc6c
2 40bc70
0 7ffebac4
2 40bc74
0 7ffebac8
2 40bc78
2 40bc7c
0 1000fff0
2 40bc80
2 40bc84
2 40bc88
2 40bc8c
2 40bc90
2 40bc94
0 10012350
2 40bc98
1 7ffebac8
2 40bc9c
2 40bca0
2 40bca4
2 40bca8
2 40bcac
2 40bcb0
0 1000ffec
2 40bcb4
0 7ffebac8
2 40bcb8
2 40bcbc
2 40bcc0
2 40bcc4
2 40bcc8
0 7ffebad4
2 40bccc
0 7ffebac4
2 40bcd0
2 40bcd4
2 40bcd8
0 10012108
2 40bcdc
0 1001210c
2 40bce0
2 40bce4
2 40bce8
1 10011cc0
2 40bcec
1 10011cc4
2 40bcf0
0 7ffebac8
2 40bcf4
2 40bcf8
0 1000fff0
2 40bcfc
2 40bd00
2 40bd04
2 40bd08
2 40bd0c
2 40bd10
0 10012354
2 40bd14
1 7ffebac8
2 40bd18
2 40bd1c
2 40bd20
2 40bd24
2 40bbd4
2 40bbd8
0 1000ffec
2 40bbdc
0 7ffebac8
2 40bbe0
2 40bbe4
2 40bbe8
2 40bbec
2 40bbf0
0 10012110
2 40bbf4
0 10012114
2 40bbf8
0 7ffeba68
2 40bbfc
2 40bc00
1 7ffebae0
2 40bc04
2 40bc08
1 7ffebae4
2 40bc1c
1 7ffebac4
2 40bc20
0 7ffebac4
2 40bc24
0 7ffeba64
2 40bc28
2 40bc2c
2 40bc30
2 40bc34
1 7ffebac4
2 40bc38
0 7ffeba88
2 40bc3c
0 7ffebac4
2 40bc40
2 40bc44
2 40bc48
2 40bc4c
2 40bc50
0 1000689c
2 40bc54
0 100068a0
2 40bc58
0 7ffebae0
2 40bc5c
0 7ffebae4
2 40bc60
2 40bc64
2 40bc68
2 40bc6c
2 40bc70
0 7ffebac4
2 40bc24
0 7ffeba64
2 40bc28
2 40bc2c
2 40bc30
2 40bc34
1 7ffebac4
2 40bc38
0 7ffeba88
2 40bc3c
0 7ffebac4
2 40bc40
2 40bc44
2 40bc48
2 40bc4c
2 40bc50
0 100068a4
2 40bc54
0 100068a8
2 40bc58
0 7ffebae0
2 40bc5c
0 7ffebae4
2 40bc60
2 40bc64
2 40bc68
2 40bc6c
2 40bc70
0 7ffebac4
2 40bc24
0 7ffeba64
2 40bc28
2 40bc2c
2 40bc30
2 40bc34
1 7ffebac4
2 40bc38
0 7ffeba88
2 40bc3c
0 7ffebac4
2 40bc40
2 40bc44
2 40bc48
2 40bc4c
2 40bc50
0 100068ac
2 40bc54
0 100068b0
2 40bc58
0 7ffebae0
2 40bc5c
0 7ffebae4
2 40bc60
2 40bc64
2 40bc68
2 40bc6c
2 40bc70
0 7ffebac4
2 40bc24
0 7ffeba64
2 40bc28
2 40bc2c
2 40bc30
2 40bc34
1 7ffebac4
2 40bc38
0 7ffeba88
2 40bc3c
0 7ffebac4
2 40bc40
2 40bc44
2 40bc48
2 40bc4c
2 40bc50
0 100068b4
2 40bc54
0 100068b8
2 40bc58
0 7ffebae0
2 40bc5c
0 7ffebae4
2 40bc60
2 40bc64
2 40bc68
2 40bc6c
2 40bc70
0 7ffebac4
2 40bc24
0 7ffeba64
2 40bc28
2 40bc2c
2 40bc30
2 40bc34
1 7ffebac4
2 40bc38
0 7ffeba88
2 40bc3c
0 7ffebac4
2 40bc40
2 40bc44
2 40bc48
2 40bc4c
2 40bc50
0 100068bc
2 40bc54
0 100068c0
2 40bc58
0 7ffebae0
2 40bc5c
0 7ffebae4
2 40bc60
2 40bc64
2 40bc68
2 40bc6c
2 40bc70
0 7ffebac4
2 40bc24
0 7ffeba64
2 40bc28
2 40bc2c
2 40bc30
2 40bc34
1 7ffebac4
2 40bc38
0 7ffeba88
2 40bc3c
0 7ffebac4
2 40bc40
2 40bc44
2 40bc48
2 40bc4c
2 40bc50
0 100068c4
2 40bc54
0 100068c8
2 40bc58
0 7ffebae0
2 40bc5c
0 7ffebae4
2 40bc60
2 40bc64
2 40bc68
2 40bc6c
2 40bc70
0 7ffebac4
2 40bc24
0 7ffeba64
2 40bc28
2 40bc2c
2 40bc30
2 40bc34
1 7ffebac4
2 40bc38
0 7ffeba88
2 40bc3c
0 7ffebac4
2 40bc40
2 40bc44
2 40bc48
2 40bc4c
2 40bc50
0 100068cc
2 40bc54
0 100068d0
2 40bc58
0 7ffebae0
2 40bc5c
0 7ffebae4
2 40bc60
2 40bc64
2 40bc68
2 40bc6c
2 40bc70
0 7ffebac4
2 40bc24
0 7ffeba64
2 40bc28
2 40bc2c
2 40bc30
2 40bc34
1 7ffebac4
2 40bc38
0 7ffeba88
2 40bc3c
0 7ffebac4
2 40bc40
2 40bc44
2 40bc48
2 40bc4c
2 40bc50
0 100068d4
2 40bc54
0 100068d8
2 40bc58
0 7ffebae0
2 40bc5c
0 7ffebae4
2 40bc60
2 40bc64
2 40bc68
2 40bc6c
2 40bc70
0 7ffebac4
2 40bc24
0 7ffeba64
2 40bc28
2 40bc2c
2 40bc30
2 40bc34
1 7ffebac4
2 40bc38
0 7ffeba88
2 40bc3c
0 7ffebac4
2 40bc40
2 40bc44
2 40bc48
2 40bc4c
2 40bc50
0 100068dc
2 40bc54
0 100068e0
2 40bc58
0 7ffebae0
2 40bc5c
0 7ffebae4
2 40bc60
2 40bc64
2 40bc68
2 40bc6c
2 40bc70
0 7ffebac4
2 40bc24
0 7ffeba64
2 40bc28
2 40bc2c
2 40bc30
2 40bc34
1 7ffebac4
2 40bc38
0 7ffeba88
2 40bc3c
0 7ffebac4
2 40bc40
2 40bc44
2 40bc48
2 40bc4c
2 40bc50
0 100068e4
2 40bc54
0 100068e8
2 40bc58
0 7ffebae0
2 40bc5c
0 7ffebae4
2 40bc60
2 40bc64
2 40bc68
2 40bc6c
2 40bc70
0 7ffebac4
2 40bc24
0 7ffeba64
2 40bc28
2 40bc2c
2 40bc30
2 40bc34
1 7ffebac4
2 40bc38
0 7ffeba88
2 40bc3c
0 7ffebac4
2 40bc40
2 40bc44
2 40bc48
2 40bc4c
2 40bc50
0 100068ec
2 40bc54
0 100068f0
2 40bc58
0 7ffebae0
2 40bc5c
0 7ffebae4
2 40bc60
2 40bc64
2 40bc68
2 40bc6c
2 40bc70
0 7ffebac4
2 40bc24
0 7ffeba64
2 40bc28
2 40bc2c
2 40bc30
2 40bc34
1 7ffebac4
2 40bc38
0 7ffeba88
2 40bc3c
0 7ffebac4
2 40bc40
2 40bc44
2 40bc48
2 40bc4c
2 40bc50
0 100068f4
2 40bc54
0 100068f8
2 40bc58
0 7ffebae0
2 40bc5c
0 7ffebae4
2 40bc60
2 40bc64
2 40bc68
2 40bc6c
2 40bc70
0 7ffebac4
2 40bc24
0 7ffeba64
2 40bc28
2 40bc2c
2 40bc30
2 40bc34
1 7ffebac4
2 40bc38
0 7ffeba88
2 40bc3c
0 7ffebac4
2 40bc40
2 40bc44
2 40bc48
2 40bc4c
2 40bc50
0 100068fc
2 40bc54
0 10006900
2 40bc58
0 7ffebae0
2 40bc5c
0 7ffebae4
2 40bc60
2 40bc64
2 40bc68
2 40bc6c
2 40bc70
0 7ffebac4
2 40bc24
0 7ffeba64
2 40bc28
2 40bc2c
2 40bc30
2 40bc34
1 7ffebac4
2 40bc38
0 7ffeba88
2 40bc3c
0 7ffebac4
2 40bc40
2 40bc44
2 40bc48
2 40bc4c
2 40bc50
0 10006904
2 40bc54
0 10006908
2 40bc58
0 7ffebae0
2 40bc5c
0 7ffebae4
2 40bc60
2 40bc64
2 40bc68
2 40bc6c
2 40bc70
0 7ffebac4
2 40bc24
0 7ffeba64
2 40bc28
2 40bc2c
2 40bc30
2 40bc34
1 7ffebac4
2 40bc38
0 7ffeba88
2 40bc3c
0 7ffebac4
2 40bc40
2 40bc44
2 40bc48
2 40bc4c
2 40bc50
0 1000690c
2 40bc54
0 10006910
2 40bc58
0 7ffebae0
2 40bc5c
0 7ffebae4
2 40bc60
2 40bc64
2 40bc68
2 40bc6c
2 40bc70
0 7ffebac4
2 40bc24
0 7ffeba64
2 40bc28
2 40bc2c
2 40bc30
2 40bc34
1 7ffebac4
2 40bc38
0 7ffeba88
2 40bc3c
0 7ffebac4
2 40bc40
2 40bc44
2 40bc48
2 40bc4c
2 40bc50
0 10006914
2 40bc54
0 10006918
2 40bc58
0 7ffebae0
2 40bc5c
0 7ffebae4
2 40bc60
2 40bc64
2 40bc68
2 40bc6c
2 40bc70
0 7ffebac4
2 40bc24
0 7ffeba64
2 40bc28
2 40bc2c
2 40bc30
2 40bc34
1 7ffebac4
2 40bc38
0 7ffeba88
2 40bc3c
0 7ffebac4
2 40bc40
2 40bc44
2 40bc48
2 40bc4c
2 40bc50
0 1000691c
2 40bc54
0 10006920
2 40bc58
0 7ffebae0
2 40bc5c
0 7ffebae4
2 40bc60
2 40bc64
2 40bc68
2 40bc6c
2 40bc70
0 7ffebac4
2 40bc24
0 7ffeba64
2 40bc28
2 40bc2c
2 40bc30
2 40bc34
1 7ffebac4
2 40bc38
0 7ffeba88
2 40bc3c
0 7ffebac4
2 40bc40
2 40bc44
2 40bc48
2 40bc4c
2 40bc50
0 10006924
2 40bc54
0 10006928
2 40bc58
0 7ffebae0
2 40bc5c
0 7ffebae4
2 40bc60
2 40bc64
2 40bc68
2 40bc6c
2 40bc70
0 7ffebac4
2 40bc24
0 7ffeba64
2 40bc28
2 40bc2c
2 40bc30
2 40bc34
1 7ffebac4
2 40bc38
0 7ffeba88
2 40bc3c
0 7ffebac4
2 40bc40
2 40bc44
2 40bc48
2 40bc4c
2 40bc50
0 1000692c
2 40bc54
0 10006930
2 40bc58
0 7ffebae0
2 40bc5c
0 7ffebae4
2 40bc60
2 40bc64
2 40bc68
2 40bc6c
2 40bc70
0 7ffebac4
2 40bc24
0 7ffeba64
2 40bc28
2 40bc2c
2 40bc30
2 40bc34
1 7ffebac4
2 40bc38
0 7ffeba88
2 40bc3c
0 7ffebac4
2 40bc40
2 40bc44
2 40bc48
2 40bc4c
2 40bc50
0 10006934
2 40bc54
0 10006938
2 40bc58
0 7ffebae0
2 40bc5c
0 7ffebae4
2 40bc60
2 40bc64
2 40bc68
2 40bc6c
2 40bc70
0 7ffebac4
2 40bc74
0 7ffebac8
2 40bc78
2 40bc7c
0 1000fff0
2 40bc80
2 40bc84
2 40bc88
2 40bc8c
2 40bc90
2 40bc94
0 10012358
2 40bc98
1 7ffebac8
2 40bc9c
2 40bca0
2 40bca4
2 40bca8
2 40bcac
2 40bcb0
0 1000ffec
2 40bcb4
0 7ffebac8
2 40bcb8
2 40bcbc
2 40bcc0
2 40bcc4
2 40bcc8
0 7ffebad4
2 40bccc
0 7ffebac4
2 40bcd0
2 40bcd4
2 40bcd8
0 10012118
2 40bcdc
0 1001211c
2 40bce0
2 40bce4
2 40bce8
1 10011cc8
2 40bcec
1 10011ccc
2 40bcf0
0 7ffebac8
2 40bcf4
2 40bcf8
0 1000fff0
2 40bcfc
2 40bd00
2 40bd04
2 40bd08
2 40bd0c
2 40bd10
0 1001235c
2 40bd14
1 7ffebac8
2 40bd18
2 40bd1c
2 40bd20
2 40bd24
2 40bbd4
2 40bbd8
0 1000ffec
2 40bbdc
0 7ffebac8
2 40bbe0
2 40bbe4
2 40bbe8
2 40bbec
2 40bbf0
0 10012120
2 40bbf4
0 10012124
2 40bbf8
0 7ffeba68
2 40bbfc
2 40bc00
1 7ffebae0
2 40bc04
2 40bc08
1 7ffebae4
2 40bc1c
1 7ffebac4
2 40bc20
0 7ffebac4
2 40bc24
0 7ffeba64
2 40bc28
2 40bc2c
2 40bc30
2 40bc34
1 7ffebac4
2 40bc38
0 7ffeba88
2 40bc3c
0 7ffebac4
2 40bc40
2 40bc44
2 40bc48
2 40bc4c
2 40bc50
0 1000689c
2 40bc54
0 100068a0
2 40bc58
0 7ffebae0
2 40bc5c
0 7ffebae4
2 40bc60
2 40bc64
2 40bc68
2 40bc6c
2 40bc70
0 7ffebac4
2 40bc24
0 7ffeba64
2 40bc28
2 40bc2c
2 40bc30
2 40bc34
1 7ffebac4
2 40bc38
0 7ffeba88
2 40bc3c
0 7ffebac4
2 40bc40
2 40bc44
2 40bc48
2 40bc4c
2 40bc50
0 100068a4
2 40bc54
0 100068a8
2 40bc58
0 7ffebae0
2 40bc5c
0 7ffebae4
2 40bc60
2 40bc64
2 40bc68
2 40bc6c
2 40bc70
0 7ffebac4
2 40bc24
0 7ffeba64
2 40bc28
2 40bc2c
2 40bc30
2 40bc34
1 7ffebac4
2 40bc38
0 7ffeba88
2 40bc3c
0 7ffebac4
2 40bc40
2 40bc44
2 40bc48
2 40bc4c
2 40bc50
0 100068ac
2 40bc54
0 100068b0
2 40bc58
0 7ffebae0
2 40bc5c
0 7ffebae4
2 40bc60
2 40bc64
2 40bc68
2 40bc6c
2 40bc70
0 7ffebac4
2 40bc24
0 7ffeba64
2 40bc28
2 40bc2c
2 40bc30
2 40bc34
1 7ffebac4
2 40bc38
0 7ffeba88
2 40bc3c
0 7ffebac4
2 40bc40
2 40bc44
2 40bc48
2 40bc4c
2 40bc50
0 100068b4
2 40bc54
0 100068b8
2 40bc58
0 7ffebae0
2 40bc5c
0 7ffebae4
2 40bc60
2 40bc64
2 40bc68
2 40bc6c
2 40bc70
0 7ffebac4
2 40bc24
0 7ffeba64
2 40bc28
2 40bc2c
2 40bc30
2 40bc34
1 7ffebac4
2 40bc38
0 7ffeba88
2 40bc3c
0 7ffebac4
2 40bc40
2 40bc44
2 40bc48
2 40bc4c
2 40bc50
0 100068bc
2 40bc54
0 100068c0
2 40bc58
0 7ffebae0
2 40bc5c
0 7ffebae4
2 40bc60
2 40bc64
2 40bc68
2 40bc6c
2 40bc70
0 7ffebac4
2 40bc24
0 7ffeba64
2 40bc28
2 40bc2c
2 40bc30
2 40bc34
1 7ffebac4
2 40bc38
0 7ffeba88
2 40bc3c
0 7ffebac4
2 40bc40
2 40bc44
2 40bc48
2 40bc4c
2 40bc50
0 100068c4
2 40bc54
0 100068c8
2 40bc58
0 7ffebae0
2 40bc5c
0 7ffebae4
2 40bc60
2 40bc64
2 40bc68
2 40bc6c
2 40bc70
0 7ffebac4
2 40bc24
0 7ffeba64
2 40bc28
2 40bc2c
2 40bc30
2 40bc34
1 7ffebac4
2 40bc38
0 7ffeba88
2 40bc3c
0 7ffebac4
2 40bc40
2 40bc44
2 40bc48
2 40bc4c
2 40bc50
0 100068cc
2 40bc54
0 100068d0
2 40bc58
0 7ffebae0
2 40bc5c
0 7ffebae4
2 40bc60
2 40bc64
2 40bc68
2 40bc6c
2 40bc70
0 7ffebac4
2 40bc24
0 7ffeba64
2 40bc28
2 40bc2c
2 40bc30
2 40bc34
1 7ffebac4
2 40bc38
0 7ffeba88
2 40bc3c
0 7ffebac4
2 40bc40
2 40bc44
2 40bc48
2 40bc4c
2 40bc50
0 100068d4
2 40bc54
0 100068d8
2 40bc58
0 7ffebae0
2 40bc5c
0 7ffebae4
2 40bc60
2 40bc64
2 40bc68
2 40bc6c
2 40bc70
0 7ffebac4
2 40bc24
0 7ffeba64
2 40bc28
2 40bc2c
2 40bc30
2 40bc34
1 7ffebac4
2 40bc38
0 7ffeba88
2 40bc3c
0 7ffebac4
2 40bc40
2 40bc44
2 40bc48
2 40bc4c
2 40bc50
0 100068dc
2 40bc54
0 100068e0
2 40bc58
0 7ffebae0
2 40bc5c
0 7ffebae4
2 40bc60
2 40bc64
2 40bc68
2 40bc6c
2 40bc70
0 7ffebac4
2 40bc24
0 7ffeba64
2 40bc28
2 40bc2c
2 40bc30
2 40bc34
1 7ffebac4
2 40bc38
0 7ffeba88
2 40bc3c
0 7ffebac4
2 40bc40
2 40bc44
2 40bc48
2 40bc4c
2 40bc50
0 100068e4
2 40bc54
0 100068e8
2 40bc58
0 7ffebae0
2 40bc5c
0 7ffebae4
2 40bc60
2 40bc64
2 40bc68
2 40bc6c
2 40bc70
0 7ffebac4
2 40bc24
0 7ffeba64
2 40bc28
2 40bc2c
2 40bc30
2 40bc34
1 7ffebac4
2 40bc38
0 7ffeba88
2 40bc3c
0 7ffebac4
2 40bc40
2 40bc44
2 40bc48
2 40bc4c
2 40bc50
0 100068ec
2 40bc54
0 100068f0
2 40bc58
0 7ffebae0
2 40bc5c
0 7ffebae4
2 40bc60
2 40bc64
2 40bc68
2 40bc6c
2 40bc70
0 7ffebac4
2 40bc24
0 7ffeba64
2 40bc28
2 40bc2c
2 40bc30
2 40bc34
1 7ffebac4
2 40bc38
0 7ffeba88
2 40bc3c
0 7ffebac4
2 40bc40
2 40bc44
2 40bc48
2 40bc4c
2 40bc50
0 100068f4
2 40bc54
0 100068f8
2 40bc58
0 7ffebae0
2 40bc5c
0 7ffebae4
2 40bc60
2 40bc64
2 40bc68
2 40bc6c
2 40bc70
0 7ffebac4
2 40bc24
0 7ffeba64
2 40bc28
2 40bc2c
2 40bc30
2 40bc34
1 7ffebac4
2 40bc38
0 7ffeba88
2 40bc3c
0 7ffebac4
2 40bc40
2 40bc44
2 40bc48
2 40bc4c
2 40bc50
0 100068fc
2 40bc54
0 10006900
2 40bc58
0 7ffebae0
2 40bc5c
0 7ffebae4
2 40bc60
2 40bc64
2 40bc68
2 40bc6c
2 40bc70
0 7ffebac4
2 40bc24
0 7ffeba64
2 40bc28
2 40bc2c
2 40bc30
2 40bc34
1 7ffebac4
2 40bc38
0 7ffeba88
2 40bc3c
0 7ffebac4
2 40bc40
2 40bc44
2 40bc48
2 40bc4c
2 40bc50
0 10006904
2 40bc54
0 10006908
2 40bc58
0 7ffebae0
2 40bc5c
0 7ffebae4
2 40bc60
2 40bc64
2 40bc68
2 40bc6c
2 40bc70
0 7ffebac4
2 40bc24
0 7ffeba64
2 40bc28
2 40bc2c
2 40bc30
2 40bc34
1 7ffebac4
2 40bc38
0 7ffeba88
2 40bc3c
0 7ffebac4
2 40bc40
2 40bc44
2 40bc48
2 40bc4c
2 40bc50
0 1000690c
2 40bc54
0 10006910
2 40bc58
0 7ffebae0
2 40bc5c
0 7ffebae4
2 40bc60
2 40bc64
2 40bc68
2 40bc6c
2 40bc70
0 7ffebac4
2 40bc74
0 7ffebac8
2 40bc78
2 40bc7c
0 1000fff0
2 40bc80
2 40bc84
2 40bc88
2 40bc8c
2 40bc90
2 40bc94
0 10012360
2 40bc98
1 7ffebac8
2 40bc9c
2 40bca0
2 40bca4
2 40bca8
2 40bcac
2 40bcb0
0 1000ffec
2 40bcb4
0 7ffebac8
2 40bcb8
2 40bcbc
2 40bcc0
2 40bcc4
2 40bcc8
0 7ffebad4
2 40bccc
0 7ffebac4
2 40bcd0
2 40bcd4
2 40bcd8
0 10012128
2 40bcdc
0 1001212c
2 40bce0
2 40bce4
2 40bce8
1 10011ca0
2 40bcec
1 10011ca4
2 40bcf0
0 7ffebac8
2 40bcf4
2 40bcf8
0 1000fff0
2 40bcfc
2 40bd00
2 40bd04
2 40bd08
2 40bd0c
2 40bd10
0 10012364
2 40bd14
1 7ffebac8
2 40bd18
2 40bd1c
2 40bd20
2 40bd24
2 40bbd4
2 40bbd8
0 1000ffec
2 40bbdc
0 7ffebac8
2 40bbe0
2 40bbe4
2 40bbe8
2 40bbec
2 40bbf0
0 10012130
2 40bbf4
0 10012134
2 40bbf8
0 7ffeba68
2 40bbfc
2 40bc00
1 7ffebae0
2 40bc04
2 40bc08
1 7ffebae4
2 40bc1c
1 7ffebac4
2 40bc20
0 7ffebac4
2 40bc24
0 7ffeba64
2 40bc28
2 40bc2c
2 40bc30
2 40bc34
1 7ffebac4
2 40bc38
0 7ffeba88
2 40bc3c
0 7ffebac4
2 40bc40
2 40bc44
2 40bc48
2 40bc4c
2 40bc50
0 1000689c
2 40bc54
0 100068a0
2 40bc58
0 7ffebae0
2 40bc5c
0 7ffebae4
2 40bc60
2 40bc64
2 40bc68
2 40bc6c
2 40bc70
0 7ffebac4
2 40bc24
0 7ffeba64
2 40bc28
2 40bc2c
2 40bc30
2 40bc34
1 7ffebac4
2 40bc38
0 7ffeba88
2 40bc3c
0 7ffebac4
2 40bc40
2 40bc44
2 40bc48
2 40bc4c
2 40bc50
0 100068a4
2 40bc54
0 100068a8
2 40bc58
0 7ffebae0
2 40bc5c
0 7ffebae4
2 40bc60
2 40bc64
2 40bc68
2 40bc6c
2 40bc70
0 7ffebac4
2 40bc24
0 7ffeba64
2 40bc28
2 40bc2c
2 40bc30
2 40bc34
1 7ffebac4
2 40bc38
0 7ffeba88
2 40bc3c
0 7ffebac4
2 40bc40
2 40bc44
2 40bc48
2 40bc4c
2 40bc50
0 100068ac
2 40bc54
0 100068b0
2 40bc58
0 7ffebae0
2 40bc5c
0 7ffebae4
2 40bc60
2 40bc64
2 40bc68
2 40bc6c
2 40bc70
0 7ffebac4
2 40bc24
0 7ffeba64
2 40bc28
2 40bc2c
2 40bc30
2 40bc34
1 7ffebac4
2 40bc38
0 7ffeba88
2 40bc3c
0 7ffebac4
2 40bc40
2 40bc44
2 40bc48
2 40bc4c
2 40bc50
0 100068b4
2 40bc54
0 100068b8
2 40bc58
0 7ffebae0
2 40bc5c
0 7ffebae4
2 40bc60
2 40bc64
2 40bc68
2 40bc6c
2 40bc70
0 7ffebac4
2 40bc24
0 7ffeba64
2 40bc28
2 40bc2c
2 40bc30
2 40bc34
1 7ffebac4
2 40bc38
0 7ffeba88
2 40bc3c
0 7ffebac4
2 40bc40
2 40bc44
2 40bc48
2 40bc4c
2 40bc50
0 100068bc
2 40bc54
0 100068c0
2 40bc58
0 7ffebae0
2 40bc5c
0 7ffebae4
2 40bc60
2 40bc64
2 40bc68
2 40bc6c
2 40bc70
0 7ffebac4
2 40bc24
0 7ffeba64
2 40bc28
2 40bc2c
2 40bc30
2 40bc34
1 7ffebac4
2 40bc38
0 7ffeba88
2 40bc3c
0 7ffebac4
2 40bc40
2 40bc44
2 40bc48
2 40bc4c
2 40bc50
0 100068c4
2 40bc54
0 100068c8
2 40bc58
0 7ffebae0
2 40bc5c
0 7ffebae4
2 40bc60
2 40bc64
2 40bc68
2 40bc6c
2 40bc70
0 7ffebac4
2 40bc24
0 7ffeba64
2 40bc28
2 40bc2c
2 40bc30
2 40bc34
1 7ffebac4
2 40bc38
0 7ffeba88
2 40bc3c
0 7ffebac4
2 40bc40
2 40bc44
2 40bc48
2 40bc4c
2 40bc50
0 100068cc
2 40bc54
0 100068d0
2 40bc58
0 7ffebae0
2 40bc5c
0 7ffebae4
2 40bc60
2 40bc64
2 40bc68
2 40bc6c
2 40bc70
0 7ffebac4
2 40bc24
0 7ffeba64
2 40bc28
2 40bc2c
2 40bc30
2 40bc34
1 7ffebac4
2 40bc38
0 7ffeba88
2 40bc3c
0 7ffebac4
2 40bc40
2 40bc44
2 40bc48
2 40bc4c
2 40bc50
0 100068d4
2 40bc54
0 100068d8
2 40bc58
0 7ffebae0
2 40bc5c
0 7ffebae4
2 40bc60
2 40bc64
2 40bc68
2 40bc6c
2 40bc70
0 7ffebac4
2 40bc24
0 7ffeba64
2 40bc28
2 40bc2c
2 40bc30
2 40bc34
1 7ffebac4
2 40bc38
0 7ffeba88
2 40bc3c
0 7ffebac4
2 40bc40
2 40bc44
2 40bc48
2 40bc4c
2 40bc50
0 100068dc
2 40bc54
0 100068e0
2 40bc58
0 7ffebae0
2 40bc5c
0 7ffebae4
2 40bc60
2 40bc64
2 40bc68
2 40bc6c
2 40bc70
0 7ffebac4
2 40bc24
0 7ffeba64
2 40bc28
2 40bc2c
2 40bc30
2 40bc34
1 7ffebac4
2 40bc38
0 7ffeba88
2 40bc3c
0 7ffebac4
2 40bc40
2 40bc44
2 40bc48
2 40bc4c
2 40bc50
0 100068e4
2 40bc54
0 100068e8
2 40bc58
0 7ffebae0
2 40bc5c
0 7ffebae4
2 40bc60
2 40bc64
2 40bc68
2 40bc6c
2 40bc70
0 7ffebac4
2 40bc24
0 7ffeba64
2 40bc28
2 40bc2c
2 40bc30
2 40bc34
1 7ffebac4
2 40bc38
0 7ffeba88
2 40bc3c
0 7ffebac4
2 40bc40
2 40bc44
2 40bc48
2 40bc4c
2 40bc50
0 100068ec
2 40bc54
0 100068f0
2 40bc58
0 7ffebae0
2 40bc5c
0 7ffebae4
2 40bc60
2 40bc64
2 40bc68
2 40bc6c
2 40bc70
0 7ffebac4
2 40bc24
0 7ffeba64
2 40bc28
2 40bc2c
2 40bc30
2 40bc34
1 7ffebac4
2 40bc38
0 7ffeba88
2 40bc3c
0 7ffebac4
2 40bc40
2 40bc44
2 40bc48
2 40bc4c
2 40bc50
0 100068f4
2 40bc54
0 100068f8
2 40bc58
0 7ffebae0
2 40bc5c
0 7ffebae4
2 40bc60
2 40bc64
2 40bc68
2 40bc6c
2 40bc70
0 7ffebac4
2 40bc24
0 7ffeba64
2 40bc28
2 40bc2c
2 40bc30
2 40bc34
1 7ffebac4
2 40bc38
0 7ffeba88
2 40bc3c
0 7ffebac4
2 40bc40
2 40bc44
2 40bc48
2 40bc4c
2 40bc50
0 100068fc
2 40bc54
0 10006900
2 40bc58
0 7ffebae0
2 40bc5c
0 7ffebae4
2 40bc60
2 40bc64
2 40bc68
2 40bc6c
2 40bc70
0 7ffebac4
2 40bc24
0 7ffeba64
2 40bc28
2 40bc2c
2 40bc30
2 40bc34
1 7ffebac4
2 40bc38
0 7ffeba88
2 40bc3c
0 7ffebac4
2 40bc40
2 40bc44
2 40bc48
2 40bc4c
2 40bc50
0 10006904
2 40bc54
0 10006908
2 40bc58
0 7ffebae0
2 40bc5c
0 7ffebae4
2 40bc60
2 40bc64
2 40bc68
2 40bc6c
2 40bc70
0 7ffebac4
2 40bc24
0 7ffeba64
2 40bc28
2 40bc2c
2 40bc30
2 40bc34
1 7ffebac4
2 40bc38
0 7ffeba88
2 40bc3c
0 7ffebac4
2 40bc40
2 40bc44
2 40bc48
2 40bc4c
2 40bc50
0 1000690c
2 40bc54
0 10006910
2 40bc58
0 7ffebae0
2 40bc5c
0 7ffebae4
2 40bc60
2 40bc64
2 40bc68
2 40bc6c
2 40bc70
0 7ffebac4
2 40bc24
0 7ffeba64
2 40bc28
2 40bc2c
2 40bc30
2 40bc34
1 7ffebac4
2 40bc38
0 7ffeba88
2 40bc3c
0 7ffebac4
2 40bc40
2 40bc44
2 40bc48
2 40bc4c
2 40bc50
0 10006914
2 40bc54
0 10006918
2 40bc58
0 7ffebae0
2 40bc5c
0 7ffebae4
2 40bc60
2 40bc64
2 40bc68
2 40bc6c
2 40bc70
0 7ffebac4
2 40bc24
0 7ffeba64
2 40bc28
2 40bc2c
2 40bc30
2 40bc34
1 7ffebac4
2 40bc38
0 7ffeba88
2 40bc3c
0 7ffebac4
2 40bc40
2 40bc44
2 40bc48
2 40bc4c
2 40bc50
0 1000691c
2 40bc54
0 10006920
2 40bc58
0 7ffebae0
2 40bc5c
0 7ffebae4
2 40bc60
2 40bc64
2 40bc68
2 40bc6c
2 40bc70
0 7ffebac4
2 40bc24
0 7ffeba64
2 40bc28
2 40bc2c
2 40bc30
2 40bc34
1 7ffebac4
2 40bc38
0 7ffeba88
2 40bc3c
0 7ffebac4
2 40bc40
2 40bc44
2 40bc48
2 40bc4c
2 40bc50
0 10006924
2 40bc54
0 10006928
2 40bc58
0 7ffebae0
2 40bc5c
0 7ffebae4
2 40bc60
2 40bc64
2 40bc68
2 40bc6c
2 40bc70
0 7ffebac4
2 40bc24
0 7ffeba64
2 40bc28
2 40bc2c
2 40bc30
2 40bc34
1 7ffebac4
2 40bc38
0 7ffeba88
2 40bc3c
0 7ffebac4
2 40bc40
2 40bc44
2 40bc48
2 40bc4c
2 40bc50
0 1000692c
2 40bc54
0 10006930
2 40bc58
0 7ffebae0
2 40bc5c
0 7ffebae4
2 40bc60
2 40bc64
2 40bc68
2 40bc6c
2 40bc70
0 7ffebac4
2 40bc24
0 7ffeba64
2 40bc28
2 40bc2c
2 40bc30
2 40bc34
1 7ffebac4
2 40bc38
0 7ffeba88
2 40bc3c
0 7ffebac4
2 40bc40
2 40bc44
2 40bc48
2 40bc4c
2 40bc50
0 10006934
2 40bc54
0 10006938
2 40bc58
0 7ffebae0
2 40bc5c
0 7ffebae4
2 40bc60
2 40bc64
2 40bc68
2 40bc6c
2 40bc70
0 7ffebac4
2 40bc24
0 7ffeba64
2 40bc28
2 40bc2c
2 40bc30
2 40bc34
1 7ffebac4
2 40bc38
0 7ffeba88
2 40bc3c
0 7ffebac4
2 40bc40
2 40bc44
2 40bc48
2 40bc4c
2 40bc50
0 1000693c
2 40bc54
0 10006940
2 40bc58
0 7ffebae0
2 40bc5c
0 7ffebae4
2 40bc60
2 40bc64
2 40bc68
2 40bc6c
2 40bc70
0 7ffebac4
2 40bc24
0 7ffeba64
2 40bc28
2 40bc2c
2 40bc30
2 40bc34
1 7ffebac4
2 40bc38
0 7ffeba88
2 40bc3c
0 7ffebac4
2 40bc40
2 40bc44
2 40bc48
2 40bc4c
2 40bc50
0 10006944
2 40bc54
0 10006948
2 40bc58
0 7ffebae0
2 40bc5c
0 7ffebae4
2 40bc60
2 40bc64
2 40bc68
2 40bc6c
2 40bc70
0 7ffebac4
2 40bc24
0 7ffeba64
2 40bc28
2 40bc2c
2 40bc30
2 40bc34
1 7ffebac4
2 40bc38
0 7ffeba88
2 40bc3c
0 7ffebac4
2 40bc40
2 40bc44
2 40bc48
2 40bc4c
2 40bc50
0 1000694c
2 40bc54
0 10006950
2 40bc58
0 7ffebae0
2 40bc5c
0 7ffebae4
2 40bc60
2 40bc64
2 40bc68
2 40bc6c
2 40bc70
0 7ffebac4
2 40bc24
0 7ffeba64
2 40bc28
2 40bc2c
2 40bc30
2 40bc34
1 7ffebac4
2 40bc38
0 7ffeba88
