./sim -bs 16 -us 256 -a 1 -wb -wa traces/public-instr.trace
*** CACHE SETTINGS ***
  Unified I- D-cache
  Size: 	256
  Associativity: 	1
  Block size: 	16
  Write policy: 	WRITE BACK
  Allocation policy: 	WRITE ALLOCATE

*** CACHE STATISTICS ***
 INSTRUCTIONS
  accesses:  5
  misses:    5
  miss rate: 1.0000 (hit rate 0.0000)
  replace:   5
 DATA
  accesses:  2
  misses:    2
  miss rate: 1.0000 (hit rate 0.0000)
  replace:   1
 TRAFFIC (in words)
  demand fetch:  28
  copies back:   0


./sim -bs 16 -us 512 -a 1 -wb -wa traces/public-instr.trace
*** CACHE SETTINGS ***
  Unified I- D-cache
  Size: 	512
  Associativity: 	1
  Block size: 	16
  Write policy: 	WRITE BACK
  Allocation policy: 	WRITE ALLOCATE

*** CACHE STATISTICS ***
 INSTRUCTIONS
  accesses:  5
  misses:    5
  miss rate: 1.0000 (hit rate 0.0000)
  replace:   5
 DATA
  accesses:  2
  misses:    2
  miss rate: 1.0000 (hit rate 0.0000)
  replace:   1
 TRAFFIC (in words)
  demand fetch:  28
  copies back:   0


./sim -bs 16 -is 128 -ds 128 -a 1 -wb -wa traces/public-instr.trace
*** CACHE SETTINGS ***
  Split I- D-cache
  I-cache size: 	128
  D-cache size: 	128
  Associativity: 	1
  Block size: 	16
  Write policy: 	WRITE BACK
  Allocation policy: 	WRITE ALLOCATE

*** CACHE STATISTICS ***
 INSTRUCTIONS
  accesses:  5
  misses:    5
  miss rate: 1.0000 (hit rate 0.0000)
  replace:   4
 DATA
  accesses:  2
  misses:    1
  miss rate: 0.5000 (hit rate 0.5000)
  replace:   0
 TRAFFIC (in words)
  demand fetch:  24
  copies back:   0


./sim -bs 16 -is 256 -ds 256 -a 1 -wb -wa traces/public-instr.trace
*** CACHE SETTINGS ***
  Split I- D-cache
  I-cache size: 	256
  D-cache size: 	256
  Associativity: 	1
  Block size: 	16
  Write policy: 	WRITE BACK
  Allocation policy: 	WRITE ALLOCATE

*** CACHE STATISTICS ***
 INSTRUCTIONS
  accesses:  5
  misses:    5
  miss rate: 1.0000 (hit rate 0.0000)
  replace:   4
 DATA
  accesses:  2
  misses:    1
  miss rate: 0.5000 (hit rate 0.5000)
  replace:   0
 TRAFFIC (in words)
  demand fetch:  24
  copies back:   0
