./sim -bs 16 -us 256 -a 1 -wb -wa traces/spice10000.trace
*** CACHE SETTINGS ***
  Unified I- D-cache
  Size: 	256
  Associativity: 	1
  Block size: 	16
  Write policy: 	WRITE BACK
  Allocation policy: 	WRITE ALLOCATE

*** CACHE STATISTICS ***
 INSTRUCTIONS
  accesses:  6920
  misses:    663
  miss rate: 0.0958 (hit rate 0.9042)
  replace:   654
 DATA
  accesses:  3080
  misses:    874
  miss rate: 0.2838 (hit rate 0.7162)
  replace:   867
 TRAFFIC (in words)
  demand fetch:  6148
  copies back:   360


./sim -bs 16 -us 256 -a 2 -wb -wa traces/spice10000.trace
*** CACHE SETTINGS ***
  Unified I- D-cache
  Size: 	256
  Associativity: 	2
  Block size: 	16
  Write policy: 	WRITE BACK
  Allocation policy: 	WRITE ALLOCATE

*** CACHE STATISTICS ***
 INSTRUCTIONS
  accesses:  6920
  misses:    656
  miss rate: 0.0948 (hit rate 0.9052)
  replace:   645
 DATA
  accesses:  3080
  misses:    1045
  miss rate: 0.3393 (hit rate 0.6607)
  replace:   1040
 TRAFFIC (in words)
  demand fetch:  6804
  copies back:   368


./sim -bs 16 -us 256 -a 4 -wb -wa traces/spice10000.trace
*** CACHE SETTINGS ***
  Unified I- D-cache
  Size: 	256
  Associativity: 	4
  Block size: 	16
  Write policy: 	WRITE BACK
  Allocation policy: 	WRITE ALLOCATE

*** CACHE STATISTICS ***
 INSTRUCTIONS
  accesses:  6920
  misses:    420
  miss rate: 0.0607 (hit rate 0.9393)
  replace:   411
 DATA
  accesses:  3080
  misses:    634
  miss rate: 0.2058 (hit rate 0.7942)
  replace:   627
 TRAFFIC (in words)
  demand fetch:  4216
  copies back:   116


./sim -bs 16 -us 256 -a 8 -wb -wa traces/spice10000.trace
*** CACHE SETTINGS ***
  Unified I- D-cache
  Size: 	256
  Associativity: 	8
  Block size: 	16
  Write policy: 	WRITE BACK
  Allocation policy: 	WRITE ALLOCATE

*** CACHE STATISTICS ***
 INSTRUCTIONS
  accesses:  6920
  misses:    309
  miss rate: 0.0447 (hit rate 0.9553)
  replace:   300
 DATA
  accesses:  3080
  misses:    321
  miss rate: 0.1042 (hit rate 0.8958)
  replace:   314
 TRAFFIC (in words)
  demand fetch:  2520
  copies back:   116


./sim -bs 16 -us 8192 -a 2 -wb -wa traces/spice10000.trace
*** CACHE SETTINGS ***
  Unified I- D-cache
  Size: 	8192
  Associativity: 	2
  Block size: 	16
  Write policy: 	WRITE BACK
  Allocation policy: 	WRITE ALLOCATE

*** CACHE STATISTICS ***
 INSTRUCTIONS
  accesses:  6920
  misses:    22
  miss rate: 0.0032 (hit rate 0.9968)
  replace:   0
 DATA
  accesses:  3080
  misses:    60
  miss rate: 0.0195 (hit rate 0.9805)
  replace:   0
 TRAFFIC (in words)
  demand fetch:  328
  copies back:   44


./sim -bs 16 -us 8192 -a 4 -wb -wa traces/spice10000.trace
*** CACHE SETTINGS ***
  Unified I- D-cache
  Size: 	8192
  Associativity: 	4
  Block size: 	16
  Write policy: 	WRITE BACK
  Allocation policy: 	WRITE ALLOCATE

*** CACHE STATISTICS ***
 INSTRUCTIONS
  accesses:  6920
  misses:    22
  miss rate: 0.0032 (hit rate 0.9968)
  replace:   0
 DATA
  accesses:  3080
  misses:    60
  miss rate: 0.0195 (hit rate 0.9805)
  replace:   0
 TRAFFIC (in words)
  demand fetch:  328
  copies back:   44


./sim -bs 16 -us 8192 -a 8 -wb -wa traces/spice10000.trace
*** CACHE SETTINGS ***
  Unified I- D-cache
  Size: 	8192
  Associativity: 	8
  Block size: 	16
  Write policy: 	WRITE BACK
  Allocation policy: 	WRITE ALLOCATE

*** CACHE STATISTICS ***
 INSTRUCTIONS
  accesses:  6920
  misses:    22
  miss rate: 0.0032 (hit rate 0.9968)
  replace:   0
 DATA
  accesses:  3080
  misses:    60
  miss rate: 0.0195 (hit rate 0.9805)
  replace:   0
 TRAFFIC (in words)
  demand fetch:  328
  copies back:   44
