./sim -bs 16 -us 256 -a 1 -wb -wa traces/spice10000.trace
*** CACHE SETTINGS ***
  Unified I- D-cache
  Size: 	256
  Associativity: 	1
  Block size: 	16
  Write policy: 	WRITE BACK
  Allocation policy: 	WRITE ALLOCATE

*** CACHE STATISTICS ***
 INSTRUCTIONS
  accesses:  6920
  misses:    663
  miss rate: 0.0958 (hit rate 0.9042)
  replace:   654
 DATA
  accesses:  3080
  misses:    874
  miss rate: 0.2838 (hit rate 0.7162)
  replace:   867
 TRAFFIC (in words)
  demand fetch:  6148
  copies back:   360


./sim -bs 8 -us 256 -a 1 -wb -wa traces/spice10000.trace
*** CACHE SETTINGS ***
  Unified I- D-cache
  Size: 	256
  Associativity: 	1
  Block size: 	8
  Write policy: 	WRITE BACK
  Allocation policy: 	WRITE ALLOCATE

*** CACHE STATISTICS ***
 INSTRUCTIONS
  accesses:  6920
  misses:    868
  miss rate: 0.1254 (hit rate 0.8746)
  replace:   845
 DATA
  accesses:  3080
  misses:    991
  miss rate: 0.3218 (hit rate 0.6782)
  replace:   982
 TRAFFIC (in words)
  demand fetch:  3718
  copies back:   202


./sim -bs 4 -us 256 -a 1 -wb -wa traces/spice10000.trace
*** CACHE SETTINGS ***
  Unified I- D-cache
  Size: 	256
  Associativity: 	1
  Block size: 	4
  Write policy: 	WRITE BACK
  Allocation policy: 	WRITE ALLOCATE

*** CACHE STATISTICS ***
 INSTRUCTIONS
  accesses:  6920
  misses:    1231
  miss rate: 0.1779 (hit rate 0.8221)
  replace:   1179
 DATA
  accesses:  3080
  misses:    1237
  miss rate: 0.4016 (hit rate 0.5984)
  replace:   1225
 TRAFFIC (in words)
  demand fetch:  2468
  copies back:   113


./sim -bs 32 -us 8192 -a 1 -wb -wa traces/spice10000.trace
*** CACHE SETTINGS ***
  Unified I- D-cache
  Size: 	8192
  Associativity: 	1
  Block size: 	32
  Write policy: 	WRITE BACK
  Allocation policy: 	WRITE ALLOCATE

*** CACHE STATISTICS ***
 INSTRUCTIONS
  accesses:  6920
  misses:    26
  miss rate: 0.0038 (hit rate 0.9962)
  replace:   15
 DATA
  accesses:  3080
  misses:    46
  miss rate: 0.0149 (hit rate 0.9851)
  replace:   15
 TRAFFIC (in words)
  demand fetch:  576
  copies back:   152


./sim -bs 64 -us 8192 -a 1 -wb -wa traces/spice10000.trace
*** CACHE SETTINGS ***
  Unified I- D-cache
  Size: 	8192
  Associativity: 	1
  Block size: 	64
  Write policy: 	WRITE BACK
  Allocation policy: 	WRITE ALLOCATE

*** CACHE STATISTICS ***
 INSTRUCTIONS
  accesses:  6920
  misses:    22
  miss rate: 0.0032 (hit rate 0.9968)
  replace:   17
 DATA
  accesses:  3080
  misses:    36
  miss rate: 0.0117 (hit rate 0.9883)
  replace:   17
 TRAFFIC (in words)
  demand fetch:  928
  copies back:   320


./sim -bs 128 -us 8192 -a 1 -wb -wa traces/spice10000.trace
*** CACHE SETTINGS ***
  Unified I- D-cache
  Size: 	8192
  Associativity: 	1
  Block size: 	128
  Write policy: 	WRITE BACK
  Allocation policy: 	WRITE ALLOCATE

*** CACHE STATISTICS ***
 INSTRUCTIONS
  accesses:  6920
  misses:    28
  miss rate: 0.0040 (hit rate 0.9960)
  replace:   25
 DATA
  accesses:  3080
  misses:    36
  miss rate: 0.0117 (hit rate 0.9883)
  replace:   24
 TRAFFIC (in words)
  demand fetch:  2048
  copies back:   832
