Running in Lattice mode


Starting:    E:\Bin\synpbase\win64\mbin\synbatch.exe
Install:     E:\Bin\synpbase
Date:        Wed Jun 14 14:50:44 2023
Version:     I-2014.03LC 

Arguments:   -product synplify_pro  -batch d:/isp/labx\CALCULATE.prj
ProductType: synplify_pro





log file: "D:\isp\labx\CALCULATE.srr"

Running CALCULATE|labx

Running: Compile on CALCULATE|labx

Running: Compile Process on CALCULATE|labx

Running: Compile Input on CALCULATE|labx
Copied D:\isp\labx\synwork\CALCULATE_comp.srs to D:\isp\labx\CALCULATE.srs
compiler Completed with warnings
Return Code: 1
Run Time:0h:00m:01s

Running: Multi-srs Generator on CALCULATE|labx
Copied D:\isp\labx\synwork\CALCULATE_comp.srs to D:\isp\labx\synwork\CALCULATE_s.srs
multi_srs_gen Completed
Return Code: 0
Run Time:0h:00m:00s
Copied D:\isp\labx\synwork\CALCULATE_mult.srs to D:\isp\labx\CALCULATE.srs
Copied D:\isp\labx\CALCULATE.srr to D:\isp\labx\calculate.srf
Complete: Compile Process on CALCULATE|labx
Complete: Compile on CALCULATE|labx

Running: Map on CALCULATE|labx

Running: Map & Optimize on CALCULATE|labx
fpga_mapper Completed
Return Code: 0
Run Time:0h:00m:01s
Complete: Map on CALCULATE|labx
Copied D:\isp\labx\CALCULATE.srr to D:\isp\labx\calculate.srf
Complete: Logic Synthesis on CALCULATE|labx

exit status=0

exit status=0

