Copyright 1986-2017 Xilinx, Inc. All Rights Reserved.
--------------------------------------------------------------------------------------------------------------------------------------------------------------------------
| Tool Version : Vivado v.2017.4 (win64) Build 2086221 Fri Dec 15 20:55:39 MST 2017
| Date         : Sat Oct 29 13:14:01 2022
| Host         : LAPTOP-OMEN-BAO running 64-bit major release  (build 9200)
| Command      : report_methodology -file adder_32bits_methodology_drc_routed.rpt -pb adder_32bits_methodology_drc_routed.pb -rpx adder_32bits_methodology_drc_routed.rpx
| Design       : adder_32bits
| Device       : xc7a200tfbv484-1
| Speed File   : -1
| Design State : Routed
--------------------------------------------------------------------------------------------------------------------------------------------------------------------------

Report Methodology

Table of Contents
-----------------
1. REPORT SUMMARY
2. REPORT DETAILS

1. REPORT SUMMARY
-----------------
            Netlist: netlist
          Floorplan: checkpoint_adder_32bits
      Design limits: <entire design considered>
             Max violations: <unlimited>
             Violations found: 0
+------+----------+-------------+------------+
| Rule | Severity | Description | Violations |
+------+----------+-------------+------------+
+------+----------+-------------+------------+

2. REPORT DETAILS
-----------------

