Running in Lattice mode


Starting:    D:\ispLEVER_Classic2_1\synpbase\win64\mbin\synbatch.exe
Install:     D:\ispLEVER_Classic2_1\synpbase
Date:        Mon May 01 16:56:54 2023
Version:     I-2014.03LC 

Arguments:   -product synplify_pro  -batch d:/myducuments/_junior_1/electricsystemdesign/isp_lab8\toplevel.prj
ProductType: synplify_pro





log file: "D:\myducuments\_junior_1\electricsystemdesign\isp_lab8\toplevel.srr"

Running toplevel|isp_lab8

Running: Compile on toplevel|isp_lab8

Running: Compile Process on toplevel|isp_lab8

Running: Compile Input on toplevel|isp_lab8
Copied D:\myducuments\_junior_1\electricsystemdesign\isp_lab8\synwork\toplevel_comp.srs to D:\myducuments\_junior_1\electricsystemdesign\isp_lab8\toplevel.srs
compiler Completed
Return Code: 0
Run Time:0h:00m:01s

Running: Multi-srs Generator on toplevel|isp_lab8
Copied D:\myducuments\_junior_1\electricsystemdesign\isp_lab8\synwork\toplevel_comp.srs to D:\myducuments\_junior_1\electricsystemdesign\isp_lab8\synwork\toplevel_s.srs
multi_srs_gen Completed
Return Code: 0
Run Time:0h:00m:00s
Copied D:\myducuments\_junior_1\electricsystemdesign\isp_lab8\synwork\toplevel_mult.srs to D:\myducuments\_junior_1\electricsystemdesign\isp_lab8\toplevel.srs
Complete: Compile Process on toplevel|isp_lab8
Complete: Compile on toplevel|isp_lab8

Running: Map on toplevel|isp_lab8

Running: Map & Optimize on toplevel|isp_lab8
fpga_mapper Completed with warnings
Return Code: 1
Run Time:0h:00m:01s
Complete: Map on toplevel|isp_lab8
Complete: Logic Synthesis on toplevel|isp_lab8

exit status=0

exit status=0

