ispLEVER Auto-Make Log File
---------------------------

Updating: Fit Design
Start to record tcl script...
Finished recording TCL script.

Starting: 'D:\ispLEVER_Classic2_1\ispcpld\bin\edif2blf.exe -edf toplevel.edi -out toplevel.bl0 -err automake.err -log toplevel.log -prj isp_lab9 -lib "D:\ispLEVER_Classic2_1\ispcpld/dat/mach.edn" -net_Vcc VCC -net_GND GND -nbx -dse -tlw -cvt YES -xor'

Starting EDIF2BLIF....
readEDIF ended normally.

Inspect circuit toplevel
    Number of input ports   : 4
    Number of output ports  : 12
    Number of bidir ports   : 0
    Number of instances     : 672
    Number of nets          : 676

No design errors found in circuit toplevel

WriteBLIF ended normally.

Done: completed successfully.

Starting: 'D:\ispLEVER_Classic2_1\ispcpld\bin\mblifopt.exe toplevel.bl0 -collapse none -reduce none -err automake.err -gui -keepwires'

BLIFOPT  Open-ABEL Optimizer 
U.C. Berkeley, SIS Ver. 1.0, supported by Lattice Semiconductor
ispLEVER Classic 2.1 Copyright 1992-2020 Lattice Semiconductor. All Rights Reserved.
Reading Open-ABEL 2 file toplevel.bl0...
Writing Open-ABEL 2 (BLIF) file toplevel.bl1...
Note    0: 
BLIFOPT complete - Time 0 seconds
Done: completed successfully.

Starting: 'D:\ispLEVER_Classic2_1\ispcpld\bin\mblflink.exe "toplevel.bl1" -o "isp_lab9.bl2" -omod "isp_lab9" -gui -err "automake.err"'

BLIFLINK  Top-Down Design Linker
ispLEVER Classic 2.1 Copyright 1992-2020 Lattice Semiconductor. All Rights Reserved.

Top-level file: 'toplevel.bl1'

Hierarchical BLIF: 'isp_lab9.bl2'

BLIFLINK complete.  Time: 1 second 
Done: completed successfully.

Starting: 'D:\ispLEVER_Classic2_1\ispcpld\bin\impsrc.exe -gui -prj isp_lab9 -lci isp_lab9.lct -log isp_lab9.imp -err automake.err -tti isp_lab9.bl2 -dir d:\myducuments\_junior_1\electricsystemdesign\isp_lab9'

No pin assignment or valid property.
No source constraints were imported.
Done: completed successfully.

Starting: 'D:\ispLEVER_Classic2_1\ispcpld\bin\abelvci.exe -vci isp_lab9.lct -blifopt isp_lab9.b2_'

Done: completed successfully.

Starting: 'D:\ispLEVER_Classic2_1\ispcpld\bin\mblifopt.exe isp_lab9.bl2 -sweep -mergefb -err automake.err -o isp_lab9.bl3 @isp_lab9.b2_ -gui'

BLIFOPT  Open-ABEL Optimizer 
U.C. Berkeley, SIS Ver. 1.0, supported by Lattice Semiconductor
ispLEVER Classic 2.1 Copyright 1992-2020 Lattice Semiconductor. All Rights Reserved.
Reading Open-ABEL 2 file isp_lab9.bl2...
Merging feedbacks...
Note 13707: Node gnd_n_n is collapsed...
Note 13707: Node debouncer_inst_timer30ms_n_38_i_n is collapsed...
Note 13707: Node ledscaninst_n_48_i_n is collapsed...
Note 13707: Node debouncer_inst_timer30ms_n_33_i_n is collapsed...
Note 13707: Node ledscaninst_n_47_i_n is collapsed...
Note 13707: Node debouncer_inst_timer30ms_n_32_i_n is collapsed...
Note 13707: Node ledscaninst_n_46_i_n is collapsed...
Note 13707: Node debouncer_inst_timer30ms_n_30_i_n is collapsed...
Note 13707: Node debouncer_inst_timer30ms_n_31_i_n is collapsed...
Note 13707: Node clkgenerator_freqdivide_4_n_51_i_n is collapsed...
Note 13707: Node ledscaninst_n_56_i_n is collapsed...
Note 13707: Node clkgenerator_freqdivide_4_n_47_i_n is collapsed...
Note 13707: Node ledscaninst_n_55_i_n is collapsed...
Note 13707: Node clkgenerator_freqdivide_4_n_46_i_n is collapsed...
Note 13707: Node ledscaninst_n_50_i_n is collapsed...
Note 13707: Node clkgenerator_freqdivide_4_n_45_i_n is collapsed...
Note 13707: Node ledscaninst_n_49_i_n is collapsed...
Note 13707: Node clkgenerator_freqdivide_4_n_44_i_n is collapsed...
Note 13707: Node clkgenerator_freqdivide_4_n_41_i_n is collapsed...
Note 13707: Node clkgenerator_freqdivide_4_n_42_i_n is collapsed...
Note 13707: Node ledscaninst_n_66_i_n is collapsed...
Note 13707: Node clkgenerator_freqdivide_4_n_43_i_n is collapsed...
Note 13707: Node ledscaninst_n_65_i_n is collapsed...
Note 13707: Node senderinst_n_5_n is collapsed...
Note 13707: Node clkgenerator_freqdivide_3_n_82_i_n is collapsed...
Note 13707: Node clkgenerator_freqdivide_3_n_81_i_n is collapsed...
Note 13707: Node ledscaninst_n_70_i_n is collapsed...
Note 13707: Node clkgenerator_freqdivide_3_n_80_i_n is collapsed...
Note 13707: Node ledscaninst_n_69_i_n is collapsed...
Note 13707: Node clkgenerator_freqdivide_3_n_79_i_n is collapsed...
Note 13707: Node ledscaninst_n_68_i_n is collapsed...
Note 13707: Node clkgenerator_freqdivide_3_n_77_i_n is collapsed...
Note 13707: Node ledscaninst_n_67_i_n is collapsed...
Note 13707: Node clkgenerator_freqdivide_3_n_78_i_n is collapsed...
Note 13707: Node clkgenerator_un1_freqdivide_1_i_11__n is collapsed...
Note 13707: Node ledscaninst_n_76_i_n is collapsed...
Note 13707: Node clkgenerator_freqdivide_3_n_75_i_n is collapsed...
Note 13707: Node ledscaninst_n_75_i_n is collapsed...
Note 13707: Node clkgenerator_un1_freqdivide_1_i_7__n is collapsed...
Note 13707: Node ledscaninst_n_72_i_n is collapsed...
Note 13707: Node clkgenerator_freqdivide_3_n_76_i_n is collapsed...
Note 13707: Node clkgenerator_un1_freqdivide_1_i_4__n is collapsed...
Note 13707: Node clkgenerator_freqdivide_3_n_73_i_n is collapsed...
Note 13707: Node ledscaninst_n_83_i_n is collapsed...
Note 13707: Node clkgenerator_freqdivide_3_n_74_i_n is collapsed...
Note 13707: Node ledscaninst_n_80_i_n is collapsed...
Note 13707: Node debouncer_inst_timer30ms_r_i_0_i_n is collapsed...
Note 13707: Node clkgenerator_freqdivide_3_n_72_i_n is collapsed...
Note 13707: Node senderinst_send_count_i_0__n is collapsed...
Note 13707: Node ledscaninst_n_86_i_n is collapsed...
Note 13707: Node senderinst_send_count_i_1__n is collapsed...
Note 13707: Node ledscaninst_n_85_i_n is collapsed...
Note 13707: Node clkgenerator_freqdivide_3_n_71_i_n is collapsed...
Note 13707: Node senderinst_send_count_i_3__n is collapsed...
Note 13707: Node clkgenerator_freqdivide_3_n_68_i_n is collapsed...
Note 13707: Node ledscaninst_n_88_i_n is collapsed...
Note 13707: Node clkgenerator_freqdivide_3_n_69_i_n is collapsed...
Note 13707: Node ledscaninst_n_87_i_n is collapsed...
Note 13707: Node clkgenerator_freqdivide_3_n_70_i_n is collapsed...
Note 13707: Node ledscaninst_n_108_i_n is collapsed...
Note 13707: Node receiverinst_n_34_n is collapsed...
Note 13707: Node ledscaninst_n_89_i_n is collapsed...
Note 13707: Node receiverinst_n_47_n is collapsed...
Note 13707: Node ledscaninst_n_111_i_n is collapsed...
Note 13707: Node receiverinst_n_48_n is collapsed...
Note 13707: Node ledscaninst_n_109_i_n is collapsed...
Note 13707: Node receiverinst_n_49_n is collapsed...
Note 13707: Node ledscaninst_n_113_i_n is collapsed...
Note 13707: Node receiverinst_n_50_n is collapsed...
Note 13707: Node ledscaninst_n_112_i_n is collapsed...
Note 13707: Node receiverinst_n_51_n is collapsed...
Note 13707: Node ledscaninst_n_125_i_n is collapsed...
Note 13707: Node receiverinst_n_52_n is collapsed...
Note 13707: Node ledscaninst_n_124_i_n is collapsed...
Note 13707: Node receiverinst_n_53_n is collapsed...
Note 13707: Node receiverinst_n_35_i_0_n is collapsed...
Note 13707: Node receiverinst_n_31_i_0_n is collapsed...
Note 13707: Node receiverinst_n_27_i_0_n is collapsed...
Note 13707: Node receiverinst_rx_data_i_0_6__n is collapsed...
Note 13707: Node receiverinst_rx_data_i_0_5__n is collapsed...
Note 13707: Node receiverinst_rx_data_i_0_4__n is collapsed...
Note 13707: Node receiverinst_rx_data_i_0_3__n is collapsed...
Note 13707: Node receiverinst_rx_data_i_0_2__n is collapsed...
Note 13707: Node receiverinst_rx_data_i_0_1__n is collapsed...
Note 13707: Node receiverinst_rx_data_i_0_0__n is collapsed...
Note 13707: Node receiverinst_n_88_i_n is collapsed...
Note 13707: Node receiverinst_n_61_i_n is collapsed...
Note 13707: Node receiverinst_n_60_i_n is collapsed...
Note 13707: Node receiverinst_n_63_i_n is collapsed...
Note 13707: Node receiverinst_n_62_i_n is collapsed...
Note 13707: Node receiverinst_n_65_i_n is collapsed...
Note 13707: Node receiverinst_n_64_i_n is collapsed...
Note 13707: Node receiverinst_n_67_i_n is collapsed...
Note 13707: Node receiverinst_n_66_i_n is collapsed...
Note 13707: Node receiverinst_n_69_i_n is collapsed...
Note 13707: Node receiverinst_n_68_i_n is collapsed...
Note 13707: Node receiverinst_n_71_i_n is collapsed...
Note 13707: Node receiverinst_n_70_i_n is collapsed...
Note 13707: Node receiverinst_n_73_i_n is collapsed...
Note 13707: Node receiverinst_n_72_i_n is collapsed...
Note 13707: Node receiverinst_n_75_i_n is collapsed...
Note 13707: Node receiverinst_n_74_i_n is collapsed...
Note 13707: Node data2_i_1__n is collapsed...
Note 13707: Node data1_i_1__n is collapsed...
Note 13707: Node receiverinst_n_77_i_n is collapsed...
Note 13707: Node debouncer_inst_widthtransinst_q_i_0__n is collapsed...
Note 13707: Node debouncer_inst_controllerinst_state_i_1__n is collapsed...
Note 13707: Node receiverinst_n_79_i_n is collapsed...
Note 13707: Node debouncer_inst_timer_done_i_n is collapsed...
Note 13707: Node receiverinst_n_78_i_n is collapsed...
Note 13707: Node dout_i is collapsed...
Note 13707: Node debouncer_inst_un1_timer30ms_i_3__n is collapsed...
Note 13707: Node receiverinst_n_81_i_n is collapsed...
Note 13707: Node debouncer_inst_un1_timer30ms_i_2__n is collapsed...
Note 13707: Node receiverinst_n_80_i_n is collapsed...
Note 13707: Node debouncer_inst_un1_timer30ms_i_4__n is collapsed...
Note 13707: Node clkgenerator_un1_freqdivide_4_i_2__n is collapsed...
Note 13707: Node receiverinst_n_83_i_n is collapsed...
Note 13707: Node clkgenerator_un1_freqdivide_4_i_1__n is collapsed...
Note 13707: Node receiverinst_n_82_i_n is collapsed...
Note 13707: Node clkgenerator_un1_freqdivide_4_i_5__n is collapsed...
Note 13707: Node clkgenerator_un1_freqdivide_3_i_6__n is collapsed...
Note 13707: Node clkgenerator_un1_freqdivide_3_i_5__n is collapsed...
Note 13707: Node receiverinst_n_85_i_n is collapsed...
Note 13707: Node clkgenerator_un1_freqdivide_3_i_4__n is collapsed...
Note 13707: Node receiverinst_n_84_i_n is collapsed...
Note 13707: Node ledscaninst_n_32_n is collapsed...
Note 13707: Node ledscaninst_n_34_n is collapsed...
Note 13707: Node clkgenerator_un1_freqdivide_3_i_9__n is collapsed...
Note 13707: Node ledscaninst_n_35_n is collapsed...
Note 13707: Node receiverinst_m_i_2__n is collapsed...
Note 13707: Node receiverinst_m_i_1__n is collapsed...
Note 13707: Node ledscaninst_n_36_n is collapsed...
Note 13707: Node dout_c is collapsed...
Note 13707: Node debouncer_inst_timer30ms_n_40_i_n is collapsed...
Note 13707: Node senderinst_n_6_i_n is collapsed...
Note 13707: Node senderinst_n_7_i_n is collapsed...
Note 13707: Node receiverinst_rx_data_11_i_m2_7__un3_n is collapsed...
Note 13707: Node debouncer_inst_controllerinst_state_ns_1_0__m3_un3_n is collapsed...
Note 13707: Node clkgenerator_freqdivide_3_n_63_n is collapsed...
Note 13707: Node clkgenerator_freqdivide_3_n_57_n is collapsed...
Note 13707: Node clkgenerator_freqdivide_3_n_56_n is collapsed...
Note 13707: Node clk_1kHz_i is collapsed...
Note 13707: Node clkgenerator_freqdivide_3_n_55_n is collapsed...
Note 13707: Node debouncer_inst_un1_timer30ms_i_0__n is collapsed...
Note 13707: Node clkgenerator_freqdivide_3_n_54_n is collapsed...
Note 13707: Node clkgenerator_freqdivide_3_n_53_n is collapsed...
Note 13707: Node clkgenerator_freqdivide_3_n_52_n is collapsed...
Note 13707: Node clkgenerator_freqdivide_3_n_51_n is collapsed...
Note 13707: Node senderinst_send_count_i_2__n is collapsed...
Note 13707: Node receiverinst_m_i_4__n is collapsed...
Note 13707: Node receiverinst_m_i_6__n is collapsed...
Note 13707: Node receiverinst_m_i_3__n is collapsed...
Note 13707: Node clkgenerator_freqdivide_4_n_35_n is collapsed...
Note 13707: Node clkgenerator_freqdivide_4_n_34_n is collapsed...
Note 13707: Node receiverinst_m_i_7__n is collapsed...
Note 13707: Node clkgenerator_freqdivide_4_n_32_n is collapsed...
Note 13707: Node clkgenerator_freqdivide_4_n_31_n is collapsed...
Note 13707: Node debouncer_inst_controllerinst_n_29_i_n is collapsed...
Note 13707: Node debouncer_inst_timer30ms_n_28_n is collapsed...
Note 13707: Node debouncer_inst_timer30ms_n_27_n is collapsed...
Note 13707: Node debouncer_inst_timer30ms_n_26_n is collapsed...
Note 13707: Node clkgenerator_un1_freqdivide_4_i_4__n is collapsed...
Note 13707: Node clkgenerator_un1_freqdivide_4_i_3__n is collapsed...
Note 13707: Node clkgenerator_un1_freqdivide_3_i_8__n is collapsed...
Note 13707: Node clkgenerator_un1_freqdivide_3_i_7__n is collapsed...
Note 13707: Node clkgenerator_un1_freqdivide_3_i_3__n is collapsed...
Note 13707: Node clkgenerator_un1_freqdivide_3_i_2__n is collapsed...
Note 13707: Node clkgenerator_un1_freqdivide_3_i_0__n is collapsed...
Note 13707: Node receiverinst_n_76_i_n is collapsed...
Note 13707: Node clkgenerator_un1_freqdivide_3_i_1__n is collapsed...
Note 13707: Node clkGenerator_FreqDivide_1_q_n12 is collapsed...
Note 13707: Node clkgenerator_freqdivide_3_n_38_0_2_n is collapsed...
Note 13707: Node clkGenerator_FreqDivide_1_q_n10 is collapsed...
Note 13707: Node clkGenerator_FreqDivide_1_q_n11 is collapsed...
Note 13707: Node clkgenerator_freqdivide_3_n_38_0_1_n is collapsed...
Note 13707: Node debouncer_inst_controllerinst_state_ns_1_0__m3_un0_n is collapsed...
Note 13707: Node clkGenerator_FreqDivide_1_q_n7 is collapsed...
Note 13707: Node clkgenerator_freqdivide_3_n_40_0_2_n is collapsed...
Note 13707: Node ledscaninst_n_113_n is collapsed...
Note 13707: Node clkgenerator_freqdivide_3_n_40_0_1_n is collapsed...
Note 13707: Node ledscaninst_n_112_n is collapsed...
Note 13707: Node clkgenerator_freqdivide_3_n_42_0_2_n is collapsed...
Note 13707: Node ledscaninst_n_111_n is collapsed...
Note 13707: Node clkgenerator_freqdivide_3_n_42_0_1_n is collapsed...
Note 13707: Node ledscaninst_n_109_n is collapsed...
Note 13707: Node clkgenerator_freqdivide_3_n_44_0_1_n is collapsed...
Note 13707: Node ledscaninst_n_108_n is collapsed...
Note 13707: Node clkgenerator_freqdivide_3_n_46_0_1_n is collapsed...
Note 13707: Node ledscaninst_n_89_n is collapsed...
Note 13707: Node clkgenerator_freqdivide_3_n_48_0_1_n is collapsed...
Note 13707: Node ledscaninst_n_88_n is collapsed...
Note 13707: Node clkgenerator_freqdivide_3_n_50_0_1_n is collapsed...
Note 13707: Node ledscaninst_n_87_n is collapsed...
Note 13707: Node clkgenerator_freqdivide_4_n_5_0_2_n is collapsed...
Note 13707: Node ledscaninst_n_86_n is collapsed...
Note 13707: Node clkgenerator_freqdivide_4_n_5_0_1_n is collapsed...
Note 13707: Node ledscaninst_n_85_n is collapsed...
Note 13707: Node clkgenerator_freqdivide_4_n_7_0_1_n is collapsed...
Note 13707: Node ledscaninst_n_83_n is collapsed...
Note 13707: Node clkgenerator_freqdivide_4_n_16_0_1_n is collapsed...
Note 13707: Node ledscaninst_n_80_n is collapsed...
Note 13707: Node clkgenerator_freqdivide_4_n_26_0_1_n is collapsed...
Note 13707: Node ledscaninst_n_76_n is collapsed...
Note 13707: Node clkgenerator_freqdivide_4_n_30_0_1_n is collapsed...
Note 13707: Node ledscaninst_n_75_n is collapsed...
Note 13707: Node debouncer_inst_timer30ms_n_40_3_n is collapsed...
Note 13707: Node ledscaninst_n_72_n is collapsed...
Note 13707: Node debouncer_inst_timer30ms_n_40_2_n is collapsed...
Note 13707: Node ledscaninst_n_70_n is collapsed...
Note 13707: Node debouncer_inst_timer30ms_n_40_1_n is collapsed...
Note 13707: Node ledscaninst_n_69_n is collapsed...
Note 13707: Node debouncer_inst_timer_done_4_n is collapsed...
Note 13707: Node ledscaninst_n_68_n is collapsed...
Note 13707: Node debouncer_inst_timer_done_3_n is collapsed...
Note 13707: Node ledscaninst_n_67_n is collapsed...
Note 13707: Node debouncer_inst_timer_done_2_n is collapsed...
Note 13707: Node ledscaninst_n_66_n is collapsed...
Note 13707: Node debouncer_inst_timer_done_1_n is collapsed...
Note 13707: Node ledscaninst_n_65_n is collapsed...
Note 13707: Node debouncer_inst_timer30ms_n_8_0_1_n is collapsed...
Note 13707: Node ledscaninst_n_56_n is collapsed...
Note 13707: Node debouncer_inst_timer30ms_n_35_0_1_n is collapsed...
Note 13707: Node clkGenerator_FreqDivide_1_q_n8 is collapsed...
Note 13707: Node ledscaninst_n_55_n is collapsed...
Note 13707: Node debouncer_inst_timer30ms_n_36_0_1_n is collapsed...
Note 13707: Node ledscaninst_n_50_n is collapsed...
Note 13707: Node debouncer_inst_timer30ms_n_23_0_1_n is collapsed...
Note 13707: Node ledscaninst_n_49_n is collapsed...
Note 13707: Node ledscaninst_n_47_2_n is collapsed...
Note 13707: Node ledscaninst_n_48_n is collapsed...
Note 13707: Node ledscaninst_n_47_1_n is collapsed...
Note 13707: Node clkGenerator_FreqDivide_1_q_n9 is collapsed...
Note 13707: Node clkGenerator_FreqDivide_1_q_n5 is collapsed...
Note 13707: Node ledscaninst_n_48_2_n is collapsed...
Note 13707: Node ledscaninst_n_46_n is collapsed...
Note 13707: Node ledscaninst_n_48_1_n is collapsed...
Note 13707: Node clkGenerator_FreqDivide_1_q_n6 is collapsed...
Note 13707: Node ledscaninst_n_45_n is collapsed...
Note 13707: Node ledscaninst_n_69_1_n is collapsed...
Note 13707: Node clkGenerator_FreqDivide_1_q_n2 is collapsed...
Note 13707: Node ledscaninst_n_70_1_n is collapsed...
Note 13707: Node clkGenerator_FreqDivide_1_q_n3 is collapsed...
Note 13707: Node clkGenerator_FreqDivide_1_q_n4 is collapsed...
Note 13707: Node ledscaninst_n_75_1_n is collapsed...
Note 13707: Node clkGenerator_FreqDivide_1_q_n0 is collapsed...
Note 13707: Node clkGenerator_FreqDivide_1_q_n1 is collapsed...
Note 13707: Node ledscaninst_n_76_1_n is collapsed...
Note 13707: Node clkgenerator_freqdivide_1_n_14_n is collapsed...
Note 13707: Node senderinst_send_count_3_0_0__n is collapsed...
Note 13707: Node ledscaninst_n_109_1_n is collapsed...
Note 13707: Node clkgenerator_freqdivide_3_n_24_0_1_n is collapsed...
Note 13707: Node ledscaninst_n_111_1_n is collapsed...
Note 13707: Node clkgenerator_freqdivide_3_n_81_n is collapsed...
Note 13707: Node ledscaninst_n_112_1_n is collapsed...
Note 13707: Node clkgenerator_freqdivide_1_n_13_n is collapsed...
Note 13707: Node ledscaninst_n_113_1_n is collapsed...
Note 13707: Node senderInst_G_13 is collapsed...
Note 13707: Node ledscaninst_led_e_6_n_10_n is collapsed...
Note 13707: Node clkgenerator_freqdivide_1_n_12_n is collapsed...
Note 13707: Node senderInst_G_15 is collapsed...
Note 13707: Node clkgenerator_freqdivide_1_n_11_n is collapsed...
Note 13707: Node ledscaninst_led_b_6_0_3_n is collapsed...
Note 13707: Node debouncer_Inst_controllerInst_state_ns_1_0__m5 is collapsed...
Note 13707: Node clkgenerator_freqdivide_3_n_80_n is collapsed...
Note 13707: Node clkgenerator_freqdivide_1_n_10_n is collapsed...
Note 13707: Node clkgenerator_freqdivide_3_n_7_0_1_n is collapsed...
Note 13707: Node receiverInst_m_15_i_x2_7_ is collapsed...
Note 13707: Node clkgenerator_freqdivide_3_n_79_n is collapsed...
Note 13707: Node clkgenerator_freqdivide_3_n_78_n is collapsed...
Note 13707: Node receiverInst_m_15_i_x2_5_ is collapsed...
Note 13707: Node clkgenerator_freqdivide_1_n_15_n is collapsed...
Note 13707: Node receiverinst_un1_m_23_i_0_0_n is collapsed...
Note 13707: Node receiverInst_m_15_i_x2_3_ is collapsed...
Note 13707: Node ledscaninst_n_11_0_3_n is collapsed...
Note 13707: Node clkgenerator_freqdivide_1_n_17_n is collapsed...
Note 13707: Node receiverInst_G_4_0_x2 is collapsed...
Note 13707: Node clkgenerator_freqdivide_3_n_77_n is collapsed...
Note 13707: Node debouncer_Inst_controllerInst_state_ns_1_0__m1 is collapsed...
Note 13707: Node clkgenerator_freqdivide_3_n_76_n is collapsed...
Note 13707: Node senderinst_n_15_n is collapsed...
Note 13707: Node debouncer_inst_controllerinst_state_ns_1_0__n_7_n is collapsed...
Note 13707: Node clkgenerator_freqdivide_1_n_19_n is collapsed...
Note 13707: Node clkgenerator_freqdivide_3_n_75_n is collapsed...
Note 13707: Node debouncer_inst_controllerinst_state_ns_1_0__m3_un1_n is collapsed...
Note 13707: Node senderinst_send_data_dec_9__n is collapsed...
Note 13707: Node receiverinst_n_77_1_n is collapsed...
Note 13707: Node clkgenerator_freqdivide_3_n_5_0_1_n is collapsed...
Note 13707: Node senderInst_G_11 is collapsed...
Note 13707: Node receiverinst_n_78_1_n is collapsed...
Note 13707: Node clkgenerator_freqdivide_1_n_21_n is collapsed...
Note 13707: Node senderinst_n_7_n is collapsed...
Note 13707: Node receiverinst_n_79_1_n is collapsed...
Note 13707: Node clkgenerator_freqdivide_1_n_23_n is collapsed...
Note 13707: Node senderinst_n_6_n is collapsed...
Note 13707: Node receiverinst_n_80_1_n is collapsed...
Note 13707: Node clkgenerator_freqdivide_1_n_25_n is collapsed...
Note 13707: Node receiverInst_G_6 is collapsed...
Note 13707: Node receiverinst_n_81_1_n is collapsed...
Note 13707: Node clkgenerator_freqdivide_3_n_5_0_2_n is collapsed...
Note 13707: Node receiverInst_G_10 is collapsed...
Note 13707: Node receiverinst_n_82_1_n is collapsed...
Note 13707: Node clkgenerator_freqdivide_1_n_27_n is collapsed...
Note 13707: Node receiverinst_n_85_n is collapsed...
Note 13707: Node receiverinst_n_83_1_n is collapsed...
Note 13707: Node debouncer_inst_timer30ms_n_29_n is collapsed...
Note 13707: Node receiverinst_n_84_n is collapsed...
Note 13707: Node receiverinst_n_84_3_n is collapsed...
Note 13707: Node debouncer_inst_timer30ms_n_30_n is collapsed...
Note 13707: Node receiverInst_G_14 is collapsed...
Note 13707: Node receiverinst_n_84_2_n is collapsed...
Note 13707: Node debouncer_inst_timer30ms_n_31_n is collapsed...
Note 13707: Node clkgenerator_freqdivide_1_n_29_n is collapsed...
Note 13707: Node receiverinst_n_84_1_n is collapsed...
Note 13707: Node debouncer_inst_timer30ms_n_32_n is collapsed...
Note 13707: Node clkgenerator_freqdivide_3_n_74_n is collapsed...
Note 13707: Node receiverinst_n_23_0_1_n is collapsed...
Note 13707: Node senderinst_n_5_0_n is collapsed...
Note 13707: Node clkgenerator_freqdivide_1_n_16_n is collapsed...
Note 13707: Node clkgenerator_freqdivide_1_n_18_n is collapsed...
Note 13707: Node clkgenerator_freqdivide_3_n_73_n is collapsed...
Note 13707: Node clkgenerator_freqdivide_1_n_20_n is collapsed...
Note 13707: Node clkgenerator_freqdivide_1_n_22_n is collapsed...
Note 13707: Node clkgenerator_freqdivide_3_n_72_n is collapsed...
Note 13707: Node debouncer_inst_timer30ms_n_33_n is collapsed...
Note 13707: Node clkgenerator_freqdivide_1_n_24_n is collapsed...
Note 13707: Node clkgenerator_freqdivide_1_n_26_n is collapsed...
Note 13707: Node debouncer_inst_timer30ms_n_38_n is collapsed...
Note 13707: Node clkgenerator_freqdivide_3_n_71_n is collapsed...
Note 13707: Node clk_1kHz_8 is collapsed...
Note 13707: Node clkgenerator_freqdivide_1_n_28_n is collapsed...
Note 13707: Node receiverinst_n_75_n is collapsed...
Note 13707: Node clk_1kHz_7 is collapsed...
Note 13707: Node clkgenerator_freqdivide_3_n_70_n is collapsed...
Note 13707: Node receiverinst_n_74_n is collapsed...
Note 13707: Node clk_1kHz_6 is collapsed...
Note 13707: Node clkgenerator_freqdivide_1_n_32_n is collapsed...
Note 13707: Node receiverinst_n_73_n is collapsed...
Note 13707: Node clk_1kHz_5 is collapsed...
Note 13707: Node clkgenerator_freqdivide_3_n_69_n is collapsed...
Note 13707: Node receiverinst_n_72_n is collapsed...
Note 13707: Node clk_1kHz_4 is collapsed...
Note 13707: Node clkgenerator_freqdivide_1_n_31_n is collapsed...
Note 13707: Node receiverinst_n_71_n is collapsed...
Note 13707: Node clk_1kHz_3 is collapsed...
Note 13707: Node clkgenerator_freqdivide_3_n_68_n is collapsed...
Note 13707: Node receiverinst_n_70_n is collapsed...
Note 13707: Node clk_1kHz_2 is collapsed...
Note 13707: Node receiverinst_n_48_0_n is collapsed...
Note 13707: Node receiverinst_n_69_n is collapsed...
Note 13707: Node clk_1kHz_1 is collapsed...
Note 13707: Node receiverinst_rx_data_11_i_m2_7__un0_n is collapsed...
Note 13707: Node receiverinst_n_68_n is collapsed...
Note 13707: Node senderinst_send_data_dec_1_9__n is collapsed...
Note 13707: Node receiverinst_n_49_0_n is collapsed...
Note 13707: Node receiverinst_n_67_n is collapsed...
Note 13707: Node ledscaninst_n_34_0_1_n is collapsed...
Note 13707: Node receiverinst_rx_data_11_i_m2_7__un1_n is collapsed...
Note 13707: Node receiverinst_n_66_n is collapsed...
Note 13707: Node ledscaninst_n_31_0_3_n is collapsed...
Note 13707: Node ledscaninst_n_36_0_n is collapsed...
Note 13707: Node receiverinst_n_65_n is collapsed...
Note 13707: Node receiverinst_n_50_0_n is collapsed...
Note 13707: Node ledscaninst_n_35_0_n is collapsed...
Note 13707: Node receiverinst_n_64_n is collapsed...
Note 13707: Node receiverinst_n_51_0_n is collapsed...
Note 13707: Node clkgenerator_freqdivide_3_n_69_1_n is collapsed...
Note 13707: Node receiverinst_n_63_n is collapsed...
Note 13707: Node receiverinst_n_52_0_n is collapsed...
Note 13707: Node ledscaninst_n_32_0_n is collapsed...
Note 13707: Node receiverinst_n_62_n is collapsed...
Note 13707: Node ledscaninst_n_24_i_1_n is collapsed...
Note 13707: Node clkgenerator_freqdivide_4_n_47_n is collapsed...
Note 13707: Node receiverinst_n_61_n is collapsed...
Note 13707: Node clkgenerator_freqdivide_4_n_50_2_n is collapsed...
Note 13707: Node clkgenerator_freqdivide_3_n_81_1_n is collapsed...
Note 13707: Node receiverinst_n_60_n is collapsed...
Note 13707: Node clkgenerator_freqdivide_4_n_50_1_n is collapsed...
Note 13707: Node clkgenerator_freqdivide_4_n_46_n is collapsed...
Note 13707: Node clkgenerator_freqdivide_3_n_85_2_n is collapsed...
Note 13707: Node clkgenerator_freqdivide_4_n_45_n is collapsed...
Note 13707: Node clkgenerator_freqdivide_4_n_44_n is collapsed...
Note 13707: Node clkgenerator_freqdivide_3_n_85_1_n is collapsed...
Note 13707: Node senderinst_send_en_3_0_n is collapsed...
Note 13707: Node clkgenerator_freqdivide_3_n_78_1_n is collapsed...
Note 13707: Node receiverinst_un1_rx_hold8_i_5_n is collapsed...
Note 13707: Node receiverinst_un1_rx_hold8_i_1_n is collapsed...
Note 13707: Node clkgenerator_freqdivide_4_n_43_n is collapsed...
Note 13707: Node clkgenerator_freqdivide_3_n_74_1_n is collapsed...
Note 13707: Node clkgenerator_freqdivide_4_n_42_n is collapsed...
Note 13707: Node clkgenerator_freqdivide_4_n_41_n is collapsed...
Note 13707: Node receiverinst_n_53_0_n is collapsed...
Note 13707: Node Rx_c is collapsed...
Note 13707: Node debouncer_inst_un1_timer30ms_i_1__n is collapsed...
Note 13707: Node data1_i_2__n is collapsed...
Note 13707: Node data2_i_2__n is collapsed...
Note 13707: Node clkgenerator_un1_freqdivide_4_i_0__n is collapsed...
Note 13707: Node receiverinst_m_i_0__n is collapsed...
Note 13707: Node data1_i_0__n is collapsed...
Note 13707: Node Rx_i is collapsed...
Note 13707: Node data2_i_0__n is collapsed...
Note 13707: Node receiverinst_m_i_5__n is collapsed...
Note 13707: Node scancnt_i_0__n is collapsed...
Note 13707: Node data1_i_3__n is collapsed...
Note 13707: Node data2_i_3__n is collapsed...
Note 13707: Node debouncer_inst_timer30ms_n_28_0_n is collapsed...
Note 13707: Node ledscaninst_n_115_n is collapsed...
Note 13707: Node ledscaninst_n_114_n is collapsed...
Note 13707: Node clkgenerator_freqdivide_3_n_87_n is collapsed...
Note 13707: Node receiverinst_n_33_n is collapsed...
Note 13707: Node clkgenerator_freqdivide_4_n_51_n is collapsed...
Note 13707: Node receiverinst_n_45_0_n is collapsed...
Note 13707: Node receiverinst_n_37_0_n is collapsed...
Note 13707: Node clkgenerator_freqdivide_4_n_35_0_n is collapsed...
Note 13707: Node receiverinst_n_29_n is collapsed...
Note 13707: Node ledscaninst_n_124_n is collapsed...
Note 13707: Node receiverinst_n_46_0_n is collapsed...
Note 13707: Node debouncer_inst_controllerinst_n_29_n is collapsed...
Note 13707: Node ledscaninst_led_a149_n is collapsed...
Note 13707: Node receiverinst_n_25_n is collapsed...
Note 13707: Node ledscaninst_led_a148_n is collapsed...
Note 13707: Node clkgenerator_freqdivide_1_n_8_n is collapsed...
Note 13707: Node ledscaninst_n_125_n is collapsed...
Note 13707: Node clkgenerator_freqdivide_1_q_c1_n is collapsed...
Note 13707: Node clkgenerator_freqdivide_1_q_c4_n is collapsed...
Note 13707: Node senderinst_n_13_n is collapsed...
Note 13707: Node receiverinst_n_91_n is collapsed...
Note 13707: Node clkgenerator_freqdivide_1_q_c6_n is collapsed...
Note 13707: Node clkgenerator_freqdivide_3_n_63_0_n is collapsed...
Note 13707: Node senderinst_n_7_1_n is collapsed...
Note 13707: Node clkgenerator_freqdivide_1_q_c8_n is collapsed...
Note 13707: Node clkgenerator_freqdivide_1_q_c10_n is collapsed...
Note 13707: Node receiverinst_n_76_n is collapsed...
Note 13707: Node clkgenerator_freqdivide_1_n_31_1_n is collapsed...
Note 13707: Node senderinst_send_data_i_4__n is collapsed...
Note 13707: Node receiverinst_un1_rx_hold8_i_3_n is collapsed...
Note 13707: Node ledscaninst_n_34_0_n is collapsed...
Note 13707: Node ledscaninst_led_b_6_0_1_n is collapsed...
Note 13707: Node ledscaninst_led_c_6_0_1_n is collapsed...
Note 13707: Node receiverinst_n_77_n is collapsed...
Note 13707: Node receiverinst_n_30_0_1_n is collapsed...
Note 13707: Node receiverinst_n_78_n is collapsed...
Note 13707: Node receiverinst_n_28_0_1_n is collapsed...
Note 13707: Node ledscaninst_n_11_0_1_n is collapsed...
Note 13707: Node receiverinst_un1_rx_hold8_i_4_n is collapsed...
Note 13707: Node receiverinst_n_80_n is collapsed...
Note 13707: Node receiverinst_n_81_n is collapsed...
Note 13707: Node receiverinst_un1_rx_hold8_i_2_n is collapsed...
Note 13707: Node receiverinst_n_83_n is collapsed...
Note 13707: Node receiverinst_n_82_n is collapsed...
Note 13707: Node receiverinst_n_35_n is collapsed...
Note 13707: Node receiverinst_rx_valid_i_n is collapsed...
Note 13707: Node clkgenerator_freqdivide_3_n_52_0_n is collapsed...
Note 13707: Node debouncer_inst_timer30ms_n_27_0_n is collapsed...
Note 13707: Node ledscaninst_n_123_n is collapsed...
Note 13707: Node receiverinst_n_86_n is collapsed...
Note 13707: Node clkgenerator_freqdivide_3_n_54_0_n is collapsed...
Note 13707: Node clkgenerator_freqdivide_3_n_86_n is collapsed...
Note 13707: Node clkgenerator_freqdivide_3_n_82_n is collapsed...
Note 13707: Node clkgenerator_freqdivide_4_n_34_0_n is collapsed...
Note 13707: Node ledscaninst_n_117_n is collapsed...
Note 13707: Node clkgenerator_freqdivide_4_n_31_0_n is collapsed...
Note 13707: Node clkgenerator_freqdivide_3_n_56_0_n is collapsed...
Note 13707: Node debouncer_inst_timer30ms_n_26_0_n is collapsed...
Note 13707: Node receiverinst_n_88_n is collapsed...
Note 13707: Node clkgenerator_freqdivide_1_q_c3_n is collapsed...
Note 13707: Node receiverinst_n_90_n is collapsed...
Note 13707: Node receiverinst_n_89_n is collapsed...
Note 13707: Node clkgenerator_freqdivide_3_n_51_0_n is collapsed...
Note 13707: Node vcc_n_n is collapsed...
Note 13707: Node debouncer_inst_timer30ms_n_29_i_0_n is collapsed...
Note 13707: Node debouncer_inst_timer30ms_n_21_i_n is collapsed...
Note 13707: Node receiverinst_n_36_0_n is collapsed...
Note 13707: Node receiverinst_n_34_0_n is collapsed...
Note 13707: Node ledscaninst_n_116_n is collapsed...
Note 13707: Node receiverinst_n_102_n is collapsed...
Note 13707: Node receiverinst_n_47_0_n is collapsed...
Note 13707: Node clk_9600Hz is collapsed...
Note 13707: Node reset_i is collapsed...
Note 13707: Node ledscaninst_n_7_0_1_n is collapsed...
Note 13707: Node debouncer_inst_controllerinst_state_ns_0__n is collapsed...
Note 13707: Node ledscaninst_n_120_n is collapsed...
Note 13707: Node clkgenerator_freqdivide_1_q_c9_n is collapsed...
Note 13707: Node ledscaninst_n_122_n is collapsed...
Note 13707: Node receiverinst_n_31_n is collapsed...
Note 13707: Node ledscaninst_n_121_n is collapsed...
Note 13707: Node clkgenerator_freqdivide_4_n_33_0_n is collapsed...
Note 13707: Node clkgenerator_freqdivide_3_n_57_0_n is collapsed...
Note 13707: Node ledscaninst_n_119_n is collapsed...
Note 13707: Node ledscaninst_n_118_n is collapsed...
Note 13707: Node clkgenerator_freqdivide_4_n_32_0_n is collapsed...
Note 13707: Node clkgenerator_freqdivide_1_n_5_i_n is collapsed...
Note 13707: Node clkgenerator_freqdivide_1_q_c2_n is collapsed...
Note 13707: Node clk_c is collapsed...
Note 13707: Node ledscaninst_n_31_0_1_n is collapsed...
Note 13707: Node ledscaninst_n_31_0_2_n is collapsed...
Note 13707: Node receiverinst_n_79_n is collapsed...
Note 13707: Node ledscaninst_n_47_n is collapsed...
Note 13707: Node ledscaninst_n_25_i_1_n is collapsed...
Note 13707: Node reset_c is collapsed...
Note 13707: Node senderinst_send_data_dec_i_9__n is collapsed...
Note 13707: Node clkgenerator_freqdivide_3_n_88_n is collapsed...
Note 13707: Node clkgenerator_freqdivide_3_n_53_0_n is collapsed...
Note 13707: Node clkgenerator_freqdivide_3_n_85_n is collapsed...
Note 13707: Node clkgenerator_freqdivide_4_n_50_n is collapsed...
Note 13707: Node receiverinst_n_87_n is collapsed...
Note 13707: Node receiverinst_n_103_n is collapsed...
Note 13707: Node debouncer_inst_timer30ms_n_40_n is collapsed...
Note 13707: Node debouncer_inst_timer_done_n is collapsed...
Note 13707: Node ledscaninst_led_b_6_0_2_n is collapsed...
Note 13707: Node ledscaninst_n_16_i_n is collapsed...
Note 13707: Node ledscaninst_n_15_i_n is collapsed...
Note 13707: Node ledscaninst_n_24_i_n is collapsed...
Note 13707: Node ledscaninst_led_c_6_0_n is collapsed...
Note 13707: Node ledscaninst_led_b_6_0_n is collapsed...
Note 13707: Node receiverinst_n_43_0_1_n is collapsed...
Note 13707: Node ledscaninst_n_11_0_2_n is collapsed...
Note 13707: Node ledscaninst_n_17_i_n is collapsed...
Note 13707: Node clock16 is collapsed...
Note 13707: Node clkgenerator_freqdivide_3_n_89_n is collapsed...
Note 13707: Node ledscaninst_n_25_i_n is collapsed...
Note 13707: Node ledscaninst_n_11_0_n is collapsed...
Note 13707: Node ledscaninst_led_d_6_n_14_i_1_n is collapsed...
Note 13707: Fmax mode optimizing 5 critical paths, 3 levels ...
Note 13707: Fmax mode optimizing 42 critical paths, 2 levels ...
Note 13707: Node receiverinst_n_27_n is collapsed...
Note 13707: Node receiverinst_un1_m_23_i_0_0_1_n is collapsed...
Note 13707: Node receiverinst_un1_rx_hold8_i_n is collapsed...
Note 13707: Node ledscaninst_n_31_0_n is collapsed...
Note 13707: Node clkgenerator_freqdivide_3_n_55_0_n is collapsed...
Note 13707: Fmax mode optimizing 7 critical paths, 2 levels ...
Note 13707: Node clkgenerator_freqdivide_1_q_c5_n is collapsed...
Note 13707: Node clkgenerator_freqdivide_1_q_c7_n is collapsed...
Note 13707: Fmax mode satisfied
Note 13707: Node clk_1kHz is collapsed...
Control path optimization...
Performing 'bypin choose' optimization...
..............................Note    0: 
Estimated (clusters + macrocells): 81, Fmax Logic Level: 1
Writing Open-ABEL 2 (BLIF) file isp_lab9.bl3...
Note    0: 
BLIFOPT complete - Time 3 seconds
Done: completed successfully.

Starting: 'D:\ispLEVER_Classic2_1\ispcpld\bin\abelvci.exe -vci isp_lab9.lct -dev lc4k -diofft isp_lab9.d0'

Done: completed successfully.

Starting: 'D:\ispLEVER_Classic2_1\ispcpld\bin\mdiofft.exe isp_lab9.bl3 -family AMDMACH -idev van -o isp_lab9.bl4 -oxrf isp_lab9.xrf -err automake.err @isp_lab9.d0 -gui'

DIOFFT  Flip-Flop Transformation program
ispLEVER Classic 2.1 Copyright 1992-2020 Lattice Semiconductor. All Rights Reserved.
Input file: isp_lab9.bl3.
Output file: isp_lab9.bl4.
Cross reference file: isp_lab9.xrf.

.......................................................................
.......................................................................
.......................................................................
.......................................................................
.......................................................................
.............................................
Shortening signal names...
Writing signal name cross reference file isp_lab9.xrf... 

DIOFFT complete - Time 0 seconds
Done: completed successfully.

Starting: 'D:\ispLEVER_Classic2_1\ispcpld\bin\abelvci.exe -vci isp_lab9.lct -dev lc4k -prefit isp_lab9.l0'

Done: completed successfully.

Starting: 'D:\ispLEVER_Classic2_1\ispcpld\bin\prefit.exe -blif -inp isp_lab9.bl4 -out isp_lab9.bl5 -err automake.err -log isp_lab9.log -mod toplevel @isp_lab9.l0 -gui -sc'

Prefit Logic Optimizer (May 31 2012)  Wed May 24 21:44:44 2023

D:\ispLEVER_Classic2_1\ispcpld\bin\prefit.exe -blif -inp isp_lab9.bl4 -out isp_lab9.bl5 -err automake.err -log isp_lab9.log -mod toplevel @isp_lab9.l0 -gui -sc 
<Note> F34000: senderInst_Send_data_4_.C has too many product terms. An node will be applied.
<Note> F34000: senderInst_Send_data_4_.AR has too many product terms. An node will be applied.
<Note> F34000: receiverInst_Rx_Valid.CE has too many product terms. An node will be applied.
<Note> F34000: receiverInst_Rx_Data_0_.CE has too many product terms. An node will be applied.
<Note> F34000: receiverInst_Rx_Data_1_.CE has too many product terms. An node will be applied.
<Note> F34000: receiverInst_Rx_Data_2_.CE has too many product terms. An node will be applied.
<Note> F34000: receiverInst_Rx_Data_3_.CE has too many product terms. An node will be applied.
<Note> F34000: receiverInst_Rx_Data_4_.CE has too many product terms. An node will be applied.
<Note> F34000: receiverInst_Rx_Data_5_.CE has too many product terms. An node will be applied.
<Note> F34000: receiverInst_Rx_Data_6_.CE has too many product terms. An node will be applied.
<Note> F34000: receiverInst_Rx_Data_7_.CE has too many product terms. An node will be applied.
<Note> F34000: debouncer_Inst_timer30ms_q_1_.CE has too many product terms. An node will be applied.
<Note> F34000: debouncer_Inst_timer30ms_q_2_.CE has too many product terms. An node will be applied.
<Note> F34000: debouncer_Inst_timer30ms_q_3_.CE has too many product terms. An node will be applied.
<Note> F34000: debouncer_Inst_timer30ms_q_4_.CE has too many product terms. An node will be applied.
<Note> F34000: debouncer_Inst_timer30ms_q_5_.CE has too many product terms. An node will be applied.
<Note> F34000: buried node senderInst_Send_data_4__0 generated
<Note> F34000: buried node senderInst_Send_data_4__1 generated
<Note> F34000: buried node receiverInst_Rx_Valid_0 generated
<Note> F34000: buried node receiverInst_Rx_Data_0__0 generated
<Note> F34000: buried node debouncer_Inst_timer30ms_q_1__0 generated

Number of pins (IO)    :    16
Number of outputs (MC) :    86
Number of registers    :    80
Number of logic pterms :   248
D:\ispLEVER_Classic2_1\ispcpld\bin\prefit.exe complete - Time 0 seconds

Done: completed successfully.

Starting: 'D:\ispLEVER_Classic2_1\ispcpld\bin\lpf4k.exe @"isp_lab9.rs2"'

Project 'isp_lab9' was Fitted Successfully!

Done: completed successfully.

Starting: 'D:\ispLEVER_Classic2_1\ispcpld\bin\tda.exe -i isp_lab9.bl5 -o isp_lab9.tda -lci isp_lab9.lct -dev m4s_256_64 -family lc4k -mod toplevel -ovec NoInput.tmv -err tda.err -gui'

TDA  - Timing Driven Analyze 
Ver. 1.0, supported by Lattice Semiconductor
ispLEVER Classic 2.1 Copyright 1992-2020 Lattice Semiconductor. All Rights Reserved.

TDA complete - Time 1 seconds
Done: completed successfully.

Starting: 'D:\ispLEVER_Classic2_1\ispcpld\bin\synsvf.exe -exe "D:\ispLEVER_Classic2_1\ispvmsystem/ispufw" -prj isp_lab9 -if isp_lab9.jed -j2s -log isp_lab9.svl -gui'

Need not generate svf file according to the constraints, exit
Done: completed successfully.
