Running in Lattice mode


Starting:    D:\ispLEVER_Classic2_1\synpbase\win64\mbin\synbatch.exe
Install:     D:\ispLEVER_Classic2_1\synpbase
Date:        Wed May 24 21:44:24 2023
Version:     I-2014.03LC 

Arguments:   -product synplify_pro  -batch d:/myducuments/_junior_1/electricsystemdesign/isp_lab9\toplevel.prj
ProductType: synplify_pro





log file: "D:\myducuments\_junior_1\electricsystemdesign\isp_lab9\toplevel.srr"

Running toplevel|isp_lab9

Running: Compile on toplevel|isp_lab9

Running: Compile Process on toplevel|isp_lab9

Running: Compile Input on toplevel|isp_lab9
Copied D:\myducuments\_junior_1\electricsystemdesign\isp_lab9\synwork\toplevel_comp.srs to D:\myducuments\_junior_1\electricsystemdesign\isp_lab9\toplevel.srs
compiler Completed with warnings
Return Code: 1
Run Time:0h:00m:01s

Running: Multi-srs Generator on toplevel|isp_lab9
Copied D:\myducuments\_junior_1\electricsystemdesign\isp_lab9\synwork\toplevel_comp.srs to D:\myducuments\_junior_1\electricsystemdesign\isp_lab9\synwork\toplevel_s.srs
multi_srs_gen Completed
Return Code: 0
Run Time:0h:00m:00s
Copied D:\myducuments\_junior_1\electricsystemdesign\isp_lab9\synwork\toplevel_mult.srs to D:\myducuments\_junior_1\electricsystemdesign\isp_lab9\toplevel.srs
Copied D:\myducuments\_junior_1\electricsystemdesign\isp_lab9\toplevel.srr to D:\myducuments\_junior_1\electricsystemdesign\isp_lab9\toplevel.srf
Complete: Compile Process on toplevel|isp_lab9
Complete: Compile on toplevel|isp_lab9

Running: Map on toplevel|isp_lab9

Running: Map & Optimize on toplevel|isp_lab9
fpga_mapper Completed
Return Code: 0
Run Time:0h:00m:00s
Complete: Map on toplevel|isp_lab9
Complete: Logic Synthesis on toplevel|isp_lab9

exit status=0

exit status=0

