# //  ModelSim SE-64 10.4 Dec  3 2014 
# //
# //  Copyright 1991-2014 Mentor Graphics Corporation
# //  All Rights Reserved.
# //
# //  THIS WORK CONTAINS TRADE SECRET AND PROPRIETARY INFORMATION
# //  WHICH IS THE PROPERTY OF MENTOR GRAPHICS CORPORATION OR ITS
# //  LICENSORS AND IS SUBJECT TO LICENSE TERMS.
# //  THIS DOCUMENT CONTAINS TRADE SECRETS AND COMMERCIAL OR FINANCIAL
# //  INFORMATION THAT ARE PRIVILEGED, CONFIDENTIAL, AND EXEMPT FROM
# //  DISCLOSURE UNDER THE FREEDOM OF INFORMATION ACT, 5 U.S.C. SECTION 552.
# //  FURTHERMORE, THIS INFORMATION IS PROHIBITED FROM DISCLOSURE UNDER
# //  THE TRADE SECRETS ACT, 18 U.S.C. SECTION 1905.
# //
# do {adder_32bits_tb_simulate.do}
# vsim -do "do {adder_32bits_tb_simulate.do}" -l simulate.log 
# Start time: 21:34:24 on Oct 31,2022
# ** Note: (vsim-3812) Design is being optimized...
# 
# Loading work.adder_32bits_tb(fast)
# Loading work.adder_32bits(fast)
# Loading simprims_ver.IBUF(fast)
# Loading simprims_ver.OBUF(fast)
# Loading simprims_ver.LUT5(fast)
# Loading simprims_ver.LUT3(fast)
# Loading simprims_ver.LUT6(fast)
# Loading simprims_ver.LUT2(fast)
# Loading simprims_ver.LUT5(fast__1)
# Loading simprims_ver.LUT6(fast__1)
# Loading simprims_ver.LUT6(fast__2)
# Loading simprims_ver.LUT5(fast__2)
# Loading simprims_ver.LUT5(fast__3)
# Loading simprims_ver.LUT3(fast__1)
# Loading simprims_ver.LUT5(fast__4)
# Loading simprims_ver.LUT5(fast__5)
# Loading work.glbl(fast)
# Loading instances from adder_32bits_tb_time_impl.sdf
# Loading timing data from adder_32bits_tb_time_impl.sdf
# ** Note: (vsim-3587) SDF Backannotation Successfully Completed.
#    Time: 0 ps  Iteration: 0  Instance: /adder_32bits_tb File: ../../../../../../src/adder_32bits_tb.v
# 1
# 1
# .main_pane.wave.interior.cs.body.pw.wf
# .main_pane.structure.interior.cs.body.struct
# .main_pane.objects.interior.cs.body.tree
# ** Note: $stop    : ../../../../../../src/adder_32bits_tb.v(26)
#    Time: 1 us  Iteration: 0  Instance: /adder_32bits_tb
# Break in Module adder_32bits_tb at ../../../../../../src/adder_32bits_tb.v line 26
# End time: 22:31:55 on Oct 31,2022, Elapsed time: 0:57:31
# Errors: 0, Warnings: 0
